# gmm-align-compiled --transition-scale=1.0 --acoustic-scale=0.1 --self-loop-scale=0.1 --beam=6 --retry-beam=40 --careful=false "gmm-boost-silence --boost=1.0 1 exp/mono/1.mdl - |" "ark:gunzip -c exp/mono/fsts.7.gz|" "ark,s,cs:apply-cmvn  --utt2spk=ark:data/train/split8/7/utt2spk scp:data/train/split8/7/cmvn.scp scp:data/train/split8/7/feats.scp ark:- | add-deltas  ark:- ark:- |" "ark,t:|gzip -c >exp/mono/ali.7.gz" 
# Started at Tue Jun 18 17:05:42 IST 2019
#
gmm-align-compiled --transition-scale=1.0 --acoustic-scale=0.1 --self-loop-scale=0.1 --beam=6 --retry-beam=40 --careful=false 'gmm-boost-silence --boost=1.0 1 exp/mono/1.mdl - |' 'ark:gunzip -c exp/mono/fsts.7.gz|' 'ark,s,cs:apply-cmvn  --utt2spk=ark:data/train/split8/7/utt2spk scp:data/train/split8/7/cmvn.scp scp:data/train/split8/7/feats.scp ark:- | add-deltas  ark:- ark:- |' 'ark,t:|gzip -c >exp/mono/ali.7.gz' 
gmm-boost-silence --boost=1.0 1 exp/mono/1.mdl - 
WARNING (gmm-boost-silence[5.5.383~1-bd1d]:main():gmm-boost-silence.cc:82) The pdfs for the silence phones may be shared by other phones (note: this probably does not matter.)
LOG (gmm-boost-silence[5.5.383~1-bd1d]:main():gmm-boost-silence.cc:93) Boosted weights for 5 pdfs, by factor of 1
LOG (gmm-boost-silence[5.5.383~1-bd1d]:main():gmm-boost-silence.cc:103) Wrote model to -
add-deltas ark:- ark:- 
apply-cmvn --utt2spk=ark:data/train/split8/7/utt2spk scp:data/train/split8/7/cmvn.scp scp:data/train/split8/7/feats.scp ark:- 
LOG (gmm-align-compiled[5.5.383~1-bd1d]:main():gmm-align-compiled.cc:127) c529
WARNING (gmm-align-compiled[5.5.383~1-bd1d]:AlignUtteranceWrapper():decoder-wrappers.cc:501) Retrying utterance c529 with beam 40
LOG (gmm-align-compiled[5.5.383~1-bd1d]:main():gmm-align-compiled.cc:127) c53
WARNING (gmm-align-compiled[5.5.383~1-bd1d]:AlignUtteranceWrapper():decoder-wrappers.cc:501) Retrying utterance c53 with beam 40
LOG (gmm-align-compiled[5.5.383~1-bd1d]:main():gmm-align-compiled.cc:127) c530
WARNING (gmm-align-compiled[5.5.383~1-bd1d]:AlignUtteranceWrapper():decoder-wrappers.cc:501) Retrying utterance c530 with beam 40
LOG (gmm-align-compiled[5.5.383~1-bd1d]:main():gmm-align-compiled.cc:127) c531
WARNING (gmm-align-compiled[5.5.383~1-bd1d]:AlignUtteranceWrapper():decoder-wrappers.cc:501) Retrying utterance c531 with beam 40
LOG (gmm-align-compiled[5.5.383~1-bd1d]:main():gmm-align-compiled.cc:127) c532
WARNING (gmm-align-compiled[5.5.383~1-bd1d]:AlignUtteranceWrapper():decoder-wrappers.cc:501) Retrying utterance c532 with beam 40
LOG (gmm-align-compiled[5.5.383~1-bd1d]:main():gmm-align-compiled.cc:127) c533
WARNING (gmm-align-compiled[5.5.383~1-bd1d]:AlignUtteranceWrapper():decoder-wrappers.cc:501) Retrying utterance c533 with beam 40
LOG (gmm-align-compiled[5.5.383~1-bd1d]:main():gmm-align-compiled.cc:127) c534
WARNING (gmm-align-compiled[5.5.383~1-bd1d]:AlignUtteranceWrapper():decoder-wrappers.cc:501) Retrying utterance c534 with beam 40
LOG (gmm-align-compiled[5.5.383~1-bd1d]:main():gmm-align-compiled.cc:127) c535
WARNING (gmm-align-compiled[5.5.383~1-bd1d]:AlignUtteranceWrapper():decoder-wrappers.cc:501) Retrying utterance c535 with beam 40
LOG (gmm-align-compiled[5.5.383~1-bd1d]:main():gmm-align-compiled.cc:127) c536
WARNING (gmm-align-compiled[5.5.383~1-bd1d]:AlignUtteranceWrapper():decoder-wrappers.cc:501) Retrying utterance c536 with beam 40
LOG (gmm-align-compiled[5.5.383~1-bd1d]:main():gmm-align-compiled.cc:127) c537
WARNING (gmm-align-compiled[5.5.383~1-bd1d]:AlignUtteranceWrapper():decoder-wrappers.cc:501) Retrying utterance c537 with beam 40
LOG (gmm-align-compiled[5.5.383~1-bd1d]:main():gmm-align-compiled.cc:127) c538
WARNING (gmm-align-compiled[5.5.383~1-bd1d]:AlignUtteranceWrapper():decoder-wrappers.cc:501) Retrying utterance c538 with beam 40
LOG (gmm-align-compiled[5.5.383~1-bd1d]:main():gmm-align-compiled.cc:127) c539
WARNING (gmm-align-compiled[5.5.383~1-bd1d]:AlignUtteranceWrapper():decoder-wrappers.cc:501) Retrying utterance c539 with beam 40
LOG (gmm-align-compiled[5.5.383~1-bd1d]:main():gmm-align-compiled.cc:127) c54
WARNING (gmm-align-compiled[5.5.383~1-bd1d]:AlignUtteranceWrapper():decoder-wrappers.cc:501) Retrying utterance c54 with beam 40
LOG (gmm-align-compiled[5.5.383~1-bd1d]:main():gmm-align-compiled.cc:127) c540
WARNING (gmm-align-compiled[5.5.383~1-bd1d]:AlignUtteranceWrapper():decoder-wrappers.cc:501) Retrying utterance c540 with beam 40
LOG (gmm-align-compiled[5.5.383~1-bd1d]:main():gmm-align-compiled.cc:127) c541
WARNING (gmm-align-compiled[5.5.383~1-bd1d]:AlignUtteranceWrapper():decoder-wrappers.cc:501) Retrying utterance c541 with beam 40
LOG (gmm-align-compiled[5.5.383~1-bd1d]:main():gmm-align-compiled.cc:127) c542
WARNING (gmm-align-compiled[5.5.383~1-bd1d]:AlignUtteranceWrapper():decoder-wrappers.cc:501) Retrying utterance c542 with beam 40
LOG (gmm-align-compiled[5.5.383~1-bd1d]:main():gmm-align-compiled.cc:127) c543
WARNING (gmm-align-compiled[5.5.383~1-bd1d]:AlignUtteranceWrapper():decoder-wrappers.cc:501) Retrying utterance c543 with beam 40
LOG (gmm-align-compiled[5.5.383~1-bd1d]:main():gmm-align-compiled.cc:127) c544
WARNING (gmm-align-compiled[5.5.383~1-bd1d]:AlignUtteranceWrapper():decoder-wrappers.cc:501) Retrying utterance c544 with beam 40
LOG (gmm-align-compiled[5.5.383~1-bd1d]:main():gmm-align-compiled.cc:127) c545
WARNING (gmm-align-compiled[5.5.383~1-bd1d]:AlignUtteranceWrapper():decoder-wrappers.cc:501) Retrying utterance c545 with beam 40
LOG (gmm-align-compiled[5.5.383~1-bd1d]:main():gmm-align-compiled.cc:127) c546
WARNING (gmm-align-compiled[5.5.383~1-bd1d]:AlignUtteranceWrapper():decoder-wrappers.cc:501) Retrying utterance c546 with beam 40
LOG (gmm-align-compiled[5.5.383~1-bd1d]:main():gmm-align-compiled.cc:127) c547
WARNING (gmm-align-compiled[5.5.383~1-bd1d]:AlignUtteranceWrapper():decoder-wrappers.cc:501) Retrying utterance c547 with beam 40
LOG (gmm-align-compiled[5.5.383~1-bd1d]:main():gmm-align-compiled.cc:127) c548
WARNING (gmm-align-compiled[5.5.383~1-bd1d]:AlignUtteranceWrapper():decoder-wrappers.cc:501) Retrying utterance c548 with beam 40
LOG (gmm-align-compiled[5.5.383~1-bd1d]:main():gmm-align-compiled.cc:127) c549
WARNING (gmm-align-compiled[5.5.383~1-bd1d]:AlignUtteranceWrapper():decoder-wrappers.cc:501) Retrying utterance c549 with beam 40
LOG (gmm-align-compiled[5.5.383~1-bd1d]:main():gmm-align-compiled.cc:127) c55
LOG (gmm-align-compiled[5.5.383~1-bd1d]:main():gmm-align-compiled.cc:127) c550
WARNING (gmm-align-compiled[5.5.383~1-bd1d]:AlignUtteranceWrapper():decoder-wrappers.cc:501) Retrying utterance c550 with beam 40
LOG (gmm-align-compiled[5.5.383~1-bd1d]:main():gmm-align-compiled.cc:127) c551
WARNING (gmm-align-compiled[5.5.383~1-bd1d]:AlignUtteranceWrapper():decoder-wrappers.cc:501) Retrying utterance c551 with beam 40
LOG (gmm-align-compiled[5.5.383~1-bd1d]:main():gmm-align-compiled.cc:127) c552
WARNING (gmm-align-compiled[5.5.383~1-bd1d]:AlignUtteranceWrapper():decoder-wrappers.cc:501) Retrying utterance c552 with beam 40
LOG (gmm-align-compiled[5.5.383~1-bd1d]:main():gmm-align-compiled.cc:127) c553
WARNING (gmm-align-compiled[5.5.383~1-bd1d]:AlignUtteranceWrapper():decoder-wrappers.cc:501) Retrying utterance c553 with beam 40
LOG (gmm-align-compiled[5.5.383~1-bd1d]:main():gmm-align-compiled.cc:127) c554
WARNING (gmm-align-compiled[5.5.383~1-bd1d]:AlignUtteranceWrapper():decoder-wrappers.cc:501) Retrying utterance c554 with beam 40
LOG (gmm-align-compiled[5.5.383~1-bd1d]:main():gmm-align-compiled.cc:127) c555
WARNING (gmm-align-compiled[5.5.383~1-bd1d]:AlignUtteranceWrapper():decoder-wrappers.cc:501) Retrying utterance c555 with beam 40
LOG (gmm-align-compiled[5.5.383~1-bd1d]:main():gmm-align-compiled.cc:127) c556
WARNING (gmm-align-compiled[5.5.383~1-bd1d]:AlignUtteranceWrapper():decoder-wrappers.cc:501) Retrying utterance c556 with beam 40
LOG (gmm-align-compiled[5.5.383~1-bd1d]:main():gmm-align-compiled.cc:127) c557
WARNING (gmm-align-compiled[5.5.383~1-bd1d]:AlignUtteranceWrapper():decoder-wrappers.cc:501) Retrying utterance c557 with beam 40
LOG (gmm-align-compiled[5.5.383~1-bd1d]:main():gmm-align-compiled.cc:127) c558
WARNING (gmm-align-compiled[5.5.383~1-bd1d]:AlignUtteranceWrapper():decoder-wrappers.cc:501) Retrying utterance c558 with beam 40
LOG (gmm-align-compiled[5.5.383~1-bd1d]:main():gmm-align-compiled.cc:127) c559
WARNING (gmm-align-compiled[5.5.383~1-bd1d]:AlignUtteranceWrapper():decoder-wrappers.cc:501) Retrying utterance c559 with beam 40
LOG (gmm-align-compiled[5.5.383~1-bd1d]:main():gmm-align-compiled.cc:127) c56
WARNING (gmm-align-compiled[5.5.383~1-bd1d]:AlignUtteranceWrapper():decoder-wrappers.cc:501) Retrying utterance c56 with beam 40
LOG (gmm-align-compiled[5.5.383~1-bd1d]:main():gmm-align-compiled.cc:127) c560
LOG (gmm-align-compiled[5.5.383~1-bd1d]:main():gmm-align-compiled.cc:127) c561
WARNING (gmm-align-compiled[5.5.383~1-bd1d]:AlignUtteranceWrapper():decoder-wrappers.cc:501) Retrying utterance c561 with beam 40
LOG (gmm-align-compiled[5.5.383~1-bd1d]:main():gmm-align-compiled.cc:127) c562
WARNING (gmm-align-compiled[5.5.383~1-bd1d]:AlignUtteranceWrapper():decoder-wrappers.cc:501) Retrying utterance c562 with beam 40
LOG (gmm-align-compiled[5.5.383~1-bd1d]:main():gmm-align-compiled.cc:127) c563
WARNING (gmm-align-compiled[5.5.383~1-bd1d]:AlignUtteranceWrapper():decoder-wrappers.cc:501) Retrying utterance c563 with beam 40
LOG (gmm-align-compiled[5.5.383~1-bd1d]:main():gmm-align-compiled.cc:127) c564
WARNING (gmm-align-compiled[5.5.383~1-bd1d]:AlignUtteranceWrapper():decoder-wrappers.cc:501) Retrying utterance c564 with beam 40
LOG (gmm-align-compiled[5.5.383~1-bd1d]:main():gmm-align-compiled.cc:127) c565
WARNING (gmm-align-compiled[5.5.383~1-bd1d]:AlignUtteranceWrapper():decoder-wrappers.cc:501) Retrying utterance c565 with beam 40
LOG (gmm-align-compiled[5.5.383~1-bd1d]:main():gmm-align-compiled.cc:127) c566
WARNING (gmm-align-compiled[5.5.383~1-bd1d]:AlignUtteranceWrapper():decoder-wrappers.cc:501) Retrying utterance c566 with beam 40
LOG (gmm-align-compiled[5.5.383~1-bd1d]:main():gmm-align-compiled.cc:127) c567
WARNING (gmm-align-compiled[5.5.383~1-bd1d]:AlignUtteranceWrapper():decoder-wrappers.cc:501) Retrying utterance c567 with beam 40
LOG (gmm-align-compiled[5.5.383~1-bd1d]:main():gmm-align-compiled.cc:127) c568
WARNING (gmm-align-compiled[5.5.383~1-bd1d]:AlignUtteranceWrapper():decoder-wrappers.cc:501) Retrying utterance c568 with beam 40
LOG (gmm-align-compiled[5.5.383~1-bd1d]:main():gmm-align-compiled.cc:127) c569
WARNING (gmm-align-compiled[5.5.383~1-bd1d]:AlignUtteranceWrapper():decoder-wrappers.cc:501) Retrying utterance c569 with beam 40
LOG (gmm-align-compiled[5.5.383~1-bd1d]:main():gmm-align-compiled.cc:127) c57
WARNING (gmm-align-compiled[5.5.383~1-bd1d]:AlignUtteranceWrapper():decoder-wrappers.cc:501) Retrying utterance c57 with beam 40
LOG (gmm-align-compiled[5.5.383~1-bd1d]:main():gmm-align-compiled.cc:127) c570
WARNING (gmm-align-compiled[5.5.383~1-bd1d]:AlignUtteranceWrapper():decoder-wrappers.cc:501) Retrying utterance c570 with beam 40
LOG (gmm-align-compiled[5.5.383~1-bd1d]:main():gmm-align-compiled.cc:127) c571
WARNING (gmm-align-compiled[5.5.383~1-bd1d]:AlignUtteranceWrapper():decoder-wrappers.cc:501) Retrying utterance c571 with beam 40
LOG (gmm-align-compiled[5.5.383~1-bd1d]:main():gmm-align-compiled.cc:127) c572
WARNING (gmm-align-compiled[5.5.383~1-bd1d]:AlignUtteranceWrapper():decoder-wrappers.cc:501) Retrying utterance c572 with beam 40
LOG (gmm-align-compiled[5.5.383~1-bd1d]:main():gmm-align-compiled.cc:127) c573
WARNING (gmm-align-compiled[5.5.383~1-bd1d]:AlignUtteranceWrapper():decoder-wrappers.cc:501) Retrying utterance c573 with beam 40
LOG (gmm-align-compiled[5.5.383~1-bd1d]:main():gmm-align-compiled.cc:127) c574
WARNING (gmm-align-compiled[5.5.383~1-bd1d]:AlignUtteranceWrapper():decoder-wrappers.cc:501) Retrying utterance c574 with beam 40
LOG (gmm-align-compiled[5.5.383~1-bd1d]:main():gmm-align-compiled.cc:127) c575
LOG (gmm-align-compiled[5.5.383~1-bd1d]:main():gmm-align-compiled.cc:127) c576
WARNING (gmm-align-compiled[5.5.383~1-bd1d]:AlignUtteranceWrapper():decoder-wrappers.cc:501) Retrying utterance c576 with beam 40
LOG (gmm-align-compiled[5.5.383~1-bd1d]:main():gmm-align-compiled.cc:127) c577
WARNING (gmm-align-compiled[5.5.383~1-bd1d]:AlignUtteranceWrapper():decoder-wrappers.cc:501) Retrying utterance c577 with beam 40
LOG (gmm-align-compiled[5.5.383~1-bd1d]:main():gmm-align-compiled.cc:127) c578
WARNING (gmm-align-compiled[5.5.383~1-bd1d]:AlignUtteranceWrapper():decoder-wrappers.cc:501) Retrying utterance c578 with beam 40
LOG (gmm-align-compiled[5.5.383~1-bd1d]:main():gmm-align-compiled.cc:127) c579
WARNING (gmm-align-compiled[5.5.383~1-bd1d]:AlignUtteranceWrapper():decoder-wrappers.cc:501) Retrying utterance c579 with beam 40
LOG (gmm-align-compiled[5.5.383~1-bd1d]:main():gmm-align-compiled.cc:127) c58
WARNING (gmm-align-compiled[5.5.383~1-bd1d]:AlignUtteranceWrapper():decoder-wrappers.cc:501) Retrying utterance c58 with beam 40
LOG (gmm-align-compiled[5.5.383~1-bd1d]:main():gmm-align-compiled.cc:127) c580
WARNING (gmm-align-compiled[5.5.383~1-bd1d]:AlignUtteranceWrapper():decoder-wrappers.cc:501) Retrying utterance c580 with beam 40
LOG (gmm-align-compiled[5.5.383~1-bd1d]:main():gmm-align-compiled.cc:127) c581
WARNING (gmm-align-compiled[5.5.383~1-bd1d]:AlignUtteranceWrapper():decoder-wrappers.cc:501) Retrying utterance c581 with beam 40
LOG (gmm-align-compiled[5.5.383~1-bd1d]:main():gmm-align-compiled.cc:127) c582
WARNING (gmm-align-compiled[5.5.383~1-bd1d]:AlignUtteranceWrapper():decoder-wrappers.cc:501) Retrying utterance c582 with beam 40
LOG (gmm-align-compiled[5.5.383~1-bd1d]:main():gmm-align-compiled.cc:127) c583
WARNING (gmm-align-compiled[5.5.383~1-bd1d]:AlignUtteranceWrapper():decoder-wrappers.cc:501) Retrying utterance c583 with beam 40
LOG (gmm-align-compiled[5.5.383~1-bd1d]:main():gmm-align-compiled.cc:127) c584
WARNING (gmm-align-compiled[5.5.383~1-bd1d]:AlignUtteranceWrapper():decoder-wrappers.cc:501) Retrying utterance c584 with beam 40
LOG (gmm-align-compiled[5.5.383~1-bd1d]:main():gmm-align-compiled.cc:127) c585
WARNING (gmm-align-compiled[5.5.383~1-bd1d]:AlignUtteranceWrapper():decoder-wrappers.cc:501) Retrying utterance c585 with beam 40
LOG (gmm-align-compiled[5.5.383~1-bd1d]:main():gmm-align-compiled.cc:127) c586
WARNING (gmm-align-compiled[5.5.383~1-bd1d]:AlignUtteranceWrapper():decoder-wrappers.cc:501) Retrying utterance c586 with beam 40
LOG (gmm-align-compiled[5.5.383~1-bd1d]:main():gmm-align-compiled.cc:127) c587
WARNING (gmm-align-compiled[5.5.383~1-bd1d]:AlignUtteranceWrapper():decoder-wrappers.cc:501) Retrying utterance c587 with beam 40
LOG (gmm-align-compiled[5.5.383~1-bd1d]:main():gmm-align-compiled.cc:127) c588
WARNING (gmm-align-compiled[5.5.383~1-bd1d]:AlignUtteranceWrapper():decoder-wrappers.cc:501) Retrying utterance c588 with beam 40
LOG (gmm-align-compiled[5.5.383~1-bd1d]:main():gmm-align-compiled.cc:127) c589
WARNING (gmm-align-compiled[5.5.383~1-bd1d]:AlignUtteranceWrapper():decoder-wrappers.cc:501) Retrying utterance c589 with beam 40
LOG (gmm-align-compiled[5.5.383~1-bd1d]:main():gmm-align-compiled.cc:127) c59
WARNING (gmm-align-compiled[5.5.383~1-bd1d]:AlignUtteranceWrapper():decoder-wrappers.cc:501) Retrying utterance c59 with beam 40
LOG (gmm-align-compiled[5.5.383~1-bd1d]:main():gmm-align-compiled.cc:127) c590
WARNING (gmm-align-compiled[5.5.383~1-bd1d]:AlignUtteranceWrapper():decoder-wrappers.cc:501) Retrying utterance c590 with beam 40
LOG (gmm-align-compiled[5.5.383~1-bd1d]:main():gmm-align-compiled.cc:127) c591
WARNING (gmm-align-compiled[5.5.383~1-bd1d]:AlignUtteranceWrapper():decoder-wrappers.cc:501) Retrying utterance c591 with beam 40
LOG (gmm-align-compiled[5.5.383~1-bd1d]:main():gmm-align-compiled.cc:127) c592
WARNING (gmm-align-compiled[5.5.383~1-bd1d]:AlignUtteranceWrapper():decoder-wrappers.cc:501) Retrying utterance c592 with beam 40
LOG (gmm-align-compiled[5.5.383~1-bd1d]:main():gmm-align-compiled.cc:127) c593
WARNING (gmm-align-compiled[5.5.383~1-bd1d]:AlignUtteranceWrapper():decoder-wrappers.cc:501) Retrying utterance c593 with beam 40
LOG (gmm-align-compiled[5.5.383~1-bd1d]:main():gmm-align-compiled.cc:127) c594
WARNING (gmm-align-compiled[5.5.383~1-bd1d]:AlignUtteranceWrapper():decoder-wrappers.cc:501) Retrying utterance c594 with beam 40
LOG (gmm-align-compiled[5.5.383~1-bd1d]:main():gmm-align-compiled.cc:127) c595
LOG (gmm-align-compiled[5.5.383~1-bd1d]:main():gmm-align-compiled.cc:127) c596
WARNING (gmm-align-compiled[5.5.383~1-bd1d]:AlignUtteranceWrapper():decoder-wrappers.cc:501) Retrying utterance c596 with beam 40
LOG (gmm-align-compiled[5.5.383~1-bd1d]:main():gmm-align-compiled.cc:127) c597
WARNING (gmm-align-compiled[5.5.383~1-bd1d]:AlignUtteranceWrapper():decoder-wrappers.cc:501) Retrying utterance c597 with beam 40
LOG (gmm-align-compiled[5.5.383~1-bd1d]:main():gmm-align-compiled.cc:127) c598
LOG (apply-cmvn[5.5.383~1-bd1d]:main():apply-cmvn.cc:162) Applied cepstral mean normalization to 80 utterances, errors on 0
WARNING (gmm-align-compiled[5.5.383~1-bd1d]:AlignUtteranceWrapper():decoder-wrappers.cc:501) Retrying utterance c598 with beam 40
LOG (gmm-align-compiled[5.5.383~1-bd1d]:main():gmm-align-compiled.cc:127) c599
LOG (gmm-align-compiled[5.5.383~1-bd1d]:main():gmm-align-compiled.cc:127) c6
WARNING (gmm-align-compiled[5.5.383~1-bd1d]:AlignUtteranceWrapper():decoder-wrappers.cc:501) Retrying utterance c6 with beam 40
LOG (gmm-align-compiled[5.5.383~1-bd1d]:main():gmm-align-compiled.cc:127) c60
LOG (gmm-align-compiled[5.5.383~1-bd1d]:main():gmm-align-compiled.cc:135) Overall log-likelihood per frame is -105.461 over 45467 frames.
LOG (gmm-align-compiled[5.5.383~1-bd1d]:main():gmm-align-compiled.cc:137) Retried 74 out of 80 utterances.
LOG (gmm-align-compiled[5.5.383~1-bd1d]:main():gmm-align-compiled.cc:139) Done 80, errors on 0
# Accounting: time=7 threads=1
# Ended (code 0) at Tue Jun 18 17:05:49 IST 2019, elapsed time 7 seconds
