# gmm-align-compiled --transition-scale=1.0 --acoustic-scale=0.1 --self-loop-scale=0.1 --beam=6 --retry-beam=40 --careful=false "gmm-boost-silence --boost=1.0 1 exp/mono/1.mdl - |" "ark:gunzip -c exp/mono/fsts.5.gz|" "ark,s,cs:apply-cmvn  --utt2spk=ark:data/train/split8/5/utt2spk scp:data/train/split8/5/cmvn.scp scp:data/train/split8/5/feats.scp ark:- | add-deltas  ark:- ark:- |" "ark,t:|gzip -c >exp/mono/ali.5.gz" 
# Started at Tue Jun 18 17:05:41 IST 2019
#
gmm-align-compiled --transition-scale=1.0 --acoustic-scale=0.1 --self-loop-scale=0.1 --beam=6 --retry-beam=40 --careful=false 'gmm-boost-silence --boost=1.0 1 exp/mono/1.mdl - |' 'ark:gunzip -c exp/mono/fsts.5.gz|' 'ark,s,cs:apply-cmvn  --utt2spk=ark:data/train/split8/5/utt2spk scp:data/train/split8/5/cmvn.scp scp:data/train/split8/5/feats.scp ark:- | add-deltas  ark:- ark:- |' 'ark,t:|gzip -c >exp/mono/ali.5.gz' 
gmm-boost-silence --boost=1.0 1 exp/mono/1.mdl - 
WARNING (gmm-boost-silence[5.5.383~1-bd1d]:main():gmm-boost-silence.cc:82) The pdfs for the silence phones may be shared by other phones (note: this probably does not matter.)
LOG (gmm-boost-silence[5.5.383~1-bd1d]:main():gmm-boost-silence.cc:93) Boosted weights for 5 pdfs, by factor of 1
LOG (gmm-boost-silence[5.5.383~1-bd1d]:main():gmm-boost-silence.cc:103) Wrote model to -
add-deltas ark:- ark:- 
apply-cmvn --utt2spk=ark:data/train/split8/5/utt2spk scp:data/train/split8/5/cmvn.scp scp:data/train/split8/5/feats.scp ark:- 
LOG (gmm-align-compiled[5.5.383~1-bd1d]:main():gmm-align-compiled.cc:127) c386
WARNING (gmm-align-compiled[5.5.383~1-bd1d]:AlignUtteranceWrapper():decoder-wrappers.cc:501) Retrying utterance c386 with beam 40
LOG (gmm-align-compiled[5.5.383~1-bd1d]:main():gmm-align-compiled.cc:127) c387
WARNING (gmm-align-compiled[5.5.383~1-bd1d]:AlignUtteranceWrapper():decoder-wrappers.cc:501) Retrying utterance c387 with beam 40
LOG (gmm-align-compiled[5.5.383~1-bd1d]:main():gmm-align-compiled.cc:127) c388
WARNING (gmm-align-compiled[5.5.383~1-bd1d]:AlignUtteranceWrapper():decoder-wrappers.cc:501) Retrying utterance c388 with beam 40
LOG (gmm-align-compiled[5.5.383~1-bd1d]:main():gmm-align-compiled.cc:127) c389
WARNING (gmm-align-compiled[5.5.383~1-bd1d]:AlignUtteranceWrapper():decoder-wrappers.cc:501) Retrying utterance c389 with beam 40
LOG (gmm-align-compiled[5.5.383~1-bd1d]:main():gmm-align-compiled.cc:127) c39
WARNING (gmm-align-compiled[5.5.383~1-bd1d]:AlignUtteranceWrapper():decoder-wrappers.cc:501) Retrying utterance c39 with beam 40
LOG (gmm-align-compiled[5.5.383~1-bd1d]:main():gmm-align-compiled.cc:127) c390
WARNING (gmm-align-compiled[5.5.383~1-bd1d]:AlignUtteranceWrapper():decoder-wrappers.cc:501) Retrying utterance c390 with beam 40
LOG (gmm-align-compiled[5.5.383~1-bd1d]:main():gmm-align-compiled.cc:127) c391
WARNING (gmm-align-compiled[5.5.383~1-bd1d]:AlignUtteranceWrapper():decoder-wrappers.cc:501) Retrying utterance c391 with beam 40
WARNING (gmm-align-compiled[5.5.383~1-bd1d]:AlignUtteranceWrapper():decoder-wrappers.cc:510) Did not successfully decode file c391, len = 1069
LOG (gmm-align-compiled[5.5.383~1-bd1d]:main():gmm-align-compiled.cc:127) c392
WARNING (gmm-align-compiled[5.5.383~1-bd1d]:AlignUtteranceWrapper():decoder-wrappers.cc:501) Retrying utterance c392 with beam 40
LOG (gmm-align-compiled[5.5.383~1-bd1d]:main():gmm-align-compiled.cc:127) c393
WARNING (gmm-align-compiled[5.5.383~1-bd1d]:AlignUtteranceWrapper():decoder-wrappers.cc:501) Retrying utterance c393 with beam 40
LOG (gmm-align-compiled[5.5.383~1-bd1d]:main():gmm-align-compiled.cc:127) c394
WARNING (gmm-align-compiled[5.5.383~1-bd1d]:AlignUtteranceWrapper():decoder-wrappers.cc:501) Retrying utterance c394 with beam 40
LOG (gmm-align-compiled[5.5.383~1-bd1d]:main():gmm-align-compiled.cc:127) c395
LOG (gmm-align-compiled[5.5.383~1-bd1d]:main():gmm-align-compiled.cc:127) c396
WARNING (gmm-align-compiled[5.5.383~1-bd1d]:AlignUtteranceWrapper():decoder-wrappers.cc:501) Retrying utterance c396 with beam 40
LOG (gmm-align-compiled[5.5.383~1-bd1d]:main():gmm-align-compiled.cc:127) c397
WARNING (gmm-align-compiled[5.5.383~1-bd1d]:AlignUtteranceWrapper():decoder-wrappers.cc:501) Retrying utterance c397 with beam 40
LOG (gmm-align-compiled[5.5.383~1-bd1d]:main():gmm-align-compiled.cc:127) c398
WARNING (gmm-align-compiled[5.5.383~1-bd1d]:AlignUtteranceWrapper():decoder-wrappers.cc:501) Retrying utterance c398 with beam 40
LOG (gmm-align-compiled[5.5.383~1-bd1d]:main():gmm-align-compiled.cc:127) c399
WARNING (gmm-align-compiled[5.5.383~1-bd1d]:AlignUtteranceWrapper():decoder-wrappers.cc:501) Retrying utterance c399 with beam 40
LOG (gmm-align-compiled[5.5.383~1-bd1d]:main():gmm-align-compiled.cc:127) c4
WARNING (gmm-align-compiled[5.5.383~1-bd1d]:AlignUtteranceWrapper():decoder-wrappers.cc:501) Retrying utterance c4 with beam 40
LOG (gmm-align-compiled[5.5.383~1-bd1d]:main():gmm-align-compiled.cc:127) c40
WARNING (gmm-align-compiled[5.5.383~1-bd1d]:AlignUtteranceWrapper():decoder-wrappers.cc:501) Retrying utterance c40 with beam 40
LOG (gmm-align-compiled[5.5.383~1-bd1d]:main():gmm-align-compiled.cc:127) c400
WARNING (gmm-align-compiled[5.5.383~1-bd1d]:AlignUtteranceWrapper():decoder-wrappers.cc:501) Retrying utterance c400 with beam 40
LOG (gmm-align-compiled[5.5.383~1-bd1d]:main():gmm-align-compiled.cc:127) c401
WARNING (gmm-align-compiled[5.5.383~1-bd1d]:AlignUtteranceWrapper():decoder-wrappers.cc:501) Retrying utterance c401 with beam 40
LOG (gmm-align-compiled[5.5.383~1-bd1d]:main():gmm-align-compiled.cc:127) c402
WARNING (gmm-align-compiled[5.5.383~1-bd1d]:AlignUtteranceWrapper():decoder-wrappers.cc:501) Retrying utterance c402 with beam 40
LOG (gmm-align-compiled[5.5.383~1-bd1d]:main():gmm-align-compiled.cc:127) c403
LOG (gmm-align-compiled[5.5.383~1-bd1d]:main():gmm-align-compiled.cc:127) c404
WARNING (gmm-align-compiled[5.5.383~1-bd1d]:AlignUtteranceWrapper():decoder-wrappers.cc:501) Retrying utterance c404 with beam 40
LOG (gmm-align-compiled[5.5.383~1-bd1d]:main():gmm-align-compiled.cc:127) c405
WARNING (gmm-align-compiled[5.5.383~1-bd1d]:AlignUtteranceWrapper():decoder-wrappers.cc:501) Retrying utterance c405 with beam 40
LOG (gmm-align-compiled[5.5.383~1-bd1d]:main():gmm-align-compiled.cc:127) c406
LOG (gmm-align-compiled[5.5.383~1-bd1d]:main():gmm-align-compiled.cc:127) c407
WARNING (gmm-align-compiled[5.5.383~1-bd1d]:AlignUtteranceWrapper():decoder-wrappers.cc:501) Retrying utterance c407 with beam 40
LOG (gmm-align-compiled[5.5.383~1-bd1d]:main():gmm-align-compiled.cc:127) c408
WARNING (gmm-align-compiled[5.5.383~1-bd1d]:AlignUtteranceWrapper():decoder-wrappers.cc:501) Retrying utterance c408 with beam 40
LOG (gmm-align-compiled[5.5.383~1-bd1d]:main():gmm-align-compiled.cc:127) c409
WARNING (gmm-align-compiled[5.5.383~1-bd1d]:AlignUtteranceWrapper():decoder-wrappers.cc:501) Retrying utterance c409 with beam 40
LOG (gmm-align-compiled[5.5.383~1-bd1d]:main():gmm-align-compiled.cc:127) c41
WARNING (gmm-align-compiled[5.5.383~1-bd1d]:AlignUtteranceWrapper():decoder-wrappers.cc:501) Retrying utterance c41 with beam 40
LOG (gmm-align-compiled[5.5.383~1-bd1d]:main():gmm-align-compiled.cc:127) c410
WARNING (gmm-align-compiled[5.5.383~1-bd1d]:AlignUtteranceWrapper():decoder-wrappers.cc:501) Retrying utterance c410 with beam 40
LOG (gmm-align-compiled[5.5.383~1-bd1d]:main():gmm-align-compiled.cc:127) c411
LOG (gmm-align-compiled[5.5.383~1-bd1d]:main():gmm-align-compiled.cc:127) c412
WARNING (gmm-align-compiled[5.5.383~1-bd1d]:AlignUtteranceWrapper():decoder-wrappers.cc:501) Retrying utterance c412 with beam 40
LOG (gmm-align-compiled[5.5.383~1-bd1d]:main():gmm-align-compiled.cc:127) c413
WARNING (gmm-align-compiled[5.5.383~1-bd1d]:AlignUtteranceWrapper():decoder-wrappers.cc:501) Retrying utterance c413 with beam 40
LOG (gmm-align-compiled[5.5.383~1-bd1d]:main():gmm-align-compiled.cc:127) c414
LOG (gmm-align-compiled[5.5.383~1-bd1d]:main():gmm-align-compiled.cc:127) c415
WARNING (gmm-align-compiled[5.5.383~1-bd1d]:AlignUtteranceWrapper():decoder-wrappers.cc:501) Retrying utterance c415 with beam 40
LOG (gmm-align-compiled[5.5.383~1-bd1d]:main():gmm-align-compiled.cc:127) c416
WARNING (gmm-align-compiled[5.5.383~1-bd1d]:AlignUtteranceWrapper():decoder-wrappers.cc:501) Retrying utterance c416 with beam 40
LOG (gmm-align-compiled[5.5.383~1-bd1d]:main():gmm-align-compiled.cc:127) c417
WARNING (gmm-align-compiled[5.5.383~1-bd1d]:AlignUtteranceWrapper():decoder-wrappers.cc:501) Retrying utterance c417 with beam 40
LOG (gmm-align-compiled[5.5.383~1-bd1d]:main():gmm-align-compiled.cc:127) c418
WARNING (gmm-align-compiled[5.5.383~1-bd1d]:AlignUtteranceWrapper():decoder-wrappers.cc:501) Retrying utterance c418 with beam 40
LOG (gmm-align-compiled[5.5.383~1-bd1d]:main():gmm-align-compiled.cc:127) c419
WARNING (gmm-align-compiled[5.5.383~1-bd1d]:AlignUtteranceWrapper():decoder-wrappers.cc:501) Retrying utterance c419 with beam 40
LOG (gmm-align-compiled[5.5.383~1-bd1d]:main():gmm-align-compiled.cc:127) c42
WARNING (gmm-align-compiled[5.5.383~1-bd1d]:AlignUtteranceWrapper():decoder-wrappers.cc:501) Retrying utterance c42 with beam 40
LOG (gmm-align-compiled[5.5.383~1-bd1d]:main():gmm-align-compiled.cc:127) c420
WARNING (gmm-align-compiled[5.5.383~1-bd1d]:AlignUtteranceWrapper():decoder-wrappers.cc:501) Retrying utterance c420 with beam 40
LOG (gmm-align-compiled[5.5.383~1-bd1d]:main():gmm-align-compiled.cc:127) c421
LOG (gmm-align-compiled[5.5.383~1-bd1d]:main():gmm-align-compiled.cc:127) c422
WARNING (gmm-align-compiled[5.5.383~1-bd1d]:AlignUtteranceWrapper():decoder-wrappers.cc:501) Retrying utterance c422 with beam 40
LOG (gmm-align-compiled[5.5.383~1-bd1d]:main():gmm-align-compiled.cc:127) c423
WARNING (gmm-align-compiled[5.5.383~1-bd1d]:AlignUtteranceWrapper():decoder-wrappers.cc:501) Retrying utterance c423 with beam 40
LOG (gmm-align-compiled[5.5.383~1-bd1d]:main():gmm-align-compiled.cc:127) c424
LOG (gmm-align-compiled[5.5.383~1-bd1d]:main():gmm-align-compiled.cc:127) c425
WARNING (gmm-align-compiled[5.5.383~1-bd1d]:AlignUtteranceWrapper():decoder-wrappers.cc:501) Retrying utterance c425 with beam 40
LOG (gmm-align-compiled[5.5.383~1-bd1d]:main():gmm-align-compiled.cc:127) c426
WARNING (gmm-align-compiled[5.5.383~1-bd1d]:AlignUtteranceWrapper():decoder-wrappers.cc:501) Retrying utterance c426 with beam 40
LOG (gmm-align-compiled[5.5.383~1-bd1d]:main():gmm-align-compiled.cc:127) c427
WARNING (gmm-align-compiled[5.5.383~1-bd1d]:AlignUtteranceWrapper():decoder-wrappers.cc:501) Retrying utterance c427 with beam 40
LOG (gmm-align-compiled[5.5.383~1-bd1d]:main():gmm-align-compiled.cc:127) c428
WARNING (gmm-align-compiled[5.5.383~1-bd1d]:AlignUtteranceWrapper():decoder-wrappers.cc:501) Retrying utterance c428 with beam 40
LOG (gmm-align-compiled[5.5.383~1-bd1d]:main():gmm-align-compiled.cc:127) c429
WARNING (gmm-align-compiled[5.5.383~1-bd1d]:AlignUtteranceWrapper():decoder-wrappers.cc:501) Retrying utterance c429 with beam 40
LOG (gmm-align-compiled[5.5.383~1-bd1d]:main():gmm-align-compiled.cc:127) c43
WARNING (gmm-align-compiled[5.5.383~1-bd1d]:AlignUtteranceWrapper():decoder-wrappers.cc:501) Retrying utterance c43 with beam 40
LOG (gmm-align-compiled[5.5.383~1-bd1d]:main():gmm-align-compiled.cc:127) c430
WARNING (gmm-align-compiled[5.5.383~1-bd1d]:AlignUtteranceWrapper():decoder-wrappers.cc:501) Retrying utterance c430 with beam 40
LOG (gmm-align-compiled[5.5.383~1-bd1d]:main():gmm-align-compiled.cc:127) c431
WARNING (gmm-align-compiled[5.5.383~1-bd1d]:AlignUtteranceWrapper():decoder-wrappers.cc:501) Retrying utterance c431 with beam 40
LOG (gmm-align-compiled[5.5.383~1-bd1d]:main():gmm-align-compiled.cc:127) c432
WARNING (gmm-align-compiled[5.5.383~1-bd1d]:AlignUtteranceWrapper():decoder-wrappers.cc:501) Retrying utterance c432 with beam 40
LOG (gmm-align-compiled[5.5.383~1-bd1d]:main():gmm-align-compiled.cc:127) c433
LOG (gmm-align-compiled[5.5.383~1-bd1d]:main():gmm-align-compiled.cc:127) c434
WARNING (gmm-align-compiled[5.5.383~1-bd1d]:AlignUtteranceWrapper():decoder-wrappers.cc:501) Retrying utterance c434 with beam 40
LOG (gmm-align-compiled[5.5.383~1-bd1d]:main():gmm-align-compiled.cc:127) c435
WARNING (gmm-align-compiled[5.5.383~1-bd1d]:AlignUtteranceWrapper():decoder-wrappers.cc:501) Retrying utterance c435 with beam 40
LOG (gmm-align-compiled[5.5.383~1-bd1d]:main():gmm-align-compiled.cc:127) c436
WARNING (gmm-align-compiled[5.5.383~1-bd1d]:AlignUtteranceWrapper():decoder-wrappers.cc:501) Retrying utterance c436 with beam 40
LOG (gmm-align-compiled[5.5.383~1-bd1d]:main():gmm-align-compiled.cc:127) c437
WARNING (gmm-align-compiled[5.5.383~1-bd1d]:AlignUtteranceWrapper():decoder-wrappers.cc:501) Retrying utterance c437 with beam 40
LOG (gmm-align-compiled[5.5.383~1-bd1d]:main():gmm-align-compiled.cc:127) c438
WARNING (gmm-align-compiled[5.5.383~1-bd1d]:AlignUtteranceWrapper():decoder-wrappers.cc:501) Retrying utterance c438 with beam 40
LOG (gmm-align-compiled[5.5.383~1-bd1d]:main():gmm-align-compiled.cc:127) c439
WARNING (gmm-align-compiled[5.5.383~1-bd1d]:AlignUtteranceWrapper():decoder-wrappers.cc:501) Retrying utterance c439 with beam 40
LOG (gmm-align-compiled[5.5.383~1-bd1d]:main():gmm-align-compiled.cc:127) c44
WARNING (gmm-align-compiled[5.5.383~1-bd1d]:AlignUtteranceWrapper():decoder-wrappers.cc:501) Retrying utterance c44 with beam 40
LOG (gmm-align-compiled[5.5.383~1-bd1d]:main():gmm-align-compiled.cc:127) c440
WARNING (gmm-align-compiled[5.5.383~1-bd1d]:AlignUtteranceWrapper():decoder-wrappers.cc:501) Retrying utterance c440 with beam 40
LOG (gmm-align-compiled[5.5.383~1-bd1d]:main():gmm-align-compiled.cc:127) c441
WARNING (gmm-align-compiled[5.5.383~1-bd1d]:AlignUtteranceWrapper():decoder-wrappers.cc:501) Retrying utterance c441 with beam 40
LOG (gmm-align-compiled[5.5.383~1-bd1d]:main():gmm-align-compiled.cc:127) c442
WARNING (gmm-align-compiled[5.5.383~1-bd1d]:AlignUtteranceWrapper():decoder-wrappers.cc:501) Retrying utterance c442 with beam 40
LOG (gmm-align-compiled[5.5.383~1-bd1d]:main():gmm-align-compiled.cc:127) c443
WARNING (gmm-align-compiled[5.5.383~1-bd1d]:AlignUtteranceWrapper():decoder-wrappers.cc:501) Retrying utterance c443 with beam 40
LOG (gmm-align-compiled[5.5.383~1-bd1d]:main():gmm-align-compiled.cc:127) c444
WARNING (gmm-align-compiled[5.5.383~1-bd1d]:AlignUtteranceWrapper():decoder-wrappers.cc:501) Retrying utterance c444 with beam 40
LOG (gmm-align-compiled[5.5.383~1-bd1d]:main():gmm-align-compiled.cc:127) c445
WARNING (gmm-align-compiled[5.5.383~1-bd1d]:AlignUtteranceWrapper():decoder-wrappers.cc:501) Retrying utterance c445 with beam 40
LOG (gmm-align-compiled[5.5.383~1-bd1d]:main():gmm-align-compiled.cc:127) c446
WARNING (gmm-align-compiled[5.5.383~1-bd1d]:AlignUtteranceWrapper():decoder-wrappers.cc:501) Retrying utterance c446 with beam 40
LOG (gmm-align-compiled[5.5.383~1-bd1d]:main():gmm-align-compiled.cc:127) c447
WARNING (gmm-align-compiled[5.5.383~1-bd1d]:AlignUtteranceWrapper():decoder-wrappers.cc:501) Retrying utterance c447 with beam 40
LOG (gmm-align-compiled[5.5.383~1-bd1d]:main():gmm-align-compiled.cc:127) c448
WARNING (gmm-align-compiled[5.5.383~1-bd1d]:AlignUtteranceWrapper():decoder-wrappers.cc:501) Retrying utterance c448 with beam 40
LOG (gmm-align-compiled[5.5.383~1-bd1d]:main():gmm-align-compiled.cc:127) c449
WARNING (gmm-align-compiled[5.5.383~1-bd1d]:AlignUtteranceWrapper():decoder-wrappers.cc:501) Retrying utterance c449 with beam 40
LOG (gmm-align-compiled[5.5.383~1-bd1d]:main():gmm-align-compiled.cc:127) c45
WARNING (gmm-align-compiled[5.5.383~1-bd1d]:AlignUtteranceWrapper():decoder-wrappers.cc:501) Retrying utterance c45 with beam 40
LOG (gmm-align-compiled[5.5.383~1-bd1d]:main():gmm-align-compiled.cc:127) c450
WARNING (gmm-align-compiled[5.5.383~1-bd1d]:AlignUtteranceWrapper():decoder-wrappers.cc:501) Retrying utterance c450 with beam 40
LOG (gmm-align-compiled[5.5.383~1-bd1d]:main():gmm-align-compiled.cc:127) c451
WARNING (gmm-align-compiled[5.5.383~1-bd1d]:AlignUtteranceWrapper():decoder-wrappers.cc:501) Retrying utterance c451 with beam 40
LOG (gmm-align-compiled[5.5.383~1-bd1d]:main():gmm-align-compiled.cc:127) c452
WARNING (gmm-align-compiled[5.5.383~1-bd1d]:AlignUtteranceWrapper():decoder-wrappers.cc:501) Retrying utterance c452 with beam 40
LOG (gmm-align-compiled[5.5.383~1-bd1d]:main():gmm-align-compiled.cc:127) c453
LOG (gmm-align-compiled[5.5.383~1-bd1d]:main():gmm-align-compiled.cc:127) c454
LOG (apply-cmvn[5.5.383~1-bd1d]:main():apply-cmvn.cc:162) Applied cepstral mean normalization to 80 utterances, errors on 0
WARNING (gmm-align-compiled[5.5.383~1-bd1d]:AlignUtteranceWrapper():decoder-wrappers.cc:501) Retrying utterance c454 with beam 40
LOG (gmm-align-compiled[5.5.383~1-bd1d]:main():gmm-align-compiled.cc:127) c455
WARNING (gmm-align-compiled[5.5.383~1-bd1d]:AlignUtteranceWrapper():decoder-wrappers.cc:501) Retrying utterance c455 with beam 40
LOG (gmm-align-compiled[5.5.383~1-bd1d]:main():gmm-align-compiled.cc:127) c456
LOG (gmm-align-compiled[5.5.383~1-bd1d]:main():gmm-align-compiled.cc:127) c457
WARNING (gmm-align-compiled[5.5.383~1-bd1d]:AlignUtteranceWrapper():decoder-wrappers.cc:501) Retrying utterance c457 with beam 40
LOG (gmm-align-compiled[5.5.383~1-bd1d]:main():gmm-align-compiled.cc:135) Overall log-likelihood per frame is -105.243 over 45958 frames.
LOG (gmm-align-compiled[5.5.383~1-bd1d]:main():gmm-align-compiled.cc:137) Retried 70 out of 80 utterances.
LOG (gmm-align-compiled[5.5.383~1-bd1d]:main():gmm-align-compiled.cc:139) Done 79, errors on 1
# Accounting: time=8 threads=1
# Ended (code 0) at Tue Jun 18 17:05:49 IST 2019, elapsed time 8 seconds
