# lattice-scale --inv-acoustic-scale=15 "ark:gunzip -c exp/mono/decode/lat.*.gz|" ark:- | lattice-add-penalty --word-ins-penalty=0.5 ark:- ark:- | lattice-best-path --word-symbol-table=exp/mono/graph/words.txt ark:- ark,t:- | utils/int2sym.pl -f 2- exp/mono/graph/words.txt | cat > exp/mono/decode/scoring_kaldi/penalty_0.5/15.txt 
# Started at Tue Jun 18 17:07:26 IST 2019
#
lattice-best-path --word-symbol-table=exp/mono/graph/words.txt ark:- ark,t:- 
lattice-scale --inv-acoustic-scale=15 'ark:gunzip -c exp/mono/decode/lat.*.gz|' ark:- 
lattice-add-penalty --word-ins-penalty=0.5 ark:- ark:- 
LOG (lattice-best-path[5.5.383~1-bd1d]:main():lattice-best-path.cc:99) For utterance c638, best cost 156.976 + 4245.82 = 4402.8 over 693 frames.
c638 <oov> کی شرح میں کوئی <oov> کو کی کے خلاف سجے چلیں 
LOG (lattice-best-path[5.5.383~1-bd1d]:main():lattice-best-path.cc:99) For utterance c639, best cost 172.242 + 3848.35 = 4020.6 over 630 frames.
c639 غیرت کے دفتر کے دکھ درد سے تجویز کر سکینہ بھوک <oov> سکیں 
LOG (lattice-best-path[5.5.383~1-bd1d]:main():lattice-best-path.cc:99) For utterance c640, best cost 247.977 + 4291.8 = 4539.78 over 710 frames.
c640 شام کے نیا پر بیٹھ گیارہ سفیر نے تیسری کونسل کے شکوہ لا کا چوری کو لگایا 
LOG (lattice-best-path[5.5.383~1-bd1d]:main():lattice-best-path.cc:99) For utterance c641, best cost 115.919 + 2720.53 = 2836.44 over 436 frames.
c641 کو ہلو <oov> کی آتش بازی اطلاع کرنسی گی 
LOG (lattice-best-path[5.5.383~1-bd1d]:main():lattice-best-path.cc:99) For utterance c642, best cost 119.915 + 3287.66 = 3407.57 over 533 frames.
c642 عرفان <oov> سیکھی <oov> مخوص کی <oov> تھی 
LOG (lattice-best-path[5.5.383~1-bd1d]:main():lattice-best-path.cc:99) For utterance c643, best cost 183.349 + 3795.25 = 3978.6 over 622 frames.
c643 تحفہ حسن <oov> خوف افواج سے نہ آئیں اور <oov> سے زائد دیہی ڈالیں 
LOG (lattice-best-path[5.5.383~1-bd1d]:main():lattice-best-path.cc:99) For utterance c644, best cost 198.301 + 4170.39 = 4368.69 over 685 frames.
c644 کھیل نیت اچھے <oov> اور زیور لا بچی کیسی پاس <oov> دبا پر ہے 
LOG (lattice-best-path[5.5.383~1-bd1d]:main():lattice-best-path.cc:99) For utterance c645, best cost 159.731 + 3590.64 = 3750.37 over 584 frames.
c645 <oov> کیس میں <oov> صاحب زور <oov> کرنے کی فحاشی نکلیں گیں 
LOG (lattice-best-path[5.5.383~1-bd1d]:main():lattice-best-path.cc:99) For utterance c646, best cost 146.694 + 3147.99 = 3294.69 over 504 frames.
c646 <oov> بننے کے بعد لاو بڑا میں تارا <oov> لے آئی 
LOG (lattice-best-path[5.5.383~1-bd1d]:main():lattice-best-path.cc:99) For utterance c647, best cost 105.872 + 2186.01 = 2291.88 over 356 frames.
c647 بچنے <oov> <oov> جوڑ کر دو اور پر آئے 
LOG (lattice-best-path[5.5.383~1-bd1d]:main():lattice-best-path.cc:99) For utterance c648, best cost 143.864 + 2488.63 = 2632.5 over 415 frames.
c648 میلے میں طوطی اچانک <oov> تنہا خط چپکے کروا تھا 
LOG (lattice-best-path[5.5.383~1-bd1d]:main():lattice-best-path.cc:99) For utterance c649, best cost 153.806 + 3446.47 = 3600.27 over 580 frames.
c649 حقوق کو تندرست کر کے بیٹھے کے بعد عوام کا نکل آئی 
LOG (lattice-best-path[5.5.383~1-bd1d]:main():lattice-best-path.cc:99) For utterance c650, best cost 145.221 + 3508.4 = 3653.62 over 580 frames.
c650 <oov> کثیر تسلی انکے نفری اہلیہ کرائی <oov> ہے 
LOG (lattice-best-path[5.5.383~1-bd1d]:main():lattice-best-path.cc:99) For utterance c651, best cost 144.392 + 2890 = 3034.39 over 470 frames.
c651 کو ہلو بھری میچ کی کوٹلی <oov> سے پہلے <oov> کی تھی 
LOG (lattice-best-path[5.5.383~1-bd1d]:main():lattice-best-path.cc:99) For utterance c652, best cost 155.773 + 4696.24 = 4852.01 over 761 frames.
c652 <oov> کیجئیے تھام <oov> اور <oov> کے سطور تک آ پہنچی 
LOG (lattice-best-path[5.5.383~1-bd1d]:main():lattice-best-path.cc:99) For utterance c653, best cost 174.849 + 3991.92 = 4166.77 over 660 frames.
c653 لوئر برانڈس <oov> کا سیدن اہلکار زیرِ کے دہانی <oov> <oov> 
LOG (lattice-best-path[5.5.383~1-bd1d]:main():lattice-best-path.cc:99) For utterance c654, best cost 147.629 + 3351.68 = 3499.3 over 542 frames.
c654 <oov> سسکیاں شجر حارثہ کی دوستی میدان میں خود ہیں 
LOG (lattice-best-path[5.5.383~1-bd1d]:main():lattice-best-path.cc:99) For utterance c655, best cost 105.211 + 3053.77 = 3158.98 over 516 frames.
c655 نامور <oov> کو <oov> بجھانے کاشت ہے 
LOG (lattice-best-path[5.5.383~1-bd1d]:main():lattice-best-path.cc:99) For utterance c656, best cost 174.109 + 3864.53 = 4038.64 over 643 frames.
c656 <oov> سے سجے اروا گنکا <oov> بچائیں اور <oov> میچ ہار <oov> کریں 
LOG (lattice-best-path[5.5.383~1-bd1d]:main():lattice-best-path.cc:99) For utterance c657, best cost 111.555 + 2892.92 = 3004.48 over 491 frames.
c657 <oov> <oov> کے کیفرِکردار کی حد سے مکمل نہیں 
LOG (lattice-best-path[5.5.383~1-bd1d]:main():lattice-best-path.cc:99) For utterance c658, best cost 94.7231 + 2714.61 = 2809.33 over 449 frames.
c658 <oov> کرنے والی <oov> کی <oov> گزار ہیں 
LOG (lattice-best-path[5.5.383~1-bd1d]:main():lattice-best-path.cc:99) For utterance c659, best cost 190.313 + 3685.61 = 3875.92 over 617 frames.
c659 نیکی کو کر بچائیں اور کو <oov> کا تصور اور <oov> کے بعد <oov> پسند ہے 
LOG (lattice-best-path[5.5.383~1-bd1d]:main():lattice-best-path.cc:99) For utterance c660, best cost 98.5807 + 1906.47 = 2005.06 over 313 frames.
c660 <oov> کے <oov> اضلاع میں نہیں ہو سکا 
LOG (lattice-best-path[5.5.383~1-bd1d]:main():lattice-best-path.cc:99) For utterance c661, best cost 138.738 + 2437.42 = 2576.15 over 413 frames.
c661 قذافی لینے کے لئے بے <oov> پر عمل کردار ہر ادب آئے 
LOG (lattice-best-path[5.5.383~1-bd1d]:main():lattice-best-path.cc:99) For utterance c662, best cost 116.864 + 2383.8 = 2500.66 over 376 frames.
c662 <oov> کو اکیلا نہیں چلے سیاحوں کی تشریح دی گئیں 
LOG (lattice-best-path[5.5.383~1-bd1d]:main():lattice-best-path.cc:99) For utterance c663, best cost 189.946 + 3694.69 = 3884.64 over 603 frames.
c663 کی رونے جہاں چار ارب انگور <oov> سال کی تبدیلی کی طرح <oov> ہوئی 
LOG (lattice-best-path[5.5.383~1-bd1d]:main():lattice-best-path.cc:99) For utterance c664, best cost 172.341 + 3628.88 = 3801.23 over 575 frames.
c664 فلاح سیالکوٹ پرہز میں کائنات <oov> کرو <oov> کروٹ <oov> ہو گئے 
LOG (lattice-best-path[5.5.383~1-bd1d]:main():lattice-best-path.cc:99) For utterance c665, best cost 147.908 + 2554.97 = 2702.88 over 435 frames.
c665 فیض نے سال راوی سے سگریٹ چینی حاجب خیر پور 
LOG (lattice-best-path[5.5.383~1-bd1d]:main():lattice-best-path.cc:99) For utterance c666, best cost 140.417 + 2688.08 = 2828.5 over 438 frames.
c666 <oov> سے ہوئی <oov> پر آقا کتاب <oov> صبور لئے 
LOG (lattice-best-path[5.5.383~1-bd1d]:main():lattice-best-path.cc:99) For utterance c667, best cost 99.0199 + 2542.32 = 2641.34 over 395 frames.
c667 <oov> سے چٹرھ موسیقی کو مصنوعی ہے 
LOG (lattice-best-path[5.5.383~1-bd1d]:main():lattice-best-path.cc:99) For utterance c668, best cost 178.344 + 3732.17 = 3910.52 over 613 frames.
c668 ثانی چوری کے <oov> ہونے والے کا فیصلہ بیان اہلیت سے جعلی قلعہ 
LOG (lattice-best-path[5.5.383~1-bd1d]:main():lattice-best-path.cc:99) For utterance c669, best cost 114.722 + 2807.83 = 2922.55 over 458 frames.
c669 <oov> خزانے <oov> کیلئے رضا <oov> نہیں کِیا 
LOG (lattice-best-path[5.5.383~1-bd1d]:main():lattice-best-path.cc:99) For utterance c670, best cost 112.593 + 2414.83 = 2527.42 over 383 frames.
c670 روز ایک آخری <oov> سر <oov> قاتلوں 
LOG (lattice-best-path[5.5.383~1-bd1d]:main():lattice-best-path.cc:99) For utterance c671, best cost 202.595 + 3924.18 = 4126.77 over 624 frames.
c671 رشید سے پہلے ایسا سال کے بڑی آنے کا <oov> کے صفورہ <oov> دور <oov> جاؤ 
LOG (lattice-best-path[5.5.383~1-bd1d]:main():lattice-best-path.cc:99) For utterance c672, best cost 164.232 + 3504.86 = 3669.09 over 589 frames.
c672 کمیٹی چوک سلامت فرقان وال سربراہ اور صدر کا اطلاع ہے 
LOG (lattice-best-path[5.5.383~1-bd1d]:main():lattice-best-path.cc:99) For utterance c673, best cost 147.365 + 2430.12 = 2577.49 over 407 frames.
c673 لڑائی کے چار دن واقع ہوئی جوہی نسل کے بغیر <oov> ہے 
LOG (lattice-best-path[5.5.383~1-bd1d]:main():lattice-best-path.cc:99) For utterance c674, best cost 163.687 + 3607.61 = 3771.29 over 592 frames.
c674 نئے شعبے کھول میں بڑھتا پچ آگاہ کرم والدین نے کی کوشش کی 
LOG (lattice-best-path[5.5.383~1-bd1d]:main():lattice-best-path.cc:99) For utterance c675, best cost 128.609 + 2518.36 = 2646.97 over 403 frames.
c675 حاجب پروری کرنے پر سوچ کرتا فنکار <oov> ہے 
LOG (lattice-best-path[5.5.383~1-bd1d]:main():lattice-best-path.cc:99) For utterance c676, best cost 169.242 + 2956.85 = 3126.09 over 480 frames.
c676 اپنی رہائش کسی کا نتیجہ کھوئے زوار نے انگور <oov> پر تھی 
LOG (lattice-best-path[5.5.383~1-bd1d]:main():lattice-best-path.cc:99) For utterance c677, best cost 200.322 + 3705.39 = 3905.71 over 605 frames.
c677 ایثار نے <oov> کی کوئی مگر بعد ضرور صبوحی <oov> کی ہیبت سے پہلے گیا 
LOG (lattice-best-path[5.5.383~1-bd1d]:main():lattice-best-path.cc:99) For utterance c678, best cost 258.843 + 4412.37 = 4671.21 over 737 frames.
c678 سند انسان کو علی فرائض اور والوں سے چھڑا نے کے لئے ہر عروج افلاح سے مشقیں شر کریں 
LOG (lattice-best-path[5.5.383~1-bd1d]:main():lattice-best-path.cc:99) For utterance c679, best cost 125.456 + 2223.86 = 2349.31 over 365 frames.
c679 تھوڑی دور ڈی پر <oov> لگایا سحر تیزی سوچ لیں 
LOG (lattice-best-path[5.5.383~1-bd1d]:main():lattice-best-path.cc:99) For utterance c680, best cost 172.954 + 2942.18 = 3115.13 over 480 frames.
c680 چوری کے جوڑا پہن کے اوپر ترلائی اٹھارہ برسی میں ہیرو آ جاتا ہے 
LOG (lattice-best-path[5.5.383~1-bd1d]:main():lattice-best-path.cc:99) For utterance c681, best cost 155.067 + 3106.41 = 3261.47 over 504 frames.
c681 کراچی <oov> کی ڈھارس ہوئی تو لوگوں پر بچی ہار پر سوار 
LOG (lattice-best-path[5.5.383~1-bd1d]:main():lattice-best-path.cc:99) For utterance c682, best cost 173.308 + 3340.18 = 3513.49 over 554 frames.
c682 بھی اور <oov> پر ہی <oov> کرنا مچا کر <oov> اسکے <oov> کی 
LOG (lattice-best-path[5.5.383~1-bd1d]:main():lattice-best-path.cc:99) For utterance c683, best cost 132.488 + 3244.62 = 3377.11 over 524 frames.
c683 اِس موقع کی <oov> نے میری کے سے نکھر گی 
LOG (lattice-best-path[5.5.383~1-bd1d]:main():lattice-best-path.cc:99) For utterance c684, best cost 120.129 + 2456.83 = 2576.96 over 392 frames.
c684 نور پور خانے <oov> کے کی اوٹ میں میلوں <oov> 
LOG (lattice-best-path[5.5.383~1-bd1d]:main():lattice-best-path.cc:99) For utterance c685, best cost 142.595 + 2340.52 = 2483.12 over 390 frames.
c685 جو فلاح دوستی بچے رخشی سے کہاں سلام دے دو 
LOG (lattice-best-path[5.5.383~1-bd1d]:main():lattice-best-path.cc:99) For utterance c686, best cost 155.467 + 3161.34 = 3316.81 over 516 frames.
c686 <oov> کے <oov> بھی اشعر سے بنیادی مسجد کشور شاہ پور روڈ 
LOG (lattice-best-path[5.5.383~1-bd1d]:main():lattice-best-path.cc:99) For utterance c687, best cost 174.699 + 3990.01 = 4164.71 over 644 frames.
c687 <oov> اسکے بات سلوک سکی کھولے کوٹھا بحران سے <oov> کرائی 
LOG (lattice-best-path[5.5.383~1-bd1d]:main():lattice-best-path.cc:99) For utterance c688, best cost 247.498 + 4345.66 = 4593.16 over 713 frames.
c688 ہلکی ہلکی چادر بچہ کر سچے <oov> گزار اور بے بسی کے بھی میں نہا <oov> کے پر تباہ ہو 
LOG (lattice-best-path[5.5.383~1-bd1d]:main():lattice-best-path.cc:99) For utterance c689, best cost 144.171 + 3419.04 = 3563.21 over 541 frames.
c689 گجرات بجے سکینہ کے اچانک دو بنائیں اور <oov> ہے 
LOG (lattice-best-path[5.5.383~1-bd1d]:main():lattice-best-path.cc:99) For utterance c690, best cost 91.8636 + 1970.5 = 2062.37 over 315 frames.
c690 <oov> پڑھائی کشور <oov> نہیں جاتا 
LOG (lattice-best-path[5.5.383~1-bd1d]:main():lattice-best-path.cc:99) For utterance c691, best cost 187.163 + 3519.02 = 3706.19 over 591 frames.
c691 کسی کی بھی جاری کیلئے نجی کروایا اور ہنسی <oov> کرنے آنا میں توسیع 
LOG (lattice-best-path[5.5.383~1-bd1d]:main():lattice-best-path.cc:99) For utterance c692, best cost 169.831 + 3104.52 = 3274.35 over 523 frames.
c692 بتول نثار نے کہا کہ میں صبح سویرے کا گاڑی کے بھی آپ کے دلوں 
LOG (lattice-best-path[5.5.383~1-bd1d]:main():lattice-best-path.cc:99) For utterance c693, best cost 155.317 + 2641.23 = 2796.54 over 461 frames.
c693 میں نے ہفتے جسے کہا کہ وقار پر بھی نہ کرامت دو 
LOG (lattice-best-path[5.5.383~1-bd1d]:main():lattice-best-path.cc:99) For utterance c694, best cost 190.443 + 3224.61 = 3415.05 over 555 frames.
c694 کرن کا جوڑا شیشہ پایہ ورثاء کو جسے <oov> صحیح چاق و چوبند بنائیں 
LOG (lattice-best-path[5.5.383~1-bd1d]:main():lattice-best-path.cc:99) For utterance c695, best cost 153.694 + 3458.57 = 3612.26 over 581 frames.
c695 چوری کی جانے <oov> جانے کو کرن <oov> پانی میں ہو جائیں 
LOG (lattice-best-path[5.5.383~1-bd1d]:main():lattice-best-path.cc:99) For utterance c696, best cost 188.056 + 3598.69 = 3786.75 over 611 frames.
c696 <oov> فاصلے کیا میں زیب کو مصنوعی منصوبوں کے بنانے کے لئے فراہم کِیا جائے گا 
LOG (lattice-best-path[5.5.383~1-bd1d]:main():lattice-best-path.cc:99) For utterance c697, best cost 122.488 + 2477.11 = 2599.59 over 415 frames.
c697 کلور کوٹ سے ستمبر ڈیزائن کرنے کا کام ہو گا 
LOG (lattice-best-path[5.5.383~1-bd1d]:main():lattice-best-path.cc:99) For utterance c698, best cost 119.82 + 2859.73 = 2979.55 over 477 frames.
c698 بارہ ہنزہ <oov> سے شفاف باعث کا جائزہ لے گا 
LOG (lattice-best-path[5.5.383~1-bd1d]:main():lattice-best-path.cc:99) For utterance c699, best cost 190.765 + 4014.49 = 4205.25 over 669 frames.
c699 آج کے فروغ روکا کی <oov> میں برائے کیا دینی بےحرمتی کا مقصد <oov> 
LOG (lattice-best-path[5.5.383~1-bd1d]:main():lattice-best-path.cc:99) For utterance c700, best cost 154.117 + 3839.97 = 3994.09 over 621 frames.
c700 LOG (lattice-scale[5.5.383~1-bd1d]:main():lattice-scale.cc:107) Done 71 lattices.
<oov> کی تقریر میں کہا فوری کی <oov> کرو خوبصورت ہو 
LOG (lattice-best-path[5.5.383~1-bd1d]:main():lattice-best-path.cc:99) For utterance c701, best cost 232.285 + 4256.48 = 4488.76 over 722 frames.
c701 مضمون بنوانے دونوں کو ضلع کی تم اپنا کی سے کے علاوہ کر موضوع <oov> کو سمجھایا 
LOG (lattice-best-path[5.5.383~1-bd1d]:main():lattice-best-path.cc:99) For utterance c702, best cost 143.482 + 2743.98 = 2887.46 over 467 frames.
c702 غفار <oov> توبہ کی اوٹ میں کرے کو شاہانہ دربار <oov> 
LOG (lattice-best-path[5.5.383~1-bd1d]:main():lattice-best-path.cc:99) For utterance c703, best cost 138.223 + 2796.99 = 2935.21 over 478 frames.
c703 پراسرار سے تاریخی <oov> کے کپڑوں کاروبار ظاہر ہوتا ہے 
LOG (lattice-add-penalty[5.5.383~1-bd1d]:main():lattice-add-penalty.cc:62) Done adding word insertion penalty to 71 lattices.
LOG (lattice-best-path[5.5.383~1-bd1d]:main():lattice-best-path.cc:99) For utterance c704, best cost 154.609 + 3364.38 = 3518.99 over 564 frames.
c704 چوتھائی <oov> سیشن متنازعہ <oov> کنزہ باقی <oov> سے ہے 
LOG (lattice-best-path[5.5.383~1-bd1d]:main():lattice-best-path.cc:99) For utterance c705, best cost 143.652 + 3208.27 = 3351.92 over 535 frames.
c705 <oov> <oov> ایجاد پر لاگت آٹھ تین سو سے بڑھ گئی 
LOG (lattice-best-path[5.5.383~1-bd1d]:main():lattice-best-path.cc:99) For utterance c706, best cost 127.817 + 3000.79 = 3128.61 over 492 frames.
c706 گجر خان کی غزر کے آنکھیں <oov> تو <oov> 
LOG (lattice-best-path[5.5.383~1-bd1d]:main():lattice-best-path.cc:99) For utterance c707, best cost 125.923 + 2151.38 = 2277.3 over 355 frames.
c707 ماضی کو بلا حتم آگے بڑھتی نہیں انہوں نے اَن پڑھ ہے 
LOG (lattice-best-path[5.5.383~1-bd1d]:main():lattice-best-path.cc:99) For utterance c708, best cost 204.039 + 3187.93 = 3391.97 over 527 frames.
c708 جنگ چلنے سے پہلے بروئے نے مجھے کچھ <oov> سی بات بھی کا اور مشق سمجھتا ہے 
LOG (lattice-best-path[5.5.383~1-bd1d]:main():lattice-best-path.cc:124) Overall cost per frame is 6.36674 = 0.294155 [graph] + 6.07258 [acoustic] over 37498 frames.
LOG (lattice-best-path[5.5.383~1-bd1d]:main():lattice-best-path.cc:128) Done 71 lattices, failed for 0
# Accounting: time=1 threads=1
# Ended (code 0) at Tue Jun 18 17:07:27 IST 2019, elapsed time 1 seconds
