# lattice-scale --inv-acoustic-scale=14 "ark:gunzip -c exp/mono/decode/lat.*.gz|" ark:- | lattice-add-penalty --word-ins-penalty=0.5 ark:- ark:- | lattice-best-path --word-symbol-table=exp/mono/graph/words.txt ark:- ark,t:- | utils/int2sym.pl -f 2- exp/mono/graph/words.txt | cat > exp/mono/decode/scoring_kaldi/penalty_0.5/14.txt 
# Started at Tue Jun 18 17:07:26 IST 2019
#
lattice-best-path --word-symbol-table=exp/mono/graph/words.txt ark:- ark,t:- 
lattice-add-penalty --word-ins-penalty=0.5 ark:- ark:- 
lattice-scale --inv-acoustic-scale=14 'ark:gunzip -c exp/mono/decode/lat.*.gz|' ark:- 
LOG (lattice-best-path[5.5.383~1-bd1d]:main():lattice-best-path.cc:99) For utterance c638, best cost 156.976 + 4549.1 = 4706.07 over 693 frames.
c638 <oov> کی شرح میں کوئی <oov> کو کی کے خلاف سجے چلیں 
LOG (lattice-best-path[5.5.383~1-bd1d]:main():lattice-best-path.cc:99) For utterance c639, best cost 172.242 + 4123.24 = 4295.48 over 630 frames.
c639 غیرت کے دفتر کے دکھ درد سے تجویز کر سکینہ بھوک <oov> سکیں 
LOG (lattice-best-path[5.5.383~1-bd1d]:main():lattice-best-path.cc:99) For utterance c640, best cost 258.572 + 4587.5 = 4846.07 over 710 frames.
c640 شام کے نیا پر بیٹھ گیا روٹی سفیر نے تیسری کونسل کے شکوہ لا کا چوری کو لگایا 
LOG (lattice-best-path[5.5.383~1-bd1d]:main():lattice-best-path.cc:99) For utterance c641, best cost 115.919 + 2914.85 = 3030.77 over 436 frames.
c641 کو ہلو <oov> کی آتش بازی اطلاع کرنسی گی 
LOG (lattice-best-path[5.5.383~1-bd1d]:main():lattice-best-path.cc:99) For utterance c642, best cost 119.915 + 3522.49 = 3642.41 over 533 frames.
c642 عرفان <oov> سیکھی <oov> مخوص کی <oov> تھی 
LOG (lattice-best-path[5.5.383~1-bd1d]:main():lattice-best-path.cc:99) For utterance c643, best cost 191.462 + 4057.89 = 4249.35 over 622 frames.
c643 تحفہ حسن <oov> میں خوف افواج سے نہ آئیں اور <oov> سے زائد دیہی ڈالیں 
LOG (lattice-best-path[5.5.383~1-bd1d]:main():lattice-best-path.cc:99) For utterance c644, best cost 204.418 + 4461.86 = 4666.28 over 685 frames.
c644 کھیل نیت اچھے <oov> اور زیور آ بچی کیسی پاس <oov> دبا پر ہے 
LOG (lattice-best-path[5.5.383~1-bd1d]:main():lattice-best-path.cc:99) For utterance c645, best cost 159.731 + 3847.11 = 4006.84 over 584 frames.
c645 <oov> کیس میں <oov> صاحب زور <oov> کرنے کی فحاشی نکلیں گیں 
LOG (lattice-best-path[5.5.383~1-bd1d]:main():lattice-best-path.cc:99) For utterance c646, best cost 150.708 + 3368.7 = 3519.4 over 504 frames.
c646 <oov> بننے کے بعد لاو بڑا میں دراوڑ ادا لے آئی 
LOG (lattice-best-path[5.5.383~1-bd1d]:main():lattice-best-path.cc:99) For utterance c647, best cost 105.872 + 2342.15 = 2448.02 over 356 frames.
c647 بچنے <oov> <oov> جوڑ کر دو اور پر آئے 
LOG (lattice-best-path[5.5.383~1-bd1d]:main():lattice-best-path.cc:99) For utterance c648, best cost 143.864 + 2666.39 = 2810.25 over 415 frames.
c648 میلے میں طوطی اچانک <oov> تنہا خط چپکے کروا تھا 
LOG (lattice-best-path[5.5.383~1-bd1d]:main():lattice-best-path.cc:99) For utterance c649, best cost 163.405 + 3682.59 = 3846 over 580 frames.
c649 حقوق کو تندرست کر کے بیٹھ نے کے بعد عوام کا نکل آئی 
LOG (lattice-best-path[5.5.383~1-bd1d]:main():lattice-best-path.cc:99) For utterance c650, best cost 145.221 + 3759 = 3904.22 over 580 frames.
c650 <oov> کثیر تسلی انکے نفری اہلیہ کرائی <oov> ہے 
LOG (lattice-best-path[5.5.383~1-bd1d]:main():lattice-best-path.cc:99) For utterance c651, best cost 144.392 + 3096.43 = 3240.82 over 470 frames.
c651 کو ہلو بھری میچ کی کوٹلی <oov> سے پہلے <oov> کی تھی 
LOG (lattice-best-path[5.5.383~1-bd1d]:main():lattice-best-path.cc:99) For utterance c652, best cost 166.307 + 5020.82 = 5187.13 over 761 frames.
c652 <oov> کیجئیے تھام <oov> اور <oov> ائیرپورٹ کے سطور تک آ پہنچی 
LOG (lattice-best-path[5.5.383~1-bd1d]:main():lattice-best-path.cc:99) For utterance c653, best cost 174.849 + 4277.06 = 4451.9 over 660 frames.
c653 لوئر برانڈس <oov> کا سیدن اہلکار زیرِ کے دہانی <oov> <oov> 
LOG (lattice-best-path[5.5.383~1-bd1d]:main():lattice-best-path.cc:99) For utterance c654, best cost 147.629 + 3591.08 = 3738.71 over 542 frames.
c654 <oov> سسکیاں شجر حارثہ کی دوستی میدان میں خود ہیں 
LOG (lattice-best-path[5.5.383~1-bd1d]:main():lattice-best-path.cc:99) For utterance c655, best cost 105.211 + 3271.89 = 3377.11 over 516 frames.
c655 نامور <oov> کو <oov> بجھانے کاشت ہے 
LOG (lattice-best-path[5.5.383~1-bd1d]:main():lattice-best-path.cc:99) For utterance c656, best cost 177.817 + 4136.76 = 4314.58 over 643 frames.
c656 <oov> سے سبھی اروا گنکا <oov> بچائیں اور <oov> میچ ہار <oov> کریں 
LOG (lattice-best-path[5.5.383~1-bd1d]:main():lattice-best-path.cc:99) For utterance c657, best cost 111.555 + 3099.56 = 3211.11 over 491 frames.
c657 <oov> <oov> کے کیفرِکردار کی حد سے مکمل نہیں 
LOG (lattice-best-path[5.5.383~1-bd1d]:main():lattice-best-path.cc:99) For utterance c658, best cost 94.7231 + 2908.51 = 3003.23 over 449 frames.
c658 <oov> کرنے والی <oov> کی <oov> گزار ہیں 
LOG (lattice-best-path[5.5.383~1-bd1d]:main():lattice-best-path.cc:99) For utterance c659, best cost 190.313 + 3948.87 = 4139.18 over 617 frames.
c659 نیکی کو کر بچائیں اور کو <oov> کا تصور اور <oov> کے بعد <oov> پسند ہے 
LOG (lattice-best-path[5.5.383~1-bd1d]:main():lattice-best-path.cc:99) For utterance c660, best cost 98.5807 + 2042.65 = 2141.23 over 313 frames.
c660 <oov> کے <oov> اضلاع میں نہیں ہو سکا 
LOG (lattice-best-path[5.5.383~1-bd1d]:main():lattice-best-path.cc:99) For utterance c661, best cost 138.738 + 2611.52 = 2750.26 over 413 frames.
c661 قذافی لینے کے لئے بے <oov> پر عمل کردار ہر ادب آئے 
LOG (lattice-best-path[5.5.383~1-bd1d]:main():lattice-best-path.cc:99) For utterance c662, best cost 121.146 + 2549.73 = 2670.88 over 376 frames.
c662 <oov> <oov> کو اکیلا نہیں چلے سیاحوں کی تشریح دی گئیں 
LOG (lattice-best-path[5.5.383~1-bd1d]:main():lattice-best-path.cc:99) For utterance c663, best cost 189.946 + 3958.6 = 4148.55 over 603 frames.
c663 کی رونے جہاں چار ارب انگور <oov> سال کی تبدیلی کی طرح <oov> ہوئی 
LOG (lattice-best-path[5.5.383~1-bd1d]:main():lattice-best-path.cc:99) For utterance c664, best cost 172.341 + 3888.09 = 4060.43 over 575 frames.
c664 فلاح سیالکوٹ پرہز میں کائنات <oov> کرو <oov> کروٹ <oov> ہو گئے 
LOG (lattice-best-path[5.5.383~1-bd1d]:main():lattice-best-path.cc:99) For utterance c665, best cost 147.908 + 2737.47 = 2885.38 over 435 frames.
c665 فیض نے سال راوی سے سگریٹ چینی حاجب خیر پور 
LOG (lattice-best-path[5.5.383~1-bd1d]:main():lattice-best-path.cc:99) For utterance c666, best cost 140.417 + 2880.08 = 3020.5 over 438 frames.
c666 <oov> سے ہوئی <oov> پر آقا کتاب <oov> صبور لئے 
LOG (lattice-best-path[5.5.383~1-bd1d]:main():lattice-best-path.cc:99) For utterance c667, best cost 99.0199 + 2723.91 = 2822.93 over 395 frames.
c667 <oov> سے چٹرھ موسیقی کو مصنوعی ہے 
LOG (lattice-best-path[5.5.383~1-bd1d]:main():lattice-best-path.cc:99) For utterance c668, best cost 182.457 + 3994.45 = 4176.9 over 613 frames.
c668 ثانی فوری کے <oov> ہونے والے کا فیصلہ بیان اہلیت سے جعلی قلعہ 
LOG (lattice-best-path[5.5.383~1-bd1d]:main():lattice-best-path.cc:99) For utterance c669, best cost 114.722 + 3008.39 = 3123.11 over 458 frames.
c669 <oov> خزانے <oov> کیلئے رضا <oov> نہیں کِیا 
LOG (lattice-best-path[5.5.383~1-bd1d]:main():lattice-best-path.cc:99) For utterance c670, best cost 112.593 + 2587.32 = 2699.91 over 383 frames.
c670 روز ایک آخری <oov> سر <oov> قاتلوں 
LOG (lattice-best-path[5.5.383~1-bd1d]:main():lattice-best-path.cc:99) For utterance c671, best cost 202.595 + 4204.47 = 4407.07 over 624 frames.
c671 رشید سے پہلے ایسا سال کے بڑی آنے کا <oov> کے صفورہ <oov> دور <oov> جاؤ 
LOG (lattice-best-path[5.5.383~1-bd1d]:main():lattice-best-path.cc:99) For utterance c672, best cost 164.232 + 3755.2 = 3919.43 over 589 frames.
c672 کمیٹی چوک سلامت فرقان وال سربراہ اور صدر کا اطلاع ہے 
LOG (lattice-best-path[5.5.383~1-bd1d]:main():lattice-best-path.cc:99) For utterance c673, best cost 147.365 + 2603.7 = 2751.07 over 407 frames.
c673 لڑائی کے چار دن واقع ہوئی جوہی نسل کے بغیر <oov> ہے 
LOG (lattice-best-path[5.5.383~1-bd1d]:main():lattice-best-path.cc:99) For utterance c674, best cost 163.687 + 3865.29 = 4028.98 over 592 frames.
c674 نئے شعبے کھول میں بڑھتا پچ آگاہ کرم والدین نے کی کوشش کی 
LOG (lattice-best-path[5.5.383~1-bd1d]:main():lattice-best-path.cc:99) For utterance c675, best cost 136.132 + 2690.24 = 2826.37 over 403 frames.
c675 حاجب پروری کے روئیے پر سوچ کرتا فنکار <oov> ہے 
LOG (lattice-best-path[5.5.383~1-bd1d]:main():lattice-best-path.cc:99) For utterance c676, best cost 169.242 + 3168.06 = 3337.3 over 480 frames.
c676 اپنی رہائش کسی کا نتیجہ کھوئے زوار نے انگور <oov> پر تھی 
LOG (lattice-best-path[5.5.383~1-bd1d]:main():lattice-best-path.cc:99) For utterance c677, best cost 207.026 + 3963.33 = 4170.36 over 605 frames.
c677 ایثار نے <oov> کی کوئی مگر بعد ضرور صبوحی <oov> کی ہیبت سے دہلی گیا 
LOG (lattice-best-path[5.5.383~1-bd1d]:main():lattice-best-path.cc:99) For utterance c678, best cost 258.843 + 4727.54 = 4986.38 over 737 frames.
c678 سند انسان کو علی فرائض اور والوں سے چھڑا نے کے لئے ہر عروج افلاح سے مشقیں شر کریں 
LOG (lattice-best-path[5.5.383~1-bd1d]:main():lattice-best-path.cc:99) For utterance c679, best cost 125.456 + 2382.71 = 2508.16 over 365 frames.
c679 تھوڑی دور ڈی پر <oov> لگایا سحر تیزی سوچ لیں 
LOG (lattice-best-path[5.5.383~1-bd1d]:main():lattice-best-path.cc:99) For utterance c680, best cost 181.538 + 3143.47 = 3325.01 over 480 frames.
c680 چوری کے جوڑا پہن کے اوپر ترلائی اٹھارہ برس نے میں ہیرو آ جاتا ہے 
LOG (lattice-best-path[5.5.383~1-bd1d]:main():lattice-best-path.cc:99) For utterance c681, best cost 155.067 + 3328.29 = 3483.36 over 504 frames.
c681 کراچی <oov> کی ڈھارس ہوئی تو لوگوں پر بچی ہار پر سوار 
LOG (lattice-best-path[5.5.383~1-bd1d]:main():lattice-best-path.cc:99) For utterance c682, best cost 173.308 + 3578.76 = 3752.07 over 554 frames.
c682 بھی اور <oov> پر ہی <oov> کرنا مچا کر <oov> اسکے <oov> کی 
LOG (lattice-best-path[5.5.383~1-bd1d]:main():lattice-best-path.cc:99) For utterance c683, best cost 142.309 + 3466.37 = 3608.68 over 524 frames.
c683 اِس موقع کی <oov> ہم نے میری کے سے نکھر گی 
LOG (lattice-best-path[5.5.383~1-bd1d]:main():lattice-best-path.cc:99) For utterance c684, best cost 120.129 + 2632.32 = 2752.45 over 392 frames.
c684 نور پور خانے <oov> کے کی اوٹ میں میلوں <oov> 
LOG (lattice-best-path[5.5.383~1-bd1d]:main():lattice-best-path.cc:99) For utterance c685, best cost 142.595 + 2507.7 = 2650.3 over 390 frames.
c685 جو فلاح دوستی بچے رخشی سے کہاں سلام دے دو 
LOG (lattice-best-path[5.5.383~1-bd1d]:main():lattice-best-path.cc:99) For utterance c686, best cost 155.467 + 3387.15 = 3542.62 over 516 frames.
c686 <oov> کے <oov> بھی اشعر سے بنیادی مسجد کشور شاہ پور روڈ 
LOG (lattice-best-path[5.5.383~1-bd1d]:main():lattice-best-path.cc:99) For utterance c687, best cost 174.699 + 4275.01 = 4449.71 over 644 frames.
c687 <oov> اسکے بات سلوک سکی کھولے کوٹھا بحران سے <oov> کرائی 
LOG (lattice-best-path[5.5.383~1-bd1d]:main():lattice-best-path.cc:99) For utterance c688, best cost 269.988 + 4633.46 = 4903.45 over 713 frames.
c688 ہلکی ہلکی چادر بچہ کر سچے <oov> گزار اور بے بسی کے بھی میں نہا <oov> کے پر آٹھ عدالتوں 
LOG (lattice-best-path[5.5.383~1-bd1d]:main():lattice-best-path.cc:99) For utterance c689, best cost 144.171 + 3663.26 = 3807.43 over 541 frames.
c689 گجرات بجے سکینہ کے اچانک دو بنائیں اور <oov> ہے 
LOG (lattice-best-path[5.5.383~1-bd1d]:main():lattice-best-path.cc:99) For utterance c690, best cost 91.8636 + 2111.25 = 2203.12 over 315 frames.
c690 <oov> پڑھائی کشور <oov> نہیں جاتا 
LOG (lattice-best-path[5.5.383~1-bd1d]:main():lattice-best-path.cc:99) For utterance c691, best cost 187.163 + 3770.38 = 3957.54 over 591 frames.
c691 کسی کی بھی جاری کیلئے نجی کروایا اور ہنسی <oov> کرنے آنا میں توسیع 
LOG (lattice-best-path[5.5.383~1-bd1d]:main():lattice-best-path.cc:99) For utterance c692, best cost 169.831 + 3326.27 = 3496.1 over 523 frames.
c692 بتول نثار نے کہا کہ میں صبح سویرے کا گاڑی کے بھی آپ کے دلوں 
LOG (lattice-best-path[5.5.383~1-bd1d]:main():lattice-best-path.cc:99) For utterance c693, best cost 155.317 + 2829.89 = 2985.2 over 461 frames.
c693 میں نے ہفتے جسے کہا کہ وقار پر بھی نہ کرامت دو 
LOG (lattice-best-path[5.5.383~1-bd1d]:main():lattice-best-path.cc:99) For utterance c694, best cost 191.189 + 3454.18 = 3645.37 over 555 frames.
c694 کرن کا جوڑا شیشہ پایہ ورثاء کو جج <oov> صحیح چاق و چوبند بنائیں 
LOG (lattice-best-path[5.5.383~1-bd1d]:main():lattice-best-path.cc:99) For utterance c695, best cost 153.694 + 3705.61 = 3859.3 over 581 frames.
c695 چوری کی جانے <oov> جانے کو کرن <oov> پانی میں ہو جائیں 
LOG (lattice-best-path[5.5.383~1-bd1d]:main():lattice-best-path.cc:99) For utterance c696, best cost 188.056 + 3855.74 = 4043.8 over 611 frames.
c696 <oov> فاصلے کیا میں زیب کو مصنوعی منصوبوں کے بنانے کے لئے فراہم کِیا جائے گا 
LOG (lattice-best-path[5.5.383~1-bd1d]:main():lattice-best-path.cc:99) For utterance c697, best cost 122.488 + 2654.04 = 2776.53 over 415 frames.
c697 کلور کوٹ سے ستمبر ڈیزائن کرنے کا کام ہو گا 
LOG (lattice-best-path[5.5.383~1-bd1d]:main():lattice-best-path.cc:99) For utterance c698, best cost 121.704 + 3062.04 = 3183.74 over 477 frames.
c698 بار اور ہنزہ <oov> سے شفاف باعث کا جائزہ لے گا 
LOG (lattice-best-path[5.5.383~1-bd1d]:main():lattice-best-path.cc:99) For utterance c699, best cost 190.765 + 4301.23 = 4492 over 669 frames.
c699 آج کے فروغ روکا کی <oov> میں برائے کیا دینی بےحرمتی کا مقصد <oov> 
LOG (lattice-best-path[5.5.383~1-bd1d]:main():lattice-best-path.cc:99) For utterance c700, best cost 154.117 + 4114.26 = 4268.38 over 621 frames.
c700 <oov> کی تقریر میں کہا فوری کی <oov> کرو خوبصورت ہو 
LOG (lattice-best-path[5.5.383~1-bd1d]:main():lattice-best-path.cc:99) For utterance c701, best cost 232.285 + 4560.51 = 4792.8 over 722 frames.
c701 مضمون LOG (lattice-scale[5.5.383~1-bd1d]:main():lattice-scale.cc:107) Done 71 lattices.
بنوانے دونوں کو ضلع کی تم اپنا کی سے کے علاوہ کر موضوع <oov> کو سمجھایا 
LOG (lattice-best-path[5.5.383~1-bd1d]:main():lattice-best-path.cc:99) For utterance c702, best cost 143.482 + 2939.98 = 3083.46 over 467 frames.
c702 غفار <oov> توبہ کی اوٹ میں کرے کو شاہانہ دربار <oov> 
LOG (lattice-best-path[5.5.383~1-bd1d]:main():lattice-best-path.cc:99) For utterance c703, best cost 138.223 + 2996.77 = 3134.99 over 478 frames.
c703 پراسرار سے تاریخی <oov> کے کپڑوں کاروبار ظاہر ہوتا ہے 
LOG (lattice-add-penalty[5.5.383~1-bd1d]:main():lattice-add-penalty.cc:62) Done adding word insertion penalty to 71 lattices.
LOG (lattice-best-path[5.5.383~1-bd1d]:main():lattice-best-path.cc:99) For utterance c704, best cost 154.609 + 3604.69 = 3759.3 over 564 frames.
c704 چوتھائی <oov> سیشن متنازعہ <oov> کنزہ باقی <oov> سے ہے 
LOG (lattice-best-path[5.5.383~1-bd1d]:main():lattice-best-path.cc:99) For utterance c705, best cost 143.652 + 3437.43 = 3581.09 over 535 frames.
c705 <oov> <oov> ایجاد پر لاگت آٹھ تین سو سے بڑھ گئی 
LOG (lattice-best-path[5.5.383~1-bd1d]:main():lattice-best-path.cc:99) For utterance c706, best cost 127.817 + 3215.14 = 3342.95 over 492 frames.
c706 گجر خان کی غزر کے آنکھیں <oov> تو <oov> 
LOG (lattice-best-path[5.5.383~1-bd1d]:main():lattice-best-path.cc:99) For utterance c707, best cost 125.923 + 2305.05 = 2430.97 over 355 frames.
c707 ماضی کو بلا حتم آگے بڑھتی نہیں انہوں نے اَن پڑھ ہے 
LOG (lattice-best-path[5.5.383~1-bd1d]:main():lattice-best-path.cc:99) For utterance c708, best cost 204.039 + 3415.64 = 3619.68 over 527 frames.
c708 جنگ چلنے سے پہلے بروئے نے مجھے کچھ <oov> سی بات بھی کا اور مشق سمجھتا ہے 
LOG (lattice-best-path[5.5.383~1-bd1d]:main():lattice-best-path.cc:124) Overall cost per frame is 6.8004 = 0.297323 [graph] + 6.50308 [acoustic] over 37498 frames.
LOG (lattice-best-path[5.5.383~1-bd1d]:main():lattice-best-path.cc:128) Done 71 lattices, failed for 0
# Accounting: time=0 threads=1
# Ended (code 0) at Tue Jun 18 17:07:26 IST 2019, elapsed time 0 seconds
