# lattice-scale --inv-acoustic-scale=13 "ark:gunzip -c exp/mono/decode/lat.*.gz|" ark:- | lattice-add-penalty --word-ins-penalty=0.5 ark:- ark:- | lattice-best-path --word-symbol-table=exp/mono/graph/words.txt ark:- ark,t:- | utils/int2sym.pl -f 2- exp/mono/graph/words.txt | cat > exp/mono/decode/scoring_kaldi/penalty_0.5/13.txt 
# Started at Tue Jun 18 17:07:26 IST 2019
#
lattice-add-penalty --word-ins-penalty=0.5 ark:- ark:- 
lattice-best-path --word-symbol-table=exp/mono/graph/words.txt ark:- ark,t:- 
lattice-scale --inv-acoustic-scale=13 'ark:gunzip -c exp/mono/decode/lat.*.gz|' ark:- 
LOG (lattice-best-path[5.5.383~1-bd1d]:main():lattice-best-path.cc:99) For utterance c638, best cost 174.672 + 4880.5 = 5055.17 over 693 frames.
c638 <oov> کی شرح میں کوئی صورت <oov> کو کھڑکی کے خلاف سجے چلیں 
LOG (lattice-best-path[5.5.383~1-bd1d]:main():lattice-best-path.cc:99) For utterance c639, best cost 172.242 + 4440.41 = 4612.65 over 630 frames.
c639 غیرت کے دفتر کے دکھ درد سے تجویز کر سکینہ بھوک <oov> سکیں 
LOG (lattice-best-path[5.5.383~1-bd1d]:main():lattice-best-path.cc:99) For utterance c640, best cost 260.6 + 4938.21 = 5198.81 over 710 frames.
c640 شام کے نیا پر بیٹھ گیا روٹی سفیر نے تیسری کونسل کے شکوہ لا کا چوری کوچ لگایا 
LOG (lattice-best-path[5.5.383~1-bd1d]:main():lattice-best-path.cc:99) For utterance c641, best cost 115.919 + 3139.07 = 3254.99 over 436 frames.
c641 کو ہلو <oov> کی آتش بازی اطلاع کرنسی گی 
LOG (lattice-best-path[5.5.383~1-bd1d]:main():lattice-best-path.cc:99) For utterance c642, best cost 119.915 + 3793.45 = 3913.37 over 533 frames.
c642 عرفان <oov> سیکھی <oov> مخوص کی <oov> تھی 
LOG (lattice-best-path[5.5.383~1-bd1d]:main():lattice-best-path.cc:99) For utterance c643, best cost 191.462 + 4370.03 = 4561.49 over 622 frames.
c643 تحفہ حسن <oov> میں خوف افواج سے نہ آئیں اور <oov> سے زائد دیہی ڈالیں 
LOG (lattice-best-path[5.5.383~1-bd1d]:main():lattice-best-path.cc:99) For utterance c644, best cost 215.294 + 4793.59 = 5008.88 over 685 frames.
c644 کھیل نیت اچھے میں <oov> اور زیور آ بچی کیسی پارس <oov> دبا پر ہے 
LOG (lattice-best-path[5.5.383~1-bd1d]:main():lattice-best-path.cc:99) For utterance c645, best cost 175.433 + 4126.19 = 4301.62 over 584 frames.
c645 <oov> کیس میں گزر کے صاحب زور <oov> کرنے کی فحاشی نکلیں گیں 
LOG (lattice-best-path[5.5.383~1-bd1d]:main():lattice-best-path.cc:99) For utterance c646, best cost 150.708 + 3627.83 = 3778.53 over 504 frames.
c646 <oov> بننے کے بعد لاو بڑا میں دراوڑ ادا لے آئی 
LOG (lattice-best-path[5.5.383~1-bd1d]:main():lattice-best-path.cc:99) For utterance c647, best cost 105.872 + 2522.31 = 2628.19 over 356 frames.
c647 بچنے <oov> <oov> جوڑ کر دو اور پر آئے 
LOG (lattice-best-path[5.5.383~1-bd1d]:main():lattice-best-path.cc:99) For utterance c648, best cost 143.864 + 2871.5 = 3015.36 over 415 frames.
c648 میلے میں طوطی اچانک <oov> تنہا خط چپکے کروا تھا 
LOG (lattice-best-path[5.5.383~1-bd1d]:main():lattice-best-path.cc:99) For utterance c649, best cost 179.48 + 3949.65 = 4129.13 over 580 frames.
c649 حقوق کو تندرست کر کے بیٹھ نے کے بعد عوام کا نے <oov> لگائی 
LOG (lattice-best-path[5.5.383~1-bd1d]:main():lattice-best-path.cc:99) For utterance c650, best cost 145.221 + 4048.16 = 4193.38 over 580 frames.
c650 <oov> کثیر تسلی انکے نفری اہلیہ کرائی <oov> ہے 
LOG (lattice-best-path[5.5.383~1-bd1d]:main():lattice-best-path.cc:99) For utterance c651, best cost 152.919 + 3325.95 = 3478.87 over 470 frames.
c651 کومل کو بھری میچ کی کوٹلی <oov> سے پہلے <oov> کی تھی 
LOG (lattice-best-path[5.5.383~1-bd1d]:main():lattice-best-path.cc:99) For utterance c652, best cost 166.307 + 5407.04 = 5573.34 over 761 frames.
c652 <oov> کیجئیے تھام <oov> اور <oov> ائیرپورٹ کے سطور تک آ پہنچی 
LOG (lattice-best-path[5.5.383~1-bd1d]:main():lattice-best-path.cc:99) For utterance c653, best cost 174.849 + 4606.06 = 4780.91 over 660 frames.
c653 لوئر برانڈس <oov> کا سیدن اہلکار زیرِ کے دہانی <oov> <oov> 
LOG (lattice-best-path[5.5.383~1-bd1d]:main():lattice-best-path.cc:99) For utterance c654, best cost 155.536 + 3858.91 = 4014.45 over 542 frames.
c654 <oov> سسکیاں شجر ہارن سے کی دوستی میدان میں خود ہیں 
LOG (lattice-best-path[5.5.383~1-bd1d]:main():lattice-best-path.cc:99) For utterance c655, best cost 105.211 + 3523.58 = 3628.79 over 516 frames.
c655 نامور <oov> کو <oov> بجھانے کاشت ہے 
LOG (lattice-best-path[5.5.383~1-bd1d]:main():lattice-best-path.cc:99) For utterance c656, best cost 177.817 + 4454.97 = 4632.79 over 643 frames.
c656 <oov> سے سبھی اروا گنکا <oov> بچائیں اور <oov> میچ ہار <oov> کریں 
LOG (lattice-best-path[5.5.383~1-bd1d]:main():lattice-best-path.cc:99) For utterance c657, best cost 111.555 + 3337.99 = 3449.54 over 491 frames.
c657 <oov> <oov> کے کیفرِکردار کی حد سے مکمل نہیں 
LOG (lattice-best-path[5.5.383~1-bd1d]:main():lattice-best-path.cc:99) For utterance c658, best cost 94.7231 + 3132.24 = 3226.97 over 449 frames.
c658 <oov> کرنے والی <oov> کی <oov> گزار ہیں 
LOG (lattice-best-path[5.5.383~1-bd1d]:main():lattice-best-path.cc:99) For utterance c659, best cost 204.953 + 4236.97 = 4441.92 over 617 frames.
c659 نیکی کو کر بچائیں اور کو <oov> کا تصور اور <oov> کے بعد <oov> یا پھر سو ہیں 
LOG (lattice-best-path[5.5.383~1-bd1d]:main():lattice-best-path.cc:99) For utterance c660, best cost 98.5807 + 2199.78 = 2298.36 over 313 frames.
c660 <oov> کے <oov> اضلاع میں نہیں ہو سکا 
LOG (lattice-best-path[5.5.383~1-bd1d]:main():lattice-best-path.cc:99) For utterance c661, best cost 138.738 + 2812.4 = 2951.14 over 413 frames.
c661 قذافی لینے کے لئے بے <oov> پر عمل کردار ہر ادب آئے 
LOG (lattice-best-path[5.5.383~1-bd1d]:main():lattice-best-path.cc:99) For utterance c662, best cost 121.146 + 2745.87 = 2867.01 over 376 frames.
c662 <oov> <oov> کو اکیلا نہیں چلے سیاحوں کی تشریح دی گئیں 
LOG (lattice-best-path[5.5.383~1-bd1d]:main():lattice-best-path.cc:99) For utterance c663, best cost 189.946 + 4263.11 = 4453.05 over 603 frames.
c663 کی رونے جہاں چار ارب انگور <oov> سال کی تبدیلی کی طرح <oov> ہوئی 
LOG (lattice-best-path[5.5.383~1-bd1d]:main():lattice-best-path.cc:99) For utterance c664, best cost 172.341 + 4187.17 = 4359.52 over 575 frames.
c664 فلاح سیالکوٹ پرہز میں کائنات <oov> کرو <oov> کروٹ <oov> ہو گئے 
LOG (lattice-best-path[5.5.383~1-bd1d]:main():lattice-best-path.cc:99) For utterance c665, best cost 147.908 + 2948.05 = 3095.96 over 435 frames.
c665 فیض نے سال راوی سے سگریٹ چینی حاجب خیر پور 
LOG (lattice-best-path[5.5.383~1-bd1d]:main():lattice-best-path.cc:99) For utterance c666, best cost 140.417 + 3101.63 = 3242.05 over 438 frames.
c666 <oov> سے ہوئی <oov> پر آقا کتاب <oov> صبور لئے 
LOG (lattice-best-path[5.5.383~1-bd1d]:main():lattice-best-path.cc:99) For utterance c667, best cost 99.0199 + 2933.44 = 3032.46 over 395 frames.
c667 <oov> سے چٹرھ موسیقی کو مصنوعی ہے 
LOG (lattice-best-path[5.5.383~1-bd1d]:main():lattice-best-path.cc:99) For utterance c668, best cost 182.457 + 4301.71 = 4484.17 over 613 frames.
c668 ثانی فوری کے <oov> ہونے والے کا فیصلہ بیان اہلیت سے جعلی قلعہ 
LOG (lattice-best-path[5.5.383~1-bd1d]:main():lattice-best-path.cc:99) For utterance c669, best cost 114.722 + 3239.8 = 3354.52 over 458 frames.
c669 <oov> خزانے <oov> کیلئے رضا <oov> نہیں کِیا 
LOG (lattice-best-path[5.5.383~1-bd1d]:main():lattice-best-path.cc:99) For utterance c670, best cost 128.671 + 2769.95 = 2898.62 over 383 frames.
c670 روز ایک آخری شرح ایک اثر <oov> قاتلوں 
LOG (lattice-best-path[5.5.383~1-bd1d]:main():lattice-best-path.cc:99) For utterance c671, best cost 221.632 + 4508.79 = 4730.42 over 624 frames.
c671 رشید سے پہلے ایسا سال کے بڑی آنے کا <oov> کے صفورہ ہولی میں دور <oov> جاؤ 
LOG (lattice-best-path[5.5.383~1-bd1d]:main():lattice-best-path.cc:99) For utterance c672, best cost 180.308 + 4027.78 = 4208.09 over 589 frames.
c672 کمیٹی چوک سلامت فرقان وال سر پر اور سے درج یہ کام اکیلا ہے 
LOG (lattice-best-path[5.5.383~1-bd1d]:main():lattice-best-path.cc:99) For utterance c673, best cost 151.07 + 2800.1 = 2951.17 over 407 frames.
c673 لڑائی کے چاپ دن واقع ہوئی جوہی نسل کے بغیر <oov> ہے 
LOG (lattice-best-path[5.5.383~1-bd1d]:main():lattice-best-path.cc:99) For utterance c674, best cost 183.014 + 4143.05 = 4326.06 over 592 frames.
c674 مشورے پل <oov> میں بڑھتا پچ آگاہ کرم والدین نے کی کوشش کی 
LOG (lattice-best-path[5.5.383~1-bd1d]:main():lattice-best-path.cc:99) For utterance c675, best cost 136.132 + 2897.18 = 3033.31 over 403 frames.
c675 حاجب پروری کے روئیے پر سوچ کرتا فنکار <oov> ہے 
LOG (lattice-best-path[5.5.383~1-bd1d]:main():lattice-best-path.cc:99) For utterance c676, best cost 169.242 + 3411.75 = 3580.99 over 480 frames.
c676 اپنی رہائش کسی کا نتیجہ کھوئے زوار نے انگور <oov> پر تھی 
LOG (lattice-best-path[5.5.383~1-bd1d]:main():lattice-best-path.cc:99) For utterance c677, best cost 208.155 + 4267.07 = 4475.23 over 605 frames.
c677 نثار نے <oov> کی کوئی مگر بعد ضرور صبوحی <oov> کی ہیبت سے دہلی گیا 
LOG (lattice-best-path[5.5.383~1-bd1d]:main():lattice-best-path.cc:99) For utterance c678, best cost 262.592 + 5087.33 = 5349.92 over 737 frames.
c678 سند انسان کو علی فرائض اور والوں سے چھڑا نے کے ہیرو جنت لاکھ سے مشقیں شر کریں 
LOG (lattice-best-path[5.5.383~1-bd1d]:main():lattice-best-path.cc:99) For utterance c679, best cost 125.456 + 2565.99 = 2691.45 over 365 frames.
c679 تھوڑی دور ڈی پر <oov> لگایا سحر تیزی سوچ لیں 
LOG (lattice-best-path[5.5.383~1-bd1d]:main():lattice-best-path.cc:99) For utterance c680, best cost 181.538 + 3385.28 = 3566.81 over 480 frames.
c680 چوری کے جوڑا پہن کے اوپر ترلائی اٹھارہ برس نے میں ہیرو آ جاتا ہے 
LOG (lattice-best-path[5.5.383~1-bd1d]:main():lattice-best-path.cc:99) For utterance c681, best cost 155.067 + 3584.31 = 3739.38 over 504 frames.
c681 کراچی <oov> کی ڈھارس ہوئی تو لوگوں پر بچی ہار پر سوار 
LOG (lattice-best-path[5.5.383~1-bd1d]:main():lattice-best-path.cc:99) For utterance c682, best cost 173.308 + 3854.05 = 4027.36 over 554 frames.
c682 بھی اور <oov> پر ہی <oov> کرنا مچا کر <oov> اسکے <oov> کی 
LOG (lattice-best-path[5.5.383~1-bd1d]:main():lattice-best-path.cc:99) For utterance c683, best cost 168.429 + 3705.86 = 3874.29 over 524 frames.
c683 <oov> سے موقع کی <oov> تک <oov> ہم نے میری کے سے نکھر گی 
LOG (lattice-best-path[5.5.383~1-bd1d]:main():lattice-best-path.cc:99) For utterance c684, best cost 132.622 + 2821.75 = 2954.37 over 392 frames.
c684 نور پور خانے <oov> کے کی اوٹ میں میلوں <oov> پتہ ہیں 
LOG (lattice-best-path[5.5.383~1-bd1d]:main():lattice-best-path.cc:99) For utterance c685, best cost 142.595 + 2700.6 = 2843.2 over 390 frames.
c685 جو فلاح دوستی بچے رخشی سے کہاں سلام دے دو 
LOG (lattice-best-path[5.5.383~1-bd1d]:main():lattice-best-path.cc:99) For utterance c686, best cost 155.467 + 3647.7 = 3803.17 over 516 frames.
c686 <oov> کے <oov> بھی اشعر سے بنیادی مسجد کشور شاہ پور روڈ 
LOG (lattice-best-path[5.5.383~1-bd1d]:main():lattice-best-path.cc:99) For utterance c687, best cost 174.699 + 4603.86 = 4778.56 over 644 frames.
c687 <oov> اسکے بات سلوک سکی کھولے کوٹھا بحران سے <oov> کرائی 
LOG (lattice-best-path[5.5.383~1-bd1d]:main():lattice-best-path.cc:99) For utterance c688, best cost 273.832 + 4985.87 = 5259.7 over 713 frames.
c688 ہلکی ہلکی چادر بچہ کر سچے <oov> گزار اور دیتی کے بھی میں نہا <oov> کے پر آٹھ عدالتوں 
LOG (lattice-best-path[5.5.383~1-bd1d]:main():lattice-best-path.cc:99) For utterance c689, best cost 144.171 + 3945.05 = 4089.22 over 541 frames.
c689 گجرات بجے سکینہ کے اچانک دو بنائیں اور <oov> ہے 
LOG (lattice-best-path[5.5.383~1-bd1d]:main():lattice-best-path.cc:99) For utterance c690, best cost 91.8636 + 2273.66 = 2365.52 over 315 frames.
c690 <oov> پڑھائی کشور <oov> نہیں جاتا 
LOG (lattice-best-path[5.5.383~1-bd1d]:main():lattice-best-path.cc:99) For utterance c691, best cost 187.163 + 4060.41 = 4247.57 over 591 frames.
c691 کسی کی بھی جاری کیلئے نجی کروایا اور ہنسی <oov> کرنے آنا میں توسیع 
LOG (lattice-best-path[5.5.383~1-bd1d]:main():lattice-best-path.cc:99) For utterance c692, best cost 169.831 + 3582.13 = 3751.97 over 523 frames.
c692 بتول نثار نے کہا کہ میں صبح سویرے کا گاڑی کے بھی آپ کے دلوں 
LOG (lattice-best-path[5.5.383~1-bd1d]:main():lattice-best-path.cc:99) For utterance c693, best cost 155.317 + 3047.57 = 3202.89 over 461 frames.
c693 میں نے ہفتے جسے کہا کہ وقار پر بھی نہ کرامت دو 
LOG (lattice-best-path[5.5.383~1-bd1d]:main():lattice-best-path.cc:99) For utterance c694, best cost 191.189 + 3719.89 = 3911.07 over 555 frames.
c694 کرن کا جوڑا شیشہ پایہ ورثاء کو جج <oov> صحیح چاق و چوبند بنائیں 
LOG (lattice-best-path[5.5.383~1-bd1d]:main():lattice-best-path.cc:99) For utterance c695, best cost 160.793 + 3983.07 = 4143.87 over 581 frames.
c695 چوری کی جانے <oov> جانے کو کرن <oov> کو پانی میں ہو جائیں 
LOG (lattice-best-path[5.5.383~1-bd1d]:main():lattice-best-path.cc:99) For utterance c696, best cost 193.658 + 4146.39 = 4340.05 over 611 frames.
c696 <oov> فاصلے کیا میں زیب کو مصنوعی مصور روکے بنانے کے لئے فراہم کِیا جائے گا 
LOG (lattice-best-path[5.5.383~1-bd1d]:main():lattice-best-path.cc:99) For utterance c697, best cost 122.488 + 2858.2 = 2980.69 over 415 frames.
c697 کلور کوٹ سے ستمبر ڈیزائن کرنے کا کام ہو گا 
LOG (lattice-best-path[5.5.383~1-bd1d]:main():lattice-best-path.cc:99) For utterance c698, best cost 146.112 + 3272.04 = 3418.16 over 477 frames.
c698 بار اور ہنزہ <oov> سے شفاف باعث کا جائزہ لے نے لگا 
LOG (lattice-best-path[5.5.383~1-bd1d]:main():lattice-best-path.cc:99) For utterance c699, best cost 195.521 + 4627.01 = 4822.53 over 669 frames.
c699 آج کے فروغ روکا کی <oov> میں برائے کیا دینی بے حرمتی کا مقصد <oov> 
LOG (lattice-best-path[5.5.383~1-bd1d]:main():lattice-best-path.cc:99) For utterance c700, best cost 173.828 + 4410.17 = 4584 over 621 frames.
c700 ہوش تروٹ کی تقریر میں کہا فوری کی <oov> LOG (lattice-scale[5.5.383~1-bd1d]:main():lattice-scale.cc:107) Done 71 lattices.
کرو خوبصورت ہو 
LOG (lattice-best-path[5.5.383~1-bd1d]:main():lattice-best-path.cc:99) For utterance c701, best cost 232.285 + 4911.32 = 5143.61 over 722 frames.
c701 مضمون بنوانے دونوں کو ضلع کی تم اپنا کی سے کے علاوہ کر موضوع <oov> کو سمجھایا 
LOG (lattice-best-path[5.5.383~1-bd1d]:main():lattice-best-path.cc:99) For utterance c702, best cost 143.482 + 3166.13 = 3309.61 over 467 frames.
c702 غفار <oov> توبہ کی اوٹ میں کرے کو شاہانہ دربار <oov> 
LOG (lattice-best-path[5.5.383~1-bd1d]:main():lattice-best-path.cc:99) For utterance c703, best cost 146.367 + 3218.84 = 3365.21 over 478 frames.
c703 غیرت رائے سے تاریخی <oov> کے کپڑوں کاروبار ظاہر ہوتا ہے 
LOG (lattice-add-penalty[5.5.383~1-bd1d]:main():lattice-add-penalty.cc:62) Done adding word insertion penalty to 71 lattices.
LOG (lattice-best-path[5.5.383~1-bd1d]:main():lattice-best-path.cc:99) For utterance c704, best cost 154.609 + 3881.98 = 4036.59 over 564 frames.
c704 چوتھائی <oov> سیشن متنازعہ <oov> کنزہ باقی <oov> سے ہے 
LOG (lattice-best-path[5.5.383~1-bd1d]:main():lattice-best-path.cc:99) For utterance c705, best cost 143.652 + 3701.85 = 3845.5 over 535 frames.
c705 <oov> <oov> ایجاد پر لاگت آٹھ تین سو سے بڑھ گئی 
LOG (lattice-best-path[5.5.383~1-bd1d]:main():lattice-best-path.cc:99) For utterance c706, best cost 127.817 + 3462.45 = 3590.27 over 492 frames.
c706 گجر خان کی غزر کے آنکھیں <oov> تو <oov> 
LOG (lattice-best-path[5.5.383~1-bd1d]:main():lattice-best-path.cc:99) For utterance c707, best cost 125.923 + 2482.36 = 2608.28 over 355 frames.
c707 ماضی کو بلا حتم آگے بڑھتی نہیں انہوں نے اَن پڑھ ہے 
LOG (lattice-best-path[5.5.383~1-bd1d]:main():lattice-best-path.cc:99) For utterance c708, best cost 204.039 + 3678.38 = 3882.42 over 527 frames.
c708 جنگ چلنے سے پہلے بروئے نے مجھے کچھ <oov> سی بات بھی کا اور مشق سمجھتا ہے 
LOG (lattice-best-path[5.5.383~1-bd1d]:main():lattice-best-path.cc:124) Overall cost per frame is 7.30035 = 0.304917 [graph] + 6.99544 [acoustic] over 37498 frames.
LOG (lattice-best-path[5.5.383~1-bd1d]:main():lattice-best-path.cc:128) Done 71 lattices, failed for 0
# Accounting: time=0 threads=1
# Ended (code 0) at Tue Jun 18 17:07:26 IST 2019, elapsed time 0 seconds
