# lattice-scale --inv-acoustic-scale=17 "ark:gunzip -c exp/mono/decode/lat.*.gz|" ark:- | lattice-add-penalty --word-ins-penalty=0.5 ark:- ark:- | lattice-best-path --word-symbol-table=exp/mono/graph/words.txt ark:- ark,t:- | utils/int2sym.pl -f 2- exp/mono/graph/words.txt | cat > exp/mono/decode/scoring_kaldi/penalty_0.5/17.txt 
# Started at Tue Jun 18 17:07:26 IST 2019
#
lattice-best-path --word-symbol-table=exp/mono/graph/words.txt ark:- ark,t:- 
lattice-add-penalty --word-ins-penalty=0.5 ark:- ark:- 
lattice-scale --inv-acoustic-scale=17 'ark:gunzip -c exp/mono/decode/lat.*.gz|' ark:- 
LOG (lattice-best-path[5.5.383~1-bd1d]:main():lattice-best-path.cc:99) For utterance c638, best cost 156.976 + 3746.32 = 3903.29 over 693 frames.
c638 <oov> کی شرح میں کوئی <oov> کو کی کے خلاف سجے چلیں 
LOG (lattice-best-path[5.5.383~1-bd1d]:main():lattice-best-path.cc:99) For utterance c639, best cost 150.998 + 3416.26 = 3567.26 over 630 frames.
c639 غیرت کے دفتر کے دکھ درد سے ترجیحی سکینہ بھوک <oov> 
LOG (lattice-best-path[5.5.383~1-bd1d]:main():lattice-best-path.cc:99) For utterance c640, best cost 247.977 + 3786.88 = 4034.86 over 710 frames.
c640 شام کے نیا پر بیٹھ گیارہ سفیر نے تیسری کونسل کے شکوہ لا کا چوری کو لگایا 
LOG (lattice-best-path[5.5.383~1-bd1d]:main():lattice-best-path.cc:99) For utterance c641, best cost 115.919 + 2400.46 = 2516.38 over 436 frames.
c641 کو ہلو <oov> کی آتش بازی اطلاع کرنسی گی 
LOG (lattice-best-path[5.5.383~1-bd1d]:main():lattice-best-path.cc:99) For utterance c642, best cost 119.915 + 2900.87 = 3020.79 over 533 frames.
c642 عرفان <oov> سیکھی <oov> مخوص کی <oov> تھی 
LOG (lattice-best-path[5.5.383~1-bd1d]:main():lattice-best-path.cc:99) For utterance c643, best cost 169.04 + 3362.15 = 3531.19 over 622 frames.
c643 تحفہ حسن <oov> خوف افواج ایسے نہیں اور <oov> سے زائد ہی ڈالیں 
LOG (lattice-best-path[5.5.383~1-bd1d]:main():lattice-best-path.cc:99) For utterance c644, best cost 198.301 + 3679.75 = 3878.06 over 685 frames.
c644 کھیل نیت اچھے <oov> اور زیور لا بچی کیسی پاس <oov> دبا پر ہے 
LOG (lattice-best-path[5.5.383~1-bd1d]:main():lattice-best-path.cc:99) For utterance c645, best cost 159.731 + 3168.21 = 3327.94 over 584 frames.
c645 <oov> کیس میں <oov> صاحب زور <oov> کرنے کی فحاشی نکلیں گیں 
LOG (lattice-best-path[5.5.383~1-bd1d]:main():lattice-best-path.cc:99) For utterance c646, best cost 142.984 + 2781.23 = 2924.22 over 504 frames.
c646 <oov> نے کے باعث الٹ بڑا میں تارا <oov> لے آئی 
LOG (lattice-best-path[5.5.383~1-bd1d]:main():lattice-best-path.cc:99) For utterance c647, best cost 93.3252 + 1940.48 = 2033.81 over 356 frames.
c647 بچنے <oov> جوڑ کرداروں پر آئے 
LOG (lattice-best-path[5.5.383~1-bd1d]:main():lattice-best-path.cc:99) For utterance c648, best cost 132.862 + 2206.71 = 2339.57 over 415 frames.
c648 میلے میں طوطی اچانک <oov> تنہا <oov> کے کروا تھا 
LOG (lattice-best-path[5.5.383~1-bd1d]:main():lattice-best-path.cc:99) For utterance c649, best cost 136.178 + 3057.29 = 3193.47 over 580 frames.
c649 ہم کو روکے کر کے بیٹھے کے بعد عوام کا نکل آئی 
LOG (lattice-best-path[5.5.383~1-bd1d]:main():lattice-best-path.cc:99) For utterance c650, best cost 145.221 + 3095.65 = 3240.87 over 580 frames.
c650 <oov> کثیر تسلی انکے نفری اہلیہ کرائی <oov> ہے 
LOG (lattice-best-path[5.5.383~1-bd1d]:main():lattice-best-path.cc:99) For utterance c651, best cost 144.392 + 2550 = 2694.39 over 470 frames.
c651 کو ہلو بھری میچ کی کوٹلی <oov> سے پہلے <oov> کی تھی 
LOG (lattice-best-path[5.5.383~1-bd1d]:main():lattice-best-path.cc:99) For utterance c652, best cost 145.413 + 4154.08 = 4299.49 over 761 frames.
c652 <oov> کیجئیے تھام <oov> اور <oov> کے <oov> پہنچی 
LOG (lattice-best-path[5.5.383~1-bd1d]:main():lattice-best-path.cc:99) For utterance c653, best cost 174.849 + 3522.28 = 3697.13 over 660 frames.
c653 لوئر برانڈس <oov> کا سیدن اہلکار زیرِ کے دہانی <oov> <oov> 
LOG (lattice-best-path[5.5.383~1-bd1d]:main():lattice-best-path.cc:99) For utterance c654, best cost 147.629 + 2957.36 = 3104.99 over 542 frames.
c654 <oov> سسکیاں شجر حارثہ کی دوستی میدان میں خود ہیں 
LOG (lattice-best-path[5.5.383~1-bd1d]:main():lattice-best-path.cc:99) For utterance c655, best cost 99.1884 + 2699.82 = 2799.01 over 516 frames.
c655 نامور <oov> کو <oov> بجھانے کا ہے 
LOG (lattice-best-path[5.5.383~1-bd1d]:main():lattice-best-path.cc:99) For utterance c656, best cost 174.109 + 3409.88 = 3583.99 over 643 frames.
c656 <oov> سے سجے اروا گنکا <oov> بچائیں اور <oov> میچ ہار <oov> کریں 
LOG (lattice-best-path[5.5.383~1-bd1d]:main():lattice-best-path.cc:99) For utterance c657, best cost 111.555 + 2552.58 = 2664.13 over 491 frames.
c657 <oov> <oov> کے کیفرِکردار کی حد سے مکمل نہیں 
LOG (lattice-best-path[5.5.383~1-bd1d]:main():lattice-best-path.cc:99) For utterance c658, best cost 94.7231 + 2395.24 = 2489.97 over 449 frames.
c658 <oov> کرنے والی <oov> کی <oov> گزار ہیں 
LOG (lattice-best-path[5.5.383~1-bd1d]:main():lattice-best-path.cc:99) For utterance c659, best cost 186.416 + 3255.62 = 3442.04 over 617 frames.
c659 نیکی کو کر بچائیں اور پوری کا تصور اور <oov> کے بعد <oov> پسند ہے 
LOG (lattice-best-path[5.5.383~1-bd1d]:main():lattice-best-path.cc:99) For utterance c660, best cost 98.5807 + 1682.18 = 1780.76 over 313 frames.
c660 <oov> کے <oov> اضلاع میں نہیں ہو سکا 
LOG (lattice-best-path[5.5.383~1-bd1d]:main():lattice-best-path.cc:99) For utterance c661, best cost 138.738 + 2150.66 = 2289.4 over 413 frames.
c661 قذافی لینے کے لئے بے <oov> پر عمل کردار ہر ادب آئے 
LOG (lattice-best-path[5.5.383~1-bd1d]:main():lattice-best-path.cc:99) For utterance c662, best cost 116.864 + 2103.35 = 2220.21 over 376 frames.
c662 <oov> کو اکیلا نہیں چلے سیاحوں کی تشریح دی گئیں 
LOG (lattice-best-path[5.5.383~1-bd1d]:main():lattice-best-path.cc:99) For utterance c663, best cost 175.788 + 3273.01 = 3448.8 over 603 frames.
c663 <oov> جہاں چار ارکان انگور <oov> سال کی تبدیلی کی طرح <oov> ہوئی 
LOG (lattice-best-path[5.5.383~1-bd1d]:main():lattice-best-path.cc:99) For utterance c664, best cost 162.544 + 3211.69 = 3374.23 over 575 frames.
c664 قلعہ ستار اعتبار عظمت آئینہ <oov> کرو <oov> کروٹ <oov> ہو گئے 
LOG (lattice-best-path[5.5.383~1-bd1d]:main():lattice-best-path.cc:99) For utterance c665, best cost 147.908 + 2254.39 = 2402.3 over 435 frames.
c665 فیض نے سال راوی سے سگریٹ چینی حاجب خیر پور 
LOG (lattice-best-path[5.5.383~1-bd1d]:main():lattice-best-path.cc:99) For utterance c666, best cost 136.855 + 2375.14 = 2511.99 over 438 frames.
c666 <oov> سے ہوئی <oov> پر آقا کتاب <oov> صبور گئے 
LOG (lattice-best-path[5.5.383~1-bd1d]:main():lattice-best-path.cc:99) For utterance c667, best cost 99.0199 + 2243.22 = 2342.24 over 395 frames.
c667 <oov> سے چٹرھ موسیقی کو مصنوعی ہے 
LOG (lattice-best-path[5.5.383~1-bd1d]:main():lattice-best-path.cc:99) For utterance c668, best cost 178.344 + 3293.09 = 3471.44 over 613 frames.
c668 ثانی چوری کے <oov> ہونے والے کا فیصلہ بیان اہلیت سے جعلی قلعہ 
LOG (lattice-best-path[5.5.383~1-bd1d]:main():lattice-best-path.cc:99) For utterance c669, best cost 114.722 + 2477.49 = 2592.22 over 458 frames.
c669 <oov> خزانے <oov> کیلئے رضا <oov> نہیں کِیا 
LOG (lattice-best-path[5.5.383~1-bd1d]:main():lattice-best-path.cc:99) For utterance c670, best cost 112.593 + 2130.73 = 2243.32 over 383 frames.
c670 روز ایک آخری <oov> سر <oov> قاتلوں 
LOG (lattice-best-path[5.5.383~1-bd1d]:main():lattice-best-path.cc:99) For utterance c671, best cost 196.311 + 3468.24 = 3664.55 over 624 frames.
c671 رشید سے پہلے سال کے بڑی آنے کا <oov> کے صفورہ <oov> دور <oov> جاؤ 
LOG (lattice-best-path[5.5.383~1-bd1d]:main():lattice-best-path.cc:99) For utterance c672, best cost 164.232 + 3092.52 = 3256.75 over 589 frames.
c672 کمیٹی چوک سلامت فرقان وال سربراہ اور صدر کا اطلاع ہے 
LOG (lattice-best-path[5.5.383~1-bd1d]:main():lattice-best-path.cc:99) For utterance c673, best cost 147.365 + 2144.23 = 2291.59 over 407 frames.
c673 لڑائی کے چار دن واقع ہوئی جوہی نسل کے بغیر <oov> ہے 
LOG (lattice-best-path[5.5.383~1-bd1d]:main():lattice-best-path.cc:99) For utterance c674, best cost 159.251 + 3187.61 = 3346.86 over 592 frames.
c674 نئے شعبے کھول میں بڑھتا پر چادر کرم والدین نے کی کوشش کی 
LOG (lattice-best-path[5.5.383~1-bd1d]:main():lattice-best-path.cc:99) For utterance c675, best cost 128.609 + 2222.08 = 2350.69 over 403 frames.
c675 حاجب پروری کرنے پر سوچ کرتا فنکار <oov> ہے 
LOG (lattice-best-path[5.5.383~1-bd1d]:main():lattice-best-path.cc:99) For utterance c676, best cost 169.242 + 2608.99 = 2778.23 over 480 frames.
c676 اپنی رہائش کسی کا نتیجہ کھوئے زوار نے انگور <oov> پر تھی 
LOG (lattice-best-path[5.5.383~1-bd1d]:main():lattice-best-path.cc:99) For utterance c677, best cost 200.322 + 3269.46 = 3469.78 over 605 frames.
c677 ایثار نے <oov> کی کوئی مگر بعد ضرور صبوحی <oov> کی ہیبت سے پہلے گیا 
LOG (lattice-best-path[5.5.383~1-bd1d]:main():lattice-best-path.cc:99) For utterance c678, best cost 246.455 + 3904.76 = 4151.22 over 737 frames.
c678 سند انسان کو علی فرائض اور والوں سے <oov> نے کے ہیرو <oov> لاکھ سے مشقیں شعر کریں 
LOG (lattice-best-path[5.5.383~1-bd1d]:main():lattice-best-path.cc:99) For utterance c679, best cost 116.909 + 1970.32 = 2087.23 over 365 frames.
c679 تھوڑی دور پر <oov> لگایا سحر تیزی سوچ لیں 
LOG (lattice-best-path[5.5.383~1-bd1d]:main():lattice-best-path.cc:99) For utterance c680, best cost 168.182 + 2600.42 = 2768.6 over 480 frames.
c680 چوری کے جوڑا پہن کے اوپر ترلائی اقارب راستے میں ہیرو آ جاتا ہے 
LOG (lattice-best-path[5.5.383~1-bd1d]:main():lattice-best-path.cc:99) For utterance c681, best cost 151.616 + 2744.39 = 2896.01 over 504 frames.
c681 کراچی <oov> کی ڈھارس ہوئی تو لوگوں پر بچی ہارن پر سوار 
LOG (lattice-best-path[5.5.383~1-bd1d]:main():lattice-best-path.cc:99) For utterance c682, best cost 173.308 + 2947.22 = 3120.52 over 554 frames.
c682 بھی اور <oov> پر ہی <oov> کرنا مچا کر <oov> اسکے <oov> کی 
LOG (lattice-best-path[5.5.383~1-bd1d]:main():lattice-best-path.cc:99) For utterance c683, best cost 119.099 + 2875.38 = 2994.48 over 524 frames.
c683 جس عمارت کی <oov> نے میری کے سے نکھر گی 
LOG (lattice-best-path[5.5.383~1-bd1d]:main():lattice-best-path.cc:99) For utterance c684, best cost 114.14 + 2173.16 = 2287.3 over 392 frames.
c684 نور پور ورزی کے کی اوٹ میں میلوں <oov> 
LOG (lattice-best-path[5.5.383~1-bd1d]:main():lattice-best-path.cc:99) For utterance c685, best cost 126.787 + 2080.45 = 2207.24 over 390 frames.
c685 جو فلاح دوستی بچے رخشی سے بہت سے لوگ دو 
LOG (lattice-best-path[5.5.383~1-bd1d]:main():lattice-best-path.cc:99) For utterance c686, best cost 155.467 + 2789.42 = 2944.88 over 516 frames.
c686 <oov> کے <oov> بھی اشعر سے بنیادی مسجد کشور شاہ پور روڈ 
LOG (lattice-best-path[5.5.383~1-bd1d]:main():lattice-best-path.cc:99) For utterance c687, best cost 174.699 + 3520.6 = 3695.3 over 644 frames.
c687 <oov> اسکے بات سلوک سکی کھولے کوٹھا بحران سے <oov> کرائی 
LOG (lattice-best-path[5.5.383~1-bd1d]:main():lattice-best-path.cc:99) For utterance c688, best cost 227.301 + 3852.92 = 4080.22 over 713 frames.
c688 اراکین کی چادر بچہ کر سچے <oov> گزار اور بے بسی کے میں نہا <oov> کے پر تباہ ہو 
LOG (lattice-best-path[5.5.383~1-bd1d]:main():lattice-best-path.cc:99) For utterance c689, best cost 144.171 + 3016.8 = 3160.97 over 541 frames.
c689 گجرات بجے سکینہ کے اچانک دو بنائیں اور <oov> ہے 
LOG (lattice-best-path[5.5.383~1-bd1d]:main():lattice-best-path.cc:99) For utterance c690, best cost 81.3055 + 1748.57 = 1829.88 over 315 frames.
c690 <oov> کشور <oov> نہیں جاتا 
LOG (lattice-best-path[5.5.383~1-bd1d]:main():lattice-best-path.cc:99) For utterance c691, best cost 187.163 + 3105.02 = 3292.18 over 591 frames.
c691 کسی کی بھی جاری کیلئے نجی کروایا اور ہنسی <oov> کرنے آنا میں توسیع 
LOG (lattice-best-path[5.5.383~1-bd1d]:main():lattice-best-path.cc:99) For utterance c692, best cost 164.73 + 2743.79 = 2908.52 over 523 frames.
c692 بتول نثار نے کہا کہ میں صبح سویرے کا کاری کے بھی آپ کے دلوں 
LOG (lattice-best-path[5.5.383~1-bd1d]:main():lattice-best-path.cc:99) For utterance c693, best cost 155.317 + 2330.49 = 2485.81 over 461 frames.
c693 میں نے ہفتے جسے کہا کہ وقار پر بھی نہ کرامت دو 
LOG (lattice-best-path[5.5.383~1-bd1d]:main():lattice-best-path.cc:99) For utterance c694, best cost 183.898 + 2851.34 = 3035.24 over 555 frames.
c694 علم کا جوڑا شیشہ پایہ ورثاء کو جسے <oov> صحیح چاق و چوبند بنائیں 
LOG (lattice-best-path[5.5.383~1-bd1d]:main():lattice-best-path.cc:99) For utterance c695, best cost 150.761 + 3054.39 = 3205.15 over 581 frames.
c695 چوری کی جانے <oov> جانے کو کرن <oov> کمپنی میں ہو جائیں 
LOG (lattice-best-path[5.5.383~1-bd1d]:main():lattice-best-path.cc:99) For utterance c696, best cost 188.056 + 3175.32 = 3363.37 over 611 frames.
c696 <oov> فاصلے کیا میں زیب کو مصنوعی منصوبوں کے بنانے کے لئے فراہم کِیا جائے گا 
LOG (lattice-best-path[5.5.383~1-bd1d]:main():lattice-best-path.cc:99) For utterance c697, best cost 122.488 + 2185.68 = 2308.17 over 415 frames.
c697 کلور کوٹ سے ستمبر ڈیزائن کرنے کا کام ہو گا 
LOG (lattice-best-path[5.5.383~1-bd1d]:main():lattice-best-path.cc:99) For utterance c698, best cost 119.82 + 2523.29 = 2643.11 over 477 frames.
c698 بارہ ہنزہ <oov> سے شفاف باعث کا جائزہ لے گا 
LOG (lattice-best-path[5.5.383~1-bd1d]:main():lattice-best-path.cc:99) For utterance c699, best cost 183.997 + 3548.5 = 3732.49 over 669 frames.
c699 آج کے فروغ <oov> کی <oov> میں برائے کیا دینی بےحرمتی کا مقصد <oov> 
LOG (lattice-scale[5.5.383~1-bd1d]:main():lattice-scale.cc:107) Done 71 lattices.
LOG (lattice-best-path[5.5.383~1-bd1d]:main():lattice-best-path.cc:99) For utterance c700, best cost 140.199 + 3401.09 = 3541.29 over 621 frames.
c700 <oov> کی تقریر میں تحفظ کی <oov> کرو خوبصورت ہو 
LOG (lattice-best-path[5.5.383~1-bd1d]:main():lattice-best-path.cc:99) For utterance c701, best cost 232.285 + 3755.72 = 3988 over 722 frames.
c701 مضمون بنوانے دونوں کو ضلع کی تم اپنا کی سے کے علاوہ کر موضوع <oov> کو سمجھایا 
LOG (lattice-best-path[5.5.383~1-bd1d]:main():lattice-best-path.cc:99) For utterance c702, best cost 143.482 + 2421.16 = 2564.64 over 467 frames.
c702 غفار <oov> توبہ کی اوٹ میں کرے کو شاہانہ دربار <oov> 
LOG (lattice-best-path[5.5.383~1-bd1d]:main():lattice-best-path.cc:99) For utterance c703, best cost 134.265 + 2471.69 = 2605.95 over 478 frames.
c703 علاقائی سے تاریخی <oov> کے کپڑوں کاروبار ظاہر ہوتا ہے 
LOG (lattice-add-penalty[5.5.383~1-bd1d]:main():lattice-add-penalty.cc:62) Done adding word insertion penalty to 71 lattices.
LOG (lattice-best-path[5.5.383~1-bd1d]:main():lattice-best-path.cc:99) For utterance c704, best cost 154.609 + 2968.57 = 3123.18 over 564 frames.
c704 چوتھائی <oov> سیشن متنازعہ <oov> کنزہ باقی <oov> سے ہے 
LOG (lattice-best-path[5.5.383~1-bd1d]:main():lattice-best-path.cc:99) For utterance c705, best cost 143.652 + 2830.83 = 2974.48 over 535 frames.
c705 <oov> <oov> ایجاد پر لاگت آٹھ تین سو سے بڑھ گئی 
LOG (lattice-best-path[5.5.383~1-bd1d]:main():lattice-best-path.cc:99) For utterance c706, best cost 124.359 + 2650.81 = 2775.17 over 492 frames.
c706 گجر خان کی غزر کی آنکھیں <oov> تو <oov> 
LOG (lattice-best-path[5.5.383~1-bd1d]:main():lattice-best-path.cc:99) For utterance c707, best cost 120.353 + 1903.43 = 2023.78 over 355 frames.
c707 ماضی کو بلا حتم آگے بڑھتی ہوئی <oov> پڑے 
LOG (lattice-best-path[5.5.383~1-bd1d]:main():lattice-best-path.cc:99) For utterance c708, best cost 190.396 + 2826.52 = 3016.92 over 527 frames.
c708 جنگل میں سے پہلے بروئے نے مجھے کچھ <oov> سی بات بھی کا اور مشق سمجھتا ہے 
LOG (lattice-best-path[5.5.383~1-bd1d]:main():lattice-best-path.cc:124) Overall cost per frame is 5.65186 = 0.286262 [graph] + 5.3656 [acoustic] over 37498 frames.
LOG (lattice-best-path[5.5.383~1-bd1d]:main():lattice-best-path.cc:128) Done 71 lattices, failed for 0
# Accounting: time=1 threads=1
# Ended (code 0) at Tue Jun 18 17:07:27 IST 2019, elapsed time 1 seconds
