# gmm-latgen-faster --max-active=7000 --beam=13.0 --lattice-beam=6.0 --acoustic-scale=0.083333 --determinize-lattice=false --allow-partial=true --word-symbol-table=exp/tri3/graph/words.txt exp/tri3/final.mdl exp/tri3/graph/HCLG.fst "ark,s,cs:apply-cmvn  --utt2spk=ark:data/test/split8/5/utt2spk scp:data/test/split8/5/cmvn.scp scp:data/test/split8/5/feats.scp ark:- | splice-feats  ark:- ark:- | transform-feats exp/tri3/final.mat ark:- ark:- | transform-feats --utt2spk=ark:data/test/split8/5/utt2spk ark:exp/tri3/decode/pre_trans.5 ark:- ark:- |" "ark:|gzip -c > exp/tri3/decode/lat.tmp.5.gz" 
# Started at Tue Jun 18 17:12:46 IST 2019
#
gmm-latgen-faster --max-active=7000 --beam=13.0 --lattice-beam=6.0 --acoustic-scale=0.083333 --determinize-lattice=false --allow-partial=true --word-symbol-table=exp/tri3/graph/words.txt exp/tri3/final.mdl exp/tri3/graph/HCLG.fst 'ark,s,cs:apply-cmvn  --utt2spk=ark:data/test/split8/5/utt2spk scp:data/test/split8/5/cmvn.scp scp:data/test/split8/5/feats.scp ark:- | splice-feats  ark:- ark:- | transform-feats exp/tri3/final.mat ark:- ark:- | transform-feats --utt2spk=ark:data/test/split8/5/utt2spk ark:exp/tri3/decode/pre_trans.5 ark:- ark:- |' 'ark:|gzip -c > exp/tri3/decode/lat.tmp.5.gz' 
splice-feats ark:- ark:- 
transform-feats --utt2spk=ark:data/test/split8/5/utt2spk ark:exp/tri3/decode/pre_trans.5 ark:- ark:- 
transform-feats exp/tri3/final.mat ark:- ark:- 
apply-cmvn --utt2spk=ark:data/test/split8/5/utt2spk scp:data/test/split8/5/cmvn.scp scp:data/test/split8/5/feats.scp ark:- 
c674 <oov> <oov> میں بڑھ کا <oov> <oov> <oov> کی کوشش کی 
LOG (gmm-latgen-faster[5.5.383~1-bd1d]:DecodeUtteranceLatticeFaster():decoder-wrappers.cc:289) Log-like per frame for utterance c674 is -4.67605 over 592 frames.
c675 <oov> <oov> <oov> <oov> کا <oov> 
LOG (gmm-latgen-faster[5.5.383~1-bd1d]:DecodeUtteranceLatticeFaster():decoder-wrappers.cc:289) Log-like per frame for utterance c675 is -4.90332 over 403 frames.
c676 اپنی رہائش کی <oov> نتیجہ <oov> نے <oov> <oov> پر <oov> 
LOG (gmm-latgen-faster[5.5.383~1-bd1d]:DecodeUtteranceLatticeFaster():decoder-wrappers.cc:289) Log-like per frame for utterance c676 is -4.93519 over 480 frames.
LOG (apply-cmvn[5.5.383~1-bd1d]:main():apply-cmvn.cc:162) Applied cepstral mean normalization to 9 utterances, errors on 0
c677 <oov> <oov> کی <oov> <oov> صبوحی <oov> کی ہیبت سے <oov> گیا 
LOG (gmm-latgen-faster[5.5.383~1-bd1d]:DecodeUtteranceLatticeFaster():decoder-wrappers.cc:289) Log-like per frame for utterance c677 is -4.7615 over 605 frames.
c678 سے <oov> <oov> کو <oov> کے <oov> <oov> سے <oov> <oov> کریں 
LOG (gmm-latgen-faster[5.5.383~1-bd1d]:DecodeUtteranceLatticeFaster():decoder-wrappers.cc:289) Log-like per frame for utterance c678 is -4.53548 over 737 frames.
c679 تھوڑی اور <oov> پر <oov> لگایا <oov> 
LOG (gmm-latgen-faster[5.5.383~1-bd1d]:DecodeUtteranceLatticeFaster():decoder-wrappers.cc:289) Log-like per frame for utterance c679 is -4.83639 over 365 frames.
c680 <oov> کا جوڑا <oov> <oov> <oov> آ جاتا ہے 
LOG (gmm-latgen-faster[5.5.383~1-bd1d]:DecodeUtteranceLatticeFaster():decoder-wrappers.cc:289) Log-like per frame for utterance c680 is -4.80573 over 480 frames.
LOG (transform-feats[5.5.383~1-bd1d]:main():transform-feats.cc:158) Overall average [pseudo-]logdet is -86.2559 over 4720 frames.
LOG (transform-feats[5.5.383~1-bd1d]:main():transform-feats.cc:161) Applied transform to 9 utterances; 0 had errors.
c681 <oov> کی <oov> <oov> 
LOG (gmm-latgen-faster[5.5.383~1-bd1d]:DecodeUtteranceLatticeFaster():decoder-wrappers.cc:289) Log-like per frame for utterance c681 is -4.79364 over 504 frames.
LOG (transform-feats[5.5.383~1-bd1d]:main():transform-feats.cc:158) Overall average logdet is 0 over 4720 frames.
LOG (transform-feats[5.5.383~1-bd1d]:main():transform-feats.cc:161) Applied transform to 9 utterances; 0 had errors.
c682 <oov> اور <oov> <oov> کر <oov> کے <oov> کیے 
LOG (gmm-latgen-faster[5.5.383~1-bd1d]:DecodeUtteranceLatticeFaster():decoder-wrappers.cc:289) Log-like per frame for utterance c682 is -4.66223 over 554 frames.
LOG (gmm-latgen-faster[5.5.383~1-bd1d]:main():gmm-latgen-faster.cc:176) Time taken 3.49191s: real-time factor assuming 100 frames/sec is 0.0739812
LOG (gmm-latgen-faster[5.5.383~1-bd1d]:main():gmm-latgen-faster.cc:179) Done 9 utterances, failed for 0
LOG (gmm-latgen-faster[5.5.383~1-bd1d]:main():gmm-latgen-faster.cc:181) Overall log-likelihood per frame is -4.74733 over 4720 frames.
# Accounting: time=3 threads=1
# Ended (code 0) at Tue Jun 18 17:12:49 IST 2019, elapsed time 3 seconds
