# lattice-determinize-pruned --acoustic-scale=0.083333 --beam=4.0 "ark:gunzip -c exp/tri3/decode/lat.tmp.2.gz|" ark:- | lattice-to-post --acoustic-scale=0.083333 ark:- ark:- | weight-silence-post 0.01 1:2:3:4:5:6:7:8:9:10 exp/tri3/final.mdl ark:- ark:- | gmm-est-fmllr --fmllr-update-type=full --spk2utt=ark:data/test/split8/2/spk2utt exp/tri3/final.mdl "ark,s,cs:apply-cmvn  --utt2spk=ark:data/test/split8/2/utt2spk scp:data/test/split8/2/cmvn.scp scp:data/test/split8/2/feats.scp ark:- | splice-feats  ark:- ark:- | transform-feats exp/tri3/final.mat ark:- ark:- | transform-feats --utt2spk=ark:data/test/split8/2/utt2spk ark:exp/tri3/decode/pre_trans.2 ark:- ark:- |" ark,s,cs:- ark:exp/tri3/decode/trans_tmp.2 && compose-transforms --b-is-affine=true ark:exp/tri3/decode/trans_tmp.2 ark:exp/tri3/decode/pre_trans.2 ark:exp/tri3/decode/trans.2 
# Started at Tue Jun 18 17:12:50 IST 2019
#
weight-silence-post 0.01 1:2:3:4:5:6:7:8:9:10 exp/tri3/final.mdl ark:- ark:- 
gmm-est-fmllr --fmllr-update-type=full --spk2utt=ark:data/test/split8/2/spk2utt exp/tri3/final.mdl 'ark,s,cs:apply-cmvn  --utt2spk=ark:data/test/split8/2/utt2spk scp:data/test/split8/2/cmvn.scp scp:data/test/split8/2/feats.scp ark:- | splice-feats  ark:- ark:- | transform-feats exp/tri3/final.mat ark:- ark:- | transform-feats --utt2spk=ark:data/test/split8/2/utt2spk ark:exp/tri3/decode/pre_trans.2 ark:- ark:- |' ark,s,cs:- ark:exp/tri3/decode/trans_tmp.2 
lattice-determinize-pruned --acoustic-scale=0.083333 --beam=4.0 'ark:gunzip -c exp/tri3/decode/lat.tmp.2.gz|' ark:- 
lattice-to-post --acoustic-scale=0.083333 ark:- ark:- 
transform-feats --utt2spk=ark:data/test/split8/2/utt2spk ark:exp/tri3/decode/pre_trans.2 ark:- ark:- 
apply-cmvn --utt2spk=ark:data/test/split8/2/utt2spk scp:data/test/split8/2/cmvn.scp scp:data/test/split8/2/feats.scp ark:- 
transform-feats exp/tri3/final.mat ark:- ark:- 
splice-feats ark:- ark:- 
WARNING (gmm-est-fmllr[5.5.383~1-bd1d]:Update():fmllr-diag-gmm.cc:162) Not updating fMLLR since below min-count: count is 51.4128
LOG (gmm-est-fmllr[5.5.383~1-bd1d]:main():gmm-est-fmllr.cc:143) For speaker c647, auxf-impr from fMLLR is 0, over 51.4128 frames.
WARNING (gmm-est-fmllr[5.5.383~1-bd1d]:Update():fmllr-diag-gmm.cc:162) Not updating fMLLR since below min-count: count is 98.7743
LOG (gmm-est-fmllr[5.5.383~1-bd1d]:main():gmm-est-fmllr.cc:143) For speaker c648, auxf-impr from fMLLR is 0, over 98.7743 frames.
WARNING (gmm-est-fmllr[5.5.383~1-bd1d]:Update():fmllr-diag-gmm.cc:162) Not updating fMLLR since below min-count: count is 95.5739
LOG (gmm-est-fmllr[5.5.383~1-bd1d]:main():gmm-est-fmllr.cc:143) For speaker c649, auxf-impr from fMLLR is 0, over 95.5739 frames.
LOG (apply-cmvn[5.5.383~1-bd1d]:main():apply-cmvn.cc:162) Applied cepstral mean normalization to 9 utterances, errors on 0
WARNING (gmm-est-fmllr[5.5.383~1-bd1d]:Update():fmllr-diag-gmm.cc:162) Not updating fMLLR since below min-count: count is 75.7179
LOG (gmm-est-fmllr[5.5.383~1-bd1d]:main():gmm-est-fmllr.cc:143) For speaker c650, auxf-impr from fMLLR is 0, over 75.7179 frames.
WARNING (gmm-est-fmllr[5.5.383~1-bd1d]:Update():fmllr-diag-gmm.cc:162) Not updating fMLLR since below min-count: count is 119.013
LOG (gmm-est-fmllr[5.5.383~1-bd1d]:main():gmm-est-fmllr.cc:143) For speaker c651, auxf-impr from fMLLR is 0, over 119.013 frames.
WARNING (gmm-est-fmllr[5.5.383~1-bd1d]:Update():fmllr-diag-gmm.cc:162) Not updating fMLLR since below min-count: count is 73.2692
LOG (gmm-est-fmllr[5.5.383~1-bd1d]:main():gmm-est-fmllr.cc:143) For speaker c652, auxf-impr from fMLLR is 0, over 73.2692 frames.
WARNING (gmm-est-fmllr[5.5.383~1-bd1d]:Update():fmllr-diag-gmm.cc:162) Not updating fMLLR since below min-count: count is 34.1169
LOG (gmm-est-fmllr[5.5.383~1-bd1d]:main():gmm-est-fmllr.cc:143) For speaker c653, auxf-impr from fMLLR is 0, over 34.1169 frames.
LOG (transform-feats[5.5.383~1-bd1d]:main():transform-feats.cc:158) Overall average [pseudo-]logdet is -86.2559 over 4880 frames.
LOG (transform-feats[5.5.383~1-bd1d]:main():transform-feats.cc:161) Applied transform to 9 utterances; 0 had errors.
WARNING (gmm-est-fmllr[5.5.383~1-bd1d]:Update():fmllr-diag-gmm.cc:162) Not updating fMLLR since below min-count: count is 27.4774
LOG (gmm-est-fmllr[5.5.383~1-bd1d]:main():gmm-est-fmllr.cc:143) For speaker c654, auxf-impr from fMLLR is 0, over 27.4774 frames.
LOG (transform-feats[5.5.383~1-bd1d]:main():transform-feats.cc:158) Overall average logdet is 0 over 4880 frames.
LOG (transform-feats[5.5.383~1-bd1d]:main():transform-feats.cc:161) Applied transform to 9 utterances; 0 had errors.
LOG (lattice-determinize-pruned[5.5.383~1-bd1d]:main():lattice-determinize-pruned.cc:159) Average input-lattice depth (measured at at state level) is 8.79447, output depth is 4.91209, over 4880 frames  (average num-frames = 542.222).
LOG (lattice-determinize-pruned[5.5.383~1-bd1d]:main():lattice-determinize-pruned.cc:164) Done 9 lattices, determinization finished earlier than specified by the beam (or output was empty) on 0 of these.
LOG (lattice-to-post[5.5.383~1-bd1d]:main():lattice-to-post.cc:106) Overall average log-like/frame is -4.68463 over 4880 frames.  Average acoustic like/frame is -4.50668
LOG (lattice-to-post[5.5.383~1-bd1d]:main():lattice-to-post.cc:110) Done 9 lattices.
LOG (weight-silence-post[5.5.383~1-bd1d]:main():weight-silence-post.cc:95) Done 9 posteriors.
WARNING (gmm-est-fmllr[5.5.383~1-bd1d]:Update():fmllr-diag-gmm.cc:162) Not updating fMLLR since below min-count: count is 30.6947
LOG (gmm-est-fmllr[5.5.383~1-bd1d]:main():gmm-est-fmllr.cc:143) For speaker c655, auxf-impr from fMLLR is 0, over 30.6947 frames.
LOG (gmm-est-fmllr[5.5.383~1-bd1d]:main():gmm-est-fmllr.cc:188) Done 9 files, 0 with no posts, 0 with other errors.
LOG (gmm-est-fmllr[5.5.383~1-bd1d]:main():gmm-est-fmllr.cc:190) Overall fMLLR auxf impr per frame is 0 over 606.05 frames.
compose-transforms --b-is-affine=true ark:exp/tri3/decode/trans_tmp.2 ark:exp/tri3/decode/pre_trans.2 ark:exp/tri3/decode/trans.2 
# Accounting: time=1 threads=1
# Ended (code 0) at Tue Jun 18 17:12:51 IST 2019, elapsed time 1 seconds
