# lattice-determinize-pruned --acoustic-scale=0.083333 --beam=4.0 "ark:gunzip -c exp/tri3/decode/lat.tmp.6.gz|" ark:- | lattice-to-post --acoustic-scale=0.083333 ark:- ark:- | weight-silence-post 0.01 1:2:3:4:5:6:7:8:9:10 exp/tri3/final.mdl ark:- ark:- | gmm-est-fmllr --fmllr-update-type=full --spk2utt=ark:data/test/split8/6/spk2utt exp/tri3/final.mdl "ark,s,cs:apply-cmvn  --utt2spk=ark:data/test/split8/6/utt2spk scp:data/test/split8/6/cmvn.scp scp:data/test/split8/6/feats.scp ark:- | splice-feats  ark:- ark:- | transform-feats exp/tri3/final.mat ark:- ark:- | transform-feats --utt2spk=ark:data/test/split8/6/utt2spk ark:exp/tri3/decode/pre_trans.6 ark:- ark:- |" ark,s,cs:- ark:exp/tri3/decode/trans_tmp.6 && compose-transforms --b-is-affine=true ark:exp/tri3/decode/trans_tmp.6 ark:exp/tri3/decode/pre_trans.6 ark:exp/tri3/decode/trans.6 
# Started at Tue Jun 18 17:12:50 IST 2019
#
weight-silence-post 0.01 1:2:3:4:5:6:7:8:9:10 exp/tri3/final.mdl ark:- ark:- 
gmm-est-fmllr --fmllr-update-type=full --spk2utt=ark:data/test/split8/6/spk2utt exp/tri3/final.mdl 'ark,s,cs:apply-cmvn  --utt2spk=ark:data/test/split8/6/utt2spk scp:data/test/split8/6/cmvn.scp scp:data/test/split8/6/feats.scp ark:- | splice-feats  ark:- ark:- | transform-feats exp/tri3/final.mat ark:- ark:- | transform-feats --utt2spk=ark:data/test/split8/6/utt2spk ark:exp/tri3/decode/pre_trans.6 ark:- ark:- |' ark,s,cs:- ark:exp/tri3/decode/trans_tmp.6 
lattice-determinize-pruned --acoustic-scale=0.083333 --beam=4.0 'ark:gunzip -c exp/tri3/decode/lat.tmp.6.gz|' ark:- 
lattice-to-post --acoustic-scale=0.083333 ark:- ark:- 
transform-feats exp/tri3/final.mat ark:- ark:- 
apply-cmvn --utt2spk=ark:data/test/split8/6/utt2spk scp:data/test/split8/6/cmvn.scp scp:data/test/split8/6/feats.scp ark:- 
transform-feats --utt2spk=ark:data/test/split8/6/utt2spk ark:exp/tri3/decode/pre_trans.6 ark:- ark:- 
splice-feats ark:- ark:- 
WARNING (gmm-est-fmllr[5.5.383~1-bd1d]:Update():fmllr-diag-gmm.cc:162) Not updating fMLLR since below min-count: count is 31.5596
LOG (gmm-est-fmllr[5.5.383~1-bd1d]:main():gmm-est-fmllr.cc:143) For speaker c683, auxf-impr from fMLLR is 0, over 31.5596 frames.
WARNING (gmm-est-fmllr[5.5.383~1-bd1d]:Update():fmllr-diag-gmm.cc:162) Not updating fMLLR since below min-count: count is 4.48335
LOG (gmm-est-fmllr[5.5.383~1-bd1d]:main():gmm-est-fmllr.cc:143) For speaker c684, auxf-impr from fMLLR is 0, over 4.48335 frames.
WARNING (gmm-est-fmllr[5.5.383~1-bd1d]:Update():fmllr-diag-gmm.cc:162) Not updating fMLLR since below min-count: count is 6.78945
LOG (gmm-est-fmllr[5.5.383~1-bd1d]:main():gmm-est-fmllr.cc:143) For speaker c685, auxf-impr from fMLLR is 0, over 6.78945 frames.
LOG (apply-cmvn[5.5.383~1-bd1d]:main():apply-cmvn.cc:162) Applied cepstral mean normalization to 9 utterances, errors on 0
WARNING (gmm-est-fmllr[5.5.383~1-bd1d]:Update():fmllr-diag-gmm.cc:162) Not updating fMLLR since below min-count: count is 29.91
LOG (gmm-est-fmllr[5.5.383~1-bd1d]:main():gmm-est-fmllr.cc:143) For speaker c686, auxf-impr from fMLLR is 0, over 29.91 frames.
WARNING (gmm-est-fmllr[5.5.383~1-bd1d]:Update():fmllr-diag-gmm.cc:162) Not updating fMLLR since below min-count: count is 78.4966
LOG (gmm-est-fmllr[5.5.383~1-bd1d]:main():gmm-est-fmllr.cc:143) For speaker c687, auxf-impr from fMLLR is 0, over 78.4966 frames.
WARNING (gmm-est-fmllr[5.5.383~1-bd1d]:Update():fmllr-diag-gmm.cc:162) Not updating fMLLR since below min-count: count is 117.791
LOG (gmm-est-fmllr[5.5.383~1-bd1d]:main():gmm-est-fmllr.cc:143) For speaker c688, auxf-impr from fMLLR is 0, over 117.791 frames.
LOG (transform-feats[5.5.383~1-bd1d]:main():transform-feats.cc:158) Overall average [pseudo-]logdet is -86.2559 over 4626 frames.
LOG (transform-feats[5.5.383~1-bd1d]:main():transform-feats.cc:161) Applied transform to 9 utterances; 0 had errors.
WARNING (gmm-est-fmllr[5.5.383~1-bd1d]:Update():fmllr-diag-gmm.cc:162) Not updating fMLLR since below min-count: count is 103.129
LOG (gmm-est-fmllr[5.5.383~1-bd1d]:main():gmm-est-fmllr.cc:143) For speaker c689, auxf-impr from fMLLR is 0, over 103.129 frames.
WARNING (gmm-est-fmllr[5.5.383~1-bd1d]:Update():fmllr-diag-gmm.cc:162) Not updating fMLLR since below min-count: count is 65.3619
LOG (gmm-est-fmllr[5.5.383~1-bd1d]:main():gmm-est-fmllr.cc:143) For speaker c690, auxf-impr from fMLLR is 0, over 65.3619 frames.
LOG (transform-feats[5.5.383~1-bd1d]:main():transform-feats.cc:158) Overall average logdet is 0 over 4626 frames.
LOG (transform-feats[5.5.383~1-bd1d]:main():transform-feats.cc:161) Applied transform to 9 utterances; 0 had errors.
LOG (lattice-determinize-pruned[5.5.383~1-bd1d]:main():lattice-determinize-pruned.cc:159) Average input-lattice depth (measured at at state level) is 9.46779, output depth is 6.2233, over 4626 frames  (average num-frames = 514).
LOG (lattice-determinize-pruned[5.5.383~1-bd1d]:main():lattice-determinize-pruned.cc:164) Done 9 lattices, determinization finished earlier than specified by the beam (or output was empty) on 0 of these.
LOG (lattice-to-post[5.5.383~1-bd1d]:main():lattice-to-post.cc:106) Overall average log-like/frame is -4.82341 over 4626 frames.  Average acoustic like/frame is -4.64464
LOG (lattice-to-post[5.5.383~1-bd1d]:main():lattice-to-post.cc:110) Done 9 lattices.
LOG (weight-silence-post[5.5.383~1-bd1d]:main():weight-silence-post.cc:95) Done 9 posteriors.
WARNING (gmm-est-fmllr[5.5.383~1-bd1d]:Update():fmllr-diag-gmm.cc:162) Not updating fMLLR since below min-count: count is 154.282
LOG (gmm-est-fmllr[5.5.383~1-bd1d]:main():gmm-est-fmllr.cc:143) For speaker c691, auxf-impr from fMLLR is 0, over 154.282 frames.
LOG (gmm-est-fmllr[5.5.383~1-bd1d]:main():gmm-est-fmllr.cc:188) Done 9 files, 0 with no posts, 0 with other errors.
LOG (gmm-est-fmllr[5.5.383~1-bd1d]:main():gmm-est-fmllr.cc:190) Overall fMLLR auxf impr per frame is 0 over 591.803 frames.
compose-transforms --b-is-affine=true ark:exp/tri3/decode/trans_tmp.6 ark:exp/tri3/decode/pre_trans.6 ark:exp/tri3/decode/trans.6 
# Accounting: time=1 threads=1
# Ended (code 0) at Tue Jun 18 17:12:51 IST 2019, elapsed time 1 seconds
