# gunzip -c exp/tri3/decode.si/lat.7.gz | lattice-to-post --acoustic-scale=0.083333 ark:- ark:- | weight-silence-post 0.01 1:2:3:4:5:6:7:8:9:10 exp/tri3/final.alimdl ark:- ark:- | gmm-post-to-gpost exp/tri3/final.alimdl "ark,s,cs:apply-cmvn  --utt2spk=ark:data/test/split8/7/utt2spk scp:data/test/split8/7/cmvn.scp scp:data/test/split8/7/feats.scp ark:- | splice-feats  ark:- ark:- | transform-feats exp/tri3/final.mat ark:- ark:- |" ark:- ark:- | gmm-est-fmllr-gpost --fmllr-update-type=full --spk2utt=ark:data/test/split8/7/spk2utt exp/tri3/final.mdl "ark,s,cs:apply-cmvn  --utt2spk=ark:data/test/split8/7/utt2spk scp:data/test/split8/7/cmvn.scp scp:data/test/split8/7/feats.scp ark:- | splice-feats  ark:- ark:- | transform-feats exp/tri3/final.mat ark:- ark:- |" ark,s,cs:- ark:exp/tri3/decode/pre_trans.7 
# Started at Tue Jun 18 17:12:41 IST 2019
#
weight-silence-post 0.01 1:2:3:4:5:6:7:8:9:10 exp/tri3/final.alimdl ark:- ark:- 
lattice-to-post --acoustic-scale=0.083333 ark:- ark:- 
gmm-est-fmllr-gpost --fmllr-update-type=full --spk2utt=ark:data/test/split8/7/spk2utt exp/tri3/final.mdl 'ark,s,cs:apply-cmvn  --utt2spk=ark:data/test/split8/7/utt2spk scp:data/test/split8/7/cmvn.scp scp:data/test/split8/7/feats.scp ark:- | splice-feats  ark:- ark:- | transform-feats exp/tri3/final.mat ark:- ark:- |' ark,s,cs:- ark:exp/tri3/decode/pre_trans.7 
gmm-post-to-gpost exp/tri3/final.alimdl 'ark,s,cs:apply-cmvn  --utt2spk=ark:data/test/split8/7/utt2spk scp:data/test/split8/7/cmvn.scp scp:data/test/split8/7/feats.scp ark:- | splice-feats  ark:- ark:- | transform-feats exp/tri3/final.mat ark:- ark:- |' ark:- ark:- 
LOG (lattice-to-post[5.5.383~1-bd1d]:main():lattice-to-post.cc:106) Overall average log-like/frame is -4.54038 over 4913 frames.  Average acoustic like/frame is -4.3307
LOG (lattice-to-post[5.5.383~1-bd1d]:main():lattice-to-post.cc:110) Done 9 lattices.
splice-feats ark:- ark:- 
transform-feats exp/tri3/final.mat ark:- ark:- 
apply-cmvn --utt2spk=ark:data/test/split8/7/utt2spk scp:data/test/split8/7/cmvn.scp scp:data/test/split8/7/feats.scp ark:- 
splice-feats ark:- ark:- 
transform-feats exp/tri3/final.mat ark:- ark:- 
apply-cmvn --utt2spk=ark:data/test/split8/7/utt2spk scp:data/test/split8/7/cmvn.scp scp:data/test/split8/7/feats.scp ark:- 
WARNING (gmm-est-fmllr-gpost[5.5.383~1-bd1d]:Update():fmllr-diag-gmm.cc:162) Not updating fMLLR since below min-count: count is 182.615
LOG (gmm-est-fmllr-gpost[5.5.383~1-bd1d]:main():gmm-est-fmllr-gpost.cc:141) For speaker c692, auxf-impr from fMLLR is 0, over 182.615 frames.

WARNING (gmm-est-fmllr-gpost[5.5.383~1-bd1d]:Update():fmllr-diag-gmm.cc:162) Not updating fMLLR since below min-count: count is 124.149
LOG (gmm-est-fmllr-gpost[5.5.383~1-bd1d]:main():gmm-est-fmllr-gpost.cc:141) For speaker c693, auxf-impr from fMLLR is 0, over 124.149 frames.

LOG (weight-silence-post[5.5.383~1-bd1d]:main():weight-silence-post.cc:95) Done 9 posteriors.
WARNING (gmm-est-fmllr-gpost[5.5.383~1-bd1d]:Update():fmllr-diag-gmm.cc:162) Not updating fMLLR since below min-count: count is 74.138
LOG (gmm-est-fmllr-gpost[5.5.383~1-bd1d]:main():gmm-est-fmllr-gpost.cc:141) For speaker c694, auxf-impr from fMLLR is 0, over 74.138 frames.

LOG (apply-cmvn[5.5.383~1-bd1d]:main():apply-cmvn.cc:162) Applied cepstral mean normalization to 9 utterances, errors on 0
WARNING (gmm-est-fmllr-gpost[5.5.383~1-bd1d]:Update():fmllr-diag-gmm.cc:162) Not updating fMLLR since below min-count: count is 62.0997
LOG (gmm-est-fmllr-gpost[5.5.383~1-bd1d]:main():gmm-est-fmllr-gpost.cc:141) For speaker c695, auxf-impr from fMLLR is 0, over 62.0997 frames.

LOG (apply-cmvn[5.5.383~1-bd1d]:main():apply-cmvn.cc:162) Applied cepstral mean normalization to 9 utterances, errors on 0
WARNING (gmm-est-fmllr-gpost[5.5.383~1-bd1d]:Update():fmllr-diag-gmm.cc:162) Not updating fMLLR since below min-count: count is 289.375
LOG (gmm-est-fmllr-gpost[5.5.383~1-bd1d]:main():gmm-est-fmllr-gpost.cc:141) For speaker c696, auxf-impr from fMLLR is 0, over 289.375 frames.

WARNING (gmm-est-fmllr-gpost[5.5.383~1-bd1d]:Update():fmllr-diag-gmm.cc:162) Not updating fMLLR since below min-count: count is 125.92
LOG (gmm-est-fmllr-gpost[5.5.383~1-bd1d]:main():gmm-est-fmllr-gpost.cc:141) For speaker c697, auxf-impr from fMLLR is 0, over 125.92 frames.

WARNING (gmm-est-fmllr-gpost[5.5.383~1-bd1d]:Update():fmllr-diag-gmm.cc:162) Not updating fMLLR since below min-count: count is 118.956
LOG (gmm-est-fmllr-gpost[5.5.383~1-bd1d]:main():gmm-est-fmllr-gpost.cc:141) For speaker c698, auxf-impr from fMLLR is 0, over 118.956 frames.

LOG (transform-feats[5.5.383~1-bd1d]:main():transform-feats.cc:158) Overall average [pseudo-]logdet is -86.2559 over 4913 frames.
LOG (transform-feats[5.5.383~1-bd1d]:main():transform-feats.cc:161) Applied transform to 9 utterances; 0 had errors.
WARNING (gmm-est-fmllr-gpost[5.5.383~1-bd1d]:Update():fmllr-diag-gmm.cc:162) Not updating fMLLR since below min-count: count is 153.062
LOG (gmm-est-fmllr-gpost[5.5.383~1-bd1d]:main():gmm-est-fmllr-gpost.cc:141) For speaker c699, auxf-impr from fMLLR is 0, over 153.062 frames.

LOG (transform-feats[5.5.383~1-bd1d]:main():transform-feats.cc:158) Overall average [pseudo-]logdet is -86.2559 over 4913 frames.
LOG (transform-feats[5.5.383~1-bd1d]:main():transform-feats.cc:161) Applied transform to 9 utterances; 0 had errors.
LOG (gmm-post-to-gpost[5.5.383~1-bd1d]:main():gmm-post-to-gpost.cc:124) Done 9 files, 0 with no posteriors, 0 with other errors.
LOG (gmm-post-to-gpost[5.5.383~1-bd1d]:main():gmm-post-to-gpost.cc:128) Overall avg like per frame (Gaussian only) = -49.0657 over 1176.02 frames.
LOG (gmm-post-to-gpost[5.5.383~1-bd1d]:main():gmm-post-to-gpost.cc:131) Done converting post to gpost
WARNING (gmm-est-fmllr-gpost[5.5.383~1-bd1d]:Update():fmllr-diag-gmm.cc:162) Not updating fMLLR since below min-count: count is 45.7063
LOG (gmm-est-fmllr-gpost[5.5.383~1-bd1d]:main():gmm-est-fmllr-gpost.cc:141) For speaker c700, auxf-impr from fMLLR is 0, over 45.7063 frames.

LOG (gmm-est-fmllr-gpost[5.5.383~1-bd1d]:main():gmm-est-fmllr-gpost.cc:186) Done 9 files, 0 with no gposts, 0 with other errors.
LOG (gmm-est-fmllr-gpost[5.5.383~1-bd1d]:main():gmm-est-fmllr-gpost.cc:188) Overall fMLLR auxf impr per frame is 0 over 1176.02 frames.
# Accounting: time=1 threads=1
# Ended (code 0) at Tue Jun 18 17:12:42 IST 2019, elapsed time 1 seconds
