# gunzip -c exp/tri1/decode/depth_stats_tmp.*.gz | steps/diagnostic/analyze_lattice_depth_stats.py exp/tri1/graph 
# Started at Tue Jun 18 17:08:57 IST 2019
#
The total amount of data analyzed assuming 100 frames per second is 0.1 hours
Overall, lattice depth (10,50,90-percentile)=(1,7,20) and mean=9.0
Phone oov_S accounts for 64.6% of frames, with lattice depth (10,50,90-percentile)=(2,8,22) and mean=10.3
Phone SIL accounts for 18.6% of frames, with lattice depth (10,50,90-percentile)=(1,2,13) and mean=4.9
Nonsilence phones as a group account for 16.9% of frames, with lattice depth (10,50,90-percentile)=(2,6,18) and mean=8.5
Phone K_B accounts for 2.0% of frames, with lattice depth (10,50,90-percentile)=(2,9,21) and mean=10.3
Phone A_Y_E accounts for 1.5% of frames, with lattice depth (10,50,90-percentile)=(1,8,19) and mean=9.0
Phone II_E accounts for 1.0% of frames, with lattice depth (10,50,90-percentile)=(1,5,17) and mean=7.5
Phone A_A_E accounts for 0.8% of frames, with lattice depth (10,50,90-percentile)=(1,5,9) and mean=5.4
Phone A_A_I accounts for 0.8% of frames, with lattice depth (10,50,90-percentile)=(1,6,15) and mean=7.4
Phone R_E accounts for 0.7% of frames, with lattice depth (10,50,90-percentile)=(2,7,15) and mean=8.2
Phone S_B accounts for 0.7% of frames, with lattice depth (10,50,90-percentile)=(3,10,16) and mean=9.8
Phone II_N_E accounts for 0.6% of frames, with lattice depth (10,50,90-percentile)=(2,5,17) and mean=7.5
Phone H_B accounts for 0.5% of frames, with lattice depth (10,50,90-percentile)=(1,5,12) and mean=6.6
Phone A_I accounts for 0.5% of frames, with lattice depth (10,50,90-percentile)=(1,5,18) and mean=8.3
# Accounting: time=0 threads=1
# Ended (code 0) at Tue Jun 18 17:08:57 IST 2019, elapsed time 0 seconds
