# gmm-latgen-faster --max-active=7000 --beam=13.0 --lattice-beam=6.0 --acoustic-scale=0.083333 --allow-partial=true --word-symbol-table=exp/tri1/graph/words.txt exp/tri1/final.mdl exp/tri1/graph/HCLG.fst "ark,s,cs:apply-cmvn  --utt2spk=ark:data/test/split8/3/utt2spk scp:data/test/split8/3/cmvn.scp scp:data/test/split8/3/feats.scp ark:- | add-deltas  ark:- ark:- |" "ark:|gzip -c > exp/tri1/decode/lat.3.gz" 
# Started at Tue Jun 18 17:08:47 IST 2019
#
gmm-latgen-faster --max-active=7000 --beam=13.0 --lattice-beam=6.0 --acoustic-scale=0.083333 --allow-partial=true --word-symbol-table=exp/tri1/graph/words.txt exp/tri1/final.mdl exp/tri1/graph/HCLG.fst 'ark,s,cs:apply-cmvn  --utt2spk=ark:data/test/split8/3/utt2spk scp:data/test/split8/3/cmvn.scp scp:data/test/split8/3/feats.scp ark:- | add-deltas  ark:- ark:- |' 'ark:|gzip -c > exp/tri1/decode/lat.3.gz' 
apply-cmvn --utt2spk=ark:data/test/split8/3/utt2spk scp:data/test/split8/3/cmvn.scp scp:data/test/split8/3/feats.scp ark:- 
add-deltas ark:- ark:- 
c656 <oov> <oov> <oov> <oov> اور <oov> <oov> <oov> کریں 
LOG (gmm-latgen-faster[5.5.383~1-bd1d]:DecodeUtteranceLatticeFaster():decoder-wrappers.cc:289) Log-like per frame for utterance c656 is -7.52535 over 643 frames.
c657 <oov> <oov> <oov> کردار کی حد سے <oov> نہیں 
LOG (gmm-latgen-faster[5.5.383~1-bd1d]:DecodeUtteranceLatticeFaster():decoder-wrappers.cc:289) Log-like per frame for utterance c657 is -7.40594 over 491 frames.
c658 <oov> کی <oov> 
LOG (gmm-latgen-faster[5.5.383~1-bd1d]:DecodeUtteranceLatticeFaster():decoder-wrappers.cc:289) Log-like per frame for utterance c658 is -7.58195 over 449 frames.
c659 <oov> <oov> <oov> کے بعد <oov> 
LOG (gmm-latgen-faster[5.5.383~1-bd1d]:DecodeUtteranceLatticeFaster():decoder-wrappers.cc:289) Log-like per frame for utterance c659 is -7.48983 over 617 frames.
LOG (apply-cmvn[5.5.383~1-bd1d]:main():apply-cmvn.cc:162) Applied cepstral mean normalization to 9 utterances, errors on 0
c660 <oov> کے <oov> <oov> نہیں <oov> 
LOG (gmm-latgen-faster[5.5.383~1-bd1d]:DecodeUtteranceLatticeFaster():decoder-wrappers.cc:289) Log-like per frame for utterance c660 is -7.68793 over 313 frames.
c661 <oov> لینے کے لئے <oov> 
LOG (gmm-latgen-faster[5.5.383~1-bd1d]:DecodeUtteranceLatticeFaster():decoder-wrappers.cc:289) Log-like per frame for utterance c661 is -7.46114 over 413 frames.
c662 <oov> <oov> کو کی <oov> 
LOG (gmm-latgen-faster[5.5.383~1-bd1d]:DecodeUtteranceLatticeFaster():decoder-wrappers.cc:289) Log-like per frame for utterance c662 is -8.0384 over 376 frames.
c663 <oov> <oov> <oov> <oov> ہوئی 
LOG (gmm-latgen-faster[5.5.383~1-bd1d]:DecodeUtteranceLatticeFaster():decoder-wrappers.cc:289) Log-like per frame for utterance c663 is -7.73199 over 603 frames.
c664 <oov> <oov> <oov> <oov> <oov> ہو گئ 
LOG (gmm-latgen-faster[5.5.383~1-bd1d]:DecodeUtteranceLatticeFaster():decoder-wrappers.cc:289) Log-like per frame for utterance c664 is -7.96301 over 575 frames.
LOG (gmm-latgen-faster[5.5.383~1-bd1d]:main():gmm-latgen-faster.cc:176) Time taken 4.1416s: real-time factor assuming 100 frames/sec is 0.0924463
LOG (gmm-latgen-faster[5.5.383~1-bd1d]:main():gmm-latgen-faster.cc:179) Done 9 utterances, failed for 0
LOG (gmm-latgen-faster[5.5.383~1-bd1d]:main():gmm-latgen-faster.cc:181) Overall log-likelihood per frame is -7.64553 over 4480 frames.
# Accounting: time=4 threads=1
# Ended (code 0) at Tue Jun 18 17:08:51 IST 2019, elapsed time 4 seconds
