# gmm-latgen-faster --max-active=7000 --beam=13.0 --lattice-beam=6.0 --acoustic-scale=0.083333 --allow-partial=true --word-symbol-table=exp/tri1/graph/words.txt exp/tri1/final.mdl exp/tri1/graph/HCLG.fst "ark,s,cs:apply-cmvn  --utt2spk=ark:data/test/split8/8/utt2spk scp:data/test/split8/8/cmvn.scp scp:data/test/split8/8/feats.scp ark:- | add-deltas  ark:- ark:- |" "ark:|gzip -c > exp/tri1/decode/lat.8.gz" 
# Started at Tue Jun 18 17:08:52 IST 2019
#
gmm-latgen-faster --max-active=7000 --beam=13.0 --lattice-beam=6.0 --acoustic-scale=0.083333 --allow-partial=true --word-symbol-table=exp/tri1/graph/words.txt exp/tri1/final.mdl exp/tri1/graph/HCLG.fst 'ark,s,cs:apply-cmvn  --utt2spk=ark:data/test/split8/8/utt2spk scp:data/test/split8/8/cmvn.scp scp:data/test/split8/8/feats.scp ark:- | add-deltas  ark:- ark:- |' 'ark:|gzip -c > exp/tri1/decode/lat.8.gz' 
apply-cmvn --utt2spk=ark:data/test/split8/8/utt2spk scp:data/test/split8/8/cmvn.scp scp:data/test/split8/8/feats.scp ark:- 
add-deltas ark:- ark:- 
c701 مضمون <oov> <oov> کی <oov> <oov> کر <oov> <oov> 
LOG (gmm-latgen-faster[5.5.383~1-bd1d]:DecodeUtteranceLatticeFaster():decoder-wrappers.cc:289) Log-like per frame for utterance c701 is -7.48972 over 722 frames.
c702 غیر فیصلہ <oov> میں ہر ایک <oov> 
LOG (gmm-latgen-faster[5.5.383~1-bd1d]:DecodeUtteranceLatticeFaster():decoder-wrappers.cc:289) Log-like per frame for utterance c702 is -7.39396 over 467 frames.
c703 <oov> کے <oov> ہوتا ہے 
LOG (gmm-latgen-faster[5.5.383~1-bd1d]:DecodeUtteranceLatticeFaster():decoder-wrappers.cc:289) Log-like per frame for utterance c703 is -7.32757 over 478 frames.
c704 <oov> <oov> <oov> <oov> <oov> ہے 
LOG (gmm-latgen-faster[5.5.383~1-bd1d]:DecodeUtteranceLatticeFaster():decoder-wrappers.cc:289) Log-like per frame for utterance c704 is -7.45165 over 564 frames.
LOG (apply-cmvn[5.5.383~1-bd1d]:main():apply-cmvn.cc:162) Applied cepstral mean normalization to 8 utterances, errors on 0
c705 <oov> <oov> ایجاد پر لاگت <oov> سے بڑھ گئی 
LOG (gmm-latgen-faster[5.5.383~1-bd1d]:DecodeUtteranceLatticeFaster():decoder-wrappers.cc:289) Log-like per frame for utterance c705 is -7.50713 over 535 frames.
c706 <oov> <oov> تو <oov> 
LOG (gmm-latgen-faster[5.5.383~1-bd1d]:DecodeUtteranceLatticeFaster():decoder-wrappers.cc:289) Log-like per frame for utterance c706 is -7.71215 over 492 frames.
c707 <oov> پڑے 
LOG (gmm-latgen-faster[5.5.383~1-bd1d]:DecodeUtteranceLatticeFaster():decoder-wrappers.cc:289) Log-like per frame for utterance c707 is -7.64628 over 355 frames.
c708 <oov> <oov> پہلے <oov> <oov> اور <oov> آئے 
LOG (gmm-latgen-faster[5.5.383~1-bd1d]:DecodeUtteranceLatticeFaster():decoder-wrappers.cc:289) Log-like per frame for utterance c708 is -7.70192 over 527 frames.
LOG (gmm-latgen-faster[5.5.383~1-bd1d]:main():gmm-latgen-faster.cc:176) Time taken 3.70852s: real-time factor assuming 100 frames/sec is 0.0895778
LOG (gmm-latgen-faster[5.5.383~1-bd1d]:main():gmm-latgen-faster.cc:179) Done 8 utterances, failed for 0
LOG (gmm-latgen-faster[5.5.383~1-bd1d]:main():gmm-latgen-faster.cc:181) Overall log-likelihood per frame is -7.52413 over 4140 frames.
# Accounting: time=4 threads=1
# Ended (code 0) at Tue Jun 18 17:08:56 IST 2019, elapsed time 4 seconds
