# gunzip -c exp/tri2/decode/depth_stats_tmp.*.gz | steps/diagnostic/analyze_lattice_depth_stats.py exp/tri2/graph 
# Started at Tue Jun 18 17:10:46 IST 2019
#
The total amount of data analyzed assuming 100 frames per second is 0.1 hours
Overall, lattice depth (10,50,90-percentile)=(1,6,19) and mean=8.1
Phone oov_S accounts for 63.0% of frames, with lattice depth (10,50,90-percentile)=(2,7,20) and mean=9.3
Phone SIL accounts for 18.9% of frames, with lattice depth (10,50,90-percentile)=(1,2,10) and mean=4.6
Nonsilence phones as a group account for 18.1% of frames, with lattice depth (10,50,90-percentile)=(1,5,16) and mean=7.4
Phone K_B accounts for 2.5% of frames, with lattice depth (10,50,90-percentile)=(2,6,20) and mean=8.8
Phone A_Y_E accounts for 1.7% of frames, with lattice depth (10,50,90-percentile)=(1,5,15) and mean=6.7
Phone II_E accounts for 1.1% of frames, with lattice depth (10,50,90-percentile)=(1,4,17) and mean=7.6
Phone S_B accounts for 1.0% of frames, with lattice depth (10,50,90-percentile)=(2,7,19) and mean=8.8
Phone A_A_E accounts for 0.9% of frames, with lattice depth (10,50,90-percentile)=(1,3,10) and mean=4.3
Phone A_A_I accounts for 0.7% of frames, with lattice depth (10,50,90-percentile)=(1,5,18) and mean=7.5
Phone R_E accounts for 0.7% of frames, with lattice depth (10,50,90-percentile)=(1,6,14) and mean=7.5
Phone H_B accounts for 0.6% of frames, with lattice depth (10,50,90-percentile)=(1,4,12) and mean=6.0
Phone II_N_E accounts for 0.5% of frames, with lattice depth (10,50,90-percentile)=(2,5,9) and mean=6.0
Phone AE_E accounts for 0.5% of frames, with lattice depth (10,50,90-percentile)=(1,5,19) and mean=7.4
# Accounting: time=0 threads=1
# Ended (code 0) at Tue Jun 18 17:10:46 IST 2019, elapsed time 0 seconds
