# gmm-latgen-faster --max-active=7000 --beam=13.0 --lattice-beam=6.0 --acoustic-scale=0.083333 --allow-partial=true --word-symbol-table=exp/tri2/graph/words.txt exp/tri2/final.mdl exp/tri2/graph/HCLG.fst "ark,s,cs:apply-cmvn  --utt2spk=ark:data/test/split8/3/utt2spk scp:data/test/split8/3/cmvn.scp scp:data/test/split8/3/feats.scp ark:- | splice-feats  ark:- ark:- | transform-feats exp/tri2/final.mat ark:- ark:- |" "ark:|gzip -c > exp/tri2/decode/lat.3.gz" 
# Started at Tue Jun 18 17:10:37 IST 2019
#
gmm-latgen-faster --max-active=7000 --beam=13.0 --lattice-beam=6.0 --acoustic-scale=0.083333 --allow-partial=true --word-symbol-table=exp/tri2/graph/words.txt exp/tri2/final.mdl exp/tri2/graph/HCLG.fst 'ark,s,cs:apply-cmvn  --utt2spk=ark:data/test/split8/3/utt2spk scp:data/test/split8/3/cmvn.scp scp:data/test/split8/3/feats.scp ark:- | splice-feats  ark:- ark:- | transform-feats exp/tri2/final.mat ark:- ark:- |' 'ark:|gzip -c > exp/tri2/decode/lat.3.gz' 
transform-feats exp/tri2/final.mat ark:- ark:- 
splice-feats ark:- ark:- 
apply-cmvn --utt2spk=ark:data/test/split8/3/utt2spk scp:data/test/split8/3/cmvn.scp scp:data/test/split8/3/feats.scp ark:- 
c656 <oov> <oov> <oov> <oov> اور <oov> <oov> <oov> کریں 
LOG (gmm-latgen-faster[5.5.383~1-bd1d]:DecodeUtteranceLatticeFaster():decoder-wrappers.cc:289) Log-like per frame for utterance c656 is -4.54853 over 643 frames.
c657 <oov> <oov> <oov> کردار کی حد سے <oov> نہیں 
LOG (gmm-latgen-faster[5.5.383~1-bd1d]:DecodeUtteranceLatticeFaster():decoder-wrappers.cc:289) Log-like per frame for utterance c657 is -4.41027 over 491 frames.
c658 <oov> <oov> کی <oov> 
LOG (gmm-latgen-faster[5.5.383~1-bd1d]:DecodeUtteranceLatticeFaster():decoder-wrappers.cc:289) Log-like per frame for utterance c658 is -4.58729 over 449 frames.
LOG (apply-cmvn[5.5.383~1-bd1d]:main():apply-cmvn.cc:162) Applied cepstral mean normalization to 9 utterances, errors on 0
c659 <oov> اور <oov> کا <oov> <oov> کے بعد <oov> 
LOG (gmm-latgen-faster[5.5.383~1-bd1d]:DecodeUtteranceLatticeFaster():decoder-wrappers.cc:289) Log-like per frame for utterance c659 is -4.59291 over 617 frames.
c660 <oov> کے <oov> <oov> نہیں <oov> 
LOG (gmm-latgen-faster[5.5.383~1-bd1d]:DecodeUtteranceLatticeFaster():decoder-wrappers.cc:289) Log-like per frame for utterance c660 is -4.71031 over 313 frames.
c661 <oov> کیلئے <oov> 
LOG (gmm-latgen-faster[5.5.383~1-bd1d]:DecodeUtteranceLatticeFaster():decoder-wrappers.cc:289) Log-like per frame for utterance c661 is -4.39148 over 413 frames.
c662 <oov> <oov> کو <oov> کی <oov> <oov> 
LOG (gmm-latgen-faster[5.5.383~1-bd1d]:DecodeUtteranceLatticeFaster():decoder-wrappers.cc:289) Log-like per frame for utterance c662 is -5.10561 over 376 frames.
c663 <oov> <oov> <oov> <oov> <oov> <oov> کی <oov> <oov> ہوئی 
LOG (gmm-latgen-faster[5.5.383~1-bd1d]:DecodeUtteranceLatticeFaster():decoder-wrappers.cc:289) Log-like per frame for utterance c663 is -4.7104 over 603 frames.
LOG (transform-feats[5.5.383~1-bd1d]:main():transform-feats.cc:158) Overall average [pseudo-]logdet is -86.2559 over 4480 frames.
LOG (transform-feats[5.5.383~1-bd1d]:main():transform-feats.cc:161) Applied transform to 9 utterances; 0 had errors.
c664 <oov> کے <oov> میں <oov> <oov> <oov> ہو گئ 
LOG (gmm-latgen-faster[5.5.383~1-bd1d]:DecodeUtteranceLatticeFaster():decoder-wrappers.cc:289) Log-like per frame for utterance c664 is -5.06099 over 575 frames.
LOG (gmm-latgen-faster[5.5.383~1-bd1d]:main():gmm-latgen-faster.cc:176) Time taken 3.67008s: real-time factor assuming 100 frames/sec is 0.0819214
LOG (gmm-latgen-faster[5.5.383~1-bd1d]:main():gmm-latgen-faster.cc:179) Done 9 utterances, failed for 0
LOG (gmm-latgen-faster[5.5.383~1-bd1d]:main():gmm-latgen-faster.cc:181) Overall log-likelihood per frame is -4.67451 over 4480 frames.
# Accounting: time=4 threads=1
# Ended (code 0) at Tue Jun 18 17:10:41 IST 2019, elapsed time 4 seconds
