# gmm-latgen-faster --max-active=7000 --beam=13.0 --lattice-beam=6.0 --acoustic-scale=0.083333 --allow-partial=true --word-symbol-table=exp/tri2/graph/words.txt exp/tri2/final.mdl exp/tri2/graph/HCLG.fst "ark,s,cs:apply-cmvn  --utt2spk=ark:data/test/split8/5/utt2spk scp:data/test/split8/5/cmvn.scp scp:data/test/split8/5/feats.scp ark:- | splice-feats  ark:- ark:- | transform-feats exp/tri2/final.mat ark:- ark:- |" "ark:|gzip -c > exp/tri2/decode/lat.5.gz" 
# Started at Tue Jun 18 17:10:41 IST 2019
#
gmm-latgen-faster --max-active=7000 --beam=13.0 --lattice-beam=6.0 --acoustic-scale=0.083333 --allow-partial=true --word-symbol-table=exp/tri2/graph/words.txt exp/tri2/final.mdl exp/tri2/graph/HCLG.fst 'ark,s,cs:apply-cmvn  --utt2spk=ark:data/test/split8/5/utt2spk scp:data/test/split8/5/cmvn.scp scp:data/test/split8/5/feats.scp ark:- | splice-feats  ark:- ark:- | transform-feats exp/tri2/final.mat ark:- ark:- |' 'ark:|gzip -c > exp/tri2/decode/lat.5.gz' 
splice-feats ark:- ark:- 
transform-feats exp/tri2/final.mat ark:- ark:- 
apply-cmvn --utt2spk=ark:data/test/split8/5/utt2spk scp:data/test/split8/5/cmvn.scp scp:data/test/split8/5/feats.scp ark:- 
c674 <oov> <oov> میں بڑھ کا <oov> <oov> کی کوشش کی 
LOG (gmm-latgen-faster[5.5.383~1-bd1d]:DecodeUtteranceLatticeFaster():decoder-wrappers.cc:289) Log-like per frame for utterance c674 is -4.65943 over 592 frames.
c675 <oov> <oov> <oov> کا <oov> 
LOG (gmm-latgen-faster[5.5.383~1-bd1d]:DecodeUtteranceLatticeFaster():decoder-wrappers.cc:289) Log-like per frame for utterance c675 is -4.88864 over 403 frames.
c676 <oov> ہائش کی <oov> نتیجہ <oov> نے <oov> <oov> پر رکھ تھی 
LOG (gmm-latgen-faster[5.5.383~1-bd1d]:DecodeUtteranceLatticeFaster():decoder-wrappers.cc:289) Log-like per frame for utterance c676 is -4.94181 over 480 frames.
c677 <oov> <oov> <oov> صبوحی <oov> کی <oov> گیا 
LOG (gmm-latgen-faster[5.5.383~1-bd1d]:DecodeUtteranceLatticeFaster():decoder-wrappers.cc:289) Log-like per frame for utterance c677 is -4.76823 over 605 frames.
LOG (apply-cmvn[5.5.383~1-bd1d]:main():apply-cmvn.cc:162) Applied cepstral mean normalization to 9 utterances, errors on 0
c678 <oov> <oov> کو <oov> نے کے <oov> <oov> سے <oov> <oov> کریں 
LOG (gmm-latgen-faster[5.5.383~1-bd1d]:DecodeUtteranceLatticeFaster():decoder-wrappers.cc:289) Log-like per frame for utterance c678 is -4.53996 over 737 frames.
c679 <oov> اور <oov> پر <oov> لگایا <oov> 
LOG (gmm-latgen-faster[5.5.383~1-bd1d]:DecodeUtteranceLatticeFaster():decoder-wrappers.cc:289) Log-like per frame for utterance c679 is -4.82619 over 365 frames.
c680 <oov> <oov> <oov> جاتا ہے 
LOG (gmm-latgen-faster[5.5.383~1-bd1d]:DecodeUtteranceLatticeFaster():decoder-wrappers.cc:289) Log-like per frame for utterance c680 is -4.79825 over 480 frames.
c681 <oov> کی <oov> <oov> 
LOG (gmm-latgen-faster[5.5.383~1-bd1d]:DecodeUtteranceLatticeFaster():decoder-wrappers.cc:289) Log-like per frame for utterance c681 is -4.74848 over 504 frames.
LOG (transform-feats[5.5.383~1-bd1d]:main():transform-feats.cc:158) Overall average [pseudo-]logdet is -86.2559 over 4720 frames.
LOG (transform-feats[5.5.383~1-bd1d]:main():transform-feats.cc:161) Applied transform to 9 utterances; 0 had errors.
c682 <oov> کر <oov> اسکے <oov> کیے 
LOG (gmm-latgen-faster[5.5.383~1-bd1d]:DecodeUtteranceLatticeFaster():decoder-wrappers.cc:289) Log-like per frame for utterance c682 is -4.66336 over 554 frames.
LOG (gmm-latgen-faster[5.5.383~1-bd1d]:main():gmm-latgen-faster.cc:176) Time taken 3.74602s: real-time factor assuming 100 frames/sec is 0.0793648
LOG (gmm-latgen-faster[5.5.383~1-bd1d]:main():gmm-latgen-faster.cc:179) Done 9 utterances, failed for 0
LOG (gmm-latgen-faster[5.5.383~1-bd1d]:main():gmm-latgen-faster.cc:181) Overall log-likelihood per frame is -4.73999 over 4720 frames.
# Accounting: time=4 threads=1
# Ended (code 0) at Tue Jun 18 17:10:45 IST 2019, elapsed time 4 seconds
