# lattice-scale --inv-acoustic-scale=12 "ark:gunzip -c exp/tri3/decode.si/lat.*.gz|" ark:- | lattice-add-penalty --word-ins-penalty=1.0 ark:- ark:- | lattice-best-path --word-symbol-table=exp/tri3/graph/words.txt ark:- ark,t:- | utils/int2sym.pl -f 2- exp/tri3/graph/words.txt | cat > exp/tri3/decode.si/scoring_kaldi/penalty_1.0/12.txt 
# Started at Tue Jun 18 17:12:40 IST 2019
#
lattice-add-penalty --word-ins-penalty=1.0 ark:- ark:- 
lattice-scale --inv-acoustic-scale=12 'ark:gunzip -c exp/tri3/decode.si/lat.*.gz|' ark:- 
lattice-best-path --word-symbol-table=exp/tri3/graph/words.txt ark:- ark,t:- 
LOG (lattice-best-path[5.5.383~1-bd1d]:main():lattice-best-path.cc:99) For utterance c638, best cost 112.412 + 3146.11 = 3258.52 over 693 frames.
c638 <oov> <oov> <oov> کو <oov> کی <oov> 
LOG (lattice-best-path[5.5.383~1-bd1d]:main():lattice-best-path.cc:99) For utterance c639, best cost 71.93 + 2899.12 = 2971.05 over 630 frames.
c639 <oov> <oov> <oov> 
LOG (lattice-best-path[5.5.383~1-bd1d]:main():lattice-best-path.cc:99) For utterance c640, best cost 162.815 + 3141.16 = 3303.97 over 710 frames.
c640 <oov> کے <oov> <oov> سفیر نے <oov> <oov> کا <oov> لگایا 
LOG (lattice-best-path[5.5.383~1-bd1d]:main():lattice-best-path.cc:99) For utterance c641, best cost 54.0927 + 2054.02 = 2108.11 over 436 frames.
c641 <oov> <oov> 
LOG (lattice-best-path[5.5.383~1-bd1d]:main():lattice-best-path.cc:99) For utterance c642, best cost 89.6424 + 2470.93 = 2560.57 over 533 frames.
c642 <oov> <oov> <oov> کی <oov> <oov> 
LOG (lattice-best-path[5.5.383~1-bd1d]:main():lattice-best-path.cc:99) For utterance c643, best cost 115.563 + 2860.31 = 2975.87 over 622 frames.
c643 <oov> <oov> <oov> اور <oov> زائد <oov> 
LOG (lattice-best-path[5.5.383~1-bd1d]:main():lattice-best-path.cc:99) For utterance c644, best cost 123.775 + 3114.57 = 3238.34 over 685 frames.
c644 <oov> <oov> اور <oov> کے <oov> پر <oov> <oov> 
LOG (lattice-best-path[5.5.383~1-bd1d]:main():lattice-best-path.cc:99) For utterance c645, best cost 127.862 + 2733.49 = 2861.35 over 584 frames.
c645 ٹیبل کیس میں <oov> <oov> <oov> کرنے کی <oov> ہیں 
LOG (lattice-best-path[5.5.383~1-bd1d]:main():lattice-best-path.cc:99) For utterance c646, best cost 139.092 + 2313.23 = 2452.32 over 504 frames.
c646 <oov> اور <oov> کے بعد <oov> میں <oov> نے آئی 
LOG (lattice-best-path[5.5.383~1-bd1d]:main():lattice-best-path.cc:99) For utterance c647, best cost 71.2584 + 1631.12 = 1702.38 over 356 frames.
c647 <oov> <oov> <oov> <oov> پر آئے 
LOG (lattice-best-path[5.5.383~1-bd1d]:main():lattice-best-path.cc:99) For utterance c648, best cost 76.5453 + 1855.85 = 1932.4 over 415 frames.
c648 میلے میں <oov> <oov> تھا 
LOG (lattice-best-path[5.5.383~1-bd1d]:main():lattice-best-path.cc:99) For utterance c649, best cost 120.677 + 2567.86 = 2688.54 over 580 frames.
c649 <oov> کر کے <oov> کے بعد <oov> <oov> <oov> 
LOG (lattice-best-path[5.5.383~1-bd1d]:main():lattice-best-path.cc:99) For utterance c650, best cost 101.237 + 2601.79 = 2703.03 over 580 frames.
c650 <oov> کی <oov> کے <oov> ہے 
LOG (lattice-best-path[5.5.383~1-bd1d]:main():lattice-best-path.cc:99) For utterance c651, best cost 136.344 + 2090.02 = 2226.37 over 470 frames.
c651 <oov> کو <oov> <oov> کی <oov> سے پہلے <oov> <oov> تھیں 
LOG (lattice-best-path[5.5.383~1-bd1d]:main():lattice-best-path.cc:99) For utterance c652, best cost 144.199 + 3498.19 = 3642.38 over 761 frames.
c652 <oov> کی <oov> <oov> اور <oov> <oov> <oov> کے <oov> 
LOG (lattice-best-path[5.5.383~1-bd1d]:main():lattice-best-path.cc:99) For utterance c653, best cost 93.9513 + 2992.91 = 3086.87 over 660 frames.
c653 <oov> <oov> کا <oov> <oov> <oov> 
LOG (lattice-best-path[5.5.383~1-bd1d]:main():lattice-best-path.cc:99) For utterance c654, best cost 86.4132 + 2498.05 = 2584.46 over 542 frames.
c654 <oov> کی <oov> <oov> 
LOG (lattice-best-path[5.5.383~1-bd1d]:main():lattice-best-path.cc:99) For utterance c655, best cost 81.292 + 2284.12 = 2365.42 over 516 frames.
c655 <oov> <oov> <oov> <oov> <oov> ہے 
LOG (lattice-best-path[5.5.383~1-bd1d]:main():lattice-best-path.cc:99) For utterance c656, best cost 112.164 + 2814.2 = 2926.36 over 643 frames.
c656 <oov> <oov> <oov> اور <oov> <oov> <oov> کریں 
LOG (lattice-best-path[5.5.383~1-bd1d]:main():lattice-best-path.cc:99) For utterance c657, best cost 118.319 + 2076.05 = 2194.37 over 491 frames.
c657 <oov> <oov> <oov> کردار کی حد سے <oov> نہیں 
LOG (lattice-best-path[5.5.383~1-bd1d]:main():lattice-best-path.cc:99) For utterance c658, best cost 69.8557 + 1995.64 = 2065.5 over 449 frames.
c658 <oov> <oov> کی <oov> 
LOG (lattice-best-path[5.5.383~1-bd1d]:main():lattice-best-path.cc:99) For utterance c659, best cost 128.781 + 2716.73 = 2845.51 over 617 frames.
c659 <oov> اور <oov> کا <oov> <oov> کے بعد <oov> 
LOG (lattice-best-path[5.5.383~1-bd1d]:main():lattice-best-path.cc:99) For utterance c660, best cost 78.1299 + 1402.7 = 1480.83 over 313 frames.
c660 <oov> کے <oov> <oov> نہیں <oov> 
LOG (lattice-best-path[5.5.383~1-bd1d]:main():lattice-best-path.cc:99) For utterance c661, best cost 100.731 + 1730.21 = 1830.94 over 413 frames.
c661 <oov> لینے کے لئے <oov> پر ہم <oov> <oov> 
LOG (lattice-best-path[5.5.383~1-bd1d]:main():lattice-best-path.cc:99) For utterance c662, best cost 92.6022 + 1841.69 = 1934.29 over 376 frames.
c662 <oov> <oov> کو <oov> <oov> کی <oov> 
LOG (lattice-best-path[5.5.383~1-bd1d]:main():lattice-best-path.cc:99) For utterance c663, best cost 122.957 + 2727.77 = 2850.73 over 603 frames.
c663 <oov> <oov> <oov> <oov> <oov> <oov> کی <oov> <oov> ہوئی 
LOG (lattice-best-path[5.5.383~1-bd1d]:main():lattice-best-path.cc:99) For utterance c664, best cost 126.964 + 2794.02 = 2920.99 over 575 frames.
c664 <oov> کے <oov> میں <oov> <oov> <oov> ہو گئ 
LOG (lattice-best-path[5.5.383~1-bd1d]:main():lattice-best-path.cc:99) For utterance c665, best cost 81.6891 + 1867 = 1948.69 over 435 frames.
c665 فیض نے <oov> <oov> ہوا 
LOG (lattice-best-path[5.5.383~1-bd1d]:main():lattice-best-path.cc:99) For utterance c666, best cost 84.2209 + 2012.73 = 2096.95 over 438 frames.
c666 <oov> <oov> <oov> سے <oov> لئے 
LOG (lattice-best-path[5.5.383~1-bd1d]:main():lattice-best-path.cc:99) For utterance c667, best cost 90.9405 + 1926.75 = 2017.69 over 395 frames.
c667 <oov> سے <oov> <oov> <oov> <oov> ہوئی 
LOG (lattice-best-path[5.5.383~1-bd1d]:main():lattice-best-path.cc:99) For utterance c668, best cost 151.625 + 2698.49 = 2850.11 over 613 frames.
c668 <oov> کے <oov> <oov> والے <oov> کا <oov> <oov> سے <oov> لا 
LOG (lattice-best-path[5.5.383~1-bd1d]:main():lattice-best-path.cc:99) For utterance c669, best cost 94.5056 + 2063.25 = 2157.76 over 458 frames.
c669 <oov> <oov> کے <oov> نہیں کیا 
LOG (lattice-best-path[5.5.383~1-bd1d]:main():lattice-best-path.cc:99) For utterance c670, best cost 53.3111 + 1832.45 = 1885.76 over 383 frames.
c670 <oov> <oov> 
LOG (lattice-best-path[5.5.383~1-bd1d]:main():lattice-best-path.cc:99) For utterance c671, best cost 125.519 + 2978.08 = 3103.6 over 624 frames.
c671 <oov> سے پہلے <oov> نے کہا <oov> <oov> 
LOG (lattice-best-path[5.5.383~1-bd1d]:main():lattice-best-path.cc:99) For utterance c672, best cost 106.537 + 2552.39 = 2658.92 over 589 frames.
c672 <oov> <oov> غوث <oov> کا <oov> ہے 
LOG (lattice-best-path[5.5.383~1-bd1d]:main():lattice-best-path.cc:99) For utterance c673, best cost 135.893 + 1746.55 = 1882.44 over 407 frames.
c673 پڑا ہی کے <oov> <oov> نسل کے <oov> <oov> ہے 
LOG (lattice-best-path[5.5.383~1-bd1d]:main():lattice-best-path.cc:99) For utterance c674, best cost 118.682 + 2658.26 = 2776.94 over 592 frames.
c674 <oov> <oov> بڑھ کا <oov> <oov> <oov> کی کوشش کی 
LOG (lattice-best-path[5.5.383~1-bd1d]:main():lattice-best-path.cc:99) For utterance c675, best cost 75.28 + 1905.42 = 1980.7 over 403 frames.
c675 <oov> <oov> کا <oov> 
LOG (lattice-best-path[5.5.383~1-bd1d]:main():lattice-best-path.cc:99) For utterance c676, best cost 128.263 + 2248.15 = 2376.42 over 480 frames.
c676 اپنی رہائش کی <oov> نے <oov> <oov> پر <oov> 
LOG (lattice-best-path[5.5.383~1-bd1d]:main():lattice-best-path.cc:99) For utterance c677, best cost 141.884 + 2750.66 = 2892.54 over 605 frames.
c677 <oov> <oov> <oov> صبوحی <oov> کی ہیبت سے <oov> گیا 
LOG (lattice-best-path[5.5.383~1-bd1d]:main():lattice-best-path.cc:99) For utterance c678, best cost 145.211 + 3207.23 = 3352.44 over 737 frames.
c678 <oov> <oov> کو <oov> کے <oov> <oov> سے <oov> <oov> کریں 
LOG (lattice-best-path[5.5.383~1-bd1d]:main():lattice-best-path.cc:99) For utterance c679, best cost 98.2504 + 1676.92 = 1775.17 over 365 frames.
c679 <oov> اور <oov> پر <oov> لگایا <oov> 
LOG (lattice-best-path[5.5.383~1-bd1d]:main():lattice-best-path.cc:99) For utterance c680, best cost 71.6855 + 2237.91 = 2309.59 over 480 frames.
c680 <oov> <oov> آ جاتا ہے 
LOG (lattice-best-path[5.5.383~1-bd1d]:main():lattice-best-path.cc:99) For utterance c681, best cost 72.3794 + 2346.17 = 2418.55 over 504 frames.
c681 <oov> کی <oov> <oov> 
LOG (lattice-best-path[5.5.383~1-bd1d]:main():lattice-best-path.cc:99) For utterance c682, best cost 127.231 + 2463.75 = 2590.98 over 554 frames.
c682 <oov> اور <oov> کر <oov> کے <oov> کیے 
LOG (lattice-best-path[5.5.383~1-bd1d]:main():lattice-best-path.cc:99) For utterance c683, best cost 83.619 + 2535.07 = 2618.69 over 524 frames.
c683 <oov> <oov> کے <oov> <oov> <oov> 
LOG (lattice-best-path[5.5.383~1-bd1d]:main():lattice-best-path.cc:99) For utterance c684, best cost 56.2253 + 1888.77 = 1945 over 392 frames.
c684 <oov> <oov> 
LOG (lattice-best-path[5.5.383~1-bd1d]:main():lattice-best-path.cc:99) For utterance c685, best cost 59.1277 + 1789.26 = 1848.39 over 390 frames.
c685 <oov> <oov> <oov> 
LOG (lattice-best-path[5.5.383~1-bd1d]:main():lattice-best-path.cc:99) For utterance c686, best cost 69.4972 + 2397.81 = 2467.31 over 516 frames.
c686 <oov> کے <oov> 
LOG (lattice-best-path[5.5.383~1-bd1d]:main():lattice-best-path.cc:99) For utterance c687, best cost 91.8564 + 3016.76 = 3108.62 over 644 frames.
c687 <oov> کے <oov> کرائی 
LOG (lattice-best-path[5.5.383~1-bd1d]:main():lattice-best-path.cc:99) For utterance c688, best cost 121.395 + 3343.69 = 3465.08 over 713 frames.
c688 <oov> کر <oov> <oov> <oov> کے <oov> 
LOG (lattice-best-path[5.5.383~1-bd1d]:main():lattice-best-path.cc:99) For utterance c689, best cost 89.417 + 2601.86 = 2691.28 over 541 frames.
c689 <oov> جان <oov> <oov> ہے 
LOG (lattice-best-path[5.5.383~1-bd1d]:main():lattice-best-path.cc:99) For utterance c690, best cost 67.157 + 1435.42 = 1502.57 over 315 frames.
c690 <oov> <oov> <oov> نہیں جاتا 
LOG (lattice-best-path[5.5.383~1-bd1d]:main():lattice-best-path.cc:99) For utterance c691, best cost 147.169 + 2596.21 = 2743.38 over 591 frames.
c691 کسی کی دل <oov> کیلئے <oov> اور <oov> <oov> میں <oov> 
LOG (lattice-best-path[5.5.383~1-bd1d]:main():lattice-best-path.cc:99) For utterance c692, best cost 150.252 + 2198.42 = 2348.67 over 523 frames.
c692 <oov> نثار نے کہا کہ <oov> سے <oov> گاڑی کے <oov> <oov> 
LOG (lattice-best-path[5.5.383~1-bd1d]:main():lattice-best-path.cc:99) For utterance c693, best cost 127.497 + 1881.17 = 2008.67 over 461 frames.
c693 میں نے <oov> <oov> سے کہا کہ <oov> پر <oov> <oov> 
LOG (lattice-best-path[5.5.383~1-bd1d]:main():lattice-best-path.cc:99) For utterance c694, best cost 91.3946 + 2391.42 = 2482.82 over 555 frames.
c694 <oov> <oov> <oov> <oov> بنائی 
LOG (lattice-best-path[5.5.383~1-bd1d]:main():lattice-best-path.cc:99) For utterance c695, best cost 89.1309 + 2545.08 = 2634.21 over 581 frames.
c695 <oov> <oov> <oov> <oov> <oov> <oov> 
LOG (lattice-best-path[5.5.383~1-bd1d]:main():lattice-best-path.cc:99) For utterance c696, best cost 159.936 + 2629.44 = 2789.37 over 611 frames.
c696 <oov> میں ضد <oov> <oov> کے بنانے کے لئے فراہم کیا جائے گا 
LOG (lattice-best-path[5.5.383~1-bd1d]:main():lattice-best-path.cc:99) For utterance c697, best cost 88.0924 + 1787.9 = 1875.99 over 415 frames.
c697 <oov> <oov> کرنے کا کام ہو گا 
LOG (lattice-scale[5.5.383~1-bd1d]:main():lattice-scale.cc:107) Done 71 lattices.
LOG (lattice-best-path[5.5.383~1-bd1d]:main():lattice-best-path.cc:99) For utterance c698, best cost 97.9791 + 2109.82 = 2207.8 over 477 frames.
c698 <oov> سے شفاف <oov> <oov> لگا 
LOG (lattice-best-path[5.5.383~1-bd1d]:main():lattice-best-path.cc:99) For utterance c699, best cost 130.273 + 2921.16 = 3051.43 over 669 frames.
c699 <oov> میں <oov> کے <oov> بے حرمتی کا <oov> 
LOG (lattice-best-path[5.5.383~1-bd1d]:main():lattice-best-path.cc:99) For utterance c700, best cost 96.6294 + 2899.83 = 2996.46 over 621 frames.
c700 <oov> کی <oov> <oov> کی <oov> 
LOG (lattice-best-path[5.5.383~1-bd1d]:main():lattice-best-path.cc:99) For utterance c701, best cost 144.619 + 3160.51 = 3305.13 over 722 frames.
c701 <oov> <oov> <oov> کو غزل کی <oov> کر <oov> کو <oov> 
LOG (lattice-add-penalty[5.5.383~1-bd1d]:main():lattice-add-penalty.cc:62) Done adding word insertion penalty to 71 lattices.
LOG (lattice-best-path[5.5.383~1-bd1d]:main():lattice-best-path.cc:99) For utterance c702, best cost 83.701 + 1991.3 = 2075.01 over 467 frames.
c702 غیر فیصلہ <oov> <oov> <oov> 
LOG (lattice-best-path[5.5.383~1-bd1d]:main():lattice-best-path.cc:99) For utterance c703, best cost 97.3819 + 1989.45 = 2086.83 over 478 frames.
c703 <oov> کے <oov> <oov> ظاہر ہوتا ہے 
LOG (lattice-best-path[5.5.383~1-bd1d]:main():lattice-best-path.cc:99) For utterance c704, best cost 125.307 + 2402.85 = 2528.15 over 564 frames.
c704 <oov> سیشن <oov> <oov> کے <oov> کا <oov> ہے 
LOG (lattice-best-path[5.5.383~1-bd1d]:main():lattice-best-path.cc:99) For utterance c705, best cost 126.539 + 2327.58 = 2454.12 over 535 frames.
c705 <oov> <oov> ایجاد پر لاگت <oov> سے بڑھ گئی 
LOG (lattice-best-path[5.5.383~1-bd1d]:main():lattice-best-path.cc:99) For utterance c706, best cost 105.224 + 2246.92 = 2352.15 over 492 frames.
c706 <oov> <oov> کے آنکھیں <oov> تو <oov> 
LOG (lattice-best-path[5.5.383~1-bd1d]:main():lattice-best-path.cc:99) For utterance c707, best cost 67.2353 + 1627.29 = 1694.52 over 355 frames.
c707 <oov> <oov> پڑے 
LOG (lattice-best-path[5.5.383~1-bd1d]:main():lattice-best-path.cc:99) For utterance c708, best cost 111.959 + 2383.15 = 2495.11 over 527 frames.
c708 <oov> <oov> سے پہلے <oov> <oov> اور <oov> 
LOG (lattice-best-path[5.5.383~1-bd1d]:main():lattice-best-path.cc:124) Overall cost per frame is 4.70861 = 0.198446 [graph] + 4.51016 [acoustic] over 37498 frames.
LOG (lattice-best-path[5.5.383~1-bd1d]:main():lattice-best-path.cc:128) Done 71 lattices, failed for 0
# Accounting: time=0 threads=1
# Ended (code 0) at Tue Jun 18 17:12:40 IST 2019, elapsed time 0 seconds
