# lattice-scale --inv-acoustic-scale=7 "ark:gunzip -c exp/tri3/decode.si/lat.*.gz|" ark:- | lattice-add-penalty --word-ins-penalty=1.0 ark:- ark:- | lattice-best-path --word-symbol-table=exp/tri3/graph/words.txt ark:- ark,t:- | utils/int2sym.pl -f 2- exp/tri3/graph/words.txt | cat > exp/tri3/decode.si/scoring_kaldi/penalty_1.0/7.txt 
# Started at Tue Jun 18 17:12:39 IST 2019
#
lattice-scale --inv-acoustic-scale=7 'ark:gunzip -c exp/tri3/decode.si/lat.*.gz|' ark:- 
lattice-add-penalty --word-ins-penalty=1.0 ark:- ark:- 
lattice-best-path --word-symbol-table=exp/tri3/graph/words.txt ark:- ark,t:- 
LOG (lattice-best-path[5.5.383~1-bd1d]:main():lattice-best-path.cc:99) For utterance c638, best cost 133.047 + 5369.64 = 5502.69 over 693 frames.
c638 <oov> کی <oov> <oov> <oov> کو <oov> کی کے <oov> 
LOG (lattice-best-path[5.5.383~1-bd1d]:main():lattice-best-path.cc:99) For utterance c639, best cost 134.917 + 4881.39 = 5016.31 over 630 frames.
c639 <oov> کی <oov> کر سے کے <oov> کی <oov> <oov> 
LOG (lattice-best-path[5.5.383~1-bd1d]:main():lattice-best-path.cc:99) For utterance c640, best cost 212.599 + 5319.25 = 5531.85 over 710 frames.
c640 <oov> کے <oov> پر بیٹھ <oov> سفیر نے <oov> <oov> کے <oov> والا کا <oov> لگایا 
LOG (lattice-best-path[5.5.383~1-bd1d]:main():lattice-best-path.cc:99) For utterance c641, best cost 106.003 + 3450.09 = 3556.09 over 436 frames.
c641 <oov> اور <oov> کی <oov> کر <oov> <oov> 
LOG (lattice-best-path[5.5.383~1-bd1d]:main():lattice-best-path.cc:99) For utterance c642, best cost 107.34 + 4207.2 = 4314.54 over 533 frames.
c642 <oov> کے <oov> <oov> <oov> کی <oov> <oov> 
LOG (lattice-best-path[5.5.383~1-bd1d]:main():lattice-best-path.cc:99) For utterance c643, best cost 145.399 + 4863.86 = 5009.26 over 622 frames.
c643 <oov> سے <oov> <oov> <oov> <oov> اور <oov> زائد <oov> لیں 
LOG (lattice-best-path[5.5.383~1-bd1d]:main():lattice-best-path.cc:99) For utterance c644, best cost 142.594 + 5314.13 = 5456.72 over 685 frames.
c644 <oov> <oov> اور زیب <oov> کے <oov> پارس <oov> <oov> 
LOG (lattice-best-path[5.5.383~1-bd1d]:main():lattice-best-path.cc:99) For utterance c645, best cost 174.829 + 4611.82 = 4786.65 over 584 frames.
c645 نیٹو بیلٹ کیس میں <oov> کے ثائب <oov> <oov> کرنے کی <oov> ہیں 
LOG (lattice-best-path[5.5.383~1-bd1d]:main():lattice-best-path.cc:99) For utterance c646, best cost 162.412 + 3932.02 = 4094.44 over 504 frames.
c646 <oov> اور <oov> نے کے بعد <oov> <oov> میں <oov> <oov> نے آئی 
LOG (lattice-best-path[5.5.383~1-bd1d]:main():lattice-best-path.cc:99) For utterance c647, best cost 85.9316 + 2778.9 = 2864.83 over 356 frames.
c647 <oov> گر <oov> <oov> <oov> پر آئے 
LOG (lattice-best-path[5.5.383~1-bd1d]:main():lattice-best-path.cc:99) For utterance c648, best cost 93.0306 + 3156.22 = 3249.25 over 415 frames.
c648 میلے میں <oov> <oov> کیلئے <oov> تھا 
LOG (lattice-best-path[5.5.383~1-bd1d]:main():lattice-best-path.cc:99) For utterance c649, best cost 120.677 + 4402.05 = 4522.73 over 580 frames.
c649 <oov> کر کے <oov> کے بعد <oov> <oov> <oov> 
LOG (lattice-best-path[5.5.383~1-bd1d]:main():lattice-best-path.cc:99) For utterance c650, best cost 132.272 + 4414.63 = 4546.9 over 580 frames.
c650 <oov> کی <oov> <oov> کے <oov> <oov> کے <oov> ہے 
LOG (lattice-best-path[5.5.383~1-bd1d]:main():lattice-best-path.cc:99) For utterance c651, best cost 136.344 + 3582.9 = 3719.24 over 470 frames.
c651 <oov> کو <oov> <oov> کی <oov> سے پہلے <oov> <oov> تھیں 
LOG (lattice-best-path[5.5.383~1-bd1d]:main():lattice-best-path.cc:99) For utterance c652, best cost 149.847 + 5988.16 = 6138.01 over 761 frames.
c652 <oov> کی <oov> <oov> <oov> اور <oov> <oov> <oov> کے <oov> 
LOG (lattice-best-path[5.5.383~1-bd1d]:main():lattice-best-path.cc:99) For utterance c653, best cost 139.58 + 5073.3 = 5212.88 over 660 frames.
c653 <oov> <oov> کا <oov> <oov> <oov> <oov> کے <oov> تک <oov> 
LOG (lattice-best-path[5.5.383~1-bd1d]:main():lattice-best-path.cc:99) For utterance c654, best cost 135.434 + 4219.96 = 4355.4 over 542 frames.
c654 <oov> <oov> کی <oov> <oov> <oov> <oov> میں <oov> <oov> 
LOG (lattice-best-path[5.5.383~1-bd1d]:main():lattice-best-path.cc:99) For utterance c655, best cost 90.3574 + 3903.26 = 3993.61 over 516 frames.
c655 <oov> <oov> <oov> <oov> <oov> <oov> ہے 
LOG (lattice-best-path[5.5.383~1-bd1d]:main():lattice-best-path.cc:99) For utterance c656, best cost 122.757 + 4811.91 = 4934.67 over 643 frames.
c656 <oov> کا <oov> <oov> اور <oov> <oov> <oov> کریں 
LOG (lattice-best-path[5.5.383~1-bd1d]:main():lattice-best-path.cc:99) For utterance c657, best cost 125.861 + 3548.92 = 3674.78 over 491 frames.
c657 <oov> <oov> کے <oov> کردار کی حد سے <oov> نہیں 
LOG (lattice-best-path[5.5.383~1-bd1d]:main():lattice-best-path.cc:99) For utterance c658, best cost 92.874 + 3393 = 3485.87 over 449 frames.
c658 <oov> <oov> کی <oov> گزار <oov> 
LOG (lattice-best-path[5.5.383~1-bd1d]:main():lattice-best-path.cc:99) For utterance c659, best cost 148.703 + 4631.35 = 4780.05 over 617 frames.
c659 <oov> کر <oov> اور <oov> کا <oov> <oov> کے بعد <oov> 
LOG (lattice-best-path[5.5.383~1-bd1d]:main():lattice-best-path.cc:99) For utterance c660, best cost 88.4247 + 2392.25 = 2480.67 over 313 frames.
c660 <oov> کے <oov> <oov> میں نہیں <oov> 
LOG (lattice-best-path[5.5.383~1-bd1d]:main():lattice-best-path.cc:99) For utterance c661, best cost 109.729 + 2955.86 = 3065.59 over 413 frames.
c661 <oov> لینے کے لئے <oov> پر ہم <oov> <oov> <oov> 
LOG (lattice-best-path[5.5.383~1-bd1d]:main():lattice-best-path.cc:99) For utterance c662, best cost 129.206 + 3105.07 = 3234.28 over 376 frames.
c662 <oov> <oov> کو کی <oov> <oov> چلیں <oov> کی <oov> <oov> 
LOG (lattice-best-path[5.5.383~1-bd1d]:main():lattice-best-path.cc:99) For utterance c663, best cost 153.082 + 4636.54 = 4789.62 over 603 frames.
c663 <oov> نے <oov> <oov> <oov> <oov> <oov> تو <oov> کی <oov> <oov> ہوئی 
LOG (lattice-best-path[5.5.383~1-bd1d]:main():lattice-best-path.cc:99) For utterance c664, best cost 178.53 + 4723.65 = 4902.18 over 575 frames.
c664 <oov> کے <oov> میں <oov> <oov> کا <oov> ہوا <oov> کے <oov> <oov> ہو گئ 
LOG (lattice-best-path[5.5.383~1-bd1d]:main():lattice-best-path.cc:99) For utterance c665, best cost 119.498 + 3151.22 = 3270.72 over 435 frames.
c665 فیض نے <oov> سے <oov> تو <oov> <oov> ہوا 
LOG (lattice-best-path[5.5.383~1-bd1d]:main():lattice-best-path.cc:99) For utterance c666, best cost 114.985 + 3402.46 = 3517.44 over 438 frames.
c666 <oov> سے <oov> <oov> پر <oov> سے <oov> لئے 
LOG (lattice-best-path[5.5.383~1-bd1d]:main():lattice-best-path.cc:99) For utterance c667, best cost 123.644 + 3259.62 = 3383.27 over 395 frames.
c667 <oov> کے <oov> سے <oov> <oov> <oov> کی <oov> <oov> ہوئی 
LOG (lattice-best-path[5.5.383~1-bd1d]:main():lattice-best-path.cc:99) For utterance c668, best cost 175.793 + 4596.81 = 4772.6 over 613 frames.
c668 <oov> <oov> کے <oov> <oov> والے <oov> کا <oov> <oov> سے جال <oov> لا 
LOG (lattice-best-path[5.5.383~1-bd1d]:main():lattice-best-path.cc:99) For utterance c669, best cost 112.467 + 3512.11 = 3624.58 over 458 frames.
c669 <oov> <oov> نے <oov> کے <oov> نہیں کیا 
LOG (lattice-best-path[5.5.383~1-bd1d]:main():lattice-best-path.cc:99) For utterance c670, best cost 86.0332 + 3095.12 = 3181.15 over 383 frames.
c670 <oov> ایک <oov> <oov> کا <oov> 
LOG (lattice-best-path[5.5.383~1-bd1d]:main():lattice-best-path.cc:99) For utterance c671, best cost 165.869 + 5045.31 = 5211.18 over 624 frames.
c671 <oov> سے پہلے <oov> کے <oov> نے کہا <oov> کے <oov> میں <oov> 
LOG (lattice-best-path[5.5.383~1-bd1d]:main():lattice-best-path.cc:99) For utterance c672, best cost 131.866 + 4332.36 = 4464.22 over 589 frames.
c672 <oov> تو فرقان <oov> غوث <oov> کا <oov> ہے 
LOG (lattice-best-path[5.5.383~1-bd1d]:main():lattice-best-path.cc:99) For utterance c673, best cost 165.59 + 2956.26 = 3121.85 over 407 frames.
c673 پڑا ہی کے <oov> <oov> <oov> نسل کے <oov> <oov> پڑ آئے 
LOG (lattice-best-path[5.5.383~1-bd1d]:main():lattice-best-path.cc:99) For utterance c674, best cost 176.29 + 4478.24 = 4654.53 over 592 frames.
c674 <oov> <oov> میں بڑھ کا پر <oov> کر ہم <oov> <oov> نے کی کوشش کی 
LOG (lattice-best-path[5.5.383~1-bd1d]:main():lattice-best-path.cc:99) For utterance c675, best cost 113.997 + 3219.08 = 3333.08 over 403 frames.
c675 <oov> <oov> پر سو <oov> <oov> کا <oov> <oov> 
LOG (lattice-best-path[5.5.383~1-bd1d]:main():lattice-best-path.cc:99) For utterance c676, best cost 179.217 + 3786.78 = 3966 over 480 frames.
c676 اپنی رہائش کی <oov> کر نتیجہ <oov> نے <oov> <oov> پر رکھ تی 
LOG (lattice-best-path[5.5.383~1-bd1d]:main():lattice-best-path.cc:99) For utterance c677, best cost 170.894 + 4674.51 = 4845.41 over 605 frames.
c677 نثار <oov> <oov> کی <oov> <oov> صبوحی <oov> کی ہیبت سے <oov> گیا 
LOG (lattice-best-path[5.5.383~1-bd1d]:main():lattice-best-path.cc:99) For utterance c678, best cost 185.77 + 5441.18 = 5626.95 over 737 frames.
c678 <oov> <oov> <oov> کو <oov> سے <oov> نے کیلئے <oov> <oov> سے <oov> <oov> کریں 
LOG (lattice-best-path[5.5.383~1-bd1d]:main():lattice-best-path.cc:99) For utterance c679, best cost 107.121 + 2864.54 = 2971.66 over 365 frames.
c679 <oov> اور <oov> پر <oov> لگایا <oov> لی 
LOG (lattice-best-path[5.5.383~1-bd1d]:main():lattice-best-path.cc:99) For utterance c680, best cost 109.163 + 3783.82 = 3892.98 over 480 frames.
c680 <oov> کا جوڑا <oov> <oov> <oov> <oov> آ جاتا ہے 
LOG (lattice-best-path[5.5.383~1-bd1d]:main():lattice-best-path.cc:99) For utterance c681, best cost 139.097 + 3933.07 = 4072.17 over 504 frames.
c681 <oov> کو <oov> کی <oov> تر <oov> ہار پر <oov> 
LOG (lattice-best-path[5.5.383~1-bd1d]:main():lattice-best-path.cc:99) For utterance c682, best cost 175.917 + 4152.62 = 4328.54 over 554 frames.
c682 <oov> اور <oov> کرنا <oov> کر <oov> اسکے جو ہر معلوم کیے 
LOG (lattice-best-path[5.5.383~1-bd1d]:main():lattice-best-path.cc:99) For utterance c683, best cost 142.334 + 4264.8 = 4407.14 over 524 frames.
c683 <oov> سے <oov> ان <oov> <oov> کے <oov> سے نکھر گئی 
LOG (lattice-best-path[5.5.383~1-bd1d]:main():lattice-best-path.cc:99) For utterance c684, best cost 56.2253 + 3237.89 = 3294.12 over 392 frames.
c684 <oov> <oov> 
LOG (lattice-best-path[5.5.383~1-bd1d]:main():lattice-best-path.cc:99) For utterance c685, best cost 81.3579 + 3038.47 = 3119.82 over 390 frames.
c685 <oov> <oov> <oov> سے <oov> <oov> 
LOG (lattice-best-path[5.5.383~1-bd1d]:main():lattice-best-path.cc:99) For utterance c686, best cost 85.5927 + 4088.17 = 4173.76 over 516 frames.
c686 <oov> کے <oov> <oov> <oov> <oov> 
LOG (lattice-best-path[5.5.383~1-bd1d]:main():lattice-best-path.cc:99) For utterance c687, best cost 165.095 + 5069.34 = 5234.43 over 644 frames.
c687 <oov> کے <oov> تو <oov> سے چیخ <oov> کر <oov> <oov> کرائی 
LOG (lattice-best-path[5.5.383~1-bd1d]:main():lattice-best-path.cc:99) For utterance c688, best cost 245.983 + 5550.34 = 5796.33 over 713 frames.
c688 ہلکی ہلکی چادر <oov> کر <oov> <oov> گزار <oov> اور دیکھ <oov> کے <oov> میں نے <oov> <oov> کے <oov> 
LOG (lattice-best-path[5.5.383~1-bd1d]:main():lattice-best-path.cc:99) For utterance c689, best cost 138.594 + 4387.52 = 4526.12 over 541 frames.
c689 <oov> جان <oov> بنائیں اور <oov> <oov> کر <oov> ہے 
LOG (lattice-best-path[5.5.383~1-bd1d]:main():lattice-best-path.cc:99) For utterance c690, best cost 101.162 + 2414.76 = 2515.92 over 315 frames.
c690 <oov> <oov> پڑھ <oov> کے <oov> نہیں جاتا 
LOG (lattice-best-path[5.5.383~1-bd1d]:main():lattice-best-path.cc:99) For utterance c691, best cost 210.615 + 4365.88 = 4576.5 over 591 frames.
c691 کی سی کی دل <oov> کیلئے اپنا <oov> اور <oov> سے <oov> کر <oov> <oov> میں <oov> 
LOG (lattice-best-path[5.5.383~1-bd1d]:main():lattice-best-path.cc:99) For utterance c692, best cost 172.688 + 3734.16 = 3906.84 over 523 frames.
c692 <oov> نثار نے کہا کہ <oov> سے <oov> <oov> ہاتھ گاڑی کے <oov> <oov> 
LOG (lattice-best-path[5.5.383~1-bd1d]:main():lattice-best-path.cc:99) For utterance c693, best cost 156.26 + 3187.6 = 3343.86 over 461 frames.
c693 میں نے <oov> <oov> سے کہا کہ <oov> پر <oov> کر رائے مت دو 
LOG (lattice-best-path[5.5.383~1-bd1d]:main():lattice-best-path.cc:99) For utterance c694, best cost 141.336 + 4027.16 = 4168.5 over 555 frames.
c694 <oov> <oov> <oov> پایہ ہر <oov> چوبند بنائی 
LOG (lattice-best-path[5.5.383~1-bd1d]:main():lattice-best-path.cc:99) For utterance c695, best cost 144.492 + 4282.75 = 4427.24 over 581 frames.
c695 <oov> کی <oov> <oov> <oov> اگر <oov> تو پانی میں <oov> 
LOG (lattice-best-path[5.5.383~1-bd1d]:main():lattice-best-path.cc:99) For utterance c696, best cost 187.798 + 4465.88 = 4653.68 over 611 frames.
c696 <oov> <oov> کیا میں ضد LOG (lattice-scale[5.5.383~1-bd1d]:main():lattice-scale.cc:107) Done 71 lattices.
کو <oov> <oov> کے بنانے کے لئے فراہم کیا جائے گا 
LOG (lattice-best-path[5.5.383~1-bd1d]:main():lattice-best-path.cc:99) For utterance c697, best cost 88.0924 + 3064.97 = 3153.06 over 415 frames.
c697 <oov> <oov> کرنے کا کام ہو گا 
LOG (lattice-best-path[5.5.383~1-bd1d]:main():lattice-best-path.cc:99) For utterance c698, best cost 144.917 + 3551.77 = 3696.69 over 477 frames.
c698 <oov> ذات <oov> سے شفاف <oov> کا <oov> لینے لگا 
LOG (lattice-best-path[5.5.383~1-bd1d]:main():lattice-best-path.cc:99) For utterance c699, best cost 181.58 + 4937.39 = 5118.97 over 669 frames.
c699 <oov> کے <oov> کار کی <oov> میں <oov> کے <oov> بے حرمتی کا <oov> 
LOG (lattice-best-path[5.5.383~1-bd1d]:main():lattice-best-path.cc:99) For utterance c700, best cost 103.525 + 4960.82 = 5064.35 over 621 frames.
c700 <oov> کی <oov> <oov> کی <oov> <oov> 
LOG (lattice-best-path[5.5.383~1-bd1d]:main():lattice-best-path.cc:99) For utterance c701, best cost 167.745 + 5389.4 = 5557.15 over 722 frames.
c701 <oov> <oov> <oov> کو غزل کی <oov> سے <oov> کر <oov> کو <oov> <oov> 
LOG (lattice-best-path[5.5.383~1-bd1d]:main():lattice-best-path.cc:99) For utterance c702, best cost 150.673 + 3325.1 = 3475.77 over 467 frames.
c702 غیر فیصلہ <oov> <oov> میں <oov> LOG (lattice-add-penalty[5.5.383~1-bd1d]:main():lattice-add-penalty.cc:62) Done adding word insertion penalty to 71 lattices.
ایک <oov> انا دیر <oov> 
LOG (lattice-best-path[5.5.383~1-bd1d]:main():lattice-best-path.cc:99) For utterance c703, best cost 103.032 + 3404.53 = 3507.56 over 478 frames.
c703 <oov> <oov> کے <oov> <oov> ظاہر ہوتا ہے 
LOG (lattice-best-path[5.5.383~1-bd1d]:main():lattice-best-path.cc:99) For utterance c704, best cost 144.341 + 4098.33 = 4242.67 over 564 frames.
c704 <oov> سیشن <oov> <oov> کے <oov> آتی <oov> کا <oov> ہے 
LOG (lattice-best-path[5.5.383~1-bd1d]:main():lattice-best-path.cc:99) For utterance c705, best cost 153.132 + 3950.4 = 4103.53 over 535 frames.
c705 <oov> بن <oov> <oov> ایجاد پر لاگت <oov> <oov> سے بڑھ گئی 
LOG (lattice-best-path[5.5.383~1-bd1d]:main():lattice-best-path.cc:99) For utterance c706, best cost 105.224 + 3851.86 = 3957.09 over 492 frames.
c706 <oov> <oov> کے آنکھیں <oov> تو <oov> 
LOG (lattice-best-path[5.5.383~1-bd1d]:main():lattice-best-path.cc:99) For utterance c707, best cost 121.853 + 2711.71 = 2833.57 over 355 frames.
c707 <oov> کو <oov> تو آگے بڑھ <oov> <oov> پڑے 
LOG (lattice-best-path[5.5.383~1-bd1d]:main():lattice-best-path.cc:99) For utterance c708, best cost 143.187 + 4048.12 = 4191.31 over 527 frames.
c708 جنگ <oov> سے پہلے <oov> نے مجھے <oov> اور <oov> <oov> 
LOG (lattice-best-path[5.5.383~1-bd1d]:main():lattice-best-path.cc:124) Overall cost per frame is 7.90718 = 0.259796 [graph] + 7.64739 [acoustic] over 37498 frames.
LOG (lattice-best-path[5.5.383~1-bd1d]:main():lattice-best-path.cc:128) Done 71 lattices, failed for 0
# Accounting: time=1 threads=1
# Ended (code 0) at Tue Jun 18 17:12:40 IST 2019, elapsed time 1 seconds
