# lattice-scale --inv-acoustic-scale=11 "ark:gunzip -c exp/tri1/decode/lat.*.gz|" ark:- | lattice-add-penalty --word-ins-penalty=1.0 ark:- ark:- | lattice-best-path --word-symbol-table=exp/tri1/graph/words.txt ark:- ark,t:- | utils/int2sym.pl -f 2- exp/tri1/graph/words.txt | cat > exp/tri1/decode/scoring_kaldi/penalty_1.0/11.txt 
# Started at Tue Jun 18 17:09:00 IST 2019
#
lattice-add-penalty --word-ins-penalty=1.0 ark:- ark:- 
lattice-scale --inv-acoustic-scale=11 'ark:gunzip -c exp/tri1/decode/lat.*.gz|' ark:- 
lattice-best-path --word-symbol-table=exp/tri1/graph/words.txt ark:- ark,t:- 
LOG (lattice-best-path[5.5.383~1-bd1d]:main():lattice-best-path.cc:99) For utterance c638, best cost 104.188 + 5658.73 = 5762.92 over 693 frames.
c638 <oov> میں <oov> <oov> کو <oov> 
LOG (lattice-best-path[5.5.383~1-bd1d]:main():lattice-best-path.cc:99) For utterance c639, best cost 62.9647 + 5225.08 = 5288.04 over 630 frames.
c639 <oov> 
LOG (lattice-best-path[5.5.383~1-bd1d]:main():lattice-best-path.cc:99) For utterance c640, best cost 160.681 + 5755.33 = 5916.01 over 710 frames.
c640 <oov> کے <oov> سفیر نے <oov> والا کا <oov> لگایا 
LOG (lattice-best-path[5.5.383~1-bd1d]:main():lattice-best-path.cc:99) For utterance c641, best cost 78.7317 + 3641.89 = 3720.62 over 436 frames.
c641 <oov> کر <oov> <oov> 
LOG (lattice-best-path[5.5.383~1-bd1d]:main():lattice-best-path.cc:99) For utterance c642, best cost 89.4128 + 4396.92 = 4486.33 over 533 frames.
c642 <oov> <oov> <oov> کی <oov> 
LOG (lattice-best-path[5.5.383~1-bd1d]:main():lattice-best-path.cc:99) For utterance c643, best cost 108.667 + 5119.44 = 5228.11 over 622 frames.
c643 <oov> <oov> <oov> اور <oov> <oov> لیں 
LOG (lattice-best-path[5.5.383~1-bd1d]:main():lattice-best-path.cc:99) For utterance c644, best cost 119.263 + 5621.42 = 5740.68 over 685 frames.
c644 <oov> <oov> کے <oov> پارس <oov> <oov> 
LOG (lattice-best-path[5.5.383~1-bd1d]:main():lattice-best-path.cc:99) For utterance c645, best cost 113.499 + 4805.91 = 4919.41 over 584 frames.
c645 <oov> میں <oov> <oov> کرنے کی <oov> ہیں 
LOG (lattice-best-path[5.5.383~1-bd1d]:main():lattice-best-path.cc:99) For utterance c646, best cost 144.995 + 4150.68 = 4295.67 over 504 frames.
c646 <oov> اور <oov> نے کے بعد <oov> میں <oov> میں آئی 
LOG (lattice-best-path[5.5.383~1-bd1d]:main():lattice-best-path.cc:99) For utterance c647, best cost 59.6104 + 2964.31 = 3023.92 over 356 frames.
c647 <oov> <oov> پر آئے 
LOG (lattice-best-path[5.5.383~1-bd1d]:main():lattice-best-path.cc:99) For utterance c648, best cost 62.2509 + 3397.73 = 3459.98 over 415 frames.
c648 میلے میں <oov> تھا 
LOG (lattice-best-path[5.5.383~1-bd1d]:main():lattice-best-path.cc:99) For utterance c649, best cost 111.197 + 4658.43 = 4769.62 over 580 frames.
c649 <oov> <oov> کے <oov> کے بعد <oov> <oov> 
LOG (lattice-best-path[5.5.383~1-bd1d]:main():lattice-best-path.cc:99) For utterance c650, best cost 100.707 + 4706.1 = 4806.81 over 580 frames.
c650 <oov> کی <oov> کے <oov> ہے 
LOG (lattice-best-path[5.5.383~1-bd1d]:main():lattice-best-path.cc:99) For utterance c651, best cost 127.376 + 3824.15 = 3951.53 over 470 frames.
c651 <oov> کو <oov> <oov> کی <oov> سے پہلے <oov> تھیں 
LOG (lattice-best-path[5.5.383~1-bd1d]:main():lattice-best-path.cc:99) For utterance c652, best cost 130.966 + 6274.5 = 6405.47 over 761 frames.
c652 <oov> کی <oov> اور <oov> <oov> کے <oov> 
LOG (lattice-best-path[5.5.383~1-bd1d]:main():lattice-best-path.cc:99) For utterance c653, best cost 127.35 + 5344.9 = 5472.25 over 660 frames.
c653 <oov> <oov> کا <oov> کر <oov> کے <oov> <oov> 
LOG (lattice-best-path[5.5.383~1-bd1d]:main():lattice-best-path.cc:99) For utterance c654, best cost 71.5761 + 4484.09 = 4555.66 over 542 frames.
c654 <oov> <oov> 
LOG (lattice-best-path[5.5.383~1-bd1d]:main():lattice-best-path.cc:99) For utterance c655, best cost 67.4856 + 4106.37 = 4173.85 over 516 frames.
c655 <oov> <oov> <oov> ہے 
LOG (lattice-best-path[5.5.383~1-bd1d]:main():lattice-best-path.cc:99) For utterance c656, best cost 124.007 + 5153.25 = 5277.25 over 643 frames.
c656 <oov> <oov> <oov> <oov> اور <oov> <oov> <oov> کریں 
LOG (lattice-best-path[5.5.383~1-bd1d]:main():lattice-best-path.cc:99) For utterance c657, best cost 123.259 + 3842.26 = 3965.52 over 491 frames.
c657 <oov> <oov> <oov> کردار کی حد سے <oov> نہیں 
LOG (lattice-best-path[5.5.383~1-bd1d]:main():lattice-best-path.cc:99) For utterance c658, best cost 61.7521 + 3649.7 = 3711.45 over 449 frames.
c658 <oov> کی <oov> 
LOG (lattice-best-path[5.5.383~1-bd1d]:main():lattice-best-path.cc:99) For utterance c659, best cost 103.536 + 4933.91 = 5037.44 over 617 frames.
c659 <oov> <oov> کے بعد <oov> 
LOG (lattice-best-path[5.5.383~1-bd1d]:main():lattice-best-path.cc:99) For utterance c660, best cost 84.0012 + 2540 = 2624 over 313 frames.
c660 <oov> کے <oov> <oov> نہیں <oov> 
LOG (lattice-best-path[5.5.383~1-bd1d]:main():lattice-best-path.cc:99) For utterance c661, best cost 68.5127 + 3292.3 = 3360.82 over 413 frames.
c661 <oov> لینے کے لئے <oov> 
LOG (lattice-best-path[5.5.383~1-bd1d]:main():lattice-best-path.cc:99) For utterance c662, best cost 84.5947 + 3210.39 = 3294.98 over 376 frames.
c662 <oov> <oov> کو کی <oov> 
LOG (lattice-best-path[5.5.383~1-bd1d]:main():lattice-best-path.cc:99) For utterance c663, best cost 91.3602 + 4991.32 = 5082.68 over 603 frames.
c663 <oov> <oov> <oov> ہوئی 
LOG (lattice-best-path[5.5.383~1-bd1d]:main():lattice-best-path.cc:99) For utterance c664, best cost 109.573 + 4882.11 = 4991.68 over 575 frames.
c664 <oov> <oov> <oov> <oov> ہو گئ 
LOG (lattice-best-path[5.5.383~1-bd1d]:main():lattice-best-path.cc:99) For utterance c665, best cost 82.114 + 3455.29 = 3537.41 over 435 frames.
c665 فیض نے <oov> <oov> ہوا 
LOG (lattice-best-path[5.5.383~1-bd1d]:main():lattice-best-path.cc:99) For utterance c666, best cost 76.1531 + 3638.36 = 3714.51 over 438 frames.
c666 <oov> سے <oov> لئے 
LOG (lattice-best-path[5.5.383~1-bd1d]:main():lattice-best-path.cc:99) For utterance c667, best cost 92.5898 + 3377.01 = 3469.6 over 395 frames.
c667 <oov> <oov> کی <oov> <oov> ہوئی 
LOG (lattice-best-path[5.5.383~1-bd1d]:main():lattice-best-path.cc:99) For utterance c668, best cost 113.648 + 5024.03 = 5137.68 over 613 frames.
c668 <oov> کے <oov> <oov> والے <oov> <oov> 
LOG (lattice-best-path[5.5.383~1-bd1d]:main():lattice-best-path.cc:99) For utterance c669, best cost 74.5458 + 3745.71 = 3820.26 over 458 frames.
c669 <oov> <oov> نہیں کیا 
LOG (lattice-best-path[5.5.383~1-bd1d]:main():lattice-best-path.cc:99) For utterance c670, best cost 43.977 + 3232.38 = 3276.35 over 383 frames.
c670 <oov> 
LOG (lattice-best-path[5.5.383~1-bd1d]:main():lattice-best-path.cc:99) For utterance c671, best cost 139.974 + 5246.02 = 5385.99 over 624 frames.
c671 <oov> سے پہلے <oov> کی <oov> نے کہا <oov> <oov> 
LOG (lattice-best-path[5.5.383~1-bd1d]:main():lattice-best-path.cc:99) For utterance c672, best cost 75.498 + 4738.27 = 4813.77 over 589 frames.
c672 <oov> کا <oov> ہے 
LOG (lattice-best-path[5.5.383~1-bd1d]:main():lattice-best-path.cc:99) For utterance c673, best cost 63.7367 + 3310.62 = 3374.36 over 407 frames.
c673 <oov> <oov> ہے 
LOG (lattice-best-path[5.5.383~1-bd1d]:main():lattice-best-path.cc:99) For utterance c674, best cost 111.716 + 4831.76 = 4943.48 over 592 frames.
c674 <oov> <oov> میں <oov> <oov> نے کی کوشش کی 
LOG (lattice-best-path[5.5.383~1-bd1d]:main():lattice-best-path.cc:99) For utterance c675, best cost 59.3132 + 3367.31 = 3426.63 over 403 frames.
c675 <oov> <oov> 
LOG (lattice-best-path[5.5.383~1-bd1d]:main():lattice-best-path.cc:99) For utterance c676, best cost 132.439 + 4004.41 = 4136.85 over 480 frames.
c676 <oov> نتیجہ <oov> نے <oov> پر رکھ دی 
LOG (lattice-best-path[5.5.383~1-bd1d]:main():lattice-best-path.cc:99) For utterance c677, best cost 107.389 + 4992.93 = 5100.32 over 605 frames.
c677 نثار <oov> صبوحی <oov> گیا 
LOG (lattice-best-path[5.5.383~1-bd1d]:main():lattice-best-path.cc:99) For utterance c678, best cost 156.771 + 5918.61 = 6075.38 over 737 frames.
c678 سینٹ <oov> کو <oov> نے کے <oov> <oov> <oov> شعر کریں 
LOG (lattice-best-path[5.5.383~1-bd1d]:main():lattice-best-path.cc:99) For utterance c679, best cost 78.0074 + 3019.28 = 3097.29 over 365 frames.
c679 <oov> اور <oov> پر <oov> 
LOG (lattice-best-path[5.5.383~1-bd1d]:main():lattice-best-path.cc:99) For utterance c680, best cost 72.4964 + 3994.93 = 4067.42 over 480 frames.
c680 <oov> <oov> آ جاتا ہے 
LOG (lattice-best-path[5.5.383~1-bd1d]:main():lattice-best-path.cc:99) For utterance c681, best cost 67.8295 + 4177.29 = 4245.12 over 504 frames.
c681 <oov> کی <oov> 
LOG (lattice-best-path[5.5.383~1-bd1d]:main():lattice-best-path.cc:99) For utterance c682, best cost 76.8763 + 4515.82 = 4592.7 over 554 frames.
c682 <oov> کیے 
LOG (lattice-best-path[5.5.383~1-bd1d]:main():lattice-best-path.cc:99) For utterance c683, best cost 103.956 + 4373.76 = 4477.72 over 524 frames.
c683 <oov> <oov> <oov> کے <oov> نکھر گئی 
LOG (lattice-best-path[5.5.383~1-bd1d]:main():lattice-best-path.cc:99) For utterance c684, best cost 51.5007 + 3302.39 = 3353.89 over 392 frames.
c684 <oov> 
LOG (lattice-best-path[5.5.383~1-bd1d]:main():lattice-best-path.cc:99) For utterance c685, best cost 52.5199 + 3191.84 = 3244.36 over 390 frames.
c685 <oov> <oov> 
LOG (lattice-best-path[5.5.383~1-bd1d]:main():lattice-best-path.cc:99) For utterance c686, best cost 75.5613 + 4278.74 = 4354.3 over 516 frames.
c686 <oov> کے <oov> <oov> 
LOG (lattice-best-path[5.5.383~1-bd1d]:main():lattice-best-path.cc:99) For utterance c687, best cost 92.8636 + 5368.75 = 5461.62 over 644 frames.
c687 <oov> اسکے <oov> کرائی 
LOG (lattice-best-path[5.5.383~1-bd1d]:main():lattice-best-path.cc:99) For utterance c688, best cost 138.124 + 5880.41 = 6018.53 over 713 frames.
c688 <oov> کر <oov> کے <oov> <oov> کے <oov> 
LOG (lattice-best-path[5.5.383~1-bd1d]:main():lattice-best-path.cc:99) For utterance c689, best cost 78.4828 + 4577.22 = 4655.7 over 541 frames.
c689 <oov> جان <oov> ہے 
LOG (lattice-best-path[5.5.383~1-bd1d]:main():lattice-best-path.cc:99) For utterance c690, best cost 62.7207 + 2609.52 = 2672.24 over 315 frames.
c690 <oov> نہیں جاتا 
LOG (lattice-best-path[5.5.383~1-bd1d]:main():lattice-best-path.cc:99) For utterance c691, best cost 123.392 + 4747.32 = 4870.72 over 591 frames.
c691 کی <oov> کیلئے <oov> سے <oov> میں <oov> 
LOG (lattice-best-path[5.5.383~1-bd1d]:main():lattice-best-path.cc:99) For utterance c692, best cost 146.416 + 4123.13 = 4269.55 over 523 frames.
c692 <oov> نثار نے کہا کہ میں ایسے <oov> کے <oov> <oov> 
LOG (lattice-best-path[5.5.383~1-bd1d]:main():lattice-best-path.cc:99) For utterance c693, best cost 137.192 + 3540.44 = 3677.63 over 461 frames.
c693 میں نے <oov> <oov> سے کہا کہ <oov> پر <oov> مت دو 
LOG (lattice-best-path[5.5.383~1-bd1d]:main():lattice-best-path.cc:99) For utterance c694, best cost 89.5365 + 4373.02 = 4462.56 over 555 frames.
c694 <oov> <oov> <oov> <oov> بنائیں 
LOG (lattice-best-path[5.5.383~1-bd1d]:main():lattice-best-path.cc:99) For utterance c695, best cost 81.8504 + 4673.49 = 4755.34 over 581 frames.
c695 <oov> <oov> <oov> 
LOG (lattice-best-path[5.5.383~1-bd1d]:main():lattice-best-path.cc:99) For utterance c696, best cost 144.424 + 4810.23 = 4954.66 over 611 frames.
c696 <oov> <oov> <oov> کے بنانے کے لئے فراہم کیا جائے گا 
LOG (lattice-best-path[5.5.383~1-bd1d]:main():lattice-best-path.cc:99) For utterance c697, best cost 88.4279 + 3304.97 = 3393.4 over 415 frames.
c697 <oov> <oov> کرنے کا کام ہو گا 
LOG (lattice-best-path[5.5.383~1-bd1d]:main():lattice-best-path.cc:99) For utterance c698, best cost 84.5456 + 3845.1 = 3929.64 over 477 frames.
c698 <oov> سے <oov> لینے لگا 
LOG (lattice-best-path[5.5.383~1-bd1d]:main():lattice-best-path.cc:99) For utterance c699, best cost 107.083 + 5382.08 = 5489.16 over 669 frames.
c699 <oov> میں <oov> کے <oov> 
LOG (lattice-best-path[5.5.383~1-bd1d]:main():lattice-best-path.cc:99) For utterance c700, best cost 77.659 + 5194.85 = 5272.51 over 621 frames.
c700 <oov> <oov> کی <oov> 
LOG (lattice-scale[5.5.383~1-bd1d]:main():lattice-scale.cc:107) Done 71 lattices.
LOG (lattice-best-path[5.5.383~1-bd1d]:main():lattice-best-path.cc:99) For utterance c701, best cost 145.849 + 5751.24 = 5897.09 over 722 frames.
c701 مضمون <oov> <oov> کی <oov> <oov> کر <oov> کو سمجھایا 
LOG (lattice-best-path[5.5.383~1-bd1d]:main():lattice-best-path.cc:99) For utterance c702, best cost 108.392 + 3656.29 = 3764.68 over 467 frames.
c702 غیر فیصلہ <oov> میں ہر ایک <oov> 
LOG (lattice-best-path[5.5.383~1-bd1d]:main():lattice-best-path.cc:99) For utterance c703, best cost 81.311 + 3737.76 = 3819.07 over 478 frames.
c703LOG (lattice-add-penalty[5.5.383~1-bd1d]:main():lattice-add-penalty.cc:62) Done adding word insertion penalty to 71 lattices.
 <oov> کے <oov> ہوتا ہے 
LOG (lattice-best-path[5.5.383~1-bd1d]:main():lattice-best-path.cc:99) For utterance c704, best cost 91.1287 + 4491.95 = 4583.08 over 564 frames.
c704 <oov> <oov> <oov> <oov> <oov> ہے 
LOG (lattice-best-path[5.5.383~1-bd1d]:main():lattice-best-path.cc:99) For utterance c705, best cost 128.526 + 4251.06 = 4379.59 over 535 frames.
c705 <oov> <oov> ایجاد پر لاگت <oov> سے بڑھ گئی 
LOG (lattice-best-path[5.5.383~1-bd1d]:main():lattice-best-path.cc:99) For utterance c706, best cost 79.349 + 4057.14 = 4136.49 over 492 frames.
c706 <oov> <oov> تو <oov> 
LOG (lattice-best-path[5.5.383~1-bd1d]:main():lattice-best-path.cc:99) For utterance c707, best cost 56.6125 + 2901.63 = 2958.24 over 355 frames.
c707 <oov> پڑے 
LOG (lattice-best-path[5.5.383~1-bd1d]:main():lattice-best-path.cc:99) For utterance c708, best cost 118.583 + 4307.28 = 4425.87 over 527 frames.
c708 <oov> <oov> پہلے <oov> <oov> اور <oov> آئے 
LOG (lattice-best-path[5.5.383~1-bd1d]:main():lattice-best-path.cc:124) Overall cost per frame is 8.34219 = 0.183012 [graph] + 8.15918 [acoustic] over 37498 frames.
LOG (lattice-best-path[5.5.383~1-bd1d]:main():lattice-best-path.cc:128) Done 71 lattices, failed for 0
# Accounting: time=0 threads=1
# Ended (code 0) at Tue Jun 18 17:09:00 IST 2019, elapsed time 0 seconds
