# lattice-scale --inv-acoustic-scale=14 "ark:gunzip -c exp/tri1/decode/lat.*.gz|" ark:- | lattice-add-penalty --word-ins-penalty=1.0 ark:- ark:- | lattice-best-path --word-symbol-table=exp/tri1/graph/words.txt ark:- ark,t:- | utils/int2sym.pl -f 2- exp/tri1/graph/words.txt | cat > exp/tri1/decode/scoring_kaldi/penalty_1.0/14.txt 
# Started at Tue Jun 18 17:09:00 IST 2019
#
lattice-scale --inv-acoustic-scale=14 'ark:gunzip -c exp/tri1/decode/lat.*.gz|' ark:- 
lattice-best-path --word-symbol-table=exp/tri1/graph/words.txt ark:- ark,t:- 
lattice-add-penalty --word-ins-penalty=1.0 ark:- ark:- 
LOG (lattice-best-path[5.5.383~1-bd1d]:main():lattice-best-path.cc:99) For utterance c638, best cost 97.8121 + 4451.79 = 4549.6 over 693 frames.
c638 <oov> میں <oov> کو <oov> 
LOG (lattice-best-path[5.5.383~1-bd1d]:main():lattice-best-path.cc:99) For utterance c639, best cost 62.9647 + 4105.42 = 4168.38 over 630 frames.
c639 <oov> 
LOG (lattice-best-path[5.5.383~1-bd1d]:main():lattice-best-path.cc:99) For utterance c640, best cost 136.416 + 4545.53 = 4681.94 over 710 frames.
c640 <oov> کے <oov> <oov> والا کا <oov> لگایا 
LOG (lattice-best-path[5.5.383~1-bd1d]:main():lattice-best-path.cc:99) For utterance c641, best cost 53.2044 + 2882.47 = 2935.68 over 436 frames.
c641 <oov> 
LOG (lattice-best-path[5.5.383~1-bd1d]:main():lattice-best-path.cc:99) For utterance c642, best cost 89.4128 + 3454.72 = 3544.13 over 533 frames.
c642 <oov> <oov> <oov> کی <oov> 
LOG (lattice-best-path[5.5.383~1-bd1d]:main():lattice-best-path.cc:99) For utterance c643, best cost 92.9187 + 4035.98 = 4128.9 over 622 frames.
c643 <oov> <oov> اور <oov> <oov> 
LOG (lattice-best-path[5.5.383~1-bd1d]:main():lattice-best-path.cc:99) For utterance c644, best cost 119.263 + 4416.83 = 4536.09 over 685 frames.
c644 <oov> <oov> کے <oov> پارس <oov> <oov> 
LOG (lattice-best-path[5.5.383~1-bd1d]:main():lattice-best-path.cc:99) For utterance c645, best cost 96.952 + 3789.46 = 3886.41 over 584 frames.
c645 <oov> <oov> کرنے کی <oov> ہیں 
LOG (lattice-best-path[5.5.383~1-bd1d]:main():lattice-best-path.cc:99) For utterance c646, best cost 116.37 + 3286.94 = 3403.31 over 504 frames.
c646 <oov> نے کے بعد <oov> میں <oov> 
LOG (lattice-best-path[5.5.383~1-bd1d]:main():lattice-best-path.cc:99) For utterance c647, best cost 53.392 + 2334.59 = 2387.98 over 356 frames.
c647 <oov> پر آئے 
LOG (lattice-best-path[5.5.383~1-bd1d]:main():lattice-best-path.cc:99) For utterance c648, best cost 57.1045 + 2674.64 = 2731.74 over 415 frames.
c648 <oov> <oov> تھا 
LOG (lattice-best-path[5.5.383~1-bd1d]:main():lattice-best-path.cc:99) For utterance c649, best cost 111.197 + 3660.19 = 3771.39 over 580 frames.
c649 <oov> <oov> کے <oov> کے بعد <oov> <oov> 
LOG (lattice-best-path[5.5.383~1-bd1d]:main():lattice-best-path.cc:99) For utterance c650, best cost 87.1444 + 3711.05 = 3798.2 over 580 frames.
c650 <oov> کے <oov> ہے 
LOG (lattice-best-path[5.5.383~1-bd1d]:main():lattice-best-path.cc:99) For utterance c651, best cost 106.151 + 3023.72 = 3129.88 over 470 frames.
c651 <oov> کی <oov> سے پہلے <oov> تھیں 
LOG (lattice-best-path[5.5.383~1-bd1d]:main():lattice-best-path.cc:99) For utterance c652, best cost 112.788 + 4946.52 = 5059.31 over 761 frames.
c652 <oov> کی <oov> اور <oov> <oov> 
LOG (lattice-best-path[5.5.383~1-bd1d]:main():lattice-best-path.cc:99) For utterance c653, best cost 87.6042 + 4233.83 = 4321.43 over 660 frames.
c653 <oov> <oov> کا <oov> <oov> 
LOG (lattice-best-path[5.5.383~1-bd1d]:main():lattice-best-path.cc:99) For utterance c654, best cost 71.5761 + 3523.21 = 3594.79 over 542 frames.
c654 <oov> <oov> 
LOG (lattice-best-path[5.5.383~1-bd1d]:main():lattice-best-path.cc:99) For utterance c655, best cost 62.971 + 3230.63 = 3293.6 over 516 frames.
c655 <oov> <oov> ہے 
LOG (lattice-best-path[5.5.383~1-bd1d]:main():lattice-best-path.cc:99) For utterance c656, best cost 110.302 + 4062.09 = 4172.39 over 643 frames.
c656 <oov> <oov> <oov> اور <oov> <oov> کریں 
LOG (lattice-best-path[5.5.383~1-bd1d]:main():lattice-best-path.cc:99) For utterance c657, best cost 123.259 + 3018.92 = 3142.18 over 491 frames.
c657 <oov> <oov> <oov> کردار کی حد سے <oov> نہیں 
LOG (lattice-best-path[5.5.383~1-bd1d]:main():lattice-best-path.cc:99) For utterance c658, best cost 61.7521 + 2867.62 = 2929.37 over 449 frames.
c658 <oov> کی <oov> 
LOG (lattice-best-path[5.5.383~1-bd1d]:main():lattice-best-path.cc:99) For utterance c659, best cost 103.536 + 3876.64 = 3980.18 over 617 frames.
c659 <oov> <oov> کے بعد <oov> 
LOG (lattice-best-path[5.5.383~1-bd1d]:main():lattice-best-path.cc:99) For utterance c660, best cost 84.0012 + 1995.71 = 2079.71 over 313 frames.
c660 <oov> کے <oov> <oov> نہیں <oov> 
LOG (lattice-best-path[5.5.383~1-bd1d]:main():lattice-best-path.cc:99) For utterance c661, best cost 56.7355 + 2598.35 = 2655.08 over 413 frames.
c661 <oov> کیلئے <oov> 
LOG (lattice-best-path[5.5.383~1-bd1d]:main():lattice-best-path.cc:99) For utterance c662, best cost 56.7418 + 2547.81 = 2604.55 over 376 frames.
c662 <oov> 
LOG (lattice-best-path[5.5.383~1-bd1d]:main():lattice-best-path.cc:99) For utterance c663, best cost 91.3602 + 3921.75 = 4013.11 over 603 frames.
c663 <oov> <oov> <oov> ہوئی 
LOG (lattice-best-path[5.5.383~1-bd1d]:main():lattice-best-path.cc:99) For utterance c664, best cost 96.0719 + 3847.79 = 3943.86 over 575 frames.
c664 <oov> <oov> ہو گئ 
LOG (lattice-best-path[5.5.383~1-bd1d]:main():lattice-best-path.cc:99) For utterance c665, best cost 74.8591 + 2721.99 = 2796.85 over 435 frames.
c665 فیض نے <oov> ہوا 
LOG (lattice-best-path[5.5.383~1-bd1d]:main():lattice-best-path.cc:99) For utterance c666, best cost 76.1531 + 2858.71 = 2934.86 over 438 frames.
c666 <oov> سے <oov> لئے 
LOG (lattice-best-path[5.5.383~1-bd1d]:main():lattice-best-path.cc:99) For utterance c667, best cost 78.7812 + 2666.27 = 2745.05 over 395 frames.
c667 <oov> <oov> <oov> ہوئی 
LOG (lattice-best-path[5.5.383~1-bd1d]:main():lattice-best-path.cc:99) For utterance c668, best cost 81.5581 + 3976.15 = 4057.7 over 613 frames.
c668 <oov> <oov> <oov> 
LOG (lattice-best-path[5.5.383~1-bd1d]:main():lattice-best-path.cc:99) For utterance c669, best cost 54.5132 + 2960.35 = 3014.86 over 458 frames.
c669 <oov> کیا 
LOG (lattice-best-path[5.5.383~1-bd1d]:main():lattice-best-path.cc:99) For utterance c670, best cost 43.977 + 2539.73 = 2583.7 over 383 frames.
c670 <oov> 
LOG (lattice-best-path[5.5.383~1-bd1d]:main():lattice-best-path.cc:99) For utterance c671, best cost 114.528 + 4142.63 = 4257.16 over 624 frames.
c671 <oov> کی <oov> نے کہا <oov> 
LOG (lattice-best-path[5.5.383~1-bd1d]:main():lattice-best-path.cc:99) For utterance c672, best cost 75.498 + 3722.93 = 3798.42 over 589 frames.
c672 <oov> کا <oov> ہے 
LOG (lattice-best-path[5.5.383~1-bd1d]:main():lattice-best-path.cc:99) For utterance c673, best cost 63.7367 + 2601.2 = 2664.94 over 407 frames.
c673 <oov> <oov> ہے 
LOG (lattice-best-path[5.5.383~1-bd1d]:main():lattice-best-path.cc:99) For utterance c674, best cost 82.9318 + 3822.72 = 3905.65 over 592 frames.
c674 <oov> <oov> <oov> کی کوشش کی 
LOG (lattice-best-path[5.5.383~1-bd1d]:main():lattice-best-path.cc:99) For utterance c675, best cost 51.9645 + 2651.57 = 2703.53 over 403 frames.
c675 <oov> 
LOG (lattice-best-path[5.5.383~1-bd1d]:main():lattice-best-path.cc:99) For utterance c676, best cost 81.2095 + 3191.55 = 3272.76 over 480 frames.
c676 <oov> نے <oov> 
LOG (lattice-best-path[5.5.383~1-bd1d]:main():lattice-best-path.cc:99) For utterance c677, best cost 107.389 + 3923.02 = 4030.41 over 605 frames.
c677 نثار <oov> صبوحی <oov> گیا 
LOG (lattice-best-path[5.5.383~1-bd1d]:main():lattice-best-path.cc:99) For utterance c678, best cost 141.447 + 4663.8 = 4805.24 over 737 frames.
c678 <oov> <oov> کو <oov> نے کے <oov> <oov> <oov> <oov> کریں 
LOG (lattice-best-path[5.5.383~1-bd1d]:main():lattice-best-path.cc:99) For utterance c679, best cost 78.0074 + 2372.29 = 2450.3 over 365 frames.
c679 <oov> اور <oov> پر <oov> 
LOG (lattice-best-path[5.5.383~1-bd1d]:main():lattice-best-path.cc:99) For utterance c680, best cost 72.4964 + 3138.87 = 3211.37 over 480 frames.
c680 <oov> <oov> آ جاتا ہے 
LOG (lattice-best-path[5.5.383~1-bd1d]:main():lattice-best-path.cc:99) For utterance c681, best cost 67.8295 + 3282.16 = 3349.99 over 504 frames.
c681 <oov> کی <oov> 
LOG (lattice-best-path[5.5.383~1-bd1d]:main():lattice-best-path.cc:99) For utterance c682, best cost 61.6199 + 3562.7 = 3624.32 over 554 frames.
c682 <oov> 
LOG (lattice-best-path[5.5.383~1-bd1d]:main():lattice-best-path.cc:99) For utterance c683, best cost 83.0137 + 3455.66 = 3538.68 over 524 frames.
c683 <oov> <oov> <oov> کے <oov> 
LOG (lattice-best-path[5.5.383~1-bd1d]:main():lattice-best-path.cc:99) For utterance c684, best cost 51.5007 + 2594.74 = 2646.24 over 392 frames.
c684 <oov> 
LOG (lattice-best-path[5.5.383~1-bd1d]:main():lattice-best-path.cc:99) For utterance c685, best cost 45.1543 + 2513.72 = 2558.87 over 390 frames.
c685 <oov> 
LOG (lattice-best-path[5.5.383~1-bd1d]:main():lattice-best-path.cc:99) For utterance c686, best cost 61.4368 + 3374.58 = 3436.02 over 516 frames.
c686 <oov> <oov> 
LOG (lattice-best-path[5.5.383~1-bd1d]:main():lattice-best-path.cc:99) For utterance c687, best cost 76.2136 + 4233.56 = 4309.78 over 644 frames.
c687 <oov> کرائی 
LOG (lattice-best-path[5.5.383~1-bd1d]:main():lattice-best-path.cc:99) For utterance c688, best cost 124.048 + 4632.92 = 4756.96 over 713 frames.
c688 <oov> کر <oov> <oov> کے <oov> 
LOG (lattice-best-path[5.5.383~1-bd1d]:main():lattice-best-path.cc:99) For utterance c689, best cost 57.2911 + 3615.71 = 3673 over 541 frames.
c689 <oov> 
LOG (lattice-best-path[5.5.383~1-bd1d]:main():lattice-best-path.cc:99) For utterance c690, best cost 62.7207 + 2050.34 = 2113.06 over 315 frames.
c690 <oov> نہیں جاتا 
LOG (lattice-best-path[5.5.383~1-bd1d]:main():lattice-best-path.cc:99) For utterance c691, best cost 116.06 + 3737 = 3853.06 over 591 frames.
c691 <oov> کیلئے <oov> سے <oov> میں <oov> 
LOG (lattice-best-path[5.5.383~1-bd1d]:main():lattice-best-path.cc:99) For utterance c692, best cost 132.397 + 3252.69 = 3385.08 over 523 frames.
c692 <oov> نثار نے کہا کہ میں ایسے <oov> <oov> 
LOG (lattice-best-path[5.5.383~1-bd1d]:main():lattice-best-path.cc:99) For utterance c693, best cost 121.147 + 2795.96 = 2917.11 over 461 frames.
c693 میں نے <oov> کہا کہ <oov> پر <oov> مت دو 
LOG (lattice-best-path[5.5.383~1-bd1d]:main():lattice-best-path.cc:99) For utterance c694, best cost 81.072 + 3443.51 = 3524.58 over 555 frames.
c694 <oov> <oov> <oov> بنائیں 
LOG (lattice-best-path[5.5.383~1-bd1d]:main():lattice-best-path.cc:99) For utterance c695, best cost 81.8504 + 3672.02 = 3753.87 over 581 frames.
c695 <oov> <oov> <oov> 
LOG (lattice-best-path[5.5.383~1-bd1d]:main():lattice-best-path.cc:99) For utterance c696, best cost 131.034 + 3792.13 = 3923.17 over 611 frames.
c696 <oov> کے بنانے کے لئے فراہم کیا جائے گا 
LOG (lattice-best-path[5.5.383~1-bd1d]:main():lattice-best-path.cc:99) For utterance c697, best cost 82.2786 + 2602.65 = 2684.93 over 415 frames.
c697 <oov> کرنے کا کام ہو گا 
LOG (lattice-best-path[5.5.383~1-bd1d]:main():lattice-best-path.cc:99) For utterance c698, best cost 52.6201 + 3047.2 = 3099.82 over 477 frames.
c698 <oov> لگا 
LOG (lattice-best-path[5.5.383~1-bd1d]:main():lattice-best-path.cc:99) For utterance c699, best cost 92.869 + 4240.62 = 4333.49 over 669 frames.
c699 <oov> میں <oov> 
LOG (lattice-best-path[5.5.383~1-bd1d]:main():lattice-best-path.cc:99) For utterance c700, best cost 65.2505 + 4092.88 = 4158.13 over 621 frames.
c700 <oov> <oov> 
LOG (lattice-best-path[5.5.383~1-bd1d]:main():lattice-best-path.cc:99) For utterance c701, best cost 83.637 + 4570.75 = 4654.38 over 722 frames.
c701 <oov>LOG (lattice-scale[5.5.383~1-bd1d]:main():lattice-scale.cc:107) Done 71 lattices.
 <oov> <oov> <oov> 
LOG (lattice-best-path[5.5.383~1-bd1d]:main():lattice-best-path.cc:99) For utterance c702, best cost 82.2028 + 2895.83 = 2978.04 over 467 frames.
c702 غیر <oov> میں <oov> <oov> 
LOG (lattice-add-penalty[5.5.383~1-bd1d]:main():lattice-add-penalty.cc:62) Done adding word insertion penalty to 71 lattices.
LOG (lattice-best-path[5.5.383~1-bd1d]:main():lattice-best-path.cc:99) For utterance c703, best cost 81.311 + 2936.81 = 3018.12 over 478 frames.
c703 <oov> کے <oov> ہوتا ہے 
LOG (lattice-best-path[5.5.383~1-bd1d]:main():lattice-best-path.cc:99) For utterance c704, best cost 84.9695 + 3534.96 = 3619.93 over 564 frames.
c704 <oov> <oov> <oov> <oov> ہے 
LOG (lattice-best-path[5.5.383~1-bd1d]:main():lattice-best-path.cc:99) For utterance c705, best cost 128.526 + 3340.12 = 3468.65 over 535 frames.
c705 <oov> <oov> ایجاد پر لاگت <oov> سے بڑھ گئی 
LOG (lattice-best-path[5.5.383~1-bd1d]:main():lattice-best-path.cc:99) For utterance c706, best cost 79.349 + 3187.75 = 3267.1 over 492 frames.
c706 <oov> <oov> تو <oov> 
LOG (lattice-best-path[5.5.383~1-bd1d]:main():lattice-best-path.cc:99) For utterance c707, best cost 56.6125 + 2279.85 = 2336.46 over 355 frames.
c707 <oov> پڑے 
LOG (lattice-best-path[5.5.383~1-bd1d]:main():lattice-best-path.cc:99) For utterance c708, best cost 99.3383 + 3403.35 = 3502.68 over 527 frames.
c708 <oov> <oov> پہلے <oov> <oov> آئے 
LOG (lattice-best-path[5.5.383~1-bd1d]:main():lattice-best-path.cc:124) Overall cost per frame is 6.59133 = 0.160579 [graph] + 6.43075 [acoustic] over 37498 frames.
LOG (lattice-best-path[5.5.383~1-bd1d]:main():lattice-best-path.cc:128) Done 71 lattices, failed for 0
# Accounting: time=0 threads=1
# Ended (code 0) at Tue Jun 18 17:09:00 IST 2019, elapsed time 0 seconds
