# lattice-scale --inv-acoustic-scale=8 "ark:gunzip -c exp/tri1/decode/lat.*.gz|" ark:- | lattice-add-penalty --word-ins-penalty=1.0 ark:- ark:- | lattice-best-path --word-symbol-table=exp/tri1/graph/words.txt ark:- ark,t:- | utils/int2sym.pl -f 2- exp/tri1/graph/words.txt | cat > exp/tri1/decode/scoring_kaldi/penalty_1.0/8.txt 
# Started at Tue Jun 18 17:08:59 IST 2019
#
lattice-scale --inv-acoustic-scale=8 'ark:gunzip -c exp/tri1/decode/lat.*.gz|' ark:- 
lattice-best-path --word-symbol-table=exp/tri1/graph/words.txt ark:- ark,t:- 
lattice-add-penalty --word-ins-penalty=1.0 ark:- ark:- 
LOG (lattice-best-path[5.5.383~1-bd1d]:main():lattice-best-path.cc:99) For utterance c638, best cost 139.688 + 7736.32 = 7876.01 over 693 frames.
c638 <oov> کی <oov> میں <oov> <oov> کو <oov> کی کے <oov> 
LOG (lattice-best-path[5.5.383~1-bd1d]:main():lattice-best-path.cc:99) For utterance c639, best cost 107.995 + 7134.29 = 7242.29 over 630 frames.
c639 <oov> کی <oov> <oov> <oov> کی <oov> 
LOG (lattice-best-path[5.5.383~1-bd1d]:main():lattice-best-path.cc:99) For utterance c640, best cost 218.577 + 7839.54 = 8058.12 over 710 frames.
c640 <oov> کے <oov> پر بیٹھ <oov> سفیر نے <oov> <oov> کونسل کے <oov> والا کا <oov> لگایا 
LOG (lattice-best-path[5.5.383~1-bd1d]:main():lattice-best-path.cc:99) For utterance c641, best cost 99.1186 + 4984.76 = 5083.88 over 436 frames.
c641 <oov> <oov> کی <oov> کر <oov> <oov> 
LOG (lattice-best-path[5.5.383~1-bd1d]:main():lattice-best-path.cc:99) For utterance c642, best cost 89.4128 + 6045.76 = 6135.17 over 533 frames.
c642 <oov> <oov> <oov> کی <oov> 
LOG (lattice-best-path[5.5.383~1-bd1d]:main():lattice-best-path.cc:99) For utterance c643, best cost 108.667 + 7039.23 = 7147.89 over 622 frames.
c643 <oov> <oov> <oov> اور <oov> <oov> لیں 
LOG (lattice-best-path[5.5.383~1-bd1d]:main():lattice-best-path.cc:99) For utterance c644, best cost 141.209 + 7700.67 = 7841.88 over 685 frames.
c644 <oov> <oov> اور <oov> <oov> کے <oov> پارس <oov> <oov> 
LOG (lattice-best-path[5.5.383~1-bd1d]:main():lattice-best-path.cc:99) For utterance c645, best cost 119.663 + 6601.33 = 6721 over 584 frames.
c645 <oov> میں <oov> <oov> <oov> کرنے کی <oov> ہیں 
LOG (lattice-best-path[5.5.383~1-bd1d]:main():lattice-best-path.cc:99) For utterance c646, best cost 144.995 + 5707.18 = 5852.18 over 504 frames.
c646 <oov> اور <oov> نے کے بعد <oov> میں <oov> میں آئی 
LOG (lattice-best-path[5.5.383~1-bd1d]:main():lattice-best-path.cc:99) For utterance c647, best cost 59.6104 + 4075.92 = 4135.53 over 356 frames.
c647 <oov> <oov> پر آئے 
LOG (lattice-best-path[5.5.383~1-bd1d]:main():lattice-best-path.cc:99) For utterance c648, best cost 100.496 + 4629.13 = 4729.62 over 415 frames.
c648 میلے میں <oov> <oov> <oov> کیلئے <oov> تھا 
LOG (lattice-best-path[5.5.383~1-bd1d]:main():lattice-best-path.cc:99) For utterance c649, best cost 128.737 + 6385.27 = 6514.01 over 580 frames.
c649 <oov> <oov> کے بیٹھ نے کے بعد <oov> <oov> 
LOG (lattice-best-path[5.5.383~1-bd1d]:main():lattice-best-path.cc:99) For utterance c650, best cost 122.186 + 6445.37 = 6567.56 over 580 frames.
c650 <oov> کی <oov> کے <oov> <oov> کے <oov> ہے 
LOG (lattice-best-path[5.5.383~1-bd1d]:main():lattice-best-path.cc:99) For utterance c651, best cost 140.484 + 5242.22 = 5382.7 over 470 frames.
c651 <oov> کو <oov> <oov> کی <oov> سے پہلے <oov> پی تھیں 
LOG (lattice-best-path[5.5.383~1-bd1d]:main():lattice-best-path.cc:99) For utterance c652, best cost 144.419 + 8612.68 = 8757.09 over 761 frames.
c652 <oov> کی <oov> <oov> <oov> اور <oov> <oov> کے <oov> 
LOG (lattice-best-path[5.5.383~1-bd1d]:main():lattice-best-path.cc:99) For utterance c653, best cost 134.768 + 7340.85 = 7475.62 over 660 frames.
c653 <oov> <oov> کا <oov> <oov> کر <oov> کے <oov> <oov> 
LOG (lattice-best-path[5.5.383~1-bd1d]:main():lattice-best-path.cc:99) For utterance c654, best cost 71.5761 + 6165.62 = 6237.19 over 542 frames.
c654 <oov> <oov> 
LOG (lattice-best-path[5.5.383~1-bd1d]:main():lattice-best-path.cc:99) For utterance c655, best cost 67.4856 + 5646.25 = 5713.74 over 516 frames.
c655 <oov> <oov> <oov> ہے 
LOG (lattice-best-path[5.5.383~1-bd1d]:main():lattice-best-path.cc:99) For utterance c656, best cost 134.566 + 7074.04 = 7208.61 over 643 frames.
c656 <oov> سے <oov> <oov> <oov> اور <oov> <oov> <oov> کریں 
LOG (lattice-best-path[5.5.383~1-bd1d]:main():lattice-best-path.cc:99) For utterance c657, best cost 131.225 + 5274.61 = 5405.83 over 491 frames.
c657 <oov> <oov> کے <oov> کردار کی حد سے <oov> نہیں 
LOG (lattice-best-path[5.5.383~1-bd1d]:main():lattice-best-path.cc:99) For utterance c658, best cost 61.7521 + 5018.33 = 5080.08 over 449 frames.
c658 <oov> کی <oov> 
LOG (lattice-best-path[5.5.383~1-bd1d]:main():lattice-best-path.cc:99) For utterance c659, best cost 144.99 + 6735.21 = 6880.2 over 617 frames.
c659 <oov> کر <oov> اور <oov> <oov> <oov> کے بعد <oov> 
LOG (lattice-best-path[5.5.383~1-bd1d]:main():lattice-best-path.cc:99) For utterance c660, best cost 90.0987 + 3485.89 = 3575.99 over 313 frames.
c660 <oov> <oov> کے <oov> <oov> نہیں <oov> 
LOG (lattice-best-path[5.5.383~1-bd1d]:main():lattice-best-path.cc:99) For utterance c661, best cost 75.8843 + 4518.25 = 4594.13 over 413 frames.
c661 <oov> لینے کے لئے <oov> <oov> 
LOG (lattice-best-path[5.5.383~1-bd1d]:main():lattice-best-path.cc:99) For utterance c662, best cost 90.724 + 4406.96 = 4497.68 over 376 frames.
c662 <oov> <oov> کو کی <oov> <oov> 
LOG (lattice-best-path[5.5.383~1-bd1d]:main():lattice-best-path.cc:99) For utterance c663, best cost 135.336 + 6813.4 = 6948.73 over 603 frames.
c663 <oov> رونے <oov> <oov> <oov> <oov> <oov> کی <oov> ہوئی 
LOG (lattice-best-path[5.5.383~1-bd1d]:main():lattice-best-path.cc:99) For utterance c664, best cost 146.257 + 6670.45 = 6816.71 over 575 frames.
c664 <oov> کے <oov> میں <oov> <oov> کے <oov> <oov> ہو گئ 
LOG (lattice-best-path[5.5.383~1-bd1d]:main():lattice-best-path.cc:99) For utterance c665, best cost 127.429 + 4697.27 = 4824.69 over 435 frames.
c665 فیض نے <oov> سال راوی سے <oov> <oov> ہوا 
LOG (lattice-best-path[5.5.383~1-bd1d]:main():lattice-best-path.cc:99) For utterance c666, best cost 111.369 + 4957.69 = 5069.06 over 438 frames.
c666 <oov> سے <oov> پر <oov> سے <oov> لئے 
LOG (lattice-best-path[5.5.383~1-bd1d]:main():lattice-best-path.cc:99) For utterance c667, best cost 116.128 + 4617.26 = 4733.38 over 395 frames.
c667 <oov> سے <oov> بھوسے کی <oov> <oov> ہوئی 
LOG (lattice-best-path[5.5.383~1-bd1d]:main():lattice-best-path.cc:99) For utterance c668, best cost 145.506 + 6872.92 = 7018.42 over 613 frames.
c668 <oov> <oov> کے <oov> <oov> نے والے <oov> <oov> لا 
LOG (lattice-best-path[5.5.383~1-bd1d]:main():lattice-best-path.cc:99) For utterance c669, best cost 94.4734 + 5128.1 = 5222.58 over 458 frames.
c669 <oov> <oov> کے <oov> نہیں کیا 
LOG (lattice-best-path[5.5.383~1-bd1d]:main():lattice-best-path.cc:99) For utterance c670, best cost 61.9401 + 4425.64 = 4487.58 over 383 frames.
c670 <oov> کا <oov> 
LOG (lattice-best-path[5.5.383~1-bd1d]:main():lattice-best-path.cc:99) For utterance c671, best cost 155.236 + 7193.15 = 7348.39 over 624 frames.
c671 <oov> سے پہلے <oov> کی <oov> نے کہا <oov> کے <oov> <oov> 
LOG (lattice-best-path[5.5.383~1-bd1d]:main():lattice-best-path.cc:99) For utterance c672, best cost 112.173 + 6472.16 = 6584.33 over 589 frames.
c672 <oov> <oov> تو <oov> <oov> کا <oov> ہے 
LOG (lattice-best-path[5.5.383~1-bd1d]:main():lattice-best-path.cc:99) For utterance c673, best cost 122.077 + 4479.55 = 4601.63 over 407 frames.
c673 <oov> <oov> نسل کے <oov> <oov> پڑ آئے 
LOG (lattice-best-path[5.5.383~1-bd1d]:main():lattice-best-path.cc:99) For utterance c674, best cost 122.368 + 6631.84 = 6754.21 over 592 frames.
c674 <oov> نے <oov> میں <oov> <oov> نے کی کوشش کی 
LOG (lattice-best-path[5.5.383~1-bd1d]:main():lattice-best-path.cc:99) For utterance c675, best cost 94.4302 + 4590.09 = 4684.52 over 403 frames.
c675 <oov> پر <oov> کا <oov> آئے 
LOG (lattice-best-path[5.5.383~1-bd1d]:main():lattice-best-path.cc:99) For utterance c676, best cost 154.611 + 5477.52 = 5632.13 over 480 frames.
c676 <oov> ہائش کی <oov> نتیجہ <oov> نے <oov> پر رکھ دی 
LOG (lattice-best-path[5.5.383~1-bd1d]:main():lattice-best-path.cc:99) For utterance c677, best cost 179.972 + 6772.65 = 6952.62 over 605 frames.
c677 نثار <oov> مگر بعد <oov> صبوحی <oov> کی ہیبت سے <oov> گیا 
LOG (lattice-best-path[5.5.383~1-bd1d]:main():lattice-best-path.cc:99) For utterance c678, best cost 187.87 + 8103.67 = 8291.54 over 737 frames.
c678 سینٹ <oov> کو <oov> سے <oov> آنے کے <oov> <oov> سے <oov> شعر کریں 
LOG (lattice-best-path[5.5.383~1-bd1d]:main():lattice-best-path.cc:99) For utterance c679, best cost 99.9591 + 4124.11 = 4224.06 over 365 frames.
c679 <oov> اور <oov> پر <oov> لگایا <oov> 
LOG (lattice-best-path[5.5.383~1-bd1d]:main():lattice-best-path.cc:99) For utterance c680, best cost 125.259 + 5428.04 = 5553.3 over 480 frames.
c680 <oov> کا جوڑا پہن <oov> نے میں <oov> آ جاتا ہے 
LOG (lattice-best-path[5.5.383~1-bd1d]:main():lattice-best-path.cc:99) For utterance c681, best cost 123.736 + 5684.05 = 5807.78 over 504 frames.
c681 <oov> کو <oov> کی <oov> پر <oov> پر <oov> 
LOG (lattice-best-path[5.5.383~1-bd1d]:main():lattice-best-path.cc:99) For utterance c682, best cost 109.706 + 6168.75 = 6278.45 over 554 frames.
c682 <oov> کی <oov> کر <oov> کیے 
LOG (lattice-best-path[5.5.383~1-bd1d]:main():lattice-best-path.cc:99) For utterance c683, best cost 127.165 + 5986.01 = 6113.18 over 524 frames.
c683 <oov> سے <oov> <oov> <oov> کے <oov> <oov> نکھر گئی 
LOG (lattice-best-path[5.5.383~1-bd1d]:main():lattice-best-path.cc:99) For utterance c684, best cost 72.9333 + 4514.61 = 4587.54 over 392 frames.
c684 <oov> کے کی <oov> 
LOG (lattice-best-path[5.5.383~1-bd1d]:main():lattice-best-path.cc:99) For utterance c685, best cost 56.9698 + 4383.52 = 4440.49 over 390 frames.
c685 <oov> <oov> <oov> 
LOG (lattice-best-path[5.5.383~1-bd1d]:main():lattice-best-path.cc:99) For utterance c686, best cost 93.3795 + 5861.46 = 5954.84 over 516 frames.
c686 <oov> کے <oov> سے <oov> <oov> 
LOG (lattice-best-path[5.5.383~1-bd1d]:main():lattice-best-path.cc:99) For utterance c687, best cost 119.762 + 7351.95 = 7471.71 over 644 frames.
c687 <oov> اسکے <oov> کھول <oov> <oov> کرائی 
LOG (lattice-best-path[5.5.383~1-bd1d]:main():lattice-best-path.cc:99) For utterance c688, best cost 235.979 + 7975.67 = 8211.65 over 713 frames.
c688 ہلکی <oov> چادر <oov> کر <oov> <oov> <oov> اور <oov> کے <oov> میں نے <oov> <oov> کے پر <oov> 
LOG (lattice-best-path[5.5.383~1-bd1d]:main():lattice-best-path.cc:99) For utterance c689, best cost 114.302 + 6253.42 = 6367.73 over 541 frames.
c689 <oov> جان <oov> اور <oov> فصلیں <oov> ہے 
LOG (lattice-best-path[5.5.383~1-bd1d]:main():lattice-best-path.cc:99) For utterance c690, best cost 62.7207 + 3588.09 = 3650.81 over 315 frames.
c690 <oov> نہیں جاتا 
LOG (lattice-best-path[5.5.383~1-bd1d]:main():lattice-best-path.cc:99) For utterance c691, best cost 179.705 + 6458.11 = 6637.82 over 591 frames.
c691 کی <oov> کیلئے اپنا <oov> سے <oov> سا کر <oov> ناپ میں <oov> 
LOG (lattice-best-path[5.5.383~1-bd1d]:main():lattice-best-path.cc:99) For utterance c692, best cost 169.282 + 5644.75 = 5814.03 over 523 frames.
c692 <oov> نثار نے کہا کہ میں ایسے <oov> کے <oov> <oov> آتے <oov> 
LOG (lattice-best-path[5.5.383~1-bd1d]:main():lattice-best-path.cc:99) For utterance c693, best cost 164.486 + 4837.33 = 5001.81 over 461 frames.
c693 میں نے <oov> <oov> اسے کہا کہ <oov> پر <oov> کر رائے مت دو 
LOG (lattice-best-path[5.5.383~1-bd1d]:main():lattice-best-path.cc:99) For utterance c694, best cost 102.329 + 5999.49 = 6101.81 over 555 frames.
c694 <oov> <oov> <oov> <oov> چوبند بنائیں 
LOG (lattice-best-path[5.5.383~1-bd1d]:main():lattice-best-path.cc:99) For utterance c695, best cost 155.043 + 6337.28 = 6492.32 over 581 frames.
c695 <oov> جانے کو <oov> اگر <oov> تو پانی میں <oov> 
LOG (lattice-best-path[5.5.383~1-bd1d]:main():lattice-best-path.cc:99) For utterance c696, best cost 189.866 + 6561.5 = 6751.37 over 611 frames.
c696 <oov> <oov> کی آمیز ایک کو مصنوعی <oov> کے بنانے کے لئے فراہم کیا جائے گا 
LOG (lattice-best-path[5.5.383~1-bd1d]:main():lattice-best-path.cc:99) For utterance c697, best cost 88.4279 + 4544.34 = 4632.76 over 415 frames.
c697 <oov> <oov> کرنے کا کام ہو گا 
LOG (lattice-best-path[5.5.383~1-bd1d]:main():lattice-best-path.cc:99) For utterance c698, best cost 93.0748 + 5277.54 = 5370.62 over 477 frames.
c698 <oov> سے <oov> <oov> لینے لگا 
LOG (lattice-best-path[5.5.383~1-bd1d]:main():lattice-best-path.cc:99) For utterance c699, best cost 146.977 + 7354.54 = 7501.52 over 669 frames.
c699 <oov> میں <oov> کے <oov> تی کا مت <oov> 
LOG (lattice-best-path[5.5.383~1-bd1d]:main():lattice-best-path.cc:99) For utterance c700, best cost 84.9101 + 7133.4 = 7218.31 over 621 frames.
c700 <oov> <oov> کی <oov> ہو 
LOG (lattice-best-path[5.5.383~1-bd1d]:main():lattice-best-path.cc:99) For utterance c701, best cost 167.765 + 7884.88 = 8052.65 over 722 frames.
c701 مضمون <oov> <oov> <oov> غزل کی <oov> <oov> کر <oov> کو سمجھایا 
LOG (lattice-scale[5.5.383~1-bd1d]:main():lattice-scale.cc:107) Done 71 lattices.
LOG (lattice-best-path[5.5.383~1-bd1d]:main():lattice-best-path.cc:99) For utterance c702, best cost 108.392 + 5027.4 = 5135.79 over 467 frames.
c702 غیر فیصلہ <oov> میں ہر ایک <oov> 
LOG (lattice-add-penalty[5.5.383~1-bd1d]:main():lattice-add-penalty.cc:62) Done adding word insertion penalty to 71 lattices.
LOG (lattice-best-path[5.5.383~1-bd1d]:main():lattice-best-path.cc:99) For utterance c703, best cost 114.161 + 5096.45 = 5210.61 over 478 frames.
c703 <oov> کے <oov> <oov> بار ظاہر ہوتا ہے 
LOG (lattice-best-path[5.5.383~1-bd1d]:main():lattice-best-path.cc:99) For utterance c704, best cost 116.302 + 6148.67 = 6264.97 over 564 frames.
c704 <oov> <oov> <oov> <oov> <oov> <oov> کا <oov> ہے 
LOG (lattice-best-path[5.5.383~1-bd1d]:main():lattice-best-path.cc:99) For utterance c705, best cost 140.616 + 5832.72 = 5973.33 over 535 frames.
c705 <oov> بن <oov> ایجاد پر لاگت <oov> سے بڑھ گئی 
LOG (lattice-best-path[5.5.383~1-bd1d]:main():lattice-best-path.cc:99) For utterance c706, best cost 103.259 + 5553.22 = 5656.48 over 492 frames.
c706 <oov> <oov> کے <oov> <oov> تو <oov> 
LOG (lattice-best-path[5.5.383~1-bd1d]:main():lattice-best-path.cc:99) For utterance c707, best cost 72.734 + 3972.46 = 4045.2 over 355 frames.
c707 ماضی <oov> <oov> پڑے 
LOG (lattice-best-path[5.5.383~1-bd1d]:main():lattice-best-path.cc:99) For utterance c708, best cost 129.194 + 5909.05 = 6038.25 over 527 frames.
c708 <oov> <oov> پہلے <oov> نے <oov> اور <oov> آئے 
LOG (lattice-best-path[5.5.383~1-bd1d]:main():lattice-best-path.cc:124) Overall cost per frame is 11.3938 = 0.22945 [graph] + 11.1644 [acoustic] over 37498 frames.
LOG (lattice-best-path[5.5.383~1-bd1d]:main():lattice-best-path.cc:128) Done 71 lattices, failed for 0
# Accounting: time=1 threads=1
# Ended (code 0) at Tue Jun 18 17:09:00 IST 2019, elapsed time 1 seconds
