# ali-to-post "ark:gunzip -c exp/tri3_ali/pre_ali.1.gz|" ark:- | weight-silence-post 0.0 1:2:3:4:5:6:7:8:9:10 exp/tri3/final.alimdl ark:- ark:- | gmm-post-to-gpost exp/tri3/final.alimdl "ark,s,cs:apply-cmvn  --utt2spk=ark:data/train/split8/1/utt2spk scp:data/train/split8/1/cmvn.scp scp:data/train/split8/1/feats.scp ark:- | splice-feats  ark:- ark:- | transform-feats exp/tri3/final.mat ark:- ark:- |" ark:- ark:- | gmm-est-fmllr-gpost --fmllr-update-type=full --spk2utt=ark:data/train/split8/1/spk2utt exp/tri3/final.mdl "ark,s,cs:apply-cmvn  --utt2spk=ark:data/train/split8/1/utt2spk scp:data/train/split8/1/cmvn.scp scp:data/train/split8/1/feats.scp ark:- | splice-feats  ark:- ark:- | transform-feats exp/tri3/final.mat ark:- ark:- |" ark,s,cs:- ark:exp/tri3_ali/trans.1 
# Started at Tue Jun 18 16:53:07 IST 2019
#
weight-silence-post 0.0 1:2:3:4:5:6:7:8:9:10 exp/tri3/final.alimdl ark:- ark:- 
gmm-est-fmllr-gpost --fmllr-update-type=full --spk2utt=ark:data/train/split8/1/spk2utt exp/tri3/final.mdl 'ark,s,cs:apply-cmvn  --utt2spk=ark:data/train/split8/1/utt2spk scp:data/train/split8/1/cmvn.scp scp:data/train/split8/1/feats.scp ark:- | splice-feats  ark:- ark:- | transform-feats exp/tri3/final.mat ark:- ark:- |' ark,s,cs:- ark:exp/tri3_ali/trans.1 
gmm-post-to-gpost exp/tri3/final.alimdl 'ark,s,cs:apply-cmvn  --utt2spk=ark:data/train/split8/1/utt2spk scp:data/train/split8/1/cmvn.scp scp:data/train/split8/1/feats.scp ark:- | splice-feats  ark:- ark:- | transform-feats exp/tri3/final.mat ark:- ark:- |' ark:- ark:- 
ali-to-post 'ark:gunzip -c exp/tri3_ali/pre_ali.1.gz|' ark:- 
apply-cmvn --utt2spk=ark:data/train/split8/1/utt2spk scp:data/train/split8/1/cmvn.scp scp:data/train/split8/1/feats.scp ark:- 
splice-feats ark:- ark:- 
transform-feats exp/tri3/final.mat ark:- ark:- 
transform-feats exp/tri3/final.mat ark:- ark:- 
splice-feats ark:- ark:- 
apply-cmvn --utt2spk=ark:data/train/split8/1/utt2spk scp:data/train/split8/1/cmvn.scp scp:data/train/split8/1/feats.scp ark:- 
WARNING (gmm-est-fmllr-gpost[5.5.383~1-bd1d]:Update():fmllr-diag-gmm.cc:162) Not updating fMLLR since below min-count: count is 499
LOG (gmm-est-fmllr-gpost[5.5.383~1-bd1d]:main():gmm-est-fmllr-gpost.cc:141) For speaker c1, auxf-impr from fMLLR is 0, over 499 frames.

WARNING (gmm-est-fmllr-gpost[5.5.383~1-bd1d]:Update():fmllr-diag-gmm.cc:162) Not updating fMLLR since below min-count: count is 365
LOG (gmm-est-fmllr-gpost[5.5.383~1-bd1d]:main():gmm-est-fmllr-gpost.cc:141) For speaker c10, auxf-impr from fMLLR is 0, over 365 frames.

WARNING (gmm-est-fmllr-gpost[5.5.383~1-bd1d]:Update():fmllr-diag-gmm.cc:162) Not updating fMLLR since below min-count: count is 261
LOG (gmm-est-fmllr-gpost[5.5.383~1-bd1d]:main():gmm-est-fmllr-gpost.cc:141) For speaker c100, auxf-impr from fMLLR is 0, over 261 frames.

WARNING (gmm-est-fmllr-gpost[5.5.383~1-bd1d]:Update():fmllr-diag-gmm.cc:162) Not updating fMLLR since below min-count: count is 296
LOG (gmm-est-fmllr-gpost[5.5.383~1-bd1d]:main():gmm-est-fmllr-gpost.cc:141) For speaker c101, auxf-impr from fMLLR is 0, over 296 frames.

WARNING (gmm-est-fmllr-gpost[5.5.383~1-bd1d]:Update():fmllr-diag-gmm.cc:162) Not updating fMLLR since below min-count: count is 157
LOG (gmm-est-fmllr-gpost[5.5.383~1-bd1d]:main():gmm-est-fmllr-gpost.cc:141) For speaker c102, auxf-impr from fMLLR is 0, over 157 frames.

WARNING (gmm-est-fmllr-gpost[5.5.383~1-bd1d]:Update():fmllr-diag-gmm.cc:162) Not updating fMLLR since below min-count: count is 379
LOG (gmm-est-fmllr-gpost[5.5.383~1-bd1d]:main():gmm-est-fmllr-gpost.cc:141) For speaker c103, auxf-impr from fMLLR is 0, over 379 frames.

WARNING (gmm-est-fmllr-gpost[5.5.383~1-bd1d]:Update():fmllr-diag-gmm.cc:162) Not updating fMLLR since below min-count: count is 427
LOG (gmm-est-fmllr-gpost[5.5.383~1-bd1d]:main():gmm-est-fmllr-gpost.cc:141) For speaker c104, auxf-impr from fMLLR is 0, over 427 frames.

WARNING (gmm-est-fmllr-gpost[5.5.383~1-bd1d]:Update():fmllr-diag-gmm.cc:162) Not updating fMLLR since below min-count: count is 304
LOG (gmm-est-fmllr-gpost[5.5.383~1-bd1d]:main():gmm-est-fmllr-gpost.cc:141) For speaker c105, auxf-impr from fMLLR is 0, over 304 frames.

WARNING (gmm-est-fmllr-gpost[5.5.383~1-bd1d]:Update():fmllr-diag-gmm.cc:162) Not updating fMLLR since below min-count: count is 373
LOG (gmm-est-fmllr-gpost[5.5.383~1-bd1d]:main():gmm-est-fmllr-gpost.cc:141) For speaker c106, auxf-impr from fMLLR is 0, over 373 frames.

WARNING (gmm-est-fmllr-gpost[5.5.383~1-bd1d]:Update():fmllr-diag-gmm.cc:162) Not updating fMLLR since below min-count: count is 157
LOG (gmm-est-fmllr-gpost[5.5.383~1-bd1d]:main():gmm-est-fmllr-gpost.cc:141) For speaker c107, auxf-impr from fMLLR is 0, over 157 frames.

WARNING (gmm-est-fmllr-gpost[5.5.383~1-bd1d]:Update():fmllr-diag-gmm.cc:162) Not updating fMLLR since below min-count: count is 228
LOG (gmm-est-fmllr-gpost[5.5.383~1-bd1d]:main():gmm-est-fmllr-gpost.cc:141) For speaker c108, auxf-impr from fMLLR is 0, over 228 frames.

WARNING (gmm-est-fmllr-gpost[5.5.383~1-bd1d]:Update():fmllr-diag-gmm.cc:162) Not updating fMLLR since below min-count: count is 138
LOG (gmm-est-fmllr-gpost[5.5.383~1-bd1d]:main():gmm-est-fmllr-gpost.cc:141) For speaker c109, auxf-impr from fMLLR is 0, over 138 frames.

WARNING (gmm-est-fmllr-gpost[5.5.383~1-bd1d]:Update():fmllr-diag-gmm.cc:162) Not updating fMLLR since below min-count: count is 442
LOG (gmm-est-fmllr-gpost[5.5.383~1-bd1d]:main():gmm-est-fmllr-gpost.cc:141) For speaker c11, auxf-impr from fMLLR is 0, over 442 frames.

WARNING (gmm-est-fmllr-gpost[5.5.383~1-bd1d]:Update():fmllr-diag-gmm.cc:162) Not updating fMLLR since below min-count: count is 104
LOG (gmm-est-fmllr-gpost[5.5.383~1-bd1d]:main():gmm-est-fmllr-gpost.cc:141) For speaker c110, auxf-impr from fMLLR is 0, over 104 frames.

WARNING (gmm-est-fmllr-gpost[5.5.383~1-bd1d]:Update():fmllr-diag-gmm.cc:162) Not updating fMLLR since below min-count: count is 323
LOG (gmm-est-fmllr-gpost[5.5.383~1-bd1d]:main():gmm-est-fmllr-gpost.cc:141) For speaker c111, auxf-impr from fMLLR is 0, over 323 frames.

WARNING (gmm-est-fmllr-gpost[5.5.383~1-bd1d]:Update():fmllr-diag-gmm.cc:162) Not updating fMLLR since below min-count: count is 119
LOG (gmm-est-fmllr-gpost[5.5.383~1-bd1d]:main():gmm-est-fmllr-gpost.cc:141) For speaker c112, auxf-impr from fMLLR is 0, over 119 frames.

WARNING (gmm-est-fmllr-gpost[5.5.383~1-bd1d]:Update():fmllr-diag-gmm.cc:162) Not updating fMLLR since below min-count: count is 222
LOG (gmm-est-fmllr-gpost[5.5.383~1-bd1d]:main():gmm-est-fmllr-gpost.cc:141) For speaker c113, auxf-impr from fMLLR is 0, over 222 frames.

WARNING (gmm-est-fmllr-gpost[5.5.383~1-bd1d]:Update():fmllr-diag-gmm.cc:162) Not updating fMLLR since below min-count: count is 89
LOG (gmm-est-fmllr-gpost[5.5.383~1-bd1d]:main():gmm-est-fmllr-gpost.cc:141) For speaker c114, auxf-impr from fMLLR is 0, over 89 frames.

WARNING (gmm-est-fmllr-gpost[5.5.383~1-bd1d]:Update():fmllr-diag-gmm.cc:162) Not updating fMLLR since below min-count: count is 339
LOG (gmm-est-fmllr-gpost[5.5.383~1-bd1d]:main():gmm-est-fmllr-gpost.cc:141) For speaker c115, auxf-impr from fMLLR is 0, over 339 frames.

WARNING (gmm-est-fmllr-gpost[5.5.383~1-bd1d]:Update():fmllr-diag-gmm.cc:162) Not updating fMLLR since below min-count: count is 457
LOG (gmm-est-fmllr-gpost[5.5.383~1-bd1d]:main():gmm-est-fmllr-gpost.cc:141) For speaker c116, auxf-impr from fMLLR is 0, over 457 frames.

WARNING (gmm-est-fmllr-gpost[5.5.383~1-bd1d]:Update():fmllr-diag-gmm.cc:162) Not updating fMLLR since below min-count: count is 182
LOG (gmm-est-fmllr-gpost[5.5.383~1-bd1d]:main():gmm-est-fmllr-gpost.cc:141) For speaker c117, auxf-impr from fMLLR is 0, over 182 frames.

WARNING (gmm-est-fmllr-gpost[5.5.383~1-bd1d]:Update():fmllr-diag-gmm.cc:162) Not updating fMLLR since below min-count: count is 325
LOG (gmm-est-fmllr-gpost[5.5.383~1-bd1d]:main():gmm-est-fmllr-gpost.cc:141) For speaker c118, auxf-impr from fMLLR is 0, over 325 frames.

WARNING (gmm-est-fmllr-gpost[5.5.383~1-bd1d]:Update():fmllr-diag-gmm.cc:162) Not updating fMLLR since below min-count: count is 268
LOG (gmm-est-fmllr-gpost[5.5.383~1-bd1d]:main():gmm-est-fmllr-gpost.cc:141) For speaker c119, auxf-impr from fMLLR is 0, over 268 frames.

WARNING (gmm-est-fmllr-gpost[5.5.383~1-bd1d]:Update():fmllr-diag-gmm.cc:162) Not updating fMLLR since below min-count: count is 316
LOG (gmm-est-fmllr-gpost[5.5.383~1-bd1d]:main():gmm-est-fmllr-gpost.cc:141) For speaker c12, auxf-impr from fMLLR is 0, over 316 frames.

WARNING (gmm-est-fmllr-gpost[5.5.383~1-bd1d]:Update():fmllr-diag-gmm.cc:162) Not updating fMLLR since below min-count: count is 218
LOG (gmm-est-fmllr-gpost[5.5.383~1-bd1d]:main():gmm-est-fmllr-gpost.cc:141) For speaker c120, auxf-impr from fMLLR is 0, over 218 frames.

WARNING (gmm-est-fmllr-gpost[5.5.383~1-bd1d]:Update():fmllr-diag-gmm.cc:162) Not updating fMLLR since below min-count: count is 109
LOG (gmm-est-fmllr-gpost[5.5.383~1-bd1d]:main():gmm-est-fmllr-gpost.cc:141) For speaker c121, auxf-impr from fMLLR is 0, over 109 frames.

WARNING (gmm-est-fmllr-gpost[5.5.383~1-bd1d]:Update():fmllr-diag-gmm.cc:162) Not updating fMLLR since below min-count: count is 162
LOG (gmm-est-fmllr-gpost[5.5.383~1-bd1d]:main():gmm-est-fmllr-gpost.cc:141) For speaker c122, auxf-impr from fMLLR is 0, over 162 frames.

WARNING (gmm-est-fmllr-gpost[5.5.383~1-bd1d]:Update():fmllr-diag-gmm.cc:162) Not updating fMLLR since below min-count: count is 113
LOG (gmm-est-fmllr-gpost[5.5.383~1-bd1d]:main():gmm-est-fmllr-gpost.cc:141) For speaker c123, auxf-impr from fMLLR is 0, over 113 frames.

WARNING (gmm-est-fmllr-gpost[5.5.383~1-bd1d]:Update():fmllr-diag-gmm.cc:162) Not updating fMLLR since below min-count: count is 310
LOG (gmm-est-fmllr-gpost[5.5.383~1-bd1d]:main():gmm-est-fmllr-gpost.cc:141) For speaker c124, auxf-impr from fMLLR is 0, over 310 frames.

WARNING (gmm-est-fmllr-gpost[5.5.383~1-bd1d]:Update():fmllr-diag-gmm.cc:162) Not updating fMLLR since below min-count: count is 289
LOG (gmm-est-fmllr-gpost[5.5.383~1-bd1d]:main():gmm-est-fmllr-gpost.cc:141) For speaker c125, auxf-impr from fMLLR is 0, over 289 frames.

WARNING (gmm-est-fmllr-gpost[5.5.383~1-bd1d]:Update():fmllr-diag-gmm.cc:162) Not updating fMLLR since below min-count: count is 214
LOG (gmm-est-fmllr-gpost[5.5.383~1-bd1d]:main():gmm-est-fmllr-gpost.cc:141) For speaker c126, auxf-impr from fMLLR is 0, over 214 frames.

WARNING (gmm-est-fmllr-gpost[5.5.383~1-bd1d]:Update():fmllr-diag-gmm.cc:162) Not updating fMLLR since below min-count: count is 273
LOG (gmm-est-fmllr-gpost[5.5.383~1-bd1d]:main():gmm-est-fmllr-gpost.cc:141) For speaker c127, auxf-impr from fMLLR is 0, over 273 frames.

WARNING (gmm-est-fmllr-gpost[5.5.383~1-bd1d]:Update():fmllr-diag-gmm.cc:162) Not updating fMLLR since below min-count: count is 377
LOG (gmm-est-fmllr-gpost[5.5.383~1-bd1d]:main():gmm-est-fmllr-gpost.cc:141) For speaker c128, auxf-impr from fMLLR is 0, over 377 frames.

WARNING (gmm-est-fmllr-gpost[5.5.383~1-bd1d]:Update():fmllr-diag-gmm.cc:162) Not updating fMLLR since below min-count: count is 285
LOG (gmm-est-fmllr-gpost[5.5.383~1-bd1d]:main():gmm-est-fmllr-gpost.cc:141) For speaker c129, auxf-impr from fMLLR is 0, over 285 frames.

WARNING (gmm-est-fmllr-gpost[5.5.383~1-bd1d]:Update():fmllr-diag-gmm.cc:162) Not updating fMLLR since below min-count: count is 433
LOG (gmm-est-fmllr-gpost[5.5.383~1-bd1d]:main():gmm-est-fmllr-gpost.cc:141) For speaker c13, auxf-impr from fMLLR is 0, over 433 frames.

WARNING (gmm-est-fmllr-gpost[5.5.383~1-bd1d]:Update():fmllr-diag-gmm.cc:162) Not updating fMLLR since below min-count: count is 278
LOG (gmm-est-fmllr-gpost[5.5.383~1-bd1d]:main():gmm-est-fmllr-gpost.cc:141) For speaker c130, auxf-impr from fMLLR is 0, over 278 frames.

WARNING (gmm-est-fmllr-gpost[5.5.383~1-bd1d]:Update():fmllr-diag-gmm.cc:162) Not updating fMLLR since below min-count: count is 387
LOG (gmm-est-fmllr-gpost[5.5.383~1-bd1d]:main():gmm-est-fmllr-gpost.cc:141) For speaker c131, auxf-impr from fMLLR is 0, over 387 frames.

WARNING (gmm-est-fmllr-gpost[5.5.383~1-bd1d]:Update():fmllr-diag-gmm.cc:162) Not updating fMLLR since below min-count: count is 199
LOG (gmm-est-fmllr-gpost[5.5.383~1-bd1d]:main():gmm-est-fmllr-gpost.cc:141) For speaker c132, auxf-impr from fMLLR is 0, over 199 frames.

WARNING (gmm-est-fmllr-gpost[5.5.383~1-bd1d]:Update():fmllr-diag-gmm.cc:162) Not updating fMLLR since below min-count: count is 318
LOG (gmm-est-fmllr-gpost[5.5.383~1-bd1d]:main():gmm-est-fmllr-gpost.cc:141) For speaker c133, auxf-impr from fMLLR is 0, over 318 frames.

WARNING (gmm-est-fmllr-gpost[5.5.383~1-bd1d]:Update():fmllr-diag-gmm.cc:162) Not updating fMLLR since below min-count: count is 295
LOG (gmm-est-fmllr-gpost[5.5.383~1-bd1d]:main():gmm-est-fmllr-gpost.cc:141) For speaker c134, auxf-impr from fMLLR is 0, over 295 frames.

WARNING (gmm-est-fmllr-gpost[5.5.383~1-bd1d]:Update():fmllr-diag-gmm.cc:162) Not updating fMLLR since below min-count: count is 298
LOG (gmm-est-fmllr-gpost[5.5.383~1-bd1d]:main():gmm-est-fmllr-gpost.cc:141) For speaker c135, auxf-impr from fMLLR is 0, over 298 frames.

WARNING (gmm-est-fmllr-gpost[5.5.383~1-bd1d]:Update():fmllr-diag-gmm.cc:162) Not updating fMLLR since below min-count: count is 273
LOG (gmm-est-fmllr-gpost[5.5.383~1-bd1d]:main():gmm-est-fmllr-gpost.cc:141) For speaker c136, auxf-impr from fMLLR is 0, over 273 frames.

WARNING (gmm-est-fmllr-gpost[5.5.383~1-bd1d]:Update():fmllr-diag-gmm.cc:162) Not updating fMLLR since below min-count: count is 319
LOG (gmm-est-fmllr-gpost[5.5.383~1-bd1d]:main():gmm-est-fmllr-gpost.cc:141) For speaker c137, auxf-impr from fMLLR is 0, over 319 frames.

WARNING (gmm-est-fmllr-gpost[5.5.383~1-bd1d]:Update():fmllr-diag-gmm.cc:162) Not updating fMLLR since below min-count: count is 84
LOG (gmm-est-fmllr-gpost[5.5.383~1-bd1d]:main():gmm-est-fmllr-gpost.cc:141) For speaker c138, auxf-impr from fMLLR is 0, over 84 frames.

WARNING (gmm-est-fmllr-gpost[5.5.383~1-bd1d]:Update():fmllr-diag-gmm.cc:162) Not updating fMLLR since below min-count: count is 149
LOG (gmm-est-fmllr-gpost[5.5.383~1-bd1d]:main():gmm-est-fmllr-gpost.cc:141) For speaker c139, auxf-impr from fMLLR is 0, over 149 frames.

LOG (gmm-est-fmllr-gpost[5.5.383~1-bd1d]:ComputeFmllrMatrixDiagGmmFull():fmllr-diag-gmm.cc:262) fMLLR objf improvement is 9.93463 per frame over 509 frames.
LOG (gmm-est-fmllr-gpost[5.5.383~1-bd1d]:main():gmm-est-fmllr-gpost.cc:141) For speaker c14, auxf-impr from fMLLR is 9.93463, over 509 frames.

WARNING (gmm-est-fmllr-gpost[5.5.383~1-bd1d]:Update():fmllr-diag-gmm.cc:162) Not updating fMLLR since below min-count: count is 117
LOG (gmm-est-fmllr-gpost[5.5.383~1-bd1d]:main():gmm-est-fmllr-gpost.cc:141) For speaker c140, auxf-impr from fMLLR is 0, over 117 frames.

WARNING (gmm-est-fmllr-gpost[5.5.383~1-bd1d]:Update():fmllr-diag-gmm.cc:162) Not updating fMLLR since below min-count: count is 204
LOG (gmm-est-fmllr-gpost[5.5.383~1-bd1d]:main():gmm-est-fmllr-gpost.cc:141) For speaker c141, auxf-impr from fMLLR is 0, over 204 frames.

WARNING (gmm-est-fmllr-gpost[5.5.383~1-bd1d]:Update():fmllr-diag-gmm.cc:162) Not updating fMLLR since below min-count: count is 166
LOG (gmm-est-fmllr-gpost[5.5.383~1-bd1d]:main():gmm-est-fmllr-gpost.cc:141) For speaker c142, auxf-impr from fMLLR is 0, over 166 frames.

WARNING (gmm-est-fmllr-gpost[5.5.383~1-bd1d]:Update():fmllr-diag-gmm.cc:162) Not updating fMLLR since below min-count: count is 231
LOG (gmm-est-fmllr-gpost[5.5.383~1-bd1d]:main():gmm-est-fmllr-gpost.cc:141) For speaker c143, auxf-impr from fMLLR is 0, over 231 frames.

WARNING (gmm-est-fmllr-gpost[5.5.383~1-bd1d]:Update():fmllr-diag-gmm.cc:162) Not updating fMLLR since below min-count: count is 329
LOG (gmm-est-fmllr-gpost[5.5.383~1-bd1d]:main():gmm-est-fmllr-gpost.cc:141) For speaker c144, auxf-impr from fMLLR is 0, over 329 frames.

WARNING (gmm-est-fmllr-gpost[5.5.383~1-bd1d]:Update():fmllr-diag-gmm.cc:162) Not updating fMLLR since below min-count: count is 275
LOG (gmm-est-fmllr-gpost[5.5.383~1-bd1d]:main():gmm-est-fmllr-gpost.cc:141) For speaker c145, auxf-impr from fMLLR is 0, over 275 frames.

WARNING (gmm-est-fmllr-gpost[5.5.383~1-bd1d]:Update():fmllr-diag-gmm.cc:162) Not updating fMLLR since below min-count: count is 260
LOG (gmm-est-fmllr-gpost[5.5.383~1-bd1d]:main():gmm-est-fmllr-gpost.cc:141) For speaker c146, auxf-impr from fMLLR is 0, over 260 frames.

WARNING (gmm-est-fmllr-gpost[5.5.383~1-bd1d]:Update():fmllr-diag-gmm.cc:162) Not updating fMLLR since below min-count: count is 218
LOG (gmm-est-fmllr-gpost[5.5.383~1-bd1d]:main():gmm-est-fmllr-gpost.cc:141) For speaker c147, auxf-impr from fMLLR is 0, over 218 frames.

WARNING (gmm-est-fmllr-gpost[5.5.383~1-bd1d]:Update():fmllr-diag-gmm.cc:162) Not updating fMLLR since below min-count: count is 197
LOG (gmm-est-fmllr-gpost[5.5.383~1-bd1d]:main():gmm-est-fmllr-gpost.cc:141) For speaker c148, auxf-impr from fMLLR is 0, over 197 frames.

WARNING (gmm-est-fmllr-gpost[5.5.383~1-bd1d]:Update():fmllr-diag-gmm.cc:162) Not updating fMLLR since below min-count: count is 319
LOG (gmm-est-fmllr-gpost[5.5.383~1-bd1d]:main():gmm-est-fmllr-gpost.cc:141) For speaker c149, auxf-impr from fMLLR is 0, over 319 frames.

WARNING (gmm-est-fmllr-gpost[5.5.383~1-bd1d]:Update():fmllr-diag-gmm.cc:162) Not updating fMLLR since below min-count: count is 266
LOG (gmm-est-fmllr-gpost[5.5.383~1-bd1d]:main():gmm-est-fmllr-gpost.cc:141) For speaker c15, auxf-impr from fMLLR is 0, over 266 frames.

WARNING (gmm-est-fmllr-gpost[5.5.383~1-bd1d]:Update():fmllr-diag-gmm.cc:162) Not updating fMLLR since below min-count: count is 258
LOG (gmm-est-fmllr-gpost[5.5.383~1-bd1d]:main():gmm-est-fmllr-gpost.cc:141) For speaker c150, auxf-impr from fMLLR is 0, over 258 frames.

WARNING (gmm-est-fmllr-gpost[5.5.383~1-bd1d]:Update():fmllr-diag-gmm.cc:162) Not updating fMLLR since below min-count: count is 231
LOG (gmm-est-fmllr-gpost[5.5.383~1-bd1d]:main():gmm-est-fmllr-gpost.cc:141) For speaker c151, auxf-impr from fMLLR is 0, over 231 frames.

WARNING (gmm-est-fmllr-gpost[5.5.383~1-bd1d]:Update():fmllr-diag-gmm.cc:162) Not updating fMLLR since below min-count: count is 394
LOG (gmm-est-fmllr-gpost[5.5.383~1-bd1d]:main():gmm-est-fmllr-gpost.cc:141) For speaker c152, auxf-impr from fMLLR is 0, over 394 frames.

WARNING (gmm-est-fmllr-gpost[5.5.383~1-bd1d]:Update():fmllr-diag-gmm.cc:162) Not updating fMLLR since below min-count: count is 275
LOG (gmm-est-fmllr-gpost[5.5.383~1-bd1d]:main():gmm-est-fmllr-gpost.cc:141) For speaker c153, auxf-impr from fMLLR is 0, over 275 frames.

WARNING (gmm-est-fmllr-gpost[5.5.383~1-bd1d]:Update():fmllr-diag-gmm.cc:162) Not updating fMLLR since below min-count: count is 283
LOG (gmm-est-fmllr-gpost[5.5.383~1-bd1d]:main():gmm-est-fmllr-gpost.cc:141) For speaker c154, auxf-impr from fMLLR is 0, over 283 frames.

LOG (ali-to-post[5.5.383~1-bd1d]:main():ali-to-post.cc:73) Converted 80 alignments.
WARNING (gmm-est-fmllr-gpost[5.5.383~1-bd1d]:Update():fmllr-diag-gmm.cc:162) Not updating fMLLR since below min-count: count is 369
LOG (gmm-est-fmllr-gpost[5.5.383~1-bd1d]:main():gmm-est-fmllr-gpost.cc:141) For speaker c155, auxf-impr from fMLLR is 0, over 369 frames.

WARNING (gmm-est-fmllr-gpost[5.5.383~1-bd1d]:Update():fmllr-diag-gmm.cc:162) Not updating fMLLR since below min-count: count is 403
LOG (gmm-est-fmllr-gpost[5.5.383~1-bd1d]:main():gmm-est-fmllr-gpost.cc:141) For speaker c156, auxf-impr from fMLLR is 0, over 403 frames.

WARNING (gmm-est-fmllr-gpost[5.5.383~1-bd1d]:Update():fmllr-diag-gmm.cc:162) Not updating fMLLR since below min-count: count is 167
LOG (gmm-est-fmllr-gpost[5.5.383~1-bd1d]:main():gmm-est-fmllr-gpost.cc:141) For speaker c157, auxf-impr from fMLLR is 0, over 167 frames.

WARNING (gmm-est-fmllr-gpost[5.5.383~1-bd1d]:Update():fmllr-diag-gmm.cc:162) Not updating fMLLR since below min-count: count is 399
LOG (gmm-est-fmllr-gpost[5.5.383~1-bd1d]:main():gmm-est-fmllr-gpost.cc:141) For speaker c158, auxf-impr from fMLLR is 0, over 399 frames.

WARNING (gmm-est-fmllr-gpost[5.5.383~1-bd1d]:Update():fmllr-diag-gmm.cc:162) Not updating fMLLR since below min-count: count is 494
LOG (gmm-est-fmllr-gpost[5.5.383~1-bd1d]:main():gmm-est-fmllr-gpost.cc:141) For speaker c159, auxf-impr from fMLLR is 0, over 494 frames.

WARNING (gmm-est-fmllr-gpost[5.5.383~1-bd1d]:Update():fmllr-diag-gmm.cc:162) Not updating fMLLR since below min-count: count is 250
LOG (gmm-est-fmllr-gpost[5.5.383~1-bd1d]:main():gmm-est-fmllr-gpost.cc:141) For speaker c16, auxf-impr from fMLLR is 0, over 250 frames.

WARNING (gmm-est-fmllr-gpost[5.5.383~1-bd1d]:Update():fmllr-diag-gmm.cc:162) Not updating fMLLR since below min-count: count is 276
LOG (gmm-est-fmllr-gpost[5.5.383~1-bd1d]:main():gmm-est-fmllr-gpost.cc:141) For speaker c160, auxf-impr from fMLLR is 0, over 276 frames.

LOG (weight-silence-post[5.5.383~1-bd1d]:main():weight-silence-post.cc:95) Done 80 posteriors.
LOG (gmm-est-fmllr-gpost[5.5.383~1-bd1d]:ComputeFmllrMatrixDiagGmmFull():fmllr-diag-gmm.cc:262) fMLLR objf improvement is 10.0799 per frame over 586 frames.
LOG (gmm-est-fmllr-gpost[5.5.383~1-bd1d]:main():gmm-est-fmllr-gpost.cc:141) For speaker c161, auxf-impr from fMLLR is 10.0799, over 586 frames.

WARNING (gmm-est-fmllr-gpost[5.5.383~1-bd1d]:Update():fmllr-diag-gmm.cc:162) Not updating fMLLR since below min-count: count is 418
LOG (gmm-est-fmllr-gpost[5.5.383~1-bd1d]:main():gmm-est-fmllr-gpost.cc:141) For speaker c162, auxf-impr from fMLLR is 0, over 418 frames.

WARNING (gmm-est-fmllr-gpost[5.5.383~1-bd1d]:Update():fmllr-diag-gmm.cc:162) Not updating fMLLR since below min-count: count is 406
LOG (gmm-est-fmllr-gpost[5.5.383~1-bd1d]:main():gmm-est-fmllr-gpost.cc:141) For speaker c163, auxf-impr from fMLLR is 0, over 406 frames.

LOG (apply-cmvn[5.5.383~1-bd1d]:main():apply-cmvn.cc:162) Applied cepstral mean normalization to 80 utterances, errors on 0
WARNING (gmm-est-fmllr-gpost[5.5.383~1-bd1d]:Update():fmllr-diag-gmm.cc:162) Not updating fMLLR since below min-count: count is 225
LOG (gmm-est-fmllr-gpost[5.5.383~1-bd1d]:main():gmm-est-fmllr-gpost.cc:141) For speaker c164, auxf-impr from fMLLR is 0, over 225 frames.

WARNING (gmm-est-fmllr-gpost[5.5.383~1-bd1d]:Update():fmllr-diag-gmm.cc:162) Not updating fMLLR since below min-count: count is 354
LOG (gmm-est-fmllr-gpost[5.5.383~1-bd1d]:main():gmm-est-fmllr-gpost.cc:141) For speaker c165, auxf-impr from fMLLR is 0, over 354 frames.

WARNING (gmm-est-fmllr-gpost[5.5.383~1-bd1d]:Update():fmllr-diag-gmm.cc:162) Not updating fMLLR since below min-count: count is 285
LOG (gmm-est-fmllr-gpost[5.5.383~1-bd1d]:main():gmm-est-fmllr-gpost.cc:141) For speaker c166, auxf-impr from fMLLR is 0, over 285 frames.

WARNING (gmm-est-fmllr-gpost[5.5.383~1-bd1d]:Update():fmllr-diag-gmm.cc:162) Not updating fMLLR since below min-count: count is 155
LOG (apply-cmvn[5.5.383~1-bd1d]:main():apply-cmvn.cc:162) Applied cepstral mean normalization to 80 utterances, errors on 0
LOG (gmm-est-fmllr-gpost[5.5.383~1-bd1d]:main():gmm-est-fmllr-gpost.cc:141) For speaker c167, auxf-impr from fMLLR is 0, over 155 frames.

LOG (transform-feats[5.5.383~1-bd1d]:main():transform-feats.cc:158) Overall average [pseudo-]logdet is -86.2559 over 49878 frames.
LOG (transform-feats[5.5.383~1-bd1d]:main():transform-feats.cc:161) Applied transform to 80 utterances; 0 had errors.
WARNING (gmm-est-fmllr-gpost[5.5.383~1-bd1d]:Update():fmllr-diag-gmm.cc:162) Not updating fMLLR since below min-count: count is 373
LOG (gmm-est-fmllr-gpost[5.5.383~1-bd1d]:main():gmm-est-fmllr-gpost.cc:141) For speaker c168, auxf-impr from fMLLR is 0, over 373 frames.

LOG (gmm-post-to-gpost[5.5.383~1-bd1d]:main():gmm-post-to-gpost.cc:124) Done 80 files, 0 with no posteriors, 0 with other errors.
LOG (gmm-post-to-gpost[5.5.383~1-bd1d]:main():gmm-post-to-gpost.cc:128) Overall avg like per frame (Gaussian only) = -45.2445 over 22570 frames.
LOG (gmm-post-to-gpost[5.5.383~1-bd1d]:main():gmm-post-to-gpost.cc:131) Done converting post to gpost
WARNING (gmm-est-fmllr-gpost[5.5.383~1-bd1d]:Update():fmllr-diag-gmm.cc:162) Not updating fMLLR since below min-count: count is 268
LOG (gmm-est-fmllr-gpost[5.5.383~1-bd1d]:main():gmm-est-fmllr-gpost.cc:141) For speaker c169, auxf-impr from fMLLR is 0, over 268 frames.

WARNING (gmm-est-fmllr-gpost[5.5.383~1-bd1d]:Update():fmllr-diag-gmm.cc:162) Not updating fMLLR since below min-count: count is 222
LOG (gmm-est-fmllr-gpost[5.5.383~1-bd1d]:main():gmm-est-fmllr-gpost.cc:141) For speaker c17, auxf-impr from fMLLR is 0, over 222 frames.

LOG (transform-feats[5.5.383~1-bd1d]:main():transform-feats.cc:158) Overall average [pseudo-]logdet is -86.2559 over 49878 frames.
LOG (transform-feats[5.5.383~1-bd1d]:main():transform-feats.cc:161) Applied transform to 80 utterances; 0 had errors.
WARNING (gmm-est-fmllr-gpost[5.5.383~1-bd1d]:Update():fmllr-diag-gmm.cc:162) Not updating fMLLR since below min-count: count is 235
LOG (gmm-est-fmllr-gpost[5.5.383~1-bd1d]:main():gmm-est-fmllr-gpost.cc:141) For speaker c170, auxf-impr from fMLLR is 0, over 235 frames.

LOG (gmm-est-fmllr-gpost[5.5.383~1-bd1d]:main():gmm-est-fmllr-gpost.cc:186) Done 80 files, 0 with no gposts, 0 with other errors.
LOG (gmm-est-fmllr-gpost[5.5.383~1-bd1d]:main():gmm-est-fmllr-gpost.cc:188) Overall fMLLR auxf impr per frame is 0.485758 over 22570 frames.
# Accounting: time=1 threads=1
# Ended (code 0) at Tue Jun 18 16:53:08 IST 2019, elapsed time 1 seconds
