# ali-to-post "ark:gunzip -c exp/tri3_ali/pre_ali.8.gz|" ark:- | weight-silence-post 0.0 1:2:3:4:5:6:7:8:9:10 exp/tri3/final.alimdl ark:- ark:- | gmm-post-to-gpost exp/tri3/final.alimdl "ark,s,cs:apply-cmvn  --utt2spk=ark:data/train/split8/8/utt2spk scp:data/train/split8/8/cmvn.scp scp:data/train/split8/8/feats.scp ark:- | splice-feats  ark:- ark:- | transform-feats exp/tri3/final.mat ark:- ark:- |" ark:- ark:- | gmm-est-fmllr-gpost --fmllr-update-type=full --spk2utt=ark:data/train/split8/8/spk2utt exp/tri3/final.mdl "ark,s,cs:apply-cmvn  --utt2spk=ark:data/train/split8/8/utt2spk scp:data/train/split8/8/cmvn.scp scp:data/train/split8/8/feats.scp ark:- | splice-feats  ark:- ark:- | transform-feats exp/tri3/final.mat ark:- ark:- |" ark,s,cs:- ark:exp/tri3_ali/trans.8 
# Started at Tue Jun 18 16:53:08 IST 2019
#
gmm-est-fmllr-gpost --fmllr-update-type=full --spk2utt=ark:data/train/split8/8/spk2utt exp/tri3/final.mdl 'ark,s,cs:apply-cmvn  --utt2spk=ark:data/train/split8/8/utt2spk scp:data/train/split8/8/cmvn.scp scp:data/train/split8/8/feats.scp ark:- | splice-feats  ark:- ark:- | transform-feats exp/tri3/final.mat ark:- ark:- |' ark,s,cs:- ark:exp/tri3_ali/trans.8 
weight-silence-post 0.0 1:2:3:4:5:6:7:8:9:10 exp/tri3/final.alimdl ark:- ark:- 
gmm-post-to-gpost exp/tri3/final.alimdl 'ark,s,cs:apply-cmvn  --utt2spk=ark:data/train/split8/8/utt2spk scp:data/train/split8/8/cmvn.scp scp:data/train/split8/8/feats.scp ark:- | splice-feats  ark:- ark:- | transform-feats exp/tri3/final.mat ark:- ark:- |' ark:- ark:- 
ali-to-post 'ark:gunzip -c exp/tri3_ali/pre_ali.8.gz|' ark:- 
transform-feats exp/tri3/final.mat ark:- ark:- 
splice-feats ark:- ark:- 
apply-cmvn --utt2spk=ark:data/train/split8/8/utt2spk scp:data/train/split8/8/cmvn.scp scp:data/train/split8/8/feats.scp ark:- 
apply-cmvn --utt2spk=ark:data/train/split8/8/utt2spk scp:data/train/split8/8/cmvn.scp scp:data/train/split8/8/feats.scp ark:- 
transform-feats exp/tri3/final.mat ark:- ark:- 
splice-feats ark:- ark:- 
WARNING (gmm-est-fmllr-gpost[5.5.383~1-bd1d]:Update():fmllr-diag-gmm.cc:162) Not updating fMLLR since below min-count: count is 237
LOG (gmm-est-fmllr-gpost[5.5.383~1-bd1d]:main():gmm-est-fmllr-gpost.cc:141) For speaker c600, auxf-impr from fMLLR is 0, over 237 frames.

WARNING (gmm-est-fmllr-gpost[5.5.383~1-bd1d]:Update():fmllr-diag-gmm.cc:162) Not updating fMLLR since below min-count: count is 391
LOG (gmm-est-fmllr-gpost[5.5.383~1-bd1d]:main():gmm-est-fmllr-gpost.cc:141) For speaker c601, auxf-impr from fMLLR is 0, over 391 frames.

WARNING (gmm-est-fmllr-gpost[5.5.383~1-bd1d]:Update():fmllr-diag-gmm.cc:162) Not updating fMLLR since below min-count: count is 407
LOG (gmm-est-fmllr-gpost[5.5.383~1-bd1d]:main():gmm-est-fmllr-gpost.cc:141) For speaker c602, auxf-impr from fMLLR is 0, over 407 frames.

WARNING (gmm-est-fmllr-gpost[5.5.383~1-bd1d]:Update():fmllr-diag-gmm.cc:162) Not updating fMLLR since below min-count: count is 358
LOG (gmm-est-fmllr-gpost[5.5.383~1-bd1d]:main():gmm-est-fmllr-gpost.cc:141) For speaker c603, auxf-impr from fMLLR is 0, over 358 frames.

WARNING (gmm-est-fmllr-gpost[5.5.383~1-bd1d]:Update():fmllr-diag-gmm.cc:162) Not updating fMLLR since below min-count: count is 316
LOG (gmm-est-fmllr-gpost[5.5.383~1-bd1d]:main():gmm-est-fmllr-gpost.cc:141) For speaker c604, auxf-impr from fMLLR is 0, over 316 frames.

WARNING (gmm-est-fmllr-gpost[5.5.383~1-bd1d]:Update():fmllr-diag-gmm.cc:162) Not updating fMLLR since below min-count: count is 329
LOG (gmm-est-fmllr-gpost[5.5.383~1-bd1d]:main():gmm-est-fmllr-gpost.cc:141) For speaker c605, auxf-impr from fMLLR is 0, over 329 frames.

WARNING (gmm-est-fmllr-gpost[5.5.383~1-bd1d]:Update():fmllr-diag-gmm.cc:162) Not updating fMLLR since below min-count: count is 304
LOG (gmm-est-fmllr-gpost[5.5.383~1-bd1d]:main():gmm-est-fmllr-gpost.cc:141) For speaker c606, auxf-impr from fMLLR is 0, over 304 frames.

WARNING (gmm-est-fmllr-gpost[5.5.383~1-bd1d]:Update():fmllr-diag-gmm.cc:162) Not updating fMLLR since below min-count: count is 236
LOG (gmm-est-fmllr-gpost[5.5.383~1-bd1d]:main():gmm-est-fmllr-gpost.cc:141) For speaker c607, auxf-impr from fMLLR is 0, over 236 frames.

WARNING (gmm-est-fmllr-gpost[5.5.383~1-bd1d]:Update():fmllr-diag-gmm.cc:162) Not updating fMLLR since below min-count: count is 186
LOG (gmm-est-fmllr-gpost[5.5.383~1-bd1d]:main():gmm-est-fmllr-gpost.cc:141) For speaker c608, auxf-impr from fMLLR is 0, over 186 frames.

WARNING (gmm-est-fmllr-gpost[5.5.383~1-bd1d]:Update():fmllr-diag-gmm.cc:162) Not updating fMLLR since below min-count: count is 310
LOG (gmm-est-fmllr-gpost[5.5.383~1-bd1d]:main():gmm-est-fmllr-gpost.cc:141) For speaker c609, auxf-impr from fMLLR is 0, over 310 frames.

WARNING (gmm-est-fmllr-gpost[5.5.383~1-bd1d]:Update():fmllr-diag-gmm.cc:162) Not updating fMLLR since below min-count: count is 143
LOG (gmm-est-fmllr-gpost[5.5.383~1-bd1d]:main():gmm-est-fmllr-gpost.cc:141) For speaker c61, auxf-impr from fMLLR is 0, over 143 frames.

WARNING (gmm-est-fmllr-gpost[5.5.383~1-bd1d]:Update():fmllr-diag-gmm.cc:162) Not updating fMLLR since below min-count: count is 183
LOG (gmm-est-fmllr-gpost[5.5.383~1-bd1d]:main():gmm-est-fmllr-gpost.cc:141) For speaker c610, auxf-impr from fMLLR is 0, over 183 frames.

WARNING (gmm-est-fmllr-gpost[5.5.383~1-bd1d]:Update():fmllr-diag-gmm.cc:162) Not updating fMLLR since below min-count: count is 122
LOG (gmm-est-fmllr-gpost[5.5.383~1-bd1d]:main():gmm-est-fmllr-gpost.cc:141) For speaker c611, auxf-impr from fMLLR is 0, over 122 frames.

WARNING (gmm-est-fmllr-gpost[5.5.383~1-bd1d]:Update():fmllr-diag-gmm.cc:162) Not updating fMLLR since below min-count: count is 328
LOG (gmm-est-fmllr-gpost[5.5.383~1-bd1d]:main():gmm-est-fmllr-gpost.cc:141) For speaker c612, auxf-impr from fMLLR is 0, over 328 frames.

WARNING (gmm-est-fmllr-gpost[5.5.383~1-bd1d]:Update():fmllr-diag-gmm.cc:162) Not updating fMLLR since below min-count: count is 176
LOG (gmm-est-fmllr-gpost[5.5.383~1-bd1d]:main():gmm-est-fmllr-gpost.cc:141) For speaker c613, auxf-impr from fMLLR is 0, over 176 frames.

WARNING (gmm-est-fmllr-gpost[5.5.383~1-bd1d]:Update():fmllr-diag-gmm.cc:162) Not updating fMLLR since below min-count: count is 193
LOG (gmm-est-fmllr-gpost[5.5.383~1-bd1d]:main():gmm-est-fmllr-gpost.cc:141) For speaker c614, auxf-impr from fMLLR is 0, over 193 frames.

WARNING (gmm-est-fmllr-gpost[5.5.383~1-bd1d]:Update():fmllr-diag-gmm.cc:162) Not updating fMLLR since below min-count: count is 280
LOG (gmm-est-fmllr-gpost[5.5.383~1-bd1d]:main():gmm-est-fmllr-gpost.cc:141) For speaker c615, auxf-impr from fMLLR is 0, over 280 frames.

WARNING (gmm-est-fmllr-gpost[5.5.383~1-bd1d]:Update():fmllr-diag-gmm.cc:162) Not updating fMLLR since below min-count: count is 236
LOG (gmm-est-fmllr-gpost[5.5.383~1-bd1d]:main():gmm-est-fmllr-gpost.cc:141) For speaker c616, auxf-impr from fMLLR is 0, over 236 frames.

WARNING (gmm-est-fmllr-gpost[5.5.383~1-bd1d]:Update():fmllr-diag-gmm.cc:162) Not updating fMLLR since below min-count: count is 230
LOG (gmm-est-fmllr-gpost[5.5.383~1-bd1d]:main():gmm-est-fmllr-gpost.cc:141) For speaker c617, auxf-impr from fMLLR is 0, over 230 frames.

WARNING (gmm-est-fmllr-gpost[5.5.383~1-bd1d]:Update():fmllr-diag-gmm.cc:162) Not updating fMLLR since below min-count: count is 216
LOG (gmm-est-fmllr-gpost[5.5.383~1-bd1d]:main():gmm-est-fmllr-gpost.cc:141) For speaker c618, auxf-impr from fMLLR is 0, over 216 frames.

WARNING (gmm-est-fmllr-gpost[5.5.383~1-bd1d]:Update():fmllr-diag-gmm.cc:162) Not updating fMLLR since below min-count: count is 232
LOG (gmm-est-fmllr-gpost[5.5.383~1-bd1d]:main():gmm-est-fmllr-gpost.cc:141) For speaker c619, auxf-impr from fMLLR is 0, over 232 frames.

WARNING (gmm-est-fmllr-gpost[5.5.383~1-bd1d]:Update():fmllr-diag-gmm.cc:162) Not updating fMLLR since below min-count: count is 150
LOG (gmm-est-fmllr-gpost[5.5.383~1-bd1d]:main():gmm-est-fmllr-gpost.cc:141) For speaker c62, auxf-impr from fMLLR is 0, over 150 frames.

WARNING (gmm-est-fmllr-gpost[5.5.383~1-bd1d]:Update():fmllr-diag-gmm.cc:162) Not updating fMLLR since below min-count: count is 252
LOG (gmm-est-fmllr-gpost[5.5.383~1-bd1d]:main():gmm-est-fmllr-gpost.cc:141) For speaker c620, auxf-impr from fMLLR is 0, over 252 frames.

WARNING (gmm-est-fmllr-gpost[5.5.383~1-bd1d]:Update():fmllr-diag-gmm.cc:162) Not updating fMLLR since below min-count: count is 343
LOG (gmm-est-fmllr-gpost[5.5.383~1-bd1d]:main():gmm-est-fmllr-gpost.cc:141) For speaker c621, auxf-impr from fMLLR is 0, over 343 frames.

WARNING (gmm-est-fmllr-gpost[5.5.383~1-bd1d]:Update():fmllr-diag-gmm.cc:162) Not updating fMLLR since below min-count: count is 195
LOG (gmm-est-fmllr-gpost[5.5.383~1-bd1d]:main():gmm-est-fmllr-gpost.cc:141) For speaker c622, auxf-impr from fMLLR is 0, over 195 frames.

WARNING (gmm-est-fmllr-gpost[5.5.383~1-bd1d]:Update():fmllr-diag-gmm.cc:162) Not updating fMLLR since below min-count: count is 180
LOG (gmm-est-fmllr-gpost[5.5.383~1-bd1d]:main():gmm-est-fmllr-gpost.cc:141) For speaker c623, auxf-impr from fMLLR is 0, over 180 frames.

WARNING (gmm-est-fmllr-gpost[5.5.383~1-bd1d]:Update():fmllr-diag-gmm.cc:162) Not updating fMLLR since below min-count: count is 266
LOG (gmm-est-fmllr-gpost[5.5.383~1-bd1d]:main():gmm-est-fmllr-gpost.cc:141) For speaker c624, auxf-impr from fMLLR is 0, over 266 frames.

WARNING (gmm-est-fmllr-gpost[5.5.383~1-bd1d]:Update():fmllr-diag-gmm.cc:162) Not updating fMLLR since below min-count: count is 174
LOG (gmm-est-fmllr-gpost[5.5.383~1-bd1d]:main():gmm-est-fmllr-gpost.cc:141) For speaker c625, auxf-impr from fMLLR is 0, over 174 frames.

WARNING (gmm-est-fmllr-gpost[5.5.383~1-bd1d]:Update():fmllr-diag-gmm.cc:162) Not updating fMLLR since below min-count: count is 158
LOG (gmm-est-fmllr-gpost[5.5.383~1-bd1d]:main():gmm-est-fmllr-gpost.cc:141) For speaker c626, auxf-impr from fMLLR is 0, over 158 frames.

WARNING (gmm-est-fmllr-gpost[5.5.383~1-bd1d]:Update():fmllr-diag-gmm.cc:162) Not updating fMLLR since below min-count: count is 194
LOG (gmm-est-fmllr-gpost[5.5.383~1-bd1d]:main():gmm-est-fmllr-gpost.cc:141) For speaker c627, auxf-impr from fMLLR is 0, over 194 frames.

WARNING (gmm-est-fmllr-gpost[5.5.383~1-bd1d]:Update():fmllr-diag-gmm.cc:162) Not updating fMLLR since below min-count: count is 157
LOG (gmm-est-fmllr-gpost[5.5.383~1-bd1d]:main():gmm-est-fmllr-gpost.cc:141) For speaker c628, auxf-impr from fMLLR is 0, over 157 frames.

WARNING (gmm-est-fmllr-gpost[5.5.383~1-bd1d]:Update():fmllr-diag-gmm.cc:162) Not updating fMLLR since below min-count: count is 153
LOG (gmm-est-fmllr-gpost[5.5.383~1-bd1d]:main():gmm-est-fmllr-gpost.cc:141) For speaker c629, auxf-impr from fMLLR is 0, over 153 frames.

WARNING (gmm-est-fmllr-gpost[5.5.383~1-bd1d]:Update():fmllr-diag-gmm.cc:162) Not updating fMLLR since below min-count: count is 202
LOG (gmm-est-fmllr-gpost[5.5.383~1-bd1d]:main():gmm-est-fmllr-gpost.cc:141) For speaker c63, auxf-impr from fMLLR is 0, over 202 frames.

WARNING (gmm-est-fmllr-gpost[5.5.383~1-bd1d]:Update():fmllr-diag-gmm.cc:162) Not updating fMLLR since below min-count: count is 151
LOG (gmm-est-fmllr-gpost[5.5.383~1-bd1d]:main():gmm-est-fmllr-gpost.cc:141) For speaker c630, auxf-impr from fMLLR is 0, over 151 frames.

WARNING (gmm-est-fmllr-gpost[5.5.383~1-bd1d]:Update():fmllr-diag-gmm.cc:162) Not updating fMLLR since below min-count: count is 251
LOG (gmm-est-fmllr-gpost[5.5.383~1-bd1d]:main():gmm-est-fmllr-gpost.cc:141) For speaker c631, auxf-impr from fMLLR is 0, over 251 frames.

WARNING (gmm-est-fmllr-gpost[5.5.383~1-bd1d]:Update():fmllr-diag-gmm.cc:162) Not updating fMLLR since below min-count: count is 199
LOG (gmm-est-fmllr-gpost[5.5.383~1-bd1d]:main():gmm-est-fmllr-gpost.cc:141) For speaker c632, auxf-impr from fMLLR is 0, over 199 frames.

WARNING (gmm-est-fmllr-gpost[5.5.383~1-bd1d]:Update():fmllr-diag-gmm.cc:162) Not updating fMLLR since below min-count: count is 206
LOG (gmm-est-fmllr-gpost[5.5.383~1-bd1d]:main():gmm-est-fmllr-gpost.cc:141) For speaker c633, auxf-impr from fMLLR is 0, over 206 frames.

WARNING (gmm-est-fmllr-gpost[5.5.383~1-bd1d]:Update():fmllr-diag-gmm.cc:162) Not updating fMLLR since below min-count: count is 70
LOG (gmm-est-fmllr-gpost[5.5.383~1-bd1d]:main():gmm-est-fmllr-gpost.cc:141) For speaker c634, auxf-impr from fMLLR is 0, over 70 frames.

WARNING (gmm-est-fmllr-gpost[5.5.383~1-bd1d]:Update():fmllr-diag-gmm.cc:162) Not updating fMLLR since below min-count: count is 306
LOG (gmm-est-fmllr-gpost[5.5.383~1-bd1d]:main():gmm-est-fmllr-gpost.cc:141) For speaker c635, auxf-impr from fMLLR is 0, over 306 frames.

WARNING (gmm-est-fmllr-gpost[5.5.383~1-bd1d]:Update():fmllr-diag-gmm.cc:162) Not updating fMLLR since below min-count: count is 118
LOG (gmm-est-fmllr-gpost[5.5.383~1-bd1d]:main():gmm-est-fmllr-gpost.cc:141) For speaker c636, auxf-impr from fMLLR is 0, over 118 frames.

WARNING (gmm-est-fmllr-gpost[5.5.383~1-bd1d]:Update():fmllr-diag-gmm.cc:162) Not updating fMLLR since below min-count: count is 288
LOG (gmm-est-fmllr-gpost[5.5.383~1-bd1d]:main():gmm-est-fmllr-gpost.cc:141) For speaker c637, auxf-impr from fMLLR is 0, over 288 frames.

WARNING (gmm-est-fmllr-gpost[5.5.383~1-bd1d]:Update():fmllr-diag-gmm.cc:162) Not updating fMLLR since below min-count: count is 125
LOG (gmm-est-fmllr-gpost[5.5.383~1-bd1d]:main():gmm-est-fmllr-gpost.cc:141) For speaker c64, auxf-impr from fMLLR is 0, over 125 frames.

WARNING (gmm-est-fmllr-gpost[5.5.383~1-bd1d]:Update():fmllr-diag-gmm.cc:162) Not updating fMLLR since below min-count: count is 188
LOG (gmm-est-fmllr-gpost[5.5.383~1-bd1d]:main():gmm-est-fmllr-gpost.cc:141) For speaker c65, auxf-impr from fMLLR is 0, over 188 frames.

WARNING (gmm-est-fmllr-gpost[5.5.383~1-bd1d]:Update():fmllr-diag-gmm.cc:162) Not updating fMLLR since below min-count: count is 296
LOG (gmm-est-fmllr-gpost[5.5.383~1-bd1d]:main():gmm-est-fmllr-gpost.cc:141) For speaker c66, auxf-impr from fMLLR is 0, over 296 frames.

WARNING (gmm-est-fmllr-gpost[5.5.383~1-bd1d]:Update():fmllr-diag-gmm.cc:162) Not updating fMLLR since below min-count: count is 218
LOG (gmm-est-fmllr-gpost[5.5.383~1-bd1d]:main():gmm-est-fmllr-gpost.cc:141) For speaker c67, auxf-impr from fMLLR is 0, over 218 frames.

WARNING (gmm-est-fmllr-gpost[5.5.383~1-bd1d]:Update():fmllr-diag-gmm.cc:162) Not updating fMLLR since below min-count: count is 194
LOG (gmm-est-fmllr-gpost[5.5.383~1-bd1d]:main():gmm-est-fmllr-gpost.cc:141) For speaker c68, auxf-impr from fMLLR is 0, over 194 frames.

WARNING (gmm-est-fmllr-gpost[5.5.383~1-bd1d]:Update():fmllr-diag-gmm.cc:162) Not updating fMLLR since below min-count: count is 281
LOG (gmm-est-fmllr-gpost[5.5.383~1-bd1d]:main():gmm-est-fmllr-gpost.cc:141) For speaker c69, auxf-impr from fMLLR is 0, over 281 frames.

WARNING (gmm-est-fmllr-gpost[5.5.383~1-bd1d]:Update():fmllr-diag-gmm.cc:162) Not updating fMLLR since below min-count: count is 203
LOG (gmm-est-fmllr-gpost[5.5.383~1-bd1d]:main():gmm-est-fmllr-gpost.cc:141) For speaker c7, auxf-impr from fMLLR is 0, over 203 frames.

WARNING (gmm-est-fmllr-gpost[5.5.383~1-bd1d]:Update():fmllr-diag-gmm.cc:162) Not updating fMLLR since below min-count: count is 251
LOG (gmm-est-fmllr-gpost[5.5.383~1-bd1d]:main():gmm-est-fmllr-gpost.cc:141) For speaker c70, auxf-impr from fMLLR is 0, over 251 frames.

WARNING (gmm-est-fmllr-gpost[5.5.383~1-bd1d]:Update():fmllr-diag-gmm.cc:162) Not updating fMLLR since below min-count: count is 318
LOG (gmm-est-fmllr-gpost[5.5.383~1-bd1d]:main():gmm-est-fmllr-gpost.cc:141) For speaker c72, auxf-impr from fMLLR is 0, over 318 frames.

WARNING (gmm-est-fmllr-gpost[5.5.383~1-bd1d]:Update():fmllr-diag-gmm.cc:162) Not updating fMLLR since below min-count: count is 244
LOG (gmm-est-fmllr-gpost[5.5.383~1-bd1d]:main():gmm-est-fmllr-gpost.cc:141) For speaker c73, auxf-impr from fMLLR is 0, over 244 frames.

WARNING (gmm-est-fmllr-gpost[5.5.383~1-bd1d]:Update():fmllr-diag-gmm.cc:162) Not updating fMLLR since below min-count: count is 311
LOG (gmm-est-fmllr-gpost[5.5.383~1-bd1d]:main():gmm-est-fmllr-gpost.cc:141) For speaker c74, auxf-impr from fMLLR is 0, over 311 frames.

WARNING (gmm-est-fmllr-gpost[5.5.383~1-bd1d]:Update():fmllr-diag-gmm.cc:162) Not updating fMLLR since below min-count: count is 149
LOG (gmm-est-fmllr-gpost[5.5.383~1-bd1d]:main():gmm-est-fmllr-gpost.cc:141) For speaker c75, auxf-impr from fMLLR is 0, over 149 frames.

WARNING (gmm-est-fmllr-gpost[5.5.383~1-bd1d]:Update():fmllr-diag-gmm.cc:162) Not updating fMLLR since below min-count: count is 313
LOG (gmm-est-fmllr-gpost[5.5.383~1-bd1d]:main():gmm-est-fmllr-gpost.cc:141) For speaker c76, auxf-impr from fMLLR is 0, over 313 frames.

WARNING (gmm-est-fmllr-gpost[5.5.383~1-bd1d]:Update():fmllr-diag-gmm.cc:162) Not updating fMLLR since below min-count: count is 211
LOG (gmm-est-fmllr-gpost[5.5.383~1-bd1d]:main():gmm-est-fmllr-gpost.cc:141) For speaker c77, auxf-impr from fMLLR is 0, over 211 frames.

WARNING (gmm-est-fmllr-gpost[5.5.383~1-bd1d]:Update():fmllr-diag-gmm.cc:162) Not updating fMLLR since below min-count: count is 185
LOG (gmm-est-fmllr-gpost[5.5.383~1-bd1d]:main():gmm-est-fmllr-gpost.cc:141) For speaker c78, auxf-impr from fMLLR is 0, over 185 frames.

WARNING (gmm-est-fmllr-gpost[5.5.383~1-bd1d]:Update():fmllr-diag-gmm.cc:162) Not updating fMLLR since below min-count: count is 169
LOG (gmm-est-fmllr-gpost[5.5.383~1-bd1d]:main():gmm-est-fmllr-gpost.cc:141) For speaker c79, auxf-impr from fMLLR is 0, over 169 frames.

LOG (gmm-est-fmllr-gpost[5.5.383~1-bd1d]:ComputeFmllrMatrixDiagGmmFull():fmllr-diag-gmm.cc:262) fMLLR objf improvement is 12.359 per frame over 560 frames.
LOG (gmm-est-fmllr-gpost[5.5.383~1-bd1d]:main():gmm-est-fmllr-gpost.cc:141) For speaker c8, auxf-impr from fMLLR is 12.359, over 560 frames.

WARNING (gmm-est-fmllr-gpost[5.5.383~1-bd1d]:Update():fmllr-diag-gmm.cc:162) Not updating fMLLR since below min-count: count is 293
LOG (gmm-est-fmllr-gpost[5.5.383~1-bd1d]:main():gmm-est-fmllr-gpost.cc:141) For speaker c80, auxf-impr from fMLLR is 0, over 293 frames.

WARNING (gmm-est-fmllr-gpost[5.5.383~1-bd1d]:Update():fmllr-diag-gmm.cc:162) Not updating fMLLR since below min-count: count is 189
LOG (gmm-est-fmllr-gpost[5.5.383~1-bd1d]:main():gmm-est-fmllr-gpost.cc:141) For speaker c81, auxf-impr from fMLLR is 0, over 189 frames.

LOG (ali-to-post[5.5.383~1-bd1d]:main():ali-to-post.cc:73) Converted 79 alignments.
WARNING (gmm-est-fmllr-gpost[5.5.383~1-bd1d]:Update():fmllr-diag-gmm.cc:162) Not updating fMLLR since below min-count: count is 185
LOG (gmm-est-fmllr-gpost[5.5.383~1-bd1d]:main():gmm-est-fmllr-gpost.cc:141) For speaker c82, auxf-impr from fMLLR is 0, over 185 frames.

WARNING (gmm-est-fmllr-gpost[5.5.383~1-bd1d]:Update():fmllr-diag-gmm.cc:162) Not updating fMLLR since below min-count: count is 394
LOG (gmm-est-fmllr-gpost[5.5.383~1-bd1d]:main():gmm-est-fmllr-gpost.cc:141) For speaker c83, auxf-impr from fMLLR is 0, over 394 frames.

WARNING (gmm-est-fmllr-gpost[5.5.383~1-bd1d]:Update():fmllr-diag-gmm.cc:162) Not updating fMLLR since below min-count: count is 266
LOG (gmm-est-fmllr-gpost[5.5.383~1-bd1d]:main():gmm-est-fmllr-gpost.cc:141) For speaker c84, auxf-impr from fMLLR is 0, over 266 frames.

WARNING (gmm-est-fmllr-gpost[5.5.383~1-bd1d]:Update():fmllr-diag-gmm.cc:162) Not updating fMLLR since below min-count: count is 308
LOG (gmm-est-fmllr-gpost[5.5.383~1-bd1d]:main():gmm-est-fmllr-gpost.cc:141) For speaker c85, auxf-impr from fMLLR is 0, over 308 frames.

WARNING (gmm-est-fmllr-gpost[5.5.383~1-bd1d]:Update():fmllr-diag-gmm.cc:162) Not updating fMLLR since below min-count: count is 307
LOG (gmm-est-fmllr-gpost[5.5.383~1-bd1d]:main():gmm-est-fmllr-gpost.cc:141) For speaker c86, auxf-impr from fMLLR is 0, over 307 frames.

WARNING (gmm-est-fmllr-gpost[5.5.383~1-bd1d]:Update():fmllr-diag-gmm.cc:162) Not updating fMLLR since below min-count: count is 428
LOG (gmm-est-fmllr-gpost[5.5.383~1-bd1d]:main():gmm-est-fmllr-gpost.cc:141) For speaker c87, auxf-impr from fMLLR is 0, over 428 frames.

WARNING (gmm-est-fmllr-gpost[5.5.383~1-bd1d]:Update():fmllr-diag-gmm.cc:162) Not updating fMLLR since below min-count: count is 373
LOG (gmm-est-fmllr-gpost[5.5.383~1-bd1d]:main():gmm-est-fmllr-gpost.cc:141) For speaker c88, auxf-impr from fMLLR is 0, over 373 frames.

LOG (weight-silence-post[5.5.383~1-bd1d]:main():weight-silence-post.cc:95) Done 79 posteriors.
WARNING (gmm-est-fmllr-gpost[5.5.383~1-bd1d]:Update():fmllr-diag-gmm.cc:162) Not updating fMLLR since below min-count: count is 292
LOG (gmm-est-fmllr-gpost[5.5.383~1-bd1d]:main():gmm-est-fmllr-gpost.cc:141) For speaker c89, auxf-impr from fMLLR is 0, over 292 frames.

WARNING (gmm-est-fmllr-gpost[5.5.383~1-bd1d]:Update():fmllr-diag-gmm.cc:162) Not updating fMLLR since below min-count: count is 448
LOG (gmm-est-fmllr-gpost[5.5.383~1-bd1d]:main():gmm-est-fmllr-gpost.cc:141) For speaker c9, auxf-impr from fMLLR is 0, over 448 frames.

WARNING (gmm-est-fmllr-gpost[5.5.383~1-bd1d]:Update():fmllr-diag-gmm.cc:162) Not updating fMLLR since below min-count: count is 241
LOG (gmm-est-fmllr-gpost[5.5.383~1-bd1d]:main():gmm-est-fmllr-gpost.cc:141) For speaker c90, auxf-impr from fMLLR is 0, over 241 frames.

WARNING (gmm-est-fmllr-gpost[5.5.383~1-bd1d]:Update():fmllr-diag-gmm.cc:162) Not updating fMLLR since below min-count: count is 229
LOG (gmm-est-fmllr-gpost[5.5.383~1-bd1d]:main():gmm-est-fmllr-gpost.cc:141) For speaker c91, auxf-impr from fMLLR is 0, over 229 frames.

WARNING (gmm-est-fmllr-gpost[5.5.383~1-bd1d]:Update():fmllr-diag-gmm.cc:162) Not updating fMLLR since below min-count: count is 400
LOG (gmm-est-fmllr-gpost[5.5.383~1-bd1d]:main():gmm-est-fmllr-gpost.cc:141) For speaker c92, auxf-impr from fMLLR is 0, over 400 frames.

LOG (apply-cmvn[5.5.383~1-bd1d]:main():apply-cmvn.cc:162) Applied cepstral mean normalization to 79 utterances, errors on 0
WARNING (gmm-est-fmllr-gpost[5.5.383~1-bd1d]:Update():fmllr-diag-gmm.cc:162) Not updating fMLLR since below min-count: count is 296
LOG (gmm-est-fmllr-gpost[5.5.383~1-bd1d]:main():gmm-est-fmllr-gpost.cc:141) For speaker c93, auxf-impr from fMLLR is 0, over 296 frames.

WARNING (gmm-est-fmllr-gpost[5.5.383~1-bd1d]:Update():fmllr-diag-gmm.cc:162) Not updating fMLLR since below min-count: count is 194
LOG (gmm-est-fmllr-gpost[5.5.383~1-bd1d]:main():gmm-est-fmllr-gpost.cc:141) For speaker c94, auxf-impr from fMLLR is 0, over 194 frames.

WARNING (gmm-est-fmllr-gpost[5.5.383~1-bd1d]:Update():fmllr-diag-gmm.cc:162) Not updating fMLLR since below min-count: count is 289
LOG (gmm-est-fmllr-gpost[5.5.383~1-bd1d]:main():gmm-est-fmllr-gpost.cc:141) For speaker c95, auxf-impr from fMLLR is 0, over 289 frames.

LOG (apply-cmvn[5.5.383~1-bd1d]:main():apply-cmvn.cc:162) Applied cepstral mean normalization to 79 utterances, errors on 0
LOG (transform-feats[5.5.383~1-bd1d]:main():transform-feats.cc:158) Overall average [pseudo-]logdet is -86.2559 over 48083 frames.
WARNING (gmm-est-fmllr-gpost[5.5.383~1-bd1d]:Update():fmllr-diag-gmm.cc:162) Not updating fMLLR since below min-count: count is 282
LOG (transform-feats[5.5.383~1-bd1d]:main():transform-feats.cc:161) Applied transform to 79 utterances; 0 had errors.
LOG (gmm-est-fmllr-gpost[5.5.383~1-bd1d]:main():gmm-est-fmllr-gpost.cc:141) For speaker c96, auxf-impr from fMLLR is 0, over 282 frames.

LOG (gmm-post-to-gpost[5.5.383~1-bd1d]:main():gmm-post-to-gpost.cc:124) Done 79 files, 0 with no posteriors, 0 with other errors.
LOG (gmm-post-to-gpost[5.5.383~1-bd1d]:main():gmm-post-to-gpost.cc:128) Overall avg like per frame (Gaussian only) = -46.5491 over 19822 frames.
LOG (gmm-post-to-gpost[5.5.383~1-bd1d]:main():gmm-post-to-gpost.cc:131) Done converting post to gpost
WARNING (gmm-est-fmllr-gpost[5.5.383~1-bd1d]:Update():fmllr-diag-gmm.cc:162) Not updating fMLLR since below min-count: count is 254
LOG (gmm-est-fmllr-gpost[5.5.383~1-bd1d]:main():gmm-est-fmllr-gpost.cc:141) For speaker c97, auxf-impr from fMLLR is 0, over 254 frames.

WARNING (gmm-est-fmllr-gpost[5.5.383~1-bd1d]:Update():fmllr-diag-gmm.cc:162) Not updating fMLLR since below min-count: count is 261
LOG (gmm-est-fmllr-gpost[5.5.383~1-bd1d]:main():gmm-est-fmllr-gpost.cc:141) For speaker c98, auxf-impr from fMLLR is 0, over 261 frames.

LOG (transform-feats[5.5.383~1-bd1d]:main():transform-feats.cc:158) Overall average [pseudo-]logdet is -86.2559 over 48083 frames.
LOG (transform-feats[5.5.383~1-bd1d]:main():transform-feats.cc:161) Applied transform to 79 utterances; 0 had errors.
WARNING (gmm-est-fmllr-gpost[5.5.383~1-bd1d]:Update():fmllr-diag-gmm.cc:162) Not updating fMLLR since below min-count: count is 251
LOG (gmm-est-fmllr-gpost[5.5.383~1-bd1d]:main():gmm-est-fmllr-gpost.cc:141) For speaker c99, auxf-impr from fMLLR is 0, over 251 frames.

LOG (gmm-est-fmllr-gpost[5.5.383~1-bd1d]:main():gmm-est-fmllr-gpost.cc:186) Done 79 files, 0 with no gposts, 0 with other errors.
LOG (gmm-est-fmllr-gpost[5.5.383~1-bd1d]:main():gmm-est-fmllr-gpost.cc:188) Overall fMLLR auxf impr per frame is 0.34916 over 19822 frames.
# Accounting: time=1 threads=1
# Ended (code 0) at Tue Jun 18 16:53:09 IST 2019, elapsed time 1 seconds
