# ali-to-post "ark:gunzip -c exp/tri3_ali/pre_ali.6.gz|" ark:- | weight-silence-post 0.0 1:2:3:4:5:6:7:8:9:10 exp/tri3/final.alimdl ark:- ark:- | gmm-post-to-gpost exp/tri3/final.alimdl "ark,s,cs:apply-cmvn  --utt2spk=ark:data/train/split8/6/utt2spk scp:data/train/split8/6/cmvn.scp scp:data/train/split8/6/feats.scp ark:- | splice-feats  ark:- ark:- | transform-feats exp/tri3/final.mat ark:- ark:- |" ark:- ark:- | gmm-est-fmllr-gpost --fmllr-update-type=full --spk2utt=ark:data/train/split8/6/spk2utt exp/tri3/final.mdl "ark,s,cs:apply-cmvn  --utt2spk=ark:data/train/split8/6/utt2spk scp:data/train/split8/6/cmvn.scp scp:data/train/split8/6/feats.scp ark:- | splice-feats  ark:- ark:- | transform-feats exp/tri3/final.mat ark:- ark:- |" ark,s,cs:- ark:exp/tri3_ali/trans.6 
# Started at Tue Jun 18 16:53:08 IST 2019
#
ali-to-post 'ark:gunzip -c exp/tri3_ali/pre_ali.6.gz|' ark:- 
gmm-post-to-gpost exp/tri3/final.alimdl 'ark,s,cs:apply-cmvn  --utt2spk=ark:data/train/split8/6/utt2spk scp:data/train/split8/6/cmvn.scp scp:data/train/split8/6/feats.scp ark:- | splice-feats  ark:- ark:- | transform-feats exp/tri3/final.mat ark:- ark:- |' ark:- ark:- 
gmm-est-fmllr-gpost --fmllr-update-type=full --spk2utt=ark:data/train/split8/6/spk2utt exp/tri3/final.mdl 'ark,s,cs:apply-cmvn  --utt2spk=ark:data/train/split8/6/utt2spk scp:data/train/split8/6/cmvn.scp scp:data/train/split8/6/feats.scp ark:- | splice-feats  ark:- ark:- | transform-feats exp/tri3/final.mat ark:- ark:- |' ark,s,cs:- ark:exp/tri3_ali/trans.6 
weight-silence-post 0.0 1:2:3:4:5:6:7:8:9:10 exp/tri3/final.alimdl ark:- ark:- 
apply-cmvn --utt2spk=ark:data/train/split8/6/utt2spk scp:data/train/split8/6/cmvn.scp scp:data/train/split8/6/feats.scp ark:- 
splice-feats ark:- ark:- 
splice-feats ark:- ark:- 
transform-feats exp/tri3/final.mat ark:- ark:- 
transform-feats exp/tri3/final.mat ark:- ark:- 
apply-cmvn --utt2spk=ark:data/train/split8/6/utt2spk scp:data/train/split8/6/cmvn.scp scp:data/train/split8/6/feats.scp ark:- 
WARNING (gmm-est-fmllr-gpost[5.5.383~1-bd1d]:Update():fmllr-diag-gmm.cc:162) Not updating fMLLR since below min-count: count is 348
LOG (gmm-est-fmllr-gpost[5.5.383~1-bd1d]:main():gmm-est-fmllr-gpost.cc:141) For speaker c458, auxf-impr from fMLLR is 0, over 348 frames.

WARNING (gmm-est-fmllr-gpost[5.5.383~1-bd1d]:Update():fmllr-diag-gmm.cc:162) Not updating fMLLR since below min-count: count is 245
LOG (gmm-est-fmllr-gpost[5.5.383~1-bd1d]:main():gmm-est-fmllr-gpost.cc:141) For speaker c459, auxf-impr from fMLLR is 0, over 245 frames.

WARNING (gmm-est-fmllr-gpost[5.5.383~1-bd1d]:Update():fmllr-diag-gmm.cc:162) Not updating fMLLR since below min-count: count is 174
LOG (gmm-est-fmllr-gpost[5.5.383~1-bd1d]:main():gmm-est-fmllr-gpost.cc:141) For speaker c46, auxf-impr from fMLLR is 0, over 174 frames.

WARNING (gmm-est-fmllr-gpost[5.5.383~1-bd1d]:Update():fmllr-diag-gmm.cc:162) Not updating fMLLR since below min-count: count is 377
LOG (gmm-est-fmllr-gpost[5.5.383~1-bd1d]:main():gmm-est-fmllr-gpost.cc:141) For speaker c460, auxf-impr from fMLLR is 0, over 377 frames.

WARNING (gmm-est-fmllr-gpost[5.5.383~1-bd1d]:Update():fmllr-diag-gmm.cc:162) Not updating fMLLR since below min-count: count is 181
LOG (gmm-est-fmllr-gpost[5.5.383~1-bd1d]:main():gmm-est-fmllr-gpost.cc:141) For speaker c461, auxf-impr from fMLLR is 0, over 181 frames.

WARNING (gmm-est-fmllr-gpost[5.5.383~1-bd1d]:Update():fmllr-diag-gmm.cc:162) Not updating fMLLR since below min-count: count is 288
LOG (gmm-est-fmllr-gpost[5.5.383~1-bd1d]:main():gmm-est-fmllr-gpost.cc:141) For speaker c462, auxf-impr from fMLLR is 0, over 288 frames.

WARNING (gmm-est-fmllr-gpost[5.5.383~1-bd1d]:Update():fmllr-diag-gmm.cc:162) Not updating fMLLR since below min-count: count is 219
LOG (gmm-est-fmllr-gpost[5.5.383~1-bd1d]:main():gmm-est-fmllr-gpost.cc:141) For speaker c463, auxf-impr from fMLLR is 0, over 219 frames.

WARNING (gmm-est-fmllr-gpost[5.5.383~1-bd1d]:Update():fmllr-diag-gmm.cc:162) Not updating fMLLR since below min-count: count is 169
LOG (gmm-est-fmllr-gpost[5.5.383~1-bd1d]:main():gmm-est-fmllr-gpost.cc:141) For speaker c464, auxf-impr from fMLLR is 0, over 169 frames.

WARNING (gmm-est-fmllr-gpost[5.5.383~1-bd1d]:Update():fmllr-diag-gmm.cc:162) Not updating fMLLR since below min-count: count is 245
LOG (gmm-est-fmllr-gpost[5.5.383~1-bd1d]:main():gmm-est-fmllr-gpost.cc:141) For speaker c465, auxf-impr from fMLLR is 0, over 245 frames.

WARNING (gmm-est-fmllr-gpost[5.5.383~1-bd1d]:Update():fmllr-diag-gmm.cc:162) Not updating fMLLR since below min-count: count is 136
LOG (gmm-est-fmllr-gpost[5.5.383~1-bd1d]:main():gmm-est-fmllr-gpost.cc:141) For speaker c466, auxf-impr from fMLLR is 0, over 136 frames.

WARNING (gmm-est-fmllr-gpost[5.5.383~1-bd1d]:Update():fmllr-diag-gmm.cc:162) Not updating fMLLR since below min-count: count is 188
LOG (gmm-est-fmllr-gpost[5.5.383~1-bd1d]:main():gmm-est-fmllr-gpost.cc:141) For speaker c467, auxf-impr from fMLLR is 0, over 188 frames.

WARNING (gmm-est-fmllr-gpost[5.5.383~1-bd1d]:Update():fmllr-diag-gmm.cc:162) Not updating fMLLR since below min-count: count is 306
LOG (gmm-est-fmllr-gpost[5.5.383~1-bd1d]:main():gmm-est-fmllr-gpost.cc:141) For speaker c468, auxf-impr from fMLLR is 0, over 306 frames.

WARNING (gmm-est-fmllr-gpost[5.5.383~1-bd1d]:Update():fmllr-diag-gmm.cc:162) Not updating fMLLR since below min-count: count is 322
LOG (gmm-est-fmllr-gpost[5.5.383~1-bd1d]:main():gmm-est-fmllr-gpost.cc:141) For speaker c469, auxf-impr from fMLLR is 0, over 322 frames.

WARNING (gmm-est-fmllr-gpost[5.5.383~1-bd1d]:Update():fmllr-diag-gmm.cc:162) Not updating fMLLR since below min-count: count is 317
LOG (gmm-est-fmllr-gpost[5.5.383~1-bd1d]:main():gmm-est-fmllr-gpost.cc:141) For speaker c47, auxf-impr from fMLLR is 0, over 317 frames.

WARNING (gmm-est-fmllr-gpost[5.5.383~1-bd1d]:Update():fmllr-diag-gmm.cc:162) Not updating fMLLR since below min-count: count is 271
LOG (gmm-est-fmllr-gpost[5.5.383~1-bd1d]:main():gmm-est-fmllr-gpost.cc:141) For speaker c470, auxf-impr from fMLLR is 0, over 271 frames.

WARNING (gmm-est-fmllr-gpost[5.5.383~1-bd1d]:Update():fmllr-diag-gmm.cc:162) Not updating fMLLR since below min-count: count is 365
LOG (gmm-est-fmllr-gpost[5.5.383~1-bd1d]:main():gmm-est-fmllr-gpost.cc:141) For speaker c471, auxf-impr from fMLLR is 0, over 365 frames.

WARNING (gmm-est-fmllr-gpost[5.5.383~1-bd1d]:Update():fmllr-diag-gmm.cc:162) Not updating fMLLR since below min-count: count is 422
LOG (gmm-est-fmllr-gpost[5.5.383~1-bd1d]:main():gmm-est-fmllr-gpost.cc:141) For speaker c472, auxf-impr from fMLLR is 0, over 422 frames.

WARNING (gmm-est-fmllr-gpost[5.5.383~1-bd1d]:Update():fmllr-diag-gmm.cc:162) Not updating fMLLR since below min-count: count is 304
LOG (gmm-est-fmllr-gpost[5.5.383~1-bd1d]:main():gmm-est-fmllr-gpost.cc:141) For speaker c473, auxf-impr from fMLLR is 0, over 304 frames.

WARNING (gmm-est-fmllr-gpost[5.5.383~1-bd1d]:Update():fmllr-diag-gmm.cc:162) Not updating fMLLR since below min-count: count is 255
LOG (gmm-est-fmllr-gpost[5.5.383~1-bd1d]:main():gmm-est-fmllr-gpost.cc:141) For speaker c474, auxf-impr from fMLLR is 0, over 255 frames.

WARNING (gmm-est-fmllr-gpost[5.5.383~1-bd1d]:Update():fmllr-diag-gmm.cc:162) Not updating fMLLR since below min-count: count is 178
LOG (gmm-est-fmllr-gpost[5.5.383~1-bd1d]:main():gmm-est-fmllr-gpost.cc:141) For speaker c475, auxf-impr from fMLLR is 0, over 178 frames.

WARNING (gmm-est-fmllr-gpost[5.5.383~1-bd1d]:Update():fmllr-diag-gmm.cc:162) Not updating fMLLR since below min-count: count is 233
LOG (gmm-est-fmllr-gpost[5.5.383~1-bd1d]:main():gmm-est-fmllr-gpost.cc:141) For speaker c476, auxf-impr from fMLLR is 0, over 233 frames.

WARNING (gmm-est-fmllr-gpost[5.5.383~1-bd1d]:Update():fmllr-diag-gmm.cc:162) Not updating fMLLR since below min-count: count is 306
LOG (gmm-est-fmllr-gpost[5.5.383~1-bd1d]:main():gmm-est-fmllr-gpost.cc:141) For speaker c477, auxf-impr from fMLLR is 0, over 306 frames.

WARNING (gmm-est-fmllr-gpost[5.5.383~1-bd1d]:Update():fmllr-diag-gmm.cc:162) Not updating fMLLR since below min-count: count is 404
LOG (gmm-est-fmllr-gpost[5.5.383~1-bd1d]:main():gmm-est-fmllr-gpost.cc:141) For speaker c478, auxf-impr from fMLLR is 0, over 404 frames.

WARNING (gmm-est-fmllr-gpost[5.5.383~1-bd1d]:Update():fmllr-diag-gmm.cc:162) Not updating fMLLR since below min-count: count is 325
LOG (gmm-est-fmllr-gpost[5.5.383~1-bd1d]:main():gmm-est-fmllr-gpost.cc:141) For speaker c479, auxf-impr from fMLLR is 0, over 325 frames.

WARNING (gmm-est-fmllr-gpost[5.5.383~1-bd1d]:Update():fmllr-diag-gmm.cc:162) Not updating fMLLR since below min-count: count is 263
LOG (gmm-est-fmllr-gpost[5.5.383~1-bd1d]:main():gmm-est-fmllr-gpost.cc:141) For speaker c48, auxf-impr from fMLLR is 0, over 263 frames.

WARNING (gmm-est-fmllr-gpost[5.5.383~1-bd1d]:Update():fmllr-diag-gmm.cc:162) Not updating fMLLR since below min-count: count is 270
LOG (gmm-est-fmllr-gpost[5.5.383~1-bd1d]:main():gmm-est-fmllr-gpost.cc:141) For speaker c480, auxf-impr from fMLLR is 0, over 270 frames.

WARNING (gmm-est-fmllr-gpost[5.5.383~1-bd1d]:Update():fmllr-diag-gmm.cc:162) Not updating fMLLR since below min-count: count is 171
LOG (gmm-est-fmllr-gpost[5.5.383~1-bd1d]:main():gmm-est-fmllr-gpost.cc:141) For speaker c481, auxf-impr from fMLLR is 0, over 171 frames.

WARNING (gmm-est-fmllr-gpost[5.5.383~1-bd1d]:Update():fmllr-diag-gmm.cc:162) Not updating fMLLR since below min-count: count is 247
LOG (gmm-est-fmllr-gpost[5.5.383~1-bd1d]:main():gmm-est-fmllr-gpost.cc:141) For speaker c482, auxf-impr from fMLLR is 0, over 247 frames.

WARNING (gmm-est-fmllr-gpost[5.5.383~1-bd1d]:Update():fmllr-diag-gmm.cc:162) Not updating fMLLR since below min-count: count is 211
LOG (gmm-est-fmllr-gpost[5.5.383~1-bd1d]:main():gmm-est-fmllr-gpost.cc:141) For speaker c483, auxf-impr from fMLLR is 0, over 211 frames.

WARNING (gmm-est-fmllr-gpost[5.5.383~1-bd1d]:Update():fmllr-diag-gmm.cc:162) Not updating fMLLR since below min-count: count is 186
LOG (gmm-est-fmllr-gpost[5.5.383~1-bd1d]:main():gmm-est-fmllr-gpost.cc:141) For speaker c484, auxf-impr from fMLLR is 0, over 186 frames.

WARNING (gmm-est-fmllr-gpost[5.5.383~1-bd1d]:Update():fmllr-diag-gmm.cc:162) Not updating fMLLR since below min-count: count is 249
LOG (gmm-est-fmllr-gpost[5.5.383~1-bd1d]:main():gmm-est-fmllr-gpost.cc:141) For speaker c485, auxf-impr from fMLLR is 0, over 249 frames.

WARNING (gmm-est-fmllr-gpost[5.5.383~1-bd1d]:Update():fmllr-diag-gmm.cc:162) Not updating fMLLR since below min-count: count is 270
LOG (gmm-est-fmllr-gpost[5.5.383~1-bd1d]:main():gmm-est-fmllr-gpost.cc:141) For speaker c486, auxf-impr from fMLLR is 0, over 270 frames.

WARNING (gmm-est-fmllr-gpost[5.5.383~1-bd1d]:Update():fmllr-diag-gmm.cc:162) Not updating fMLLR since below min-count: count is 449
LOG (gmm-est-fmllr-gpost[5.5.383~1-bd1d]:main():gmm-est-fmllr-gpost.cc:141) For speaker c487, auxf-impr from fMLLR is 0, over 449 frames.

WARNING (gmm-est-fmllr-gpost[5.5.383~1-bd1d]:Update():fmllr-diag-gmm.cc:162) Not updating fMLLR since below min-count: count is 116
LOG (gmm-est-fmllr-gpost[5.5.383~1-bd1d]:main():gmm-est-fmllr-gpost.cc:141) For speaker c488, auxf-impr from fMLLR is 0, over 116 frames.

WARNING (gmm-est-fmllr-gpost[5.5.383~1-bd1d]:Update():fmllr-diag-gmm.cc:162) Not updating fMLLR since below min-count: count is 280
LOG (gmm-est-fmllr-gpost[5.5.383~1-bd1d]:main():gmm-est-fmllr-gpost.cc:141) For speaker c489, auxf-impr from fMLLR is 0, over 280 frames.

WARNING (gmm-est-fmllr-gpost[5.5.383~1-bd1d]:Update():fmllr-diag-gmm.cc:162) Not updating fMLLR since below min-count: count is 241
LOG (gmm-est-fmllr-gpost[5.5.383~1-bd1d]:main():gmm-est-fmllr-gpost.cc:141) For speaker c49, auxf-impr from fMLLR is 0, over 241 frames.

WARNING (gmm-est-fmllr-gpost[5.5.383~1-bd1d]:Update():fmllr-diag-gmm.cc:162) Not updating fMLLR since below min-count: count is 189
LOG (gmm-est-fmllr-gpost[5.5.383~1-bd1d]:main():gmm-est-fmllr-gpost.cc:141) For speaker c490, auxf-impr from fMLLR is 0, over 189 frames.

WARNING (gmm-est-fmllr-gpost[5.5.383~1-bd1d]:Update():fmllr-diag-gmm.cc:162) Not updating fMLLR since below min-count: count is 242
LOG (gmm-est-fmllr-gpost[5.5.383~1-bd1d]:main():gmm-est-fmllr-gpost.cc:141) For speaker c491, auxf-impr from fMLLR is 0, over 242 frames.

WARNING (gmm-est-fmllr-gpost[5.5.383~1-bd1d]:Update():fmllr-diag-gmm.cc:162) Not updating fMLLR since below min-count: count is 143
LOG (gmm-est-fmllr-gpost[5.5.383~1-bd1d]:main():gmm-est-fmllr-gpost.cc:141) For speaker c492, auxf-impr from fMLLR is 0, over 143 frames.

WARNING (gmm-est-fmllr-gpost[5.5.383~1-bd1d]:Update():fmllr-diag-gmm.cc:162) Not updating fMLLR since below min-count: count is 125
LOG (gmm-est-fmllr-gpost[5.5.383~1-bd1d]:main():gmm-est-fmllr-gpost.cc:141) For speaker c493, auxf-impr from fMLLR is 0, over 125 frames.

WARNING (gmm-est-fmllr-gpost[5.5.383~1-bd1d]:Update():fmllr-diag-gmm.cc:162) Not updating fMLLR since below min-count: count is 209
LOG (gmm-est-fmllr-gpost[5.5.383~1-bd1d]:main():gmm-est-fmllr-gpost.cc:141) For speaker c494, auxf-impr from fMLLR is 0, over 209 frames.

WARNING (gmm-est-fmllr-gpost[5.5.383~1-bd1d]:Update():fmllr-diag-gmm.cc:162) Not updating fMLLR since below min-count: count is 200
LOG (gmm-est-fmllr-gpost[5.5.383~1-bd1d]:main():gmm-est-fmllr-gpost.cc:141) For speaker c495, auxf-impr from fMLLR is 0, over 200 frames.

WARNING (gmm-est-fmllr-gpost[5.5.383~1-bd1d]:Update():fmllr-diag-gmm.cc:162) Not updating fMLLR since below min-count: count is 137
LOG (gmm-est-fmllr-gpost[5.5.383~1-bd1d]:main():gmm-est-fmllr-gpost.cc:141) For speaker c496, auxf-impr from fMLLR is 0, over 137 frames.

WARNING (gmm-est-fmllr-gpost[5.5.383~1-bd1d]:Update():fmllr-diag-gmm.cc:162) Not updating fMLLR since below min-count: count is 117
LOG (gmm-est-fmllr-gpost[5.5.383~1-bd1d]:main():gmm-est-fmllr-gpost.cc:141) For speaker c497, auxf-impr from fMLLR is 0, over 117 frames.

WARNING (gmm-est-fmllr-gpost[5.5.383~1-bd1d]:Update():fmllr-diag-gmm.cc:162) Not updating fMLLR since below min-count: count is 125
LOG (gmm-est-fmllr-gpost[5.5.383~1-bd1d]:main():gmm-est-fmllr-gpost.cc:141) For speaker c498, auxf-impr from fMLLR is 0, over 125 frames.

WARNING (gmm-est-fmllr-gpost[5.5.383~1-bd1d]:Update():fmllr-diag-gmm.cc:162) Not updating fMLLR since below min-count: count is 260
LOG (gmm-est-fmllr-gpost[5.5.383~1-bd1d]:main():gmm-est-fmllr-gpost.cc:141) For speaker c499, auxf-impr from fMLLR is 0, over 260 frames.

WARNING (gmm-est-fmllr-gpost[5.5.383~1-bd1d]:Update():fmllr-diag-gmm.cc:162) Not updating fMLLR since below min-count: count is 412
LOG (gmm-est-fmllr-gpost[5.5.383~1-bd1d]:main():gmm-est-fmllr-gpost.cc:141) For speaker c5, auxf-impr from fMLLR is 0, over 412 frames.

WARNING (gmm-est-fmllr-gpost[5.5.383~1-bd1d]:Update():fmllr-diag-gmm.cc:162) Not updating fMLLR since below min-count: count is 305
LOG (gmm-est-fmllr-gpost[5.5.383~1-bd1d]:main():gmm-est-fmllr-gpost.cc:141) For speaker c50, auxf-impr from fMLLR is 0, over 305 frames.

WARNING (gmm-est-fmllr-gpost[5.5.383~1-bd1d]:Update():fmllr-diag-gmm.cc:162) Not updating fMLLR since below min-count: count is 126
LOG (gmm-est-fmllr-gpost[5.5.383~1-bd1d]:main():gmm-est-fmllr-gpost.cc:141) For speaker c500, auxf-impr from fMLLR is 0, over 126 frames.

WARNING (gmm-est-fmllr-gpost[5.5.383~1-bd1d]:Update():fmllr-diag-gmm.cc:162) Not updating fMLLR since below min-count: count is 191
LOG (gmm-est-fmllr-gpost[5.5.383~1-bd1d]:main():gmm-est-fmllr-gpost.cc:141) For speaker c501, auxf-impr from fMLLR is 0, over 191 frames.

WARNING (gmm-est-fmllr-gpost[5.5.383~1-bd1d]:Update():fmllr-diag-gmm.cc:162) Not updating fMLLR since below min-count: count is 371
LOG (gmm-est-fmllr-gpost[5.5.383~1-bd1d]:main():gmm-est-fmllr-gpost.cc:141) For speaker c502, auxf-impr from fMLLR is 0, over 371 frames.

WARNING (gmm-est-fmllr-gpost[5.5.383~1-bd1d]:Update():fmllr-diag-gmm.cc:162) Not updating fMLLR since below min-count: count is 154
LOG (gmm-est-fmllr-gpost[5.5.383~1-bd1d]:main():gmm-est-fmllr-gpost.cc:141) For speaker c503, auxf-impr from fMLLR is 0, over 154 frames.

WARNING (gmm-est-fmllr-gpost[5.5.383~1-bd1d]:Update():fmllr-diag-gmm.cc:162) Not updating fMLLR since below min-count: count is 200
LOG (gmm-est-fmllr-gpost[5.5.383~1-bd1d]:main():gmm-est-fmllr-gpost.cc:141) For speaker c504, auxf-impr from fMLLR is 0, over 200 frames.

WARNING (gmm-est-fmllr-gpost[5.5.383~1-bd1d]:Update():fmllr-diag-gmm.cc:162) Not updating fMLLR since below min-count: count is 244
LOG (gmm-est-fmllr-gpost[5.5.383~1-bd1d]:main():gmm-est-fmllr-gpost.cc:141) For speaker c505, auxf-impr from fMLLR is 0, over 244 frames.

WARNING (gmm-est-fmllr-gpost[5.5.383~1-bd1d]:Update():fmllr-diag-gmm.cc:162) Not updating fMLLR since below min-count: count is 153
LOG (gmm-est-fmllr-gpost[5.5.383~1-bd1d]:main():gmm-est-fmllr-gpost.cc:141) For speaker c506, auxf-impr from fMLLR is 0, over 153 frames.

WARNING (gmm-est-fmllr-gpost[5.5.383~1-bd1d]:Update():fmllr-diag-gmm.cc:162) Not updating fMLLR since below min-count: count is 361
LOG (gmm-est-fmllr-gpost[5.5.383~1-bd1d]:main():gmm-est-fmllr-gpost.cc:141) For speaker c507, auxf-impr from fMLLR is 0, over 361 frames.

WARNING (gmm-est-fmllr-gpost[5.5.383~1-bd1d]:Update():fmllr-diag-gmm.cc:162) Not updating fMLLR since below min-count: count is 78
LOG (gmm-est-fmllr-gpost[5.5.383~1-bd1d]:main():gmm-est-fmllr-gpost.cc:141) For speaker c508, auxf-impr from fMLLR is 0, over 78 frames.

LOG (ali-to-post[5.5.383~1-bd1d]:main():ali-to-post.cc:73) Converted 79 alignments.
WARNING (gmm-est-fmllr-gpost[5.5.383~1-bd1d]:Update():fmllr-diag-gmm.cc:162) Not updating fMLLR since below min-count: count is 145
LOG (gmm-est-fmllr-gpost[5.5.383~1-bd1d]:main():gmm-est-fmllr-gpost.cc:141) For speaker c509, auxf-impr from fMLLR is 0, over 145 frames.

WARNING (gmm-est-fmllr-gpost[5.5.383~1-bd1d]:Update():fmllr-diag-gmm.cc:162) Not updating fMLLR since below min-count: count is 130
LOG (gmm-est-fmllr-gpost[5.5.383~1-bd1d]:main():gmm-est-fmllr-gpost.cc:141) For speaker c51, auxf-impr from fMLLR is 0, over 130 frames.

WARNING (gmm-est-fmllr-gpost[5.5.383~1-bd1d]:Update():fmllr-diag-gmm.cc:162) Not updating fMLLR since below min-count: count is 34
LOG (gmm-est-fmllr-gpost[5.5.383~1-bd1d]:main():gmm-est-fmllr-gpost.cc:141) For speaker c510, auxf-impr from fMLLR is 0, over 34 frames.

WARNING (gmm-est-fmllr-gpost[5.5.383~1-bd1d]:Update():fmllr-diag-gmm.cc:162) Not updating fMLLR since below min-count: count is 212
LOG (gmm-est-fmllr-gpost[5.5.383~1-bd1d]:main():gmm-est-fmllr-gpost.cc:141) For speaker c511, auxf-impr from fMLLR is 0, over 212 frames.

WARNING (gmm-est-fmllr-gpost[5.5.383~1-bd1d]:Update():fmllr-diag-gmm.cc:162) Not updating fMLLR since below min-count: count is 166
LOG (gmm-est-fmllr-gpost[5.5.383~1-bd1d]:main():gmm-est-fmllr-gpost.cc:141) For speaker c512, auxf-impr from fMLLR is 0, over 166 frames.

WARNING (gmm-est-fmllr-gpost[5.5.383~1-bd1d]:Update():fmllr-diag-gmm.cc:162) Not updating fMLLR since below min-count: count is 181
LOG (gmm-est-fmllr-gpost[5.5.383~1-bd1d]:main():gmm-est-fmllr-gpost.cc:141) For speaker c513, auxf-impr from fMLLR is 0, over 181 frames.

WARNING (gmm-est-fmllr-gpost[5.5.383~1-bd1d]:Update():fmllr-diag-gmm.cc:162) Not updating fMLLR since below min-count: count is 312
LOG (gmm-est-fmllr-gpost[5.5.383~1-bd1d]:main():gmm-est-fmllr-gpost.cc:141) For speaker c514, auxf-impr from fMLLR is 0, over 312 frames.

WARNING (gmm-est-fmllr-gpost[5.5.383~1-bd1d]:Update():fmllr-diag-gmm.cc:162) Not updating fMLLR since below min-count: count is 257
LOG (gmm-est-fmllr-gpost[5.5.383~1-bd1d]:main():gmm-est-fmllr-gpost.cc:141) For speaker c515, auxf-impr from fMLLR is 0, over 257 frames.

WARNING (gmm-est-fmllr-gpost[5.5.383~1-bd1d]:Update():fmllr-diag-gmm.cc:162) Not updating fMLLR since below min-count: count is 275
LOG (gmm-est-fmllr-gpost[5.5.383~1-bd1d]:main():gmm-est-fmllr-gpost.cc:141) For speaker c516, auxf-impr from fMLLR is 0, over 275 frames.

LOG (weight-silence-post[5.5.383~1-bd1d]:main():weight-silence-post.cc:95) Done 79 posteriors.
WARNING (gmm-est-fmllr-gpost[5.5.383~1-bd1d]:Update():fmllr-diag-gmm.cc:162) Not updating fMLLR since below min-count: count is 347
LOG (gmm-est-fmllr-gpost[5.5.383~1-bd1d]:main():gmm-est-fmllr-gpost.cc:141) For speaker c517, auxf-impr from fMLLR is 0, over 347 frames.

WARNING (gmm-est-fmllr-gpost[5.5.383~1-bd1d]:Update():fmllr-diag-gmm.cc:162) Not updating fMLLR since below min-count: count is 198
LOG (gmm-est-fmllr-gpost[5.5.383~1-bd1d]:main():gmm-est-fmllr-gpost.cc:141) For speaker c518, auxf-impr from fMLLR is 0, over 198 frames.

WARNING (gmm-est-fmllr-gpost[5.5.383~1-bd1d]:Update():fmllr-diag-gmm.cc:162) Not updating fMLLR since below min-count: count is 197
LOG (gmm-est-fmllr-gpost[5.5.383~1-bd1d]:main():gmm-est-fmllr-gpost.cc:141) For speaker c519, auxf-impr from fMLLR is 0, over 197 frames.

WARNING (gmm-est-fmllr-gpost[5.5.383~1-bd1d]:Update():fmllr-diag-gmm.cc:162) Not updating fMLLR since below min-count: count is 240
LOG (gmm-est-fmllr-gpost[5.5.383~1-bd1d]:main():gmm-est-fmllr-gpost.cc:141) For speaker c52, auxf-impr from fMLLR is 0, over 240 frames.

LOG (apply-cmvn[5.5.383~1-bd1d]:main():apply-cmvn.cc:162) Applied cepstral mean normalization to 79 utterances, errors on 0
WARNING (gmm-est-fmllr-gpost[5.5.383~1-bd1d]:Update():fmllr-diag-gmm.cc:162) Not updating fMLLR since below min-count: count is 80
LOG (gmm-est-fmllr-gpost[5.5.383~1-bd1d]:main():gmm-est-fmllr-gpost.cc:141) For speaker c520, auxf-impr from fMLLR is 0, over 80 frames.

WARNING (gmm-est-fmllr-gpost[5.5.383~1-bd1d]:Update():fmllr-diag-gmm.cc:162) Not updating fMLLR since below min-count: count is 363
LOG (gmm-est-fmllr-gpost[5.5.383~1-bd1d]:main():gmm-est-fmllr-gpost.cc:141) For speaker c521, auxf-impr from fMLLR is 0, over 363 frames.

WARNING (gmm-est-fmllr-gpost[5.5.383~1-bd1d]:Update():fmllr-diag-gmm.cc:162) Not updating fMLLR since below min-count: count is 101
LOG (gmm-est-fmllr-gpost[5.5.383~1-bd1d]:main():gmm-est-fmllr-gpost.cc:141) For speaker c522, auxf-impr from fMLLR is 0, over 101 frames.

WARNING (gmm-est-fmllr-gpost[5.5.383~1-bd1d]:Update():fmllr-diag-gmm.cc:162) Not updating fMLLR since below min-count: count is 265
LOG (gmm-est-fmllr-gpost[5.5.383~1-bd1d]:main():gmm-est-fmllr-gpost.cc:141) For speaker c523, auxf-impr from fMLLR is 0, over 265 frames.

LOG (apply-cmvn[5.5.383~1-bd1d]:main():apply-cmvn.cc:162) Applied cepstral mean normalization to 79 utterances, errors on 0
LOG (transform-feats[5.5.383~1-bd1d]:main():transform-feats.cc:158) Overall average [pseudo-]logdet is -86.2559 over 41853 frames.
LOG (transform-feats[5.5.383~1-bd1d]:main():transform-feats.cc:161) Applied transform to 79 utterances; 0 had errors.
WARNING (gmm-est-fmllr-gpost[5.5.383~1-bd1d]:Update():fmllr-diag-gmm.cc:162) Not updating fMLLR since below min-count: count is 306
LOG (gmm-est-fmllr-gpost[5.5.383~1-bd1d]:main():gmm-est-fmllr-gpost.cc:141) For speaker c524, auxf-impr from fMLLR is 0, over 306 frames.

WARNING (gmm-est-fmllr-gpost[5.5.383~1-bd1d]:Update():fmllr-diag-gmm.cc:162) Not updating fMLLR since below min-count: count is 194
LOG (gmm-est-fmllr-gpost[5.5.383~1-bd1d]:main():gmm-est-fmllr-gpost.cc:141) For speaker c525, auxf-impr from fMLLR is 0, over 194 frames.

LOG (gmm-post-to-gpost[5.5.383~1-bd1d]:main():gmm-post-to-gpost.cc:124) Done 79 files, 0 with no posteriors, 0 with other errors.
LOG (gmm-post-to-gpost[5.5.383~1-bd1d]:main():gmm-post-to-gpost.cc:128) Overall avg like per frame (Gaussian only) = -45.9179 over 18732 frames.
LOG (gmm-post-to-gpost[5.5.383~1-bd1d]:main():gmm-post-to-gpost.cc:131) Done converting post to gpost
WARNING (gmm-est-fmllr-gpost[5.5.383~1-bd1d]:Update():fmllr-diag-gmm.cc:162) Not updating fMLLR since below min-count: count is 245
LOG (gmm-est-fmllr-gpost[5.5.383~1-bd1d]:main():gmm-est-fmllr-gpost.cc:141) For speaker c526, auxf-impr from fMLLR is 0, over 245 frames.

WARNING (gmm-est-fmllr-gpost[5.5.383~1-bd1d]:Update():fmllr-diag-gmm.cc:162) Not updating fMLLR since below min-count: count is 414
LOG (gmm-est-fmllr-gpost[5.5.383~1-bd1d]:main():gmm-est-fmllr-gpost.cc:141) For speaker c527, auxf-impr from fMLLR is 0, over 414 frames.

LOG (transform-feats[5.5.383~1-bd1d]:main():transform-feats.cc:158) Overall average [pseudo-]logdet is -86.2559 over 41853 frames.
LOG (transform-feats[5.5.383~1-bd1d]:main():transform-feats.cc:161) Applied transform to 79 utterances; 0 had errors.
WARNING (gmm-est-fmllr-gpost[5.5.383~1-bd1d]:Update():fmllr-diag-gmm.cc:162) Not updating fMLLR since below min-count: count is 197
LOG (gmm-est-fmllr-gpost[5.5.383~1-bd1d]:main():gmm-est-fmllr-gpost.cc:141) For speaker c528, auxf-impr from fMLLR is 0, over 197 frames.

LOG (gmm-est-fmllr-gpost[5.5.383~1-bd1d]:main():gmm-est-fmllr-gpost.cc:186) Done 79 files, 0 with no gposts, 0 with other errors.
LOG (gmm-est-fmllr-gpost[5.5.383~1-bd1d]:main():gmm-est-fmllr-gpost.cc:188) Overall fMLLR auxf impr per frame is 0 over 18732 frames.
# Accounting: time=1 threads=1
# Ended (code 0) at Tue Jun 18 16:53:09 IST 2019, elapsed time 1 seconds
