# compile-train-graphs --read-disambig-syms=data/lang/phones/disambig.int exp/tri2/tree exp/tri2/1.mdl data/lang/L.fst "ark:utils/sym2int.pl --map-oov 2 -f 2- data/lang/words.txt < data/train/split8/8/text |" "ark:|gzip -c >exp/tri2/fsts.8.gz" 
# Started at Tue Jun 18 17:09:14 IST 2019
#
compile-train-graphs --read-disambig-syms=data/lang/phones/disambig.int exp/tri2/tree exp/tri2/1.mdl data/lang/L.fst 'ark:utils/sym2int.pl --map-oov 2 -f 2- data/lang/words.txt < data/train/split8/8/text |' 'ark:|gzip -c >exp/tri2/fsts.8.gz' 
sym2int.pl: replacing میگزین with 2
sym2int.pl: replacing ابواب with 2
sym2int.pl: replacing ادھیڑنے with 2
sym2int.pl: replacing مہوش with 2
sym2int.pl: replacing رہنماؤں with 2
sym2int.pl: replacing آشیرباد with 2
sym2int.pl: replacing باگ with 2
sym2int.pl: replacing دھاگے with 2
sym2int.pl: replacing ریشوں with 2
sym2int.pl: replacing دھری with 2
sym2int.pl: replacing لنگڑی with 2
sym2int.pl: replacing گلہری with 2
sym2int.pl: replacing اُدھر with 2
sym2int.pl: replacing دلربا with 2
sym2int.pl: replacing آیوڈین with 2
sym2int.pl: replacing نرخ with 2
sym2int.pl: replacing ٹھیلے with 2
sym2int.pl: replacing کلو with 2
sym2int.pl: replacing بنفشی with 2
sym2int.pl: replacing آلوچہ with 2
sym2int.pl: not warning for OOVs any more times
** Replaced 445 instances of OOVs with 2
LOG (compile-train-graphs[5.5.383~1-bd1d]:main():compile-train-graphs.cc:147) compile-train-graphs: succeeded for 79 graphs, failed for 0
# Accounting: time=1 threads=1
# Ended (code 0) at Tue Jun 18 17:09:15 IST 2019, elapsed time 1 seconds
