gmm-init-model --write-occs=exp/tri2/1.occs exp/tri2/tree exp/tri2/treeacc data/lang/topo exp/tri2/1.mdl 
LOG (gmm-init-model[5.5.383~1-bd1d]:main():gmm-init-model.cc:271) Number of separate statistics is 21748
WARNING (gmm-init-model[5.5.383~1-bd1d]:InitAmGmm():gmm-init-model.cc:55) Tree has pdf-id 34 with no stats; corresponding phone list: 139 140 141 142 
WARNING (gmm-init-model[5.5.383~1-bd1d]:InitAmGmm():gmm-init-model.cc:83) Very small count for state 4: 71; corresponding phone list: 19 20 21 22 
WARNING (gmm-init-model[5.5.383~1-bd1d]:InitAmGmm():gmm-init-model.cc:83) Very small count for state 6: 28; corresponding phone list: 27 28 29 30 
WARNING (gmm-init-model[5.5.383~1-bd1d]:InitAmGmm():gmm-init-model.cc:83) Very small count for state 7: 10; corresponding phone list: 31 32 33 34 
WARNING (gmm-init-model[5.5.383~1-bd1d]:InitAmGmm():gmm-init-model.cc:83) Very small count for state 9: 4; corresponding phone list: 39 40 41 42 
WARNING (gmm-init-model[5.5.383~1-bd1d]:InitAmGmm():gmm-init-model.cc:83) Very small count for state 10: 68; corresponding phone list: 43 44 45 46 
WARNING (gmm-init-model[5.5.383~1-bd1d]:InitAmGmm():gmm-init-model.cc:83) Very small count for state 13: 91; corresponding phone list: 55 56 57 58 
WARNING (gmm-init-model[5.5.383~1-bd1d]:InitAmGmm():gmm-init-model.cc:83) Very small count for state 15: 74; corresponding phone list: 63 64 65 66 
WARNING (gmm-init-model[5.5.383~1-bd1d]:InitAmGmm():gmm-init-model.cc:83) Very small count for state 16: 68; corresponding phone list: 67 68 69 70 
WARNING (gmm-init-model[5.5.383~1-bd1d]:InitAmGmm():gmm-init-model.cc:83) Very small count for state 17: 52; corresponding phone list: 71 72 73 74 
WARNING (gmm-init-model[5.5.383~1-bd1d]:InitAmGmm():gmm-init-model.cc:83) Very small count for state 18: 99; corresponding phone list: 75 76 77 78 
WARNING (gmm-init-model[5.5.383~1-bd1d]:InitAmGmm():gmm-init-model.cc:83) Very small count for state 19: 90; corresponding phone list: 79 80 81 82 
WARNING (gmm-init-model[5.5.383~1-bd1d]:InitAmGmm():gmm-init-model.cc:83) Very small count for state 20: 88; corresponding phone list: 83 84 85 86 
WARNING (gmm-init-model[5.5.383~1-bd1d]:InitAmGmm():gmm-init-model.cc:83) Very small count for state 21: 77; corresponding phone list: 87 88 89 90 
WARNING (gmm-init-model[5.5.383~1-bd1d]:InitAmGmm():gmm-init-model.cc:83) Very small count for state 29: 85; corresponding phone list: 119 120 121 122 
WARNING (gmm-init-model[5.5.383~1-bd1d]:InitAmGmm():gmm-init-model.cc:83) Very small count for state 30: 54; corresponding phone list: 124 
WARNING (gmm-init-model[5.5.383~1-bd1d]:InitAmGmm():gmm-init-model.cc:83) Very small count for state 33: 58; corresponding phone list: 135 136 137 138 
WARNING (gmm-init-model[5.5.383~1-bd1d]:InitAmGmm():gmm-init-model.cc:83) Very small count for state 37: 31; corresponding phone list: 151 152 153 154 
WARNING (gmm-init-model[5.5.383~1-bd1d]:InitAmGmm():gmm-init-model.cc:83) Very small count for state 38: 86; corresponding phone list: 155 156 157 158 
WARNING (gmm-init-model[5.5.383~1-bd1d]:InitAmGmm():gmm-init-model.cc:83) Very small count for state 40: 92; corresponding phone list: 163 164 165 166 
WARNING (gmm-init-model[5.5.383~1-bd1d]:InitAmGmm():gmm-init-model.cc:83) Very small count for state 42: 85; corresponding phone list: 171 172 173 174 
WARNING (gmm-init-model[5.5.383~1-bd1d]:InitAmGmm():gmm-init-model.cc:83) Very small count for state 43: 69; corresponding phone list: 175 176 177 178 
WARNING (gmm-init-model[5.5.383~1-bd1d]:InitAmGmm():gmm-init-model.cc:83) Very small count for state 44: 41; corresponding phone list: 179 180 181 182 
WARNING (gmm-init-model[5.5.383~1-bd1d]:InitAmGmm():gmm-init-model.cc:83) Very small count for state 46: 69; corresponding phone list: 187 188 189 190 
WARNING (gmm-init-model[5.5.383~1-bd1d]:InitAmGmm():gmm-init-model.cc:83) Very small count for state 49: 59; corresponding phone list: 200 
WARNING (gmm-init-model[5.5.383~1-bd1d]:InitAmGmm():gmm-init-model.cc:83) Very small count for state 52: 24; corresponding phone list: 211 212 213 214 
WARNING (gmm-init-model[5.5.383~1-bd1d]:InitAmGmm():gmm-init-model.cc:83) Very small count for state 54: 99; corresponding phone list: 219 220 221 222 
WARNING (gmm-init-model[5.5.383~1-bd1d]:InitAmGmm():gmm-init-model.cc:83) Very small count for state 55: 15; corresponding phone list: 223 224 225 226 
WARNING (gmm-init-model[5.5.383~1-bd1d]:InitAmGmm():gmm-init-model.cc:83) Very small count for state 56: 74; corresponding phone list: 227 228 229 230 
WARNING (gmm-init-model[5.5.383~1-bd1d]:InitAmGmm():gmm-init-model.cc:83) Very small count for state 57: 46; corresponding phone list: 231 232 233 234 
WARNING (gmm-init-model[5.5.383~1-bd1d]:InitAmGmm():gmm-init-model.cc:83) Very small count for state 58: 23; corresponding phone list: 235 236 237 238 
WARNING (gmm-init-model[5.5.383~1-bd1d]:InitAmGmm():gmm-init-model.cc:83) Very small count for state 60: 13; corresponding phone list: 243 244 245 246 
WARNING (gmm-init-model[5.5.383~1-bd1d]:InitAmGmm():gmm-init-model.cc:83) Very small count for state 77: 81; corresponding phone list: 15 16 17 18 
WARNING (gmm-init-model[5.5.383~1-bd1d]:InitAmGmm():gmm-init-model.cc:83) Very small count for state 81: 31; corresponding phone list: 143 
WARNING (gmm-init-model[5.5.383~1-bd1d]:InitAmGmm():gmm-init-model.cc:83) Very small count for state 82: 12; corresponding phone list: 95 96 97 98 
WARNING (gmm-init-model[5.5.383~1-bd1d]:InitAmGmm():gmm-init-model.cc:83) Very small count for state 87: 97; corresponding phone list: 187 188 189 190 
WARNING (gmm-init-model[5.5.383~1-bd1d]:InitAmGmm():gmm-init-model.cc:83) Very small count for state 97: 39; corresponding phone list: 123 124 125 126 
WARNING (gmm-init-model[5.5.383~1-bd1d]:InitAmGmm():gmm-init-model.cc:83) Very small count for state 98: 48; corresponding phone list: 171 172 173 174 
WARNING (gmm-init-model[5.5.383~1-bd1d]:InitAmGmm():gmm-init-model.cc:83) Very small count for state 99: 29; corresponding phone list: 35 36 37 38 
WARNING (gmm-init-model[5.5.383~1-bd1d]:InitAmGmm():gmm-init-model.cc:83) Very small count for state 102: 22; corresponding phone list: 143 144 145 146 
WARNING (gmm-init-model[5.5.383~1-bd1d]:InitAmGmm():gmm-init-model.cc:83) Very small count for state 110: 16; corresponding phone list: 104 
WARNING (gmm-init-model[5.5.383~1-bd1d]:InitAmGmm():gmm-init-model.cc:83) Very small count for state 114: 31; corresponding phone list: 16 
WARNING (gmm-init-model[5.5.383~1-bd1d]:InitAmGmm():gmm-init-model.cc:83) Very small count for state 116: 45; corresponding phone list: 35 36 37 38 
WARNING (gmm-init-model[5.5.383~1-bd1d]:InitAmGmm():gmm-init-model.cc:83) Very small count for state 118: 70; corresponding phone list: 35 36 37 38 
WARNING (gmm-init-model[5.5.383~1-bd1d]:InitAmGmm():gmm-init-model.cc:83) Very small count for state 121: 52; corresponding phone list: 219 220 221 222 
WARNING (gmm-init-model[5.5.383~1-bd1d]:InitAmGmm():gmm-init-model.cc:83) Very small count for state 123: 48; corresponding phone list: 15 17 18 
WARNING (gmm-init-model[5.5.383~1-bd1d]:InitAmGmm():gmm-init-model.cc:83) Very small count for state 125: 98; corresponding phone list: 99 100 101 102 
WARNING (gmm-init-model[5.5.383~1-bd1d]:InitAmGmm():gmm-init-model.cc:83) Very small count for state 139: 45; corresponding phone list: 83 84 85 86 
WARNING (gmm-init-model[5.5.383~1-bd1d]:InitAmGmm():gmm-init-model.cc:83) Very small count for state 141: 33; corresponding phone list: 99 100 101 102 
WARNING (gmm-init-model[5.5.383~1-bd1d]:InitAmGmm():gmm-init-model.cc:83) Very small count for state 144: 82; corresponding phone list: 79 80 81 82 
WARNING (gmm-init-model[5.5.383~1-bd1d]:InitAmGmm():gmm-init-model.cc:83) Very small count for state 145: 47; corresponding phone list: 107 108 109 110 
WARNING (gmm-init-model[5.5.383~1-bd1d]:InitAmGmm():gmm-init-model.cc:83) Very small count for state 146: 87; corresponding phone list: 11 12 13 14 
WARNING (gmm-init-model[5.5.383~1-bd1d]:InitAmGmm():gmm-init-model.cc:83) Very small count for state 147: 69; corresponding phone list: 123 124 125 126 
WARNING (gmm-init-model[5.5.383~1-bd1d]:InitAmGmm():gmm-init-model.cc:83) Very small count for state 152: 52; corresponding phone list: 43 44 45 46 
WARNING (gmm-init-model[5.5.383~1-bd1d]:InitAmGmm():gmm-init-model.cc:83) Very small count for state 153: 20; corresponding phone list: 24 
WARNING (gmm-init-model[5.5.383~1-bd1d]:InitAmGmm():gmm-init-model.cc:83) Very small count for state 155: 48; corresponding phone list: 59 60 61 62 
WARNING (gmm-init-model[5.5.383~1-bd1d]:InitAmGmm():gmm-init-model.cc:83) Very small count for state 158: 84; corresponding phone list: 107 108 109 110 
WARNING (gmm-init-model[5.5.383~1-bd1d]:InitAmGmm():gmm-init-model.cc:83) Very small count for state 161: 48; corresponding phone list: 15 17 18 
WARNING (gmm-init-model[5.5.383~1-bd1d]:InitAmGmm():gmm-init-model.cc:83) Very small count for state 163: 76; corresponding phone list: 171 172 173 174 
WARNING (gmm-init-model[5.5.383~1-bd1d]:InitAmGmm():gmm-init-model.cc:83) Very small count for state 164: 73; corresponding phone list: 103 104 105 106 
WARNING (gmm-init-model[5.5.383~1-bd1d]:InitAmGmm():gmm-init-model.cc:83) Very small count for state 165: 67; corresponding phone list: 107 108 109 110 
WARNING (gmm-init-model[5.5.383~1-bd1d]:InitAmGmm():gmm-init-model.cc:83) Very small count for state 167: 9; corresponding phone list: 15 16 17 18 
WARNING (gmm-init-model[5.5.383~1-bd1d]:InitAmGmm():gmm-init-model.cc:83) Very small count for state 170: 92; corresponding phone list: 132 
WARNING (gmm-init-model[5.5.383~1-bd1d]:InitAmGmm():gmm-init-model.cc:83) Very small count for state 175: 98; corresponding phone list: 95 96 97 98 
WARNING (gmm-init-model[5.5.383~1-bd1d]:InitAmGmm():gmm-init-model.cc:83) Very small count for state 180: 60; corresponding phone list: 175 176 177 178 
WARNING (gmm-init-model[5.5.383~1-bd1d]:InitAmGmm():gmm-init-model.cc:83) Very small count for state 185: 73; corresponding phone list: 103 104 105 106 
WARNING (gmm-init-model[5.5.383~1-bd1d]:InitAmGmm():gmm-init-model.cc:83) Very small count for state 186: 75; corresponding phone list: 103 104 105 106 
WARNING (gmm-init-model[5.5.383~1-bd1d]:InitAmGmm():gmm-init-model.cc:83) Very small count for state 187: 80; corresponding phone list: 227 228 229 230 
WARNING (gmm-init-model[5.5.383~1-bd1d]:InitAmGmm():gmm-init-model.cc:83) Very small count for state 188: 61; corresponding phone list: 227 228 229 230 
WARNING (gmm-init-model[5.5.383~1-bd1d]:InitAmGmm():gmm-init-model.cc:83) Very small count for state 189: 68; corresponding phone list: 149 
WARNING (gmm-init-model[5.5.383~1-bd1d]:InitAmGmm():gmm-init-model.cc:83) Very small count for state 191: 56; corresponding phone list: 47 48 49 50 
WARNING (gmm-init-model[5.5.383~1-bd1d]:InitAmGmm():gmm-init-model.cc:83) Very small count for state 192: 30; corresponding phone list: 35 36 37 38 
WARNING (gmm-init-model[5.5.383~1-bd1d]:InitAmGmm():gmm-init-model.cc:83) Very small count for state 193: 93; corresponding phone list: 99 100 101 102 
WARNING (gmm-init-model[5.5.383~1-bd1d]:InitAmGmm():gmm-init-model.cc:83) Very small count for state 196: 48; corresponding phone list: 171 172 173 174 
WARNING (gmm-init-model[5.5.383~1-bd1d]:InitAmGmm():gmm-init-model.cc:83) Very small count for state 199: 65; corresponding phone list: 131 132 133 134 
WARNING (gmm-init-model[5.5.383~1-bd1d]:InitAmGmm():gmm-init-model.cc:83) Very small count for state 200: 77; corresponding phone list: 219 220 221 222 
WARNING (gmm-init-model[5.5.383~1-bd1d]:InitAmGmm():gmm-init-model.cc:83) Very small count for state 202: 76; corresponding phone list: 95 96 97 98 
WARNING (gmm-init-model[5.5.383~1-bd1d]:InitAmGmm():gmm-init-model.cc:83) Very small count for state 203: 57; corresponding phone list: 195 196 197 198 
WARNING (gmm-init-model[5.5.383~1-bd1d]:InitAmGmm():gmm-init-model.cc:83) Very small count for state 204: 95; corresponding phone list: 35 36 37 38 
WARNING (gmm-init-model[5.5.383~1-bd1d]:InitAmGmm():gmm-init-model.cc:83) Very small count for state 205: 61; corresponding phone list: 231 232 233 234 
WARNING (gmm-init-model[5.5.383~1-bd1d]:InitAmGmm():gmm-init-model.cc:83) Very small count for state 206: 49; corresponding phone list: 35 36 37 38 
WARNING (gmm-init-model[5.5.383~1-bd1d]:InitAmGmm():gmm-init-model.cc:83) Very small count for state 207: 27; corresponding phone list: 159 160 161 162 
WARNING (gmm-init-model[5.5.383~1-bd1d]:InitAmGmm():gmm-init-model.cc:83) Very small count for state 208: 64; corresponding phone list: 147 148 149 150 
WARNING (gmm-init-model[5.5.383~1-bd1d]:InitAmGmm():gmm-init-model.cc:83) Very small count for state 210: 94; corresponding phone list: 15 16 17 18 
WARNING (gmm-init-model[5.5.383~1-bd1d]:InitAmGmm():gmm-init-model.cc:83) Very small count for state 211: 70; corresponding phone list: 215 216 217 218 
WARNING (gmm-init-model[5.5.383~1-bd1d]:InitAmGmm():gmm-init-model.cc:83) Very small count for state 212: 52; corresponding phone list: 111 112 113 114 
WARNING (gmm-init-model[5.5.383~1-bd1d]:InitAmGmm():gmm-init-model.cc:83) Very small count for state 213: 97; corresponding phone list: 43 44 45 46 
WARNING (gmm-init-model[5.5.383~1-bd1d]:InitAmGmm():gmm-init-model.cc:83) Very small count for state 215: 87; corresponding phone list: 95 96 97 98 
WARNING (gmm-init-model[5.5.383~1-bd1d]:InitAmGmm():gmm-init-model.cc:83) Very small count for state 217: 57; corresponding phone list: 12 13 14 
WARNING (gmm-init-model[5.5.383~1-bd1d]:InitAmGmm():gmm-init-model.cc:83) Very small count for state 218: 59; corresponding phone list: 59 60 61 62 
WARNING (gmm-init-model[5.5.383~1-bd1d]:InitAmGmm():gmm-init-model.cc:83) Very small count for state 219: 63; corresponding phone list: 127 128 129 130 
WARNING (gmm-init-model[5.5.383~1-bd1d]:InitAmGmm():gmm-init-model.cc:83) Very small count for state 223: 13; corresponding phone list: 87 88 89 90 
WARNING (gmm-init-model[5.5.383~1-bd1d]:InitAmGmm():gmm-init-model.cc:83) Very small count for state 225: 93; corresponding phone list: 132 133 134 
WARNING (gmm-init-model[5.5.383~1-bd1d]:InitAmGmm():gmm-init-model.cc:83) Very small count for state 227: 52; corresponding phone list: 123 124 125 126 
WARNING (gmm-init-model[5.5.383~1-bd1d]:InitAmGmm():gmm-init-model.cc:83) Very small count for state 229: 31; corresponding phone list: 16 
WARNING (gmm-init-model[5.5.383~1-bd1d]:InitAmGmm():gmm-init-model.cc:83) Very small count for state 230: 90; corresponding phone list: 131 132 133 134 
WARNING (gmm-init-model[5.5.383~1-bd1d]:InitAmGmm():gmm-init-model.cc:83) Very small count for state 231: 62; corresponding phone list: 15 16 17 18 
WARNING (gmm-init-model[5.5.383~1-bd1d]:InitAmGmm():gmm-init-model.cc:83) Very small count for state 232: 53; corresponding phone list: 159 160 161 162 
WARNING (gmm-init-model[5.5.383~1-bd1d]:InitAmGmm():gmm-init-model.cc:83) Very small count for state 236: 56; corresponding phone list: 35 36 37 38 
WARNING (gmm-init-model[5.5.383~1-bd1d]:InitAmGmm():gmm-init-model.cc:83) Very small count for state 238: 71; corresponding phone list: 15 17 18 
WARNING (gmm-init-model[5.5.383~1-bd1d]:InitAmGmm():gmm-init-model.cc:83) Very small count for state 239: 46; corresponding phone list: 171 172 173 174 
WARNING (gmm-init-model[5.5.383~1-bd1d]:InitAmGmm():gmm-init-model.cc:83) Very small count for state 243: 81; corresponding phone list: 183 184 185 186 
WARNING (gmm-init-model[5.5.383~1-bd1d]:InitAmGmm():gmm-init-model.cc:83) Very small count for state 244: 69; corresponding phone list: 175 176 177 178 
WARNING (gmm-init-model[5.5.383~1-bd1d]:InitAmGmm():gmm-init-model.cc:83) Very small count for state 245: 61; corresponding phone list: 171 172 173 174 
WARNING (gmm-init-model[5.5.383~1-bd1d]:InitAmGmm():gmm-init-model.cc:83) Very small count for state 246: 49; corresponding phone list: 35 36 37 38 
WARNING (gmm-init-model[5.5.383~1-bd1d]:InitAmGmm():gmm-init-model.cc:83) Very small count for state 247: 34; corresponding phone list: 195 197 198 
WARNING (gmm-init-model[5.5.383~1-bd1d]:InitAmGmm():gmm-init-model.cc:83) Very small count for state 248: 45; corresponding phone list: 215 216 217 218 
WARNING (gmm-init-model[5.5.383~1-bd1d]:InitAmGmm():gmm-init-model.cc:83) Very small count for state 251: 17; corresponding phone list: 43 44 45 46 
WARNING (gmm-init-model[5.5.383~1-bd1d]:InitAmGmm():gmm-init-model.cc:83) Very small count for state 253: 85; corresponding phone list: 83 84 85 86 
WARNING (gmm-init-model[5.5.383~1-bd1d]:InitAmGmm():gmm-init-model.cc:83) Very small count for state 254: 58; corresponding phone list: 43 44 45 46 
WARNING (gmm-init-model[5.5.383~1-bd1d]:InitAmGmm():gmm-init-model.cc:83) Very small count for state 255: 56; corresponding phone list: 47 48 49 50 
WARNING (gmm-init-model[5.5.383~1-bd1d]:InitAmGmm():gmm-init-model.cc:83) Very small count for state 256: 61; corresponding phone list: 12 13 14 
WARNING (gmm-init-model[5.5.383~1-bd1d]:InitAmGmm():gmm-init-model.cc:83) Very small count for state 257: 74; corresponding phone list: 35 36 37 38 
WARNING (gmm-init-model[5.5.383~1-bd1d]:InitAmGmm():gmm-init-model.cc:83) Very small count for state 259: 48; corresponding phone list: 47 
WARNING (gmm-init-model[5.5.383~1-bd1d]:InitAmGmm():gmm-init-model.cc:83) Very small count for state 260: 51; corresponding phone list: 115 116 117 118 
WARNING (gmm-init-model[5.5.383~1-bd1d]:InitAmGmm():gmm-init-model.cc:83) Very small count for state 262: 93; corresponding phone list: 103 104 105 106 
WARNING (gmm-init-model[5.5.383~1-bd1d]:InitAmGmm():gmm-init-model.cc:83) Very small count for state 263: 18; corresponding phone list: 15 
WARNING (gmm-init-model[5.5.383~1-bd1d]:InitAmGmm():gmm-init-model.cc:83) Very small count for state 264: 83; corresponding phone list: 127 129 130 
WARNING (gmm-init-model[5.5.383~1-bd1d]:InitAmGmm():gmm-init-model.cc:83) Very small count for state 266: 58; corresponding phone list: 83 84 85 86 
WARNING (gmm-init-model[5.5.383~1-bd1d]:InitAmGmm():gmm-init-model.cc:83) Very small count for state 267: 37; corresponding phone list: 15 16 17 18 
WARNING (gmm-init-model[5.5.383~1-bd1d]:InitAmGmm():gmm-init-model.cc:83) Very small count for state 271: 75; corresponding phone list: 47 48 49 50 
WARNING (gmm-init-model[5.5.383~1-bd1d]:InitAmGmm():gmm-init-model.cc:83) Very small count for state 273: 85; corresponding phone list: 36 37 38 
WARNING (gmm-init-model[5.5.383~1-bd1d]:InitAmGmm():gmm-init-model.cc:83) Very small count for state 274: 83; corresponding phone list: 15 17 18 
WARNING (gmm-init-model[5.5.383~1-bd1d]:InitAmGmm():gmm-init-model.cc:83) Very small count for state 276: 95; corresponding phone list: 95 96 97 98 
WARNING (gmm-init-model[5.5.383~1-bd1d]:InitAmGmm():gmm-init-model.cc:83) Very small count for state 277: 61; corresponding phone list: 95 96 97 98 
WARNING (gmm-init-model[5.5.383~1-bd1d]:InitAmGmm():gmm-init-model.cc:83) Very small count for state 282: 44; corresponding phone list: 107 108 109 110 
WARNING (gmm-init-model[5.5.383~1-bd1d]:InitAmGmm():gmm-init-model.cc:83) Very small count for state 283: 63; corresponding phone list: 35 36 37 38 
WARNING (gmm-init-model[5.5.383~1-bd1d]:InitAmGmm():gmm-init-model.cc:83) Very small count for state 291: 33; corresponding phone list: 23 24 25 26 
WARNING (gmm-init-model[5.5.383~1-bd1d]:InitAmGmm():gmm-init-model.cc:83) Very small count for state 292: 49; corresponding phone list: 12 13 14 
WARNING (gmm-init-model[5.5.383~1-bd1d]:InitAmGmm():gmm-init-model.cc:83) Very small count for state 294: 24; corresponding phone list: 15 17 18 
WARNING (gmm-init-model[5.5.383~1-bd1d]:InitAmGmm():gmm-init-model.cc:83) Very small count for state 296: 54; corresponding phone list: 143 144 145 146 
WARNING (gmm-init-model[5.5.383~1-bd1d]:InitAmGmm():gmm-init-model.cc:83) Very small count for state 297: 21; corresponding phone list: 105 
WARNING (gmm-init-model[5.5.383~1-bd1d]:InitAmGmm():gmm-init-model.cc:83) Very small count for state 299: 50; corresponding phone list: 11 12 13 14 
WARNING (gmm-init-model[5.5.383~1-bd1d]:InitAmGmm():gmm-init-model.cc:83) Very small count for state 300: 71; corresponding phone list: 219 220 221 222 
WARNING (gmm-init-model[5.5.383~1-bd1d]:InitAmGmm():gmm-init-model.cc:83) Very small count for state 302: 24; corresponding phone list: 147 148 149 150 
WARNING (gmm-init-model[5.5.383~1-bd1d]:InitAmGmm():gmm-init-model.cc:83) Very small count for state 303: 90; corresponding phone list: 239 240 241 242 
WARNING (gmm-init-model[5.5.383~1-bd1d]:InitAmGmm():gmm-init-model.cc:83) Very small count for state 305: 87; corresponding phone list: 123 124 125 126 
WARNING (gmm-init-model[5.5.383~1-bd1d]:InitAmGmm():gmm-init-model.cc:83) Very small count for state 306: 63; corresponding phone list: 131 132 133 134 
WARNING (gmm-init-model[5.5.383~1-bd1d]:InitAmGmm():gmm-init-model.cc:83) Very small count for state 307: 51; corresponding phone list: 15 16 17 18 
WARNING (gmm-init-model[5.5.383~1-bd1d]:InitAmGmm():gmm-init-model.cc:83) Very small count for state 308: 55; corresponding phone list: 35 36 37 38 
WARNING (gmm-init-model[5.5.383~1-bd1d]:InitAmGmm():gmm-init-model.cc:83) Very small count for state 310: 13; corresponding phone list: 36 37 38 
WARNING (gmm-init-model[5.5.383~1-bd1d]:InitAmGmm():gmm-init-model.cc:83) Very small count for state 311: 74; corresponding phone list: 95 96 97 98 
WARNING (gmm-init-model[5.5.383~1-bd1d]:InitAmGmm():gmm-init-model.cc:83) Very small count for state 312: 47; corresponding phone list: 227 228 229 230 
WARNING (gmm-init-model[5.5.383~1-bd1d]:InitAmGmm():gmm-init-model.cc:83) Very small count for state 316: 52; corresponding phone list: 83 84 85 86 
WARNING (gmm-init-model[5.5.383~1-bd1d]:InitAmGmm():gmm-init-model.cc:83) Very small count for state 318: 57; corresponding phone list: 187 188 189 190 
WARNING (gmm-init-model[5.5.383~1-bd1d]:InitAmGmm():gmm-init-model.cc:83) Very small count for state 320: 66; corresponding phone list: 16 
WARNING (gmm-init-model[5.5.383~1-bd1d]:InitAmGmm():gmm-init-model.cc:83) Very small count for state 323: 50; corresponding phone list: 199 201 202 
WARNING (gmm-init-model[5.5.383~1-bd1d]:InitAmGmm():gmm-init-model.cc:83) Very small count for state 325: 68; corresponding phone list: 183 184 185 186 
WARNING (gmm-init-model[5.5.383~1-bd1d]:InitAmGmm():gmm-init-model.cc:83) Very small count for state 329: 82; corresponding phone list: 35 36 37 38 
WARNING (gmm-init-model[5.5.383~1-bd1d]:InitAmGmm():gmm-init-model.cc:83) Very small count for state 331: 59; corresponding phone list: 12 13 14 
WARNING (gmm-init-model[5.5.383~1-bd1d]:InitAmGmm():gmm-init-model.cc:83) Very small count for state 332: 73; corresponding phone list: 103 104 105 106 
WARNING (gmm-init-model[5.5.383~1-bd1d]:InitAmGmm():gmm-init-model.cc:83) Very small count for state 333: 36; corresponding phone list: 35 36 37 38 
WARNING (gmm-init-model[5.5.383~1-bd1d]:InitAmGmm():gmm-init-model.cc:83) Very small count for state 336: 29; corresponding phone list: 103 104 105 106 
WARNING (gmm-init-model[5.5.383~1-bd1d]:InitAmGmm():gmm-init-model.cc:83) Very small count for state 338: 12; corresponding phone list: 15 17 18 
WARNING (gmm-init-model[5.5.383~1-bd1d]:InitAmGmm():gmm-init-model.cc:83) Very small count for state 339: 29; corresponding phone list: 12 13 14 
WARNING (gmm-init-model[5.5.383~1-bd1d]:InitAmGmm():gmm-init-model.cc:83) Very small count for state 341: 77; corresponding phone list: 35 36 37 38 
WARNING (gmm-init-model[5.5.383~1-bd1d]:InitAmGmm():gmm-init-model.cc:83) Very small count for state 342: 22; corresponding phone list: 36 37 38 
WARNING (gmm-init-model[5.5.383~1-bd1d]:InitAmGmm():gmm-init-model.cc:83) Very small count for state 343: 45; corresponding phone list: 99 100 101 102 
WARNING (gmm-init-model[5.5.383~1-bd1d]:InitAmGmm():gmm-init-model.cc:83) Very small count for state 345: 65; corresponding phone list: 71 72 73 74 
WARNING (gmm-init-model[5.5.383~1-bd1d]:InitAmGmm():gmm-init-model.cc:83) Very small count for state 347: 82; corresponding phone list: 15 17 18 
WARNING (gmm-init-model[5.5.383~1-bd1d]:InitAmGmm():gmm-init-model.cc:83) Very small count for state 350: 78; corresponding phone list: 60 
WARNING (gmm-init-model[5.5.383~1-bd1d]:InitAmGmm():gmm-init-model.cc:83) Very small count for state 356: 28; corresponding phone list: 15 16 17 18 
WARNING (gmm-init-model[5.5.383~1-bd1d]:InitAmGmm():gmm-init-model.cc:83) Very small count for state 358: 66; corresponding phone list: 143 
WARNING (gmm-init-model[5.5.383~1-bd1d]:InitAmGmm():gmm-init-model.cc:83) Very small count for state 364: 50; corresponding phone list: 187 188 189 190 
WARNING (gmm-init-model[5.5.383~1-bd1d]:InitAmGmm():gmm-init-model.cc:83) Very small count for state 366: 28; corresponding phone list: 219 220 221 222 
WARNING (gmm-init-model[5.5.383~1-bd1d]:InitAmGmm():gmm-init-model.cc:83) Very small count for state 370: 75; corresponding phone list: 15 17 18 
WARNING (gmm-init-model[5.5.383~1-bd1d]:InitAmGmm():gmm-init-model.cc:83) Very small count for state 371: 25; corresponding phone list: 155 156 157 158 
WARNING (gmm-init-model[5.5.383~1-bd1d]:InitAmGmm():gmm-init-model.cc:83) Very small count for state 374: 65; corresponding phone list: 131 132 133 134 
WARNING (gmm-init-model[5.5.383~1-bd1d]:InitAmGmm():gmm-init-model.cc:83) Very small count for state 375: 59; corresponding phone list: 35 36 37 38 
WARNING (gmm-init-model[5.5.383~1-bd1d]:InitAmGmm():gmm-init-model.cc:83) Very small count for state 376: 54; corresponding phone list: 159 160 161 162 
WARNING (gmm-init-model[5.5.383~1-bd1d]:InitAmGmm():gmm-init-model.cc:83) Very small count for state 378: 57; corresponding phone list: 171 172 173 174 
WARNING (gmm-init-model[5.5.383~1-bd1d]:InitAmGmm():gmm-init-model.cc:83) Very small count for state 380: 70; corresponding phone list: 115 116 117 118 
WARNING (gmm-init-model[5.5.383~1-bd1d]:InitAmGmm():gmm-init-model.cc:83) Very small count for state 382: 45; corresponding phone list: 15 17 18 
WARNING (gmm-init-model[5.5.383~1-bd1d]:InitAmGmm():gmm-init-model.cc:83) Very small count for state 383: 91; corresponding phone list: 16 
WARNING (gmm-init-model[5.5.383~1-bd1d]:InitAmGmm():gmm-init-model.cc:83) Very small count for state 386: 32; corresponding phone list: 123 124 125 126 
WARNING (gmm-init-model[5.5.383~1-bd1d]:InitAmGmm():gmm-init-model.cc:83) Very small count for state 387: 75; corresponding phone list: 47 48 49 50 
WARNING (gmm-init-model[5.5.383~1-bd1d]:InitAmGmm():gmm-init-model.cc:83) Very small count for state 388: 59; corresponding phone list: 179 180 181 182 
WARNING (gmm-init-model[5.5.383~1-bd1d]:InitAmGmm():gmm-init-model.cc:83) Very small count for state 389: 33; corresponding phone list: 111 112 113 114 
WARNING (gmm-init-model[5.5.383~1-bd1d]:InitAmGmm():gmm-init-model.cc:83) Very small count for state 393: 33; corresponding phone list: 167 168 169 170 
WARNING (gmm-init-model[5.5.383~1-bd1d]:InitAmGmm():gmm-init-model.cc:83) Very small count for state 394: 51; corresponding phone list: 15 16 17 18 
WARNING (gmm-init-model[5.5.383~1-bd1d]:InitAmGmm():gmm-init-model.cc:83) Very small count for state 396: 30; corresponding phone list: 171 172 173 174 
WARNING (gmm-init-model[5.5.383~1-bd1d]:InitAmGmm():gmm-init-model.cc:83) Very small count for state 397: 35; corresponding phone list: 99 100 101 102 
WARNING (gmm-init-model[5.5.383~1-bd1d]:InitAmGmm():gmm-init-model.cc:83) Very small count for state 398: 97; corresponding phone list: 103 104 105 106 
WARNING (gmm-init-model[5.5.383~1-bd1d]:InitAmGmm():gmm-init-model.cc:83) Very small count for state 399: 52; corresponding phone list: 11 12 13 14 
WARNING (gmm-init-model[5.5.383~1-bd1d]:InitAmGmm():gmm-init-model.cc:83) Very small count for state 404: 61; corresponding phone list: 115 116 117 118 
WARNING (gmm-init-model[5.5.383~1-bd1d]:InitAmGmm():gmm-init-model.cc:83) Very small count for state 405: 89; corresponding phone list: 127 129 130 
WARNING (gmm-init-model[5.5.383~1-bd1d]:InitAmGmm():gmm-init-model.cc:83) Very small count for state 408: 24; corresponding phone list: 15 16 17 18 
WARNING (gmm-init-model[5.5.383~1-bd1d]:InitAmGmm():gmm-init-model.cc:83) Very small count for state 410: 99; corresponding phone list: 11 12 13 14 
WARNING (gmm-init-model[5.5.383~1-bd1d]:InitAmGmm():gmm-init-model.cc:83) Very small count for state 411: 48; corresponding phone list: 99 100 101 102 
WARNING (gmm-init-model[5.5.383~1-bd1d]:InitAmGmm():gmm-init-model.cc:83) Very small count for state 414: 84; corresponding phone list: 103 104 105 106 
WARNING (gmm-init-model[5.5.383~1-bd1d]:InitAmGmm():gmm-init-model.cc:83) Very small count for state 415: 66; corresponding phone list: 195 196 197 198 
WARNING (gmm-init-model[5.5.383~1-bd1d]:InitAmGmm():gmm-init-model.cc:83) Very small count for state 418: 51; corresponding phone list: 147 148 149 150 
WARNING (gmm-init-model[5.5.383~1-bd1d]:InitAmGmm():gmm-init-model.cc:83) Very small count for state 421: 80; corresponding phone list: 99 100 101 102 
WARNING (gmm-init-model[5.5.383~1-bd1d]:InitAmGmm():gmm-init-model.cc:83) Very small count for state 423: 83; corresponding phone list: 16 
WARNING (gmm-init-model[5.5.383~1-bd1d]:InitAmGmm():gmm-init-model.cc:83) Very small count for state 424: 30; corresponding phone list: 15 16 17 18 
WARNING (gmm-init-model[5.5.383~1-bd1d]:InitAmGmm():gmm-init-model.cc:83) Very small count for state 426: 65; corresponding phone list: 131 132 133 134 
WARNING (gmm-init-model[5.5.383~1-bd1d]:InitAmGmm():gmm-init-model.cc:83) Very small count for state 429: 96; corresponding phone list: 15 17 18 
WARNING (gmm-init-model[5.5.383~1-bd1d]:InitAmGmm():gmm-init-model.cc:83) Very small count for state 432: 92; corresponding phone list: 143 144 145 146 
WARNING (gmm-init-model[5.5.383~1-bd1d]:InitAmGmm():gmm-init-model.cc:83) Very small count for state 434: 11; corresponding phone list: 219 220 221 222 
WARNING (gmm-init-model[5.5.383~1-bd1d]:InitAmGmm():gmm-init-model.cc:83) Very small count for state 438: 85; corresponding phone list: 195 197 198 
WARNING (gmm-init-model[5.5.383~1-bd1d]:InitAmGmm():gmm-init-model.cc:83) Very small count for state 439: 93; corresponding phone list: 111 112 113 114 
WARNING (gmm-init-model[5.5.383~1-bd1d]:InitAmGmm():gmm-init-model.cc:83) Very small count for state 442: 29; corresponding phone list: 35 36 37 38 
WARNING (gmm-init-model[5.5.383~1-bd1d]:InitAmGmm():gmm-init-model.cc:83) Very small count for state 443: 77; corresponding phone list: 183 184 185 186 
WARNING (gmm-init-model[5.5.383~1-bd1d]:InitAmGmm():gmm-init-model.cc:83) Very small count for state 444: 82; corresponding phone list: 11 12 13 14 
WARNING (gmm-init-model[5.5.383~1-bd1d]:InitAmGmm():gmm-init-model.cc:83) Very small count for state 447: 27; corresponding phone list: 16 17 18 
WARNING (gmm-init-model[5.5.383~1-bd1d]:InitAmGmm():gmm-init-model.cc:83) Very small count for state 451: 59; corresponding phone list: 59 60 61 62 
WARNING (gmm-init-model[5.5.383~1-bd1d]:InitAmGmm():gmm-init-model.cc:83) Very small count for state 454: 46; corresponding phone list: 15 17 18 
WARNING (gmm-init-model[5.5.383~1-bd1d]:InitAmGmm():gmm-init-model.cc:83) Very small count for state 457: 55; corresponding phone list: 155 156 157 158 
WARNING (gmm-init-model[5.5.383~1-bd1d]:InitAmGmm():gmm-init-model.cc:83) Very small count for state 458: 21; corresponding phone list: 199 201 202 
WARNING (gmm-init-model[5.5.383~1-bd1d]:InitAmGmm():gmm-init-model.cc:83) Very small count for state 459: 58; corresponding phone list: 35 36 37 38 
WARNING (gmm-init-model[5.5.383~1-bd1d]:InitAmGmm():gmm-init-model.cc:83) Very small count for state 460: 37; corresponding phone list: 183 184 185 186 
WARNING (gmm-init-model[5.5.383~1-bd1d]:InitAmGmm():gmm-init-model.cc:83) Very small count for state 461: 78; corresponding phone list: 15 16 17 18 
WARNING (gmm-init-model[5.5.383~1-bd1d]:InitAmGmm():gmm-init-model.cc:83) Very small count for state 462: 83; corresponding phone list: 11 12 13 14 
WARNING (gmm-init-model[5.5.383~1-bd1d]:InitAmGmm():gmm-init-model.cc:83) Very small count for state 465: 12; corresponding phone list: 11 
WARNING (gmm-init-model[5.5.383~1-bd1d]:InitAmGmm():gmm-init-model.cc:83) Very small count for state 466: 42; corresponding phone list: 199 201 202 
WARNING (gmm-init-model[5.5.383~1-bd1d]:InitAmGmm():gmm-init-model.cc:83) Very small count for state 467: 67; corresponding phone list: 103 104 105 106 
WARNING (gmm-init-model[5.5.383~1-bd1d]:InitAmGmm():gmm-init-model.cc:83) Very small count for state 469: 83; corresponding phone list: 115 117 118 
WARNING (gmm-init-model[5.5.383~1-bd1d]:InitAmGmm():gmm-init-model.cc:83) Very small count for state 470: 11; corresponding phone list: 15 16 17 18 
WARNING (gmm-init-model[5.5.383~1-bd1d]:InitAmGmm():gmm-init-model.cc:83) Very small count for state 473: 71; corresponding phone list: 215 216 217 218 
WARNING (gmm-init-model[5.5.383~1-bd1d]:InitAmGmm():gmm-init-model.cc:83) Very small count for state 475: 96; corresponding phone list: 99 100 101 102 
WARNING (gmm-init-model[5.5.383~1-bd1d]:InitAmGmm():gmm-init-model.cc:83) Very small count for state 477: 77; corresponding phone list: 15 16 17 18 
WARNING (gmm-init-model[5.5.383~1-bd1d]:InitAmGmm():gmm-init-model.cc:83) Very small count for state 478: 88; corresponding phone list: 239 240 241 242 
WARNING (gmm-init-model[5.5.383~1-bd1d]:InitAmGmm():gmm-init-model.cc:83) Very small count for state 480: 59; corresponding phone list: 95 96 97 98 
WARNING (gmm-init-model[5.5.383~1-bd1d]:InitAmGmm():gmm-init-model.cc:83) Very small count for state 482: 92; corresponding phone list: 111 112 113 114 
WARNING (gmm-init-model[5.5.383~1-bd1d]:InitAmGmm():gmm-init-model.cc:83) Very small count for state 484: 39; corresponding phone list: 219 220 221 222 
WARNING (gmm-init-model[5.5.383~1-bd1d]:InitAmGmm():gmm-init-model.cc:83) Very small count for state 487: 36; corresponding phone list: 15 17 18 
WARNING (gmm-init-model[5.5.383~1-bd1d]:InitAmGmm():gmm-init-model.cc:83) Very small count for state 493: 94; corresponding phone list: 51 52 53 54 
WARNING (gmm-init-model[5.5.383~1-bd1d]:InitAmGmm():gmm-init-model.cc:83) Very small count for state 494: 82; corresponding phone list: 51 52 53 54 
WARNING (gmm-init-model[5.5.383~1-bd1d]:InitAmGmm():gmm-init-model.cc:83) Very small count for state 495: 53; corresponding phone list: 95 96 97 98 
WARNING (gmm-init-model[5.5.383~1-bd1d]:InitAmGmm():gmm-init-model.cc:83) Very small count for state 498: 21; corresponding phone list: 23 25 26 
WARNING (gmm-init-model[5.5.383~1-bd1d]:InitAmGmm():gmm-init-model.cc:83) Very small count for state 499: 54; corresponding phone list: 103 104 105 106 
WARNING (gmm-init-model[5.5.383~1-bd1d]:InitAmGmm():gmm-init-model.cc:83) Very small count for state 501: 9; corresponding phone list: 219 220 221 222 
WARNING (gmm-init-model[5.5.383~1-bd1d]:InitAmGmm():gmm-init-model.cc:83) Very small count for state 503: 18; corresponding phone list: 16 
WARNING (gmm-init-model[5.5.383~1-bd1d]:InitAmGmm():gmm-init-model.cc:83) Very small count for state 505: 53; corresponding phone list: 59 60 61 62 
WARNING (gmm-init-model[5.5.383~1-bd1d]:InitAmGmm():gmm-init-model.cc:83) Very small count for state 508: 97; corresponding phone list: 35 36 37 38 
WARNING (gmm-init-model[5.5.383~1-bd1d]:InitAmGmm():gmm-init-model.cc:83) Very small count for state 510: 36; corresponding phone list: 149 
WARNING (gmm-init-model[5.5.383~1-bd1d]:InitAmGmm():gmm-init-model.cc:83) Very small count for state 512: 97; corresponding phone list: 12 13 14 
WARNING (gmm-init-model[5.5.383~1-bd1d]:InitAmGmm():gmm-init-model.cc:83) Very small count for state 514: 31; corresponding phone list: 17 18 
WARNING (gmm-init-model[5.5.383~1-bd1d]:InitAmGmm():gmm-init-model.cc:83) Very small count for state 516: 60; corresponding phone list: 119 120 121 122 
WARNING (gmm-init-model[5.5.383~1-bd1d]:InitAmGmm():gmm-init-model.cc:83) Very small count for state 517: 60; corresponding phone list: 83 84 85 86 
WARNING (gmm-init-model[5.5.383~1-bd1d]:InitAmGmm():gmm-init-model.cc:83) Very small count for state 520: 38; corresponding phone list: 105 
WARNING (gmm-init-model[5.5.383~1-bd1d]:InitAmGmm():gmm-init-model.cc:83) Very small count for state 522: 20; corresponding phone list: 131 132 133 134 
WARNING (gmm-init-model[5.5.383~1-bd1d]:InitAmGmm():gmm-init-model.cc:83) Very small count for state 526: 77; corresponding phone list: 127 128 129 130 
WARNING (gmm-init-model[5.5.383~1-bd1d]:InitAmGmm():gmm-init-model.cc:83) Very small count for state 528: 90; corresponding phone list: 35 36 37 38 
WARNING (gmm-init-model[5.5.383~1-bd1d]:InitAmGmm():gmm-init-model.cc:83) Very small count for state 529: 75; corresponding phone list: 99 100 101 102 
WARNING (gmm-init-model[5.5.383~1-bd1d]:InitAmGmm():gmm-init-model.cc:83) Very small count for state 530: 10; corresponding phone list: 147 148 150 
WARNING (gmm-init-model[5.5.383~1-bd1d]:InitAmGmm():gmm-init-model.cc:83) Very small count for state 531: 16; corresponding phone list: 103 104 105 106 
WARNING (gmm-init-model[5.5.383~1-bd1d]:InitAmGmm():gmm-init-model.cc:83) Very small count for state 533: 95; corresponding phone list: 111 112 113 114 
WARNING (gmm-init-model[5.5.383~1-bd1d]:InitAmGmm():gmm-init-model.cc:83) Very small count for state 534: 50; corresponding phone list: 215 216 217 218 
WARNING (gmm-init-model[5.5.383~1-bd1d]:InitAmGmm():gmm-init-model.cc:83) Very small count for state 535: 46; corresponding phone list: 35 36 37 38 
WARNING (gmm-init-model[5.5.383~1-bd1d]:InitAmGmm():gmm-init-model.cc:83) Very small count for state 536: 95; corresponding phone list: 147 148 149 150 
WARNING (gmm-init-model[5.5.383~1-bd1d]:InitAmGmm():gmm-init-model.cc:83) Very small count for state 537: 24; corresponding phone list: 147 148 149 150 
WARNING (gmm-init-model[5.5.383~1-bd1d]:InitAmGmm():gmm-init-model.cc:83) Very small count for state 538: 88; corresponding phone list: 15 16 17 18 
WARNING (gmm-init-model[5.5.383~1-bd1d]:InitAmGmm():gmm-init-model.cc:83) Very small count for state 545: 66; corresponding phone list: 15 17 18 
WARNING (gmm-init-model[5.5.383~1-bd1d]:InitAmGmm():gmm-init-model.cc:83) Very small count for state 546: 60; corresponding phone list: 159 160 161 162 
WARNING (gmm-init-model[5.5.383~1-bd1d]:InitAmGmm():gmm-init-model.cc:83) Very small count for state 556: 65; corresponding phone list: 15 16 17 18 
WARNING (gmm-init-model[5.5.383~1-bd1d]:InitAmGmm():gmm-init-model.cc:83) Very small count for state 560: 62; corresponding phone list: 219 220 221 222 
WARNING (gmm-init-model[5.5.383~1-bd1d]:InitAmGmm():gmm-init-model.cc:83) Very small count for state 562: 85; corresponding phone list: 83 84 85 86 
WARNING (gmm-init-model[5.5.383~1-bd1d]:InitAmGmm():gmm-init-model.cc:83) Very small count for state 563: 89; corresponding phone list: 11 12 13 14 
WARNING (gmm-init-model[5.5.383~1-bd1d]:InitAmGmm():gmm-init-model.cc:83) Very small count for state 567: 62; corresponding phone list: 149 
WARNING (gmm-init-model[5.5.383~1-bd1d]:InitAmGmm():gmm-init-model.cc:83) Very small count for state 569: 93; corresponding phone list: 195 197 198 
WARNING (gmm-init-model[5.5.383~1-bd1d]:InitAmGmm():gmm-init-model.cc:83) Very small count for state 574: 72; corresponding phone list: 227 228 229 230 
WARNING (gmm-init-model[5.5.383~1-bd1d]:InitAmGmm():gmm-init-model.cc:83) Very small count for state 577: 94; corresponding phone list: 15 17 18 
WARNING (gmm-init-model[5.5.383~1-bd1d]:InitAmGmm():gmm-init-model.cc:83) Very small count for state 578: 52; corresponding phone list: 219 220 221 222 
WARNING (gmm-init-model[5.5.383~1-bd1d]:InitAmGmm():gmm-init-model.cc:83) Very small count for state 580: 91; corresponding phone list: 15 17 18 
WARNING (gmm-init-model[5.5.383~1-bd1d]:InitAmGmm():gmm-init-model.cc:83) Very small count for state 581: 74; corresponding phone list: 35 36 37 38 
WARNING (gmm-init-model[5.5.383~1-bd1d]:InitAmGmm():gmm-init-model.cc:83) Very small count for state 583: 37; corresponding phone list: 111 112 113 114 
WARNING (gmm-init-model[5.5.383~1-bd1d]:InitAmGmm():gmm-init-model.cc:83) Very small count for state 585: 53; corresponding phone list: 15 16 17 18 
WARNING (gmm-init-model[5.5.383~1-bd1d]:InitAmGmm():gmm-init-model.cc:83) Very small count for state 592: 50; corresponding phone list: 11 12 13 14 
WARNING (gmm-init-model[5.5.383~1-bd1d]:InitAmGmm():gmm-init-model.cc:83) Very small count for state 593: 54; corresponding phone list: 99 100 101 102 
WARNING (gmm-init-model[5.5.383~1-bd1d]:InitAmGmm():gmm-init-model.cc:83) Very small count for state 595: 75; corresponding phone list: 103 104 105 106 
WARNING (gmm-init-model[5.5.383~1-bd1d]:InitAmGmm():gmm-init-model.cc:83) Very small count for state 596: 97; corresponding phone list: 16 
WARNING (gmm-init-model[5.5.383~1-bd1d]:InitAmGmm():gmm-init-model.cc:83) Very small count for state 597: 95; corresponding phone list: 219 220 221 222 
WARNING (gmm-init-model[5.5.383~1-bd1d]:InitAmGmm():gmm-init-model.cc:83) Very small count for state 598: 97; corresponding phone list: 127 128 129 130 
WARNING (gmm-init-model[5.5.383~1-bd1d]:InitAmGmm():gmm-init-model.cc:83) Very small count for state 600: 82; corresponding phone list: 95 96 97 98 
WARNING (gmm-init-model[5.5.383~1-bd1d]:InitAmGmm():gmm-init-model.cc:83) Very small count for state 601: 37; corresponding phone list: 143 144 145 146 
WARNING (gmm-init-model[5.5.383~1-bd1d]:InitAmGmm():gmm-init-model.cc:83) Very small count for state 603: 13; corresponding phone list: 147 148 149 150 
WARNING (gmm-init-model[5.5.383~1-bd1d]:InitAmGmm():gmm-init-model.cc:83) Very small count for state 604: 44; corresponding phone list: 15 16 17 18 
WARNING (gmm-init-model[5.5.383~1-bd1d]:InitAmGmm():gmm-init-model.cc:83) Very small count for state 612: 84; corresponding phone list: 131 132 133 134 
WARNING (gmm-init-model[5.5.383~1-bd1d]:InitAmGmm():gmm-init-model.cc:83) Very small count for state 617: 98; corresponding phone list: 239 240 241 242 
WARNING (gmm-init-model[5.5.383~1-bd1d]:InitAmGmm():gmm-init-model.cc:83) Very small count for state 620: 48; corresponding phone list: 219 220 221 222 
WARNING (gmm-init-model[5.5.383~1-bd1d]:InitAmGmm():gmm-init-model.cc:83) Very small count for state 624: 74; corresponding phone list: 43 44 45 46 
WARNING (gmm-init-model[5.5.383~1-bd1d]:InitAmGmm():gmm-init-model.cc:83) Very small count for state 625: 78; corresponding phone list: 227 228 229 230 
WARNING (gmm-init-model[5.5.383~1-bd1d]:InitAmGmm():gmm-init-model.cc:83) Very small count for state 627: 22; corresponding phone list: 23 25 26 
WARNING (gmm-init-model[5.5.383~1-bd1d]:InitAmGmm():gmm-init-model.cc:83) Very small count for state 628: 32; corresponding phone list: 99 100 101 102 
WARNING (gmm-init-model[5.5.383~1-bd1d]:InitAmGmm():gmm-init-model.cc:83) Very small count for state 632: 48; corresponding phone list: 103 104 105 106 
WARNING (gmm-init-model[5.5.383~1-bd1d]:InitAmGmm():gmm-init-model.cc:83) Very small count for state 633: 90; corresponding phone list: 103 104 105 106 
WARNING (gmm-init-model[5.5.383~1-bd1d]:InitAmGmm():gmm-init-model.cc:83) Very small count for state 634: 36; corresponding phone list: 103 104 105 106 
WARNING (gmm-init-model[5.5.383~1-bd1d]:InitAmGmm():gmm-init-model.cc:83) Very small count for state 637: 31; corresponding phone list: 195 196 197 198 
WARNING (gmm-init-model[5.5.383~1-bd1d]:InitAmGmm():gmm-init-model.cc:83) Very small count for state 639: 16; corresponding phone list: 147 148 150 
WARNING (gmm-init-model[5.5.383~1-bd1d]:InitAmGmm():gmm-init-model.cc:83) Very small count for state 641: 21; corresponding phone list: 36 37 38 
WARNING (gmm-init-model[5.5.383~1-bd1d]:InitAmGmm():gmm-init-model.cc:83) Very small count for state 643: 89; corresponding phone list: 60 
WARNING (gmm-init-model[5.5.383~1-bd1d]:InitAmGmm():gmm-init-model.cc:83) Very small count for state 647: 93; corresponding phone list: 71 72 73 74 
WARNING (gmm-init-model[5.5.383~1-bd1d]:InitAmGmm():gmm-init-model.cc:83) Very small count for state 648: 73; corresponding phone list: 79 80 81 82 
WARNING (gmm-init-model[5.5.383~1-bd1d]:InitAmGmm():gmm-init-model.cc:83) Very small count for state 649: 65; corresponding phone list: 79 80 81 82 
WARNING (gmm-init-model[5.5.383~1-bd1d]:InitAmGmm():gmm-init-model.cc:83) Very small count for state 656: 25; corresponding phone list: 103 105 106 
WARNING (gmm-init-model[5.5.383~1-bd1d]:InitAmGmm():gmm-init-model.cc:83) Very small count for state 659: 34; corresponding phone list: 43 44 45 46 
WARNING (gmm-init-model[5.5.383~1-bd1d]:InitAmGmm():gmm-init-model.cc:83) Very small count for state 660: 39; corresponding phone list: 36 37 38 
WARNING (gmm-init-model[5.5.383~1-bd1d]:InitAmGmm():gmm-init-model.cc:83) Very small count for state 665: 43; corresponding phone list: 15 17 18 
WARNING (gmm-init-model[5.5.383~1-bd1d]:InitAmGmm():gmm-init-model.cc:83) Very small count for state 670: 43; corresponding phone list: 11 12 13 14 
WARNING (gmm-init-model[5.5.383~1-bd1d]:InitAmGmm():gmm-init-model.cc:83) Very small count for state 671: 48; corresponding phone list: 11 12 13 14 
WARNING (gmm-init-model[5.5.383~1-bd1d]:InitAmGmm():gmm-init-model.cc:83) Very small count for state 674: 27; corresponding phone list: 171 172 173 174 
WARNING (gmm-init-model[5.5.383~1-bd1d]:InitAmGmm():gmm-init-model.cc:83) Very small count for state 676: 58; corresponding phone list: 43 44 45 46 
WARNING (gmm-init-model[5.5.383~1-bd1d]:InitAmGmm():gmm-init-model.cc:83) Very small count for state 683: 13; corresponding phone list: 155 156 157 158 
WARNING (gmm-init-model[5.5.383~1-bd1d]:InitAmGmm():gmm-init-model.cc:83) Very small count for state 687: 70; corresponding phone list: 115 116 117 118 
WARNING (gmm-init-model[5.5.383~1-bd1d]:InitAmGmm():gmm-init-model.cc:83) Very small count for state 690: 35; corresponding phone list: 35 36 37 38 
WARNING (gmm-init-model[5.5.383~1-bd1d]:InitAmGmm():gmm-init-model.cc:83) Very small count for state 691: 46; corresponding phone list: 171 173 174 
WARNING (gmm-init-model[5.5.383~1-bd1d]:InitAmGmm():gmm-init-model.cc:83) Very small count for state 693: 54; corresponding phone list: 59 60 61 62 
WARNING (gmm-init-model[5.5.383~1-bd1d]:InitAmGmm():gmm-init-model.cc:83) Very small count for state 694: 59; corresponding phone list: 15 17 18 
WARNING (gmm-init-model[5.5.383~1-bd1d]:InitAmGmm():gmm-init-model.cc:83) Very small count for state 696: 95; corresponding phone list: 149 
WARNING (gmm-init-model[5.5.383~1-bd1d]:InitAmGmm():gmm-init-model.cc:83) Very small count for state 697: 39; corresponding phone list: 23 25 26 
WARNING (gmm-init-model[5.5.383~1-bd1d]:InitAmGmm():gmm-init-model.cc:83) Very small count for state 698: 74; corresponding phone list: 12 13 14 
WARNING (gmm-init-model[5.5.383~1-bd1d]:InitAmGmm():gmm-init-model.cc:83) Very small count for state 701: 31; corresponding phone list: 119 120 121 122 
WARNING (gmm-init-model[5.5.383~1-bd1d]:InitAmGmm():gmm-init-model.cc:83) Very small count for state 707: 14; corresponding phone list: 144 145 146 
WARNING (gmm-init-model[5.5.383~1-bd1d]:InitAmGmm():gmm-init-model.cc:83) Very small count for state 708: 71; corresponding phone list: 135 136 137 138 
WARNING (gmm-init-model[5.5.383~1-bd1d]:InitAmGmm():gmm-init-model.cc:83) Very small count for state 710: 26; corresponding phone list: 11 12 13 14 
WARNING (gmm-init-model[5.5.383~1-bd1d]:InitAmGmm():gmm-init-model.cc:83) Very small count for state 713: 84; corresponding phone list: 95 96 97 98 
WARNING (gmm-init-model[5.5.383~1-bd1d]:InitAmGmm():gmm-init-model.cc:83) Very small count for state 718: 98; corresponding phone list: 19 20 21 22 
WARNING (gmm-init-model[5.5.383~1-bd1d]:InitAmGmm():gmm-init-model.cc:83) Very small count for state 719: 16; corresponding phone list: 19 20 21 22 
WARNING (gmm-init-model[5.5.383~1-bd1d]:InitAmGmm():gmm-init-model.cc:83) Very small count for state 721: 68; corresponding phone list: 99 100 101 102 
WARNING (gmm-init-model[5.5.383~1-bd1d]:InitAmGmm():gmm-init-model.cc:83) Very small count for state 729: 79; corresponding phone list: 103 104 106 
WARNING (gmm-init-model[5.5.383~1-bd1d]:InitAmGmm():gmm-init-model.cc:83) Very small count for state 730: 91; corresponding phone list: 155 156 157 158 
WARNING (gmm-init-model[5.5.383~1-bd1d]:InitAmGmm():gmm-init-model.cc:83) Very small count for state 733: 43; corresponding phone list: 99 100 101 102 
WARNING (gmm-init-model[5.5.383~1-bd1d]:InitAmGmm():gmm-init-model.cc:83) Very small count for state 734: 37; corresponding phone list: 131 132 133 134 
WARNING (gmm-init-model[5.5.383~1-bd1d]:InitAmGmm():gmm-init-model.cc:83) Very small count for state 737: 72; corresponding phone list: 23 24 25 26 
WARNING (gmm-init-model[5.5.383~1-bd1d]:InitAmGmm():gmm-init-model.cc:83) Very small count for state 739: 95; corresponding phone list: 219 220 221 222 
WARNING (gmm-init-model[5.5.383~1-bd1d]:InitAmGmm():gmm-init-model.cc:83) Very small count for state 740: 17; corresponding phone list: 187 188 189 190 
WARNING (gmm-init-model[5.5.383~1-bd1d]:InitAmGmm():gmm-init-model.cc:83) Very small count for state 744: 50; corresponding phone list: 15 16 17 18 
WARNING (gmm-init-model[5.5.383~1-bd1d]:InitAmGmm():gmm-init-model.cc:83) Very small count for state 746: 64; corresponding phone list: 35 36 37 38 
WARNING (gmm-init-model[5.5.383~1-bd1d]:InitAmGmm():gmm-init-model.cc:83) Very small count for state 750: 33; corresponding phone list: 175 176 177 178 
WARNING (gmm-init-model[5.5.383~1-bd1d]:InitAmGmm():gmm-init-model.cc:83) Very small count for state 752: 74; corresponding phone list: 99 100 101 102 
WARNING (gmm-init-model[5.5.383~1-bd1d]:InitAmGmm():gmm-init-model.cc:83) Very small count for state 754: 73; corresponding phone list: 127 128 129 130 
WARNING (gmm-init-model[5.5.383~1-bd1d]:InitAmGmm():gmm-init-model.cc:83) Very small count for state 756: 32; corresponding phone list: 219 220 221 222 
WARNING (gmm-init-model[5.5.383~1-bd1d]:InitAmGmm():gmm-init-model.cc:83) Very small count for state 757: 91; corresponding phone list: 183 184 185 186 
WARNING (gmm-init-model[5.5.383~1-bd1d]:InitAmGmm():gmm-init-model.cc:83) Very small count for state 759: 36; corresponding phone list: 95 96 97 98 
WARNING (gmm-init-model[5.5.383~1-bd1d]:InitAmGmm():gmm-init-model.cc:83) Very small count for state 760: 75; corresponding phone list: 95 96 97 98 
WARNING (gmm-init-model[5.5.383~1-bd1d]:InitAmGmm():gmm-init-model.cc:83) Very small count for state 767: 58; corresponding phone list: 59 60 61 62 
WARNING (gmm-init-model[5.5.383~1-bd1d]:InitAmGmm():gmm-init-model.cc:83) Very small count for state 771: 13; corresponding phone list: 144 145 146 
WARNING (gmm-init-model[5.5.383~1-bd1d]:InitAmGmm():gmm-init-model.cc:83) Very small count for state 775: 90; corresponding phone list: 11 12 13 14 
WARNING (gmm-init-model[5.5.383~1-bd1d]:InitAmGmm():gmm-init-model.cc:83) Very small count for state 782: 11; corresponding phone list: 36 37 38 
WARNING (gmm-init-model[5.5.383~1-bd1d]:InitAmGmm():gmm-init-model.cc:83) Very small count for state 783: 88; corresponding phone list: 147 148 150 
WARNING (gmm-init-model[5.5.383~1-bd1d]:InitAmGmm():gmm-init-model.cc:83) Very small count for state 789: 71; corresponding phone list: 23 25 26 
WARNING (gmm-init-model[5.5.383~1-bd1d]:InitAmGmm():gmm-init-model.cc:83) Very small count for state 791: 10; corresponding phone list: 147 148 150 
WARNING (gmm-init-model[5.5.383~1-bd1d]:InitAmGmm():gmm-init-model.cc:83) Very small count for state 793: 61; corresponding phone list: 159 160 161 162 
WARNING (gmm-init-model[5.5.383~1-bd1d]:InitAmGmm():gmm-init-model.cc:83) Very small count for state 794: 49; corresponding phone list: 155 156 157 158 
WARNING (gmm-init-model[5.5.383~1-bd1d]:InitAmGmm():gmm-init-model.cc:83) Very small count for state 797: 59; corresponding phone list: 99 100 101 102 
WARNING (gmm-init-model[5.5.383~1-bd1d]:InitAmGmm():gmm-init-model.cc:83) Very small count for state 798: 34; corresponding phone list: 15 16 17 18 
WARNING (gmm-init-model[5.5.383~1-bd1d]:InitAmGmm():gmm-init-model.cc:83) Very small count for state 800: 72; corresponding phone list: 103 104 105 106 
WARNING (gmm-init-model[5.5.383~1-bd1d]:InitAmGmm():gmm-init-model.cc:83) Very small count for state 802: 74; corresponding phone list: 227 228 229 230 
WARNING (gmm-init-model[5.5.383~1-bd1d]:InitAmGmm():gmm-init-model.cc:83) Very small count for state 803: 27; corresponding phone list: 23 24 25 26 
WARNING (gmm-init-model[5.5.383~1-bd1d]:InitAmGmm():gmm-init-model.cc:83) Very small count for state 804: 43; corresponding phone list: 215 216 217 218 
WARNING (gmm-init-model[5.5.383~1-bd1d]:InitAmGmm():gmm-init-model.cc:83) Very small count for state 805: 48; corresponding phone list: 23 25 26 
WARNING (gmm-init-model[5.5.383~1-bd1d]:InitAmGmm():gmm-init-model.cc:83) Very small count for state 814: 77; corresponding phone list: 55 56 57 58 
WARNING (gmm-init-model[5.5.383~1-bd1d]:InitAmGmm():gmm-init-model.cc:83) Very small count for state 815: 64; corresponding phone list: 15 16 17 18 
WARNING (gmm-init-model[5.5.383~1-bd1d]:InitAmGmm():gmm-init-model.cc:83) Very small count for state 822: 67; corresponding phone list: 103 104 105 106 
WARNING (gmm-init-model[5.5.383~1-bd1d]:InitAmGmm():gmm-init-model.cc:83) Very small count for state 824: 28; corresponding phone list: 83 84 85 86 
WARNING (gmm-init-model[5.5.383~1-bd1d]:InitAmGmm():gmm-init-model.cc:83) Very small count for state 828: 98; corresponding phone list: 75 76 77 78 
WARNING (gmm-init-model[5.5.383~1-bd1d]:InitAmGmm():gmm-init-model.cc:83) Very small count for state 833: 32; corresponding phone list: 67 68 69 70 
WARNING (gmm-init-model[5.5.383~1-bd1d]:InitAmGmm():gmm-init-model.cc:83) Very small count for state 834: 72; corresponding phone list: 67 68 69 70 
WARNING (gmm-init-model[5.5.383~1-bd1d]:InitAmGmm():gmm-init-model.cc:83) Very small count for state 835: 44; corresponding phone list: 187 188 189 190 
WARNING (gmm-init-model[5.5.383~1-bd1d]:InitAmGmm():gmm-init-model.cc:83) Very small count for state 837: 59; corresponding phone list: 103 104 105 106 
WARNING (gmm-init-model[5.5.383~1-bd1d]:InitAmGmm():gmm-init-model.cc:83) Very small count for state 842: 52; corresponding phone list: 15 16 17 18 
WARNING (gmm-init-model[5.5.383~1-bd1d]:InitAmGmm():gmm-init-model.cc:83) Very small count for state 844: 59; corresponding phone list: 95 96 97 98 
WARNING (gmm-init-model[5.5.383~1-bd1d]:InitAmGmm():gmm-init-model.cc:83) Very small count for state 845: 88; corresponding phone list: 87 88 89 90 
WARNING (gmm-init-model[5.5.383~1-bd1d]:InitAmGmm():gmm-init-model.cc:83) Very small count for state 846: 26; corresponding phone list: 35 37 38 
WARNING (gmm-init-model[5.5.383~1-bd1d]:InitAmGmm():gmm-init-model.cc:83) Very small count for state 849: 99; corresponding phone list: 187 188 189 190 
WARNING (gmm-init-model[5.5.383~1-bd1d]:InitAmGmm():gmm-init-model.cc:83) Very small count for state 854: 21; corresponding phone list: 23 24 25 26 
WARNING (gmm-init-model[5.5.383~1-bd1d]:InitAmGmm():gmm-init-model.cc:83) Very small count for state 855: 63; corresponding phone list: 43 44 45 46 
WARNING (gmm-init-model[5.5.383~1-bd1d]:InitAmGmm():gmm-init-model.cc:83) Very small count for state 859: 12; corresponding phone list: 103 104 105 106 
WARNING (gmm-init-model[5.5.383~1-bd1d]:InitAmGmm():gmm-init-model.cc:83) Very small count for state 864: 99; corresponding phone list: 207 208 209 210 
WARNING (gmm-init-model[5.5.383~1-bd1d]:InitAmGmm():gmm-init-model.cc:83) Very small count for state 870: 15; corresponding phone list: 147 148 150 
WARNING (gmm-init-model[5.5.383~1-bd1d]:InitAmGmm():gmm-init-model.cc:83) Very small count for state 872: 40; corresponding phone list: 144 145 146 
WARNING (gmm-init-model[5.5.383~1-bd1d]:InitAmGmm():gmm-init-model.cc:83) Very small count for state 876: 20; corresponding phone list: 83 84 85 86 
WARNING (gmm-init-model[5.5.383~1-bd1d]:InitAmGmm():gmm-init-model.cc:83) Very small count for state 877: 48; corresponding phone list: 83 84 85 86 
WARNING (gmm-init-model[5.5.383~1-bd1d]:InitAmGmm():gmm-init-model.cc:83) Very small count for state 885: 97; corresponding phone list: 171 173 174 
WARNING (gmm-init-model[5.5.383~1-bd1d]:InitAmGmm():gmm-init-model.cc:83) Very small count for state 886: 93; corresponding phone list: 83 84 85 86 
WARNING (gmm-init-model[5.5.383~1-bd1d]:InitAmGmm():gmm-init-model.cc:83) Very small count for state 888: 74; corresponding phone list: 239 240 241 242 
WARNING (gmm-init-model[5.5.383~1-bd1d]:InitAmGmm():gmm-init-model.cc:83) Very small count for state 891: 99; corresponding phone list: 15 16 17 18 
WARNING (gmm-init-model[5.5.383~1-bd1d]:InitAmGmm():gmm-init-model.cc:83) Very small count for state 898: 78; corresponding phone list: 24 
WARNING (gmm-init-model[5.5.383~1-bd1d]:InitAmGmm():gmm-init-model.cc:83) Very small count for state 901: 56; corresponding phone list: 47 48 49 50 
WARNING (gmm-init-model[5.5.383~1-bd1d]:InitAmGmm():gmm-init-model.cc:83) Very small count for state 903: 90; corresponding phone list: 183 184 185 186 
WARNING (gmm-init-model[5.5.383~1-bd1d]:InitAmGmm():gmm-init-model.cc:83) Very small count for state 904: 83; corresponding phone list: 219 220 221 222 
WARNING (gmm-init-model[5.5.383~1-bd1d]:InitAmGmm():gmm-init-model.cc:83) Very small count for state 906: 69; corresponding phone list: 175 176 177 178 
WARNING (gmm-init-model[5.5.383~1-bd1d]:InitAmGmm():gmm-init-model.cc:83) Very small count for state 908: 92; corresponding phone list: 195 196 197 198 
WARNING (gmm-init-model[5.5.383~1-bd1d]:InitAmGmm():gmm-init-model.cc:83) Very small count for state 909: 73; corresponding phone list: 35 36 37 38 
WARNING (gmm-init-model[5.5.383~1-bd1d]:InitAmGmm():gmm-init-model.cc:83) Very small count for state 910: 20; corresponding phone list: 103 104 105 106 
WARNING (gmm-init-model[5.5.383~1-bd1d]:InitAmGmm():gmm-init-model.cc:83) Very small count for state 911: 74; corresponding phone list: 144 145 146 
WARNING (gmm-init-model[5.5.383~1-bd1d]:InitAmGmm():gmm-init-model.cc:83) Very small count for state 918: 47; corresponding phone list: 179 180 181 182 
WARNING (gmm-init-model[5.5.383~1-bd1d]:InitAmGmm():gmm-init-model.cc:83) Very small count for state 920: 39; corresponding phone list: 219 220 221 222 
WARNING (gmm-init-model[5.5.383~1-bd1d]:InitAmGmm():gmm-init-model.cc:83) Very small count for state 923: 79; corresponding phone list: 171 172 173 174 
WARNING (gmm-init-model[5.5.383~1-bd1d]:InitAmGmm():gmm-init-model.cc:83) Very small count for state 924: 91; corresponding phone list: 175 176 177 178 
WARNING (gmm-init-model[5.5.383~1-bd1d]:InitAmGmm():gmm-init-model.cc:83) Very small count for state 929: 83; corresponding phone list: 123 124 125 126 
WARNING (gmm-init-model[5.5.383~1-bd1d]:InitAmGmm():gmm-init-model.cc:83) Very small count for state 931: 15; corresponding phone list: 131 132 133 134 
WARNING (gmm-init-model[5.5.383~1-bd1d]:InitAmGmm():gmm-init-model.cc:83) Very small count for state 935: 44; corresponding phone list: 99 100 101 102 
WARNING (gmm-init-model[5.5.383~1-bd1d]:InitAmGmm():gmm-init-model.cc:83) Very small count for state 937: 42; corresponding phone list: 207 208 209 210 
WARNING (gmm-init-model[5.5.383~1-bd1d]:InitAmGmm():gmm-init-model.cc:83) Very small count for state 938: 62; corresponding phone list: 179 180 181 182 
WARNING (gmm-init-model[5.5.383~1-bd1d]:InitAmGmm():gmm-init-model.cc:83) Very small count for state 940: 58; corresponding phone list: 132 133 134 
WARNING (gmm-init-model[5.5.383~1-bd1d]:InitAmGmm():gmm-init-model.cc:83) Very small count for state 943: 39; corresponding phone list: 63 64 65 66 
WARNING (gmm-init-model[5.5.383~1-bd1d]:InitAmGmm():gmm-init-model.cc:83) Very small count for state 948: 50; corresponding phone list: 119 120 121 122 
WARNING (gmm-init-model[5.5.383~1-bd1d]:InitAmGmm():gmm-init-model.cc:83) Very small count for state 949: 72; corresponding phone list: 219 220 221 222 
WARNING (gmm-init-model[5.5.383~1-bd1d]:InitAmGmm():gmm-init-model.cc:83) Very small count for state 951: 37; corresponding phone list: 19 20 21 22 
WARNING (gmm-init-model[5.5.383~1-bd1d]:InitAmGmm():gmm-init-model.cc:83) Very small count for state 956: 74; corresponding phone list: 99 100 101 102 
WARNING (gmm-init-model[5.5.383~1-bd1d]:InitAmGmm():gmm-init-model.cc:83) Very small count for state 958: 87; corresponding phone list: 105 
WARNING (gmm-init-model[5.5.383~1-bd1d]:InitAmGmm():gmm-init-model.cc:83) Very small count for state 959: 58; corresponding phone list: 147 148 149 150 
WARNING (gmm-init-model[5.5.383~1-bd1d]:InitAmGmm():gmm-init-model.cc:83) Very small count for state 961: 42; corresponding phone list: 147 148 149 150 
WARNING (gmm-init-model[5.5.383~1-bd1d]:InitAmGmm():gmm-init-model.cc:83) Very small count for state 963: 45; corresponding phone list: 35 36 37 38 
WARNING (gmm-init-model[5.5.383~1-bd1d]:InitAmGmm():gmm-init-model.cc:83) Very small count for state 964: 28; corresponding phone list: 123 124 125 126 
WARNING (gmm-init-model[5.5.383~1-bd1d]:InitAmGmm():gmm-init-model.cc:83) Very small count for state 965: 54; corresponding phone list: 23 24 25 26 
WARNING (gmm-init-model[5.5.383~1-bd1d]:InitAmGmm():gmm-init-model.cc:83) Very small count for state 968: 83; corresponding phone list: 219 220 221 222 
WARNING (gmm-init-model[5.5.383~1-bd1d]:InitAmGmm():gmm-init-model.cc:83) Very small count for state 973: 43; corresponding phone list: 23 25 26 
WARNING (gmm-init-model[5.5.383~1-bd1d]:InitAmGmm():gmm-init-model.cc:83) Very small count for state 974: 80; corresponding phone list: 231 232 233 234 
WARNING (gmm-init-model[5.5.383~1-bd1d]:InitAmGmm():gmm-init-model.cc:83) Very small count for state 976: 35; corresponding phone list: 83 84 85 86 
WARNING (gmm-init-model[5.5.383~1-bd1d]:InitAmGmm():gmm-init-model.cc:83) Very small count for state 981: 86; corresponding phone list: 59 61 62 
WARNING (gmm-init-model[5.5.383~1-bd1d]:InitAmGmm():gmm-init-model.cc:83) Very small count for state 983: 85; corresponding phone list: 147 148 149 150 
WARNING (gmm-init-model[5.5.383~1-bd1d]:InitAmGmm():gmm-init-model.cc:83) Very small count for state 989: 31; corresponding phone list: 103 104 106 
WARNING (gmm-init-model[5.5.383~1-bd1d]:InitAmGmm():gmm-init-model.cc:83) Very small count for state 990: 44; corresponding phone list: 63 64 65 66 
WARNING (gmm-init-model[5.5.383~1-bd1d]:InitAmGmm():gmm-init-model.cc:83) Very small count for state 992: 48; corresponding phone list: 199 201 202 
WARNING (gmm-init-model[5.5.383~1-bd1d]:InitAmGmm():gmm-init-model.cc:83) Very small count for state 994: 32; corresponding phone list: 151 152 153 154 
WARNING (gmm-init-model[5.5.383~1-bd1d]:InitAmGmm():gmm-init-model.cc:83) Very small count for state 995: 62; corresponding phone list: 27 28 29 30 
WARNING (gmm-init-model[5.5.383~1-bd1d]:InitAmGmm():gmm-init-model.cc:83) Very small count for state 999: 83; corresponding phone list: 147 148 149 150 
WARNING (gmm-init-model[5.5.383~1-bd1d]:InitAmGmm():gmm-init-model.cc:83) Very small count for state 1004: 21; corresponding phone list: 135 136 137 138 
WARNING (gmm-init-model[5.5.383~1-bd1d]:InitAmGmm():gmm-init-model.cc:83) Very small count for state 1005: 76; corresponding phone list: 119 120 121 122 
WARNING (gmm-init-model[5.5.383~1-bd1d]:InitAmGmm():gmm-init-model.cc:83) Very small count for state 1007: 93; corresponding phone list: 211 212 213 214 
WARNING (gmm-init-model[5.5.383~1-bd1d]:InitAmGmm():gmm-init-model.cc:83) Very small count for state 1009: 40; corresponding phone list: 19 20 21 22 
WARNING (gmm-init-model[5.5.383~1-bd1d]:InitAmGmm():gmm-init-model.cc:83) Very small count for state 1011: 11; corresponding phone list: 31 32 33 34 
WARNING (gmm-init-model[5.5.383~1-bd1d]:InitAmGmm():gmm-init-model.cc:83) Very small count for state 1015: 77; corresponding phone list: 47 
LOG (gmm-init-model[5.5.383~1-bd1d]:main():gmm-init-model.cc:306) Wrote model.
