# ali-to-post "ark:gunzip -c exp/tri2/ali.6.gz|" ark:- | weight-silence-post 0.0 1:2:3:4:5:6:7:8:9:10 exp/tri2/4.mdl ark:- ark:- | gmm-acc-mllt --rand-prune=4.0 exp/tri2/4.mdl "ark,s,cs:apply-cmvn  --utt2spk=ark:data/train/split8/6/utt2spk scp:data/train/split8/6/cmvn.scp scp:data/train/split8/6/feats.scp ark:- | splice-feats  ark:- ark:- | transform-feats exp/tri2/2.mat ark:- ark:- |" ark:- exp/tri2/4.6.macc 
# Started at Tue Jun 18 17:09:19 IST 2019
#
gmm-acc-mllt --rand-prune=4.0 exp/tri2/4.mdl 'ark,s,cs:apply-cmvn  --utt2spk=ark:data/train/split8/6/utt2spk scp:data/train/split8/6/cmvn.scp scp:data/train/split8/6/feats.scp ark:- | splice-feats  ark:- ark:- | transform-feats exp/tri2/2.mat ark:- ark:- |' ark:- exp/tri2/4.6.macc 
ali-to-post 'ark:gunzip -c exp/tri2/ali.6.gz|' ark:- 
weight-silence-post 0.0 1:2:3:4:5:6:7:8:9:10 exp/tri2/4.mdl ark:- ark:- 
splice-feats ark:- ark:- 
transform-feats exp/tri2/2.mat ark:- ark:- 
apply-cmvn --utt2spk=ark:data/train/split8/6/utt2spk scp:data/train/split8/6/cmvn.scp scp:data/train/split8/6/feats.scp ark:- 
LOG (gmm-acc-mllt[5.5.383~1-bd1d]:main():gmm-acc-mllt.cc:108) Average like for this file is -54.4413 over 341 frames.
LOG (gmm-acc-mllt[5.5.383~1-bd1d]:main():gmm-acc-mllt.cc:108) Average like for this file is -53.0963 over 238 frames.
LOG (gmm-acc-mllt[5.5.383~1-bd1d]:main():gmm-acc-mllt.cc:108) Average like for this file is -57.3329 over 157 frames.
LOG (gmm-acc-mllt[5.5.383~1-bd1d]:main():gmm-acc-mllt.cc:108) Average like for this file is -51.8867 over 369 frames.
LOG (gmm-acc-mllt[5.5.383~1-bd1d]:main():gmm-acc-mllt.cc:108) Average like for this file is -53.6982 over 165 frames.
LOG (gmm-acc-mllt[5.5.383~1-bd1d]:main():gmm-acc-mllt.cc:108) Average like for this file is -51.7029 over 284 frames.
LOG (gmm-acc-mllt[5.5.383~1-bd1d]:main():gmm-acc-mllt.cc:108) Average like for this file is -52.3969 over 210 frames.
LOG (gmm-acc-mllt[5.5.383~1-bd1d]:main():gmm-acc-mllt.cc:108) Average like for this file is -54.0149 over 161 frames.
LOG (gmm-acc-mllt[5.5.383~1-bd1d]:main():gmm-acc-mllt.cc:108) Average like for this file is -56.6041 over 237 frames.
LOG (gmm-acc-mllt[5.5.383~1-bd1d]:main():gmm-acc-mllt.cc:108) Average like for this file is -52.6688 over 126 frames.
LOG (gmm-acc-mllt[5.5.383~1-bd1d]:main():gmm-acc-mllt.cc:114) Avg like per frame so far is -53.6031
LOG (gmm-acc-mllt[5.5.383~1-bd1d]:main():gmm-acc-mllt.cc:108) Average like for this file is -57.0358 over 190 frames.
LOG (gmm-acc-mllt[5.5.383~1-bd1d]:main():gmm-acc-mllt.cc:108) Average like for this file is -56.8791 over 300 frames.
LOG (gmm-acc-mllt[5.5.383~1-bd1d]:main():gmm-acc-mllt.cc:108) Average like for this file is -55.167 over 320 frames.
LOG (gmm-acc-mllt[5.5.383~1-bd1d]:main():gmm-acc-mllt.cc:108) Average like for this file is -54.2839 over 306 frames.
LOG (gmm-acc-mllt[5.5.383~1-bd1d]:main():gmm-acc-mllt.cc:108) Average like for this file is -50.982 over 267 frames.
LOG (gmm-acc-mllt[5.5.383~1-bd1d]:main():gmm-acc-mllt.cc:108) Average like for this file is -55.1757 over 355 frames.
LOG (gmm-acc-mllt[5.5.383~1-bd1d]:main():gmm-acc-mllt.cc:108) Average like for this file is -52.0019 over 416 frames.
LOG (gmm-acc-mllt[5.5.383~1-bd1d]:main():gmm-acc-mllt.cc:108) Average like for this file is -55.2087 over 296 frames.
LOG (gmm-acc-mllt[5.5.383~1-bd1d]:main():gmm-acc-mllt.cc:108) Average like for this file is -55.0996 over 251 frames.
LOG (gmm-acc-mllt[5.5.383~1-bd1d]:main():gmm-acc-mllt.cc:108) Average like for this file is -51.0808 over 174 frames.
LOG (gmm-acc-mllt[5.5.383~1-bd1d]:main():gmm-acc-mllt.cc:114) Avg like per frame so far is -53.9804
LOG (gmm-acc-mllt[5.5.383~1-bd1d]:main():gmm-acc-mllt.cc:108) Average like for this file is -57.235 over 225 frames.
LOG (gmm-acc-mllt[5.5.383~1-bd1d]:main():gmm-acc-mllt.cc:108) Average like for this file is -55.6015 over 304 frames.
LOG (gmm-acc-mllt[5.5.383~1-bd1d]:main():gmm-acc-mllt.cc:108) Average like for this file is -55.269 over 381 frames.
LOG (gmm-acc-mllt[5.5.383~1-bd1d]:main():gmm-acc-mllt.cc:108) Average like for this file is -56.5647 over 320 frames.
LOG (gmm-acc-mllt[5.5.383~1-bd1d]:main():gmm-acc-mllt.cc:108) Average like for this file is -51.3831 over 259 frames.
LOG (gmm-acc-mllt[5.5.383~1-bd1d]:main():gmm-acc-mllt.cc:108) Average like for this file is -56.1494 over 254 frames.
LOG (gmm-acc-mllt[5.5.383~1-bd1d]:main():gmm-acc-mllt.cc:108) Average like for this file is -53.0068 over 168 frames.
LOG (gmm-acc-mllt[5.5.383~1-bd1d]:main():gmm-acc-mllt.cc:108) Average like for this file is -54.4211 over 233 frames.
LOG (gmm-acc-mllt[5.5.383~1-bd1d]:main():gmm-acc-mllt.cc:108) Average like for this file is -55.1836 over 192 frames.
LOG (gmm-acc-mllt[5.5.383~1-bd1d]:main():gmm-acc-mllt.cc:108) Average like for this file is -53.8919 over 178 frames.
LOG (gmm-acc-mllt[5.5.383~1-bd1d]:main():gmm-acc-mllt.cc:114) Avg like per frame so far is -54.3159
LOG (gmm-acc-mllt[5.5.383~1-bd1d]:main():gmm-acc-mllt.cc:108) Average like for this file is -54.4543 over 241 frames.
LOG (gmm-acc-mllt[5.5.383~1-bd1d]:main():gmm-acc-mllt.cc:108) Average like for this file is -55.1665 over 261 frames.
LOG (gmm-acc-mllt[5.5.383~1-bd1d]:main():gmm-acc-mllt.cc:108) Average like for this file is -53.6766 over 431 frames.
LOG (gmm-acc-mllt[5.5.383~1-bd1d]:main():gmm-acc-mllt.cc:108) Average like for this file is -60.6473 over 111 frames.
LOG (gmm-acc-mllt[5.5.383~1-bd1d]:main():gmm-acc-mllt.cc:108) Average like for this file is -51.6731 over 275 frames.
LOG (gmm-acc-mllt[5.5.383~1-bd1d]:main():gmm-acc-mllt.cc:108) Average like for this file is -52.6773 over 230 frames.
LOG (gmm-acc-mllt[5.5.383~1-bd1d]:main():gmm-acc-mllt.cc:108) Average like for this file is -54.0493 over 187 frames.
LOG (gmm-acc-mllt[5.5.383~1-bd1d]:main():gmm-acc-mllt.cc:108) Average like for this file is -55.8385 over 234 frames.
LOG (gmm-acc-mllt[5.5.383~1-bd1d]:main():gmm-acc-mllt.cc:108) Average like for this file is -55.7281 over 141 frames.
LOG (gmm-acc-mllt[5.5.383~1-bd1d]:main():gmm-acc-mllt.cc:108) Average like for this file is -52.8056 over 112 frames.
LOG (gmm-acc-mllt[5.5.383~1-bd1d]:main():gmm-acc-mllt.cc:114) Avg like per frame so far is -54.3074
LOG (gmm-acc-mllt[5.5.383~1-bd1d]:main():gmm-acc-mllt.cc:108) Average like for this file is -57.4367 over 194 frames.
LOG (gmm-acc-mllt[5.5.383~1-bd1d]:main():gmm-acc-mllt.cc:108) Average like for this file is -55.6623 over 191 frames.
LOG (gmm-acc-mllt[5.5.383~1-bd1d]:main():gmm-acc-mllt.cc:108) Average like for this file is -54.587 over 131 frames.
LOG (gmm-acc-mllt[5.5.383~1-bd1d]:main():gmm-acc-mllt.cc:108) Average like for this file is -51.2387 over 109 frames.
LOG (gmm-acc-mllt[5.5.383~1-bd1d]:main():gmm-acc-mllt.cc:108) Average like for this file is -51.7411 over 116 frames.
LOG (gmm-acc-mllt[5.5.383~1-bd1d]:main():gmm-acc-mllt.cc:108) Average like for this file is -52.712 over 251 frames.
LOG (gmm-acc-mllt[5.5.383~1-bd1d]:main():gmm-acc-mllt.cc:108) Average like for this file is -51.4742 over 388 frames.
LOG (gmm-acc-mllt[5.5.383~1-bd1d]:main():gmm-acc-mllt.cc:108) Average like for this file is -52.2653 over 297 frames.
LOG (gmm-acc-mllt[5.5.383~1-bd1d]:main():gmm-acc-mllt.cc:108) Average like for this file is -52.459 over 118 frames.
LOG (gmm-acc-mllt[5.5.383~1-bd1d]:main():gmm-acc-mllt.cc:108) Average like for this file is -57.9652 over 185 frames.
LOG (gmm-acc-mllt[5.5.383~1-bd1d]:main():gmm-acc-mllt.cc:114) Avg like per frame so far is -54.1914
LOG (gmm-acc-mllt[5.5.383~1-bd1d]:main():gmm-acc-mllt.cc:108) Average like for this file is -50.8788 over 360 frames.
LOG (gmm-acc-mllt[5.5.383~1-bd1d]:main():gmm-acc-mllt.cc:108) Average like for this file is -56.8991 over 140 frames.
LOG (gmm-acc-mllt[5.5.383~1-bd1d]:main():gmm-acc-mllt.cc:108) Average like for this file is -54.2246 over 193 frames.
LOG (gmm-acc-mllt[5.5.383~1-bd1d]:main():gmm-acc-mllt.cc:108) Average like for this file is -55.85 over 236 frames.
LOG (gmm-acc-mllt[5.5.383~1-bd1d]:main():gmm-acc-mllt.cc:108) Average like for this file is -54.6817 over 141 frames.
LOG (gmm-acc-mllt[5.5.383~1-bd1d]:main():gmm-acc-mllt.cc:108) Average like for this file is -54.0157 over 358 frames.
LOG (gmm-acc-mllt[5.5.383~1-bd1d]:main():gmm-acc-mllt.cc:108) Average like for this file is -52.616 over 67 frames.
LOG (gmm-acc-mllt[5.5.383~1-bd1d]:main():gmm-acc-mllt.cc:108) Average like for this file is -50.6524 over 132 frames.
LOG (gmm-acc-mllt[5.5.383~1-bd1d]:main():gmm-acc-mllt.cc:108) Average like for this file is -52.2651 over 106 frames.
LOG (gmm-acc-mllt[5.5.383~1-bd1d]:main():gmm-acc-mllt.cc:108) Average like for this file is -61.4263 over 31 frames.
LOG (gmm-acc-mllt[5.5.383~1-bd1d]:main():gmm-acc-mllt.cc:114) Avg like per frame so far is -54.1209
LOG (ali-to-post[5.5.383~1-bd1d]:main():ali-to-post.cc:73) Converted 79 alignments.
LOG (gmm-acc-mllt[5.5.383~1-bd1d]:main():gmm-acc-mllt.cc:108) Average like for this file is -49.0658 over 207 frames.
LOG (gmm-acc-mllt[5.5.383~1-bd1d]:main():gmm-acc-mllt.cc:108) Average like for this file is -55.0468 over 149 frames.
LOG (gmm-acc-mllt[5.5.383~1-bd1d]:main():gmm-acc-mllt.cc:108) Average like for this file is -52.0057 over 172 frames.
LOG (gmm-acc-mllt[5.5.383~1-bd1d]:main():gmm-acc-mllt.cc:108) Average like for this file is -53.9308 over 297 frames.
LOG (gmm-acc-mllt[5.5.383~1-bd1d]:main():gmm-acc-mllt.cc:108) Average like for this file is -55.3141 over 246 frames.
LOG (gmm-acc-mllt[5.5.383~1-bd1d]:main():gmm-acc-mllt.cc:108) Average like for this file is -52.1286 over 269 frames.
LOG (gmm-acc-mllt[5.5.383~1-bd1d]:main():gmm-acc-mllt.cc:108) Average like for this file is -50.8903 over 320 frames.
LOG (gmm-acc-mllt[5.5.383~1-bd1d]:main():gmm-acc-mllt.cc:108) Average like for this file is -52.2144 over 190 frames.
LOG (gmm-acc-mllt[5.5.383~1-bd1d]:main():gmm-acc-mllt.cc:108) Average like for this file is -59.5862 over 194 frames.
LOG (weight-silence-post[5.5.383~1-bd1d]:main():weight-silence-post.cc:95) Done 79 posteriors.
LOG (gmm-acc-mllt[5.5.383~1-bd1d]:main():gmm-acc-mllt.cc:108) Average like for this file is -52.7515 over 239 frames.
LOG (gmm-acc-mllt[5.5.383~1-bd1d]:main():gmm-acc-mllt.cc:114) Avg like per frame so far is -53.9806
LOG (gmm-acc-mllt[5.5.383~1-bd1d]:main():gmm-acc-mllt.cc:108) Average like for this file is -52.9094 over 75 frames.
LOG (gmm-acc-mllt[5.5.383~1-bd1d]:main():gmm-acc-mllt.cc:108) Average like for this file is -56.674 over 354 frames.
LOG (gmm-acc-mllt[5.5.383~1-bd1d]:main():gmm-acc-mllt.cc:108) Average like for this file is -56.3342 over 97 frames.
LOG (gmm-acc-mllt[5.5.383~1-bd1d]:main():gmm-acc-mllt.cc:108) Average like for this file is -53.969 over 250 frames.
LOG (apply-cmvn[5.5.383~1-bd1d]:main():apply-cmvn.cc:162) Applied cepstral mean normalization to 79 utterances, errors on 0
LOG (gmm-acc-mllt[5.5.383~1-bd1d]:main():gmm-acc-mllt.cc:108) Average like for this file is -50.4897 over 289 frames.
LOG (gmm-acc-mllt[5.5.383~1-bd1d]:main():gmm-acc-mllt.cc:108) Average like for this file is -48.6717 over 189 frames.
LOG (gmm-acc-mllt[5.5.383~1-bd1d]:main():gmm-acc-mllt.cc:108) Average like for this file is -54.8333 over 226 frames.
LOG (gmm-acc-mllt[5.5.383~1-bd1d]:main():gmm-acc-mllt.cc:108) Average like for this file is -54.0271 over 413 frames.
LOG (transform-feats[5.5.383~1-bd1d]:main():transform-feats.cc:158) Overall average [pseudo-]logdet is -88.1906 over 41853 frames.
LOG (transform-feats[5.5.383~1-bd1d]:main():transform-feats.cc:161) Applied transform to 79 utterances; 0 had errors.
LOG (gmm-acc-mllt[5.5.383~1-bd1d]:main():gmm-acc-mllt.cc:108) Average like for this file is -52.3927 over 195 frames.
LOG (gmm-acc-mllt[5.5.383~1-bd1d]:main():gmm-acc-mllt.cc:119) Done 79 files, 0 with no posteriors, 0 with other errors.
LOG (gmm-acc-mllt[5.5.383~1-bd1d]:main():gmm-acc-mllt.cc:123) Overall avg like per frame (Gaussian only) = -53.9245 over 18015 frames.
LOG (gmm-acc-mllt[5.5.383~1-bd1d]:main():gmm-acc-mllt.cc:127) Written accs.
# Accounting: time=1 threads=1
# Ended (code 0) at Tue Jun 18 17:09:20 IST 2019, elapsed time 1 seconds
