# ali-to-post "ark:gunzip -c exp/tri2/ali.8.gz|" ark:- | weight-silence-post 0.0 1:2:3:4:5:6:7:8:9:10 exp/tri2/2.mdl ark:- ark:- | gmm-acc-mllt --rand-prune=4.0 exp/tri2/2.mdl "ark,s,cs:apply-cmvn  --utt2spk=ark:data/train/split8/8/utt2spk scp:data/train/split8/8/cmvn.scp scp:data/train/split8/8/feats.scp ark:- | splice-feats  ark:- ark:- | transform-feats exp/tri2/0.mat ark:- ark:- |" ark:- exp/tri2/2.8.macc 
# Started at Tue Jun 18 17:09:16 IST 2019
#
ali-to-post 'ark:gunzip -c exp/tri2/ali.8.gz|' ark:- 
weight-silence-post 0.0 1:2:3:4:5:6:7:8:9:10 exp/tri2/2.mdl ark:- ark:- 
gmm-acc-mllt --rand-prune=4.0 exp/tri2/2.mdl 'ark,s,cs:apply-cmvn  --utt2spk=ark:data/train/split8/8/utt2spk scp:data/train/split8/8/cmvn.scp scp:data/train/split8/8/feats.scp ark:- | splice-feats  ark:- ark:- | transform-feats exp/tri2/0.mat ark:- ark:- |' ark:- exp/tri2/2.8.macc 
transform-feats exp/tri2/0.mat ark:- ark:- 
splice-feats ark:- ark:- 
apply-cmvn --utt2spk=ark:data/train/split8/8/utt2spk scp:data/train/split8/8/cmvn.scp scp:data/train/split8/8/feats.scp ark:- 
LOG (gmm-acc-mllt[5.5.383~1-bd1d]:main():gmm-acc-mllt.cc:108) Average like for this file is -53.9603 over 233 frames.
LOG (gmm-acc-mllt[5.5.383~1-bd1d]:main():gmm-acc-mllt.cc:108) Average like for this file is -57.235 over 386 frames.
LOG (gmm-acc-mllt[5.5.383~1-bd1d]:main():gmm-acc-mllt.cc:108) Average like for this file is -55.65 over 400 frames.
LOG (gmm-acc-mllt[5.5.383~1-bd1d]:main():gmm-acc-mllt.cc:108) Average like for this file is -57.9474 over 346 frames.
LOG (gmm-acc-mllt[5.5.383~1-bd1d]:main():gmm-acc-mllt.cc:108) Average like for this file is -55.5117 over 307 frames.
LOG (gmm-acc-mllt[5.5.383~1-bd1d]:main():gmm-acc-mllt.cc:108) Average like for this file is -56.7273 over 326 frames.
LOG (gmm-acc-mllt[5.5.383~1-bd1d]:main():gmm-acc-mllt.cc:108) Average like for this file is -56.6782 over 302 frames.
LOG (gmm-acc-mllt[5.5.383~1-bd1d]:main():gmm-acc-mllt.cc:108) Average like for this file is -53.0696 over 234 frames.
LOG (gmm-acc-mllt[5.5.383~1-bd1d]:main():gmm-acc-mllt.cc:108) Average like for this file is -57.7575 over 167 frames.
LOG (gmm-acc-mllt[5.5.383~1-bd1d]:main():gmm-acc-mllt.cc:108) Average like for this file is -59.7609 over 301 frames.
LOG (gmm-acc-mllt[5.5.383~1-bd1d]:main():gmm-acc-mllt.cc:114) Avg like per frame so far is -56.522
LOG (gmm-acc-mllt[5.5.383~1-bd1d]:main():gmm-acc-mllt.cc:108) Average like for this file is -56.2975 over 137 frames.
LOG (gmm-acc-mllt[5.5.383~1-bd1d]:main():gmm-acc-mllt.cc:108) Average like for this file is -55.596 over 177 frames.
LOG (gmm-acc-mllt[5.5.383~1-bd1d]:main():gmm-acc-mllt.cc:108) Average like for this file is -57.0475 over 116 frames.
LOG (gmm-acc-mllt[5.5.383~1-bd1d]:main():gmm-acc-mllt.cc:108) Average like for this file is -55.5232 over 315 frames.
LOG (gmm-acc-mllt[5.5.383~1-bd1d]:main():gmm-acc-mllt.cc:108) Average like for this file is -55.0545 over 166 frames.
LOG (gmm-acc-mllt[5.5.383~1-bd1d]:main():gmm-acc-mllt.cc:108) Average like for this file is -53.1203 over 186 frames.
LOG (gmm-acc-mllt[5.5.383~1-bd1d]:main():gmm-acc-mllt.cc:108) Average like for this file is -54.057 over 271 frames.
LOG (gmm-acc-mllt[5.5.383~1-bd1d]:main():gmm-acc-mllt.cc:108) Average like for this file is -57.0718 over 233 frames.
LOG (gmm-acc-mllt[5.5.383~1-bd1d]:main():gmm-acc-mllt.cc:108) Average like for this file is -54.9537 over 219 frames.
LOG (gmm-acc-mllt[5.5.383~1-bd1d]:main():gmm-acc-mllt.cc:108) Average like for this file is -51.4986 over 212 frames.
LOG (gmm-acc-mllt[5.5.383~1-bd1d]:main():gmm-acc-mllt.cc:114) Avg like per frame so far is -55.8718
LOG (gmm-acc-mllt[5.5.383~1-bd1d]:main():gmm-acc-mllt.cc:108) Average like for this file is -52.4426 over 230 frames.
LOG (gmm-acc-mllt[5.5.383~1-bd1d]:main():gmm-acc-mllt.cc:108) Average like for this file is -60.7847 over 142 frames.
LOG (gmm-acc-mllt[5.5.383~1-bd1d]:main():gmm-acc-mllt.cc:108) Average like for this file is -57.0365 over 226 frames.
LOG (gmm-acc-mllt[5.5.383~1-bd1d]:main():gmm-acc-mllt.cc:108) Average like for this file is -53.4824 over 334 frames.
LOG (gmm-acc-mllt[5.5.383~1-bd1d]:main():gmm-acc-mllt.cc:108) Average like for this file is -52.0827 over 186 frames.
LOG (gmm-acc-mllt[5.5.383~1-bd1d]:main():gmm-acc-mllt.cc:108) Average like for this file is -56.9487 over 174 frames.
LOG (gmm-acc-mllt[5.5.383~1-bd1d]:main():gmm-acc-mllt.cc:108) Average like for this file is -55.8026 over 253 frames.
LOG (gmm-acc-mllt[5.5.383~1-bd1d]:main():gmm-acc-mllt.cc:108) Average like for this file is -52.6937 over 168 frames.
LOG (gmm-acc-mllt[5.5.383~1-bd1d]:main():gmm-acc-mllt.cc:108) Average like for this file is -52.8118 over 153 frames.
LOG (gmm-acc-mllt[5.5.383~1-bd1d]:main():gmm-acc-mllt.cc:108) Average like for this file is -57.598 over 183 frames.
LOG (gmm-acc-mllt[5.5.383~1-bd1d]:main():gmm-acc-mllt.cc:114) Avg like per frame so far is -55.6111
LOG (gmm-acc-mllt[5.5.383~1-bd1d]:main():gmm-acc-mllt.cc:108) Average like for this file is -53.8442 over 150 frames.
LOG (gmm-acc-mllt[5.5.383~1-bd1d]:main():gmm-acc-mllt.cc:108) Average like for this file is -58.6872 over 139 frames.
LOG (gmm-acc-mllt[5.5.383~1-bd1d]:main():gmm-acc-mllt.cc:108) Average like for this file is -58.2587 over 189 frames.
LOG (gmm-acc-mllt[5.5.383~1-bd1d]:main():gmm-acc-mllt.cc:108) Average like for this file is -52.8396 over 140 frames.
LOG (gmm-acc-mllt[5.5.383~1-bd1d]:main():gmm-acc-mllt.cc:108) Average like for this file is -57.9099 over 244 frames.
LOG (gmm-acc-mllt[5.5.383~1-bd1d]:main():gmm-acc-mllt.cc:108) Average like for this file is -57.3969 over 188 frames.
LOG (gmm-acc-mllt[5.5.383~1-bd1d]:main():gmm-acc-mllt.cc:108) Average like for this file is -55.2222 over 198 frames.
LOG (gmm-acc-mllt[5.5.383~1-bd1d]:main():gmm-acc-mllt.cc:108) Average like for this file is -54.2407 over 71 frames.
LOG (gmm-acc-mllt[5.5.383~1-bd1d]:main():gmm-acc-mllt.cc:108) Average like for this file is -57.7653 over 289 frames.
LOG (gmm-acc-mllt[5.5.383~1-bd1d]:main():gmm-acc-mllt.cc:108) Average like for this file is -54.1693 over 119 frames.
LOG (gmm-acc-mllt[5.5.383~1-bd1d]:main():gmm-acc-mllt.cc:114) Avg like per frame so far is -55.7754
LOG (gmm-acc-mllt[5.5.383~1-bd1d]:main():gmm-acc-mllt.cc:108) Average like for this file is -55.8589 over 282 frames.
LOG (gmm-acc-mllt[5.5.383~1-bd1d]:main():gmm-acc-mllt.cc:108) Average like for this file is -61.2765 over 120 frames.
LOG (gmm-acc-mllt[5.5.383~1-bd1d]:main():gmm-acc-mllt.cc:108) Average like for this file is -56.9212 over 178 frames.
LOG (gmm-acc-mllt[5.5.383~1-bd1d]:main():gmm-acc-mllt.cc:108) Average like for this file is -56.3308 over 284 frames.
LOG (gmm-acc-mllt[5.5.383~1-bd1d]:main():gmm-acc-mllt.cc:108) Average like for this file is -58.75 over 209 frames.
LOG (gmm-acc-mllt[5.5.383~1-bd1d]:main():gmm-acc-mllt.cc:108) Average like for this file is -53.801 over 191 frames.
LOG (gmm-acc-mllt[5.5.383~1-bd1d]:main():gmm-acc-mllt.cc:108) Average like for this file is -53.1325 over 273 frames.
LOG (gmm-acc-mllt[5.5.383~1-bd1d]:main():gmm-acc-mllt.cc:108) Average like for this file is -57.0424 over 198 frames.
LOG (gmm-acc-mllt[5.5.383~1-bd1d]:main():gmm-acc-mllt.cc:108) Average like for this file is -53.4429 over 248 frames.
LOG (gmm-acc-mllt[5.5.383~1-bd1d]:main():gmm-acc-mllt.cc:108) Average like for this file is -57.0276 over 295 frames.
LOG (gmm-acc-mllt[5.5.383~1-bd1d]:main():gmm-acc-mllt.cc:114) Avg like per frame so far is -55.8305
LOG (gmm-acc-mllt[5.5.383~1-bd1d]:main():gmm-acc-mllt.cc:108) Average like for this file is -55.3601 over 238 frames.
LOG (gmm-acc-mllt[5.5.383~1-bd1d]:main():gmm-acc-mllt.cc:108) Average like for this file is -59.7003 over 308 frames.
LOG (gmm-acc-mllt[5.5.383~1-bd1d]:main():gmm-acc-mllt.cc:108) Average like for this file is -53.3374 over 128 frames.
LOG (gmm-acc-mllt[5.5.383~1-bd1d]:main():gmm-acc-mllt.cc:108) Average like for this file is -56.1319 over 303 frames.
LOG (gmm-acc-mllt[5.5.383~1-bd1d]:main():gmm-acc-mllt.cc:108) Average like for this file is -54.7937 over 198 frames.
LOG (gmm-acc-mllt[5.5.383~1-bd1d]:main():gmm-acc-mllt.cc:108) Average like for this file is -54.4632 over 177 frames.
LOG (gmm-acc-mllt[5.5.383~1-bd1d]:main():gmm-acc-mllt.cc:108) Average like for this file is -58.7719 over 166 frames.
LOG (gmm-acc-mllt[5.5.383~1-bd1d]:main():gmm-acc-mllt.cc:108) Average like for this file is -51.7024 over 553 frames.
LOG (gmm-acc-mllt[5.5.383~1-bd1d]:main():gmm-acc-mllt.cc:108) Average like for this file is -53.112 over 285 frames.
LOG (gmm-acc-mllt[5.5.383~1-bd1d]:main():gmm-acc-mllt.cc:108) Average like for this file is -52.2878 over 186 frames.
LOG (gmm-acc-mllt[5.5.383~1-bd1d]:main():gmm-acc-mllt.cc:114) Avg like per frame so far is -55.6233
LOG (gmm-acc-mllt[5.5.383~1-bd1d]:main():gmm-acc-mllt.cc:108) Average like for this file is -56.5248 over 179 frames.
LOG (gmm-acc-mllt[5.5.383~1-bd1d]:main():gmm-acc-mllt.cc:108) Average like for this file is -55.9358 over 381 frames.
LOG (gmm-acc-mllt[5.5.383~1-bd1d]:main():gmm-acc-mllt.cc:108) Average like for this file is -56.443 over 260 frames.
LOG (ali-to-post[5.5.383~1-bd1d]:main():ali-to-post.cc:73) Converted 79 alignments.
LOG (gmm-acc-mllt[5.5.383~1-bd1d]:main():gmm-acc-mllt.cc:108) Average like for this file is -55.4628 over 288 frames.
LOG (gmm-acc-mllt[5.5.383~1-bd1d]:main():gmm-acc-mllt.cc:108) Average like for this file is -57.7416 over 297 frames.
LOG (gmm-acc-mllt[5.5.383~1-bd1d]:main():gmm-acc-mllt.cc:108) Average like for this file is -57.4772 over 420 frames.
LOG (gmm-acc-mllt[5.5.383~1-bd1d]:main():gmm-acc-mllt.cc:108) Average like for this file is -58.9906 over 370 frames.
LOG (gmm-acc-mllt[5.5.383~1-bd1d]:main():gmm-acc-mllt.cc:108) Average like for this file is -59.2282 over 279 frames.
LOG (gmm-acc-mllt[5.5.383~1-bd1d]:main():gmm-acc-mllt.cc:108) Average like for this file is -52.2724 over 446 frames.
LOG (gmm-acc-mllt[5.5.383~1-bd1d]:main():gmm-acc-mllt.cc:108) Average like for this file is -56.3421 over 239 frames.
LOG (gmm-acc-mllt[5.5.383~1-bd1d]:main():gmm-acc-mllt.cc:114) Avg like per frame so far is -55.7891
LOG (weight-silence-post[5.5.383~1-bd1d]:main():weight-silence-post.cc:95) Done 79 posteriors.
LOG (gmm-acc-mllt[5.5.383~1-bd1d]:main():gmm-acc-mllt.cc:108) Average like for this file is -50.8097 over 218 frames.
LOG (gmm-acc-mllt[5.5.383~1-bd1d]:main():gmm-acc-mllt.cc:108) Average like for this file is -53.1478 over 387 frames.
LOG (gmm-acc-mllt[5.5.383~1-bd1d]:main():gmm-acc-mllt.cc:108) Average like for this file is -53.85 over 297 frames.
LOG (gmm-acc-mllt[5.5.383~1-bd1d]:main():gmm-acc-mllt.cc:108) Average like for this file is -54.4276 over 184 frames.
LOG (gmm-acc-mllt[5.5.383~1-bd1d]:main():gmm-acc-mllt.cc:108) Average like for this file is -55.4812 over 276 frames.
LOG (apply-cmvn[5.5.383~1-bd1d]:main():apply-cmvn.cc:162) Applied cepstral mean normalization to 79 utterances, errors on 0
LOG (gmm-acc-mllt[5.5.383~1-bd1d]:main():gmm-acc-mllt.cc:108) Average like for this file is -52.5793 over 276 frames.
LOG (gmm-acc-mllt[5.5.383~1-bd1d]:main():gmm-acc-mllt.cc:108) Average like for this file is -51.3519 over 245 frames.
LOG (gmm-acc-mllt[5.5.383~1-bd1d]:main():gmm-acc-mllt.cc:108) Average like for this file is -53.098 over 238 frames.
LOG (transform-feats[5.5.383~1-bd1d]:main():transform-feats.cc:158) Overall average [pseudo-]logdet is -88.5718 over 48083 frames.
LOG (transform-feats[5.5.383~1-bd1d]:main():transform-feats.cc:161) Applied transform to 79 utterances; 0 had errors.
LOG (gmm-acc-mllt[5.5.383~1-bd1d]:main():gmm-acc-mllt.cc:108) Average like for this file is -57.3263 over 239 frames.
LOG (gmm-acc-mllt[5.5.383~1-bd1d]:main():gmm-acc-mllt.cc:119) Done 79 files, 0 with no posteriors, 0 with other errors.
LOG (gmm-acc-mllt[5.5.383~1-bd1d]:main():gmm-acc-mllt.cc:123) Overall avg like per frame (Gaussian only) = -55.5142 over 19149 frames.
LOG (gmm-acc-mllt[5.5.383~1-bd1d]:main():gmm-acc-mllt.cc:127) Written accs.
# Accounting: time=1 threads=1
# Ended (code 0) at Tue Jun 18 17:09:17 IST 2019, elapsed time 1 seconds
