# ali-to-post "ark:gunzip -c exp/tri2/ali.5.gz|" ark:- | weight-silence-post 0.0 1:2:3:4:5:6:7:8:9:10 exp/tri2/4.mdl ark:- ark:- | gmm-acc-mllt --rand-prune=4.0 exp/tri2/4.mdl "ark,s,cs:apply-cmvn  --utt2spk=ark:data/train/split8/5/utt2spk scp:data/train/split8/5/cmvn.scp scp:data/train/split8/5/feats.scp ark:- | splice-feats  ark:- ark:- | transform-feats exp/tri2/2.mat ark:- ark:- |" ark:- exp/tri2/4.5.macc 
# Started at Tue Jun 18 17:09:19 IST 2019
#
ali-to-post 'ark:gunzip -c exp/tri2/ali.5.gz|' ark:- 
gmm-acc-mllt --rand-prune=4.0 exp/tri2/4.mdl 'ark,s,cs:apply-cmvn  --utt2spk=ark:data/train/split8/5/utt2spk scp:data/train/split8/5/cmvn.scp scp:data/train/split8/5/feats.scp ark:- | splice-feats  ark:- ark:- | transform-feats exp/tri2/2.mat ark:- ark:- |' ark:- exp/tri2/4.5.macc 
weight-silence-post 0.0 1:2:3:4:5:6:7:8:9:10 exp/tri2/4.mdl ark:- ark:- 
apply-cmvn --utt2spk=ark:data/train/split8/5/utt2spk scp:data/train/split8/5/cmvn.scp scp:data/train/split8/5/feats.scp ark:- 
splice-feats ark:- ark:- 
transform-feats exp/tri2/2.mat ark:- ark:- 
LOG (gmm-acc-mllt[5.5.383~1-bd1d]:main():gmm-acc-mllt.cc:108) Average like for this file is -52.5346 over 181 frames.
LOG (gmm-acc-mllt[5.5.383~1-bd1d]:main():gmm-acc-mllt.cc:108) Average like for this file is -53.0231 over 99 frames.
LOG (gmm-acc-mllt[5.5.383~1-bd1d]:main():gmm-acc-mllt.cc:108) Average like for this file is -50.9954 over 441 frames.
LOG (gmm-acc-mllt[5.5.383~1-bd1d]:main():gmm-acc-mllt.cc:108) Average like for this file is -50.3568 over 435 frames.
LOG (gmm-acc-mllt[5.5.383~1-bd1d]:main():gmm-acc-mllt.cc:108) Average like for this file is -49.6581 over 181 frames.
LOG (gmm-acc-mllt[5.5.383~1-bd1d]:main():gmm-acc-mllt.cc:108) Average like for this file is -54.1493 over 308 frames.
LOG (gmm-acc-mllt[5.5.383~1-bd1d]:main():gmm-acc-mllt.cc:108) Average like for this file is -53.5345 over 434 frames.
LOG (gmm-acc-mllt[5.5.383~1-bd1d]:main():gmm-acc-mllt.cc:108) Average like for this file is -53.545 over 140 frames.
LOG (gmm-acc-mllt[5.5.383~1-bd1d]:main():gmm-acc-mllt.cc:108) Average like for this file is -53.2863 over 335 frames.
LOG (gmm-acc-mllt[5.5.383~1-bd1d]:main():gmm-acc-mllt.cc:108) Average like for this file is -52.3503 over 227 frames.
LOG (gmm-acc-mllt[5.5.383~1-bd1d]:main():gmm-acc-mllt.cc:114) Avg like per frame so far is -52.2413
LOG (gmm-acc-mllt[5.5.383~1-bd1d]:main():gmm-acc-mllt.cc:108) Average like for this file is -52.9849 over 327 frames.
LOG (gmm-acc-mllt[5.5.383~1-bd1d]:main():gmm-acc-mllt.cc:108) Average like for this file is -52.8209 over 401 frames.
LOG (gmm-acc-mllt[5.5.383~1-bd1d]:main():gmm-acc-mllt.cc:108) Average like for this file is -53.9585 over 197 frames.
LOG (gmm-acc-mllt[5.5.383~1-bd1d]:main():gmm-acc-mllt.cc:108) Average like for this file is -53.0229 over 212 frames.
LOG (gmm-acc-mllt[5.5.383~1-bd1d]:main():gmm-acc-mllt.cc:108) Average like for this file is -48.6028 over 131 frames.
LOG (gmm-acc-mllt[5.5.383~1-bd1d]:main():gmm-acc-mllt.cc:108) Average like for this file is -51.8641 over 491 frames.
LOG (gmm-acc-mllt[5.5.383~1-bd1d]:main():gmm-acc-mllt.cc:108) Average like for this file is -52.7073 over 229 frames.
LOG (gmm-acc-mllt[5.5.383~1-bd1d]:main():gmm-acc-mllt.cc:108) Average like for this file is -52.6704 over 253 frames.
LOG (gmm-acc-mllt[5.5.383~1-bd1d]:main():gmm-acc-mllt.cc:108) Average like for this file is -51.7187 over 282 frames.
LOG (gmm-acc-mllt[5.5.383~1-bd1d]:main():gmm-acc-mllt.cc:108) Average like for this file is -53.8175 over 309 frames.
LOG (gmm-acc-mllt[5.5.383~1-bd1d]:main():gmm-acc-mllt.cc:114) Avg like per frame so far is -52.3968
LOG (gmm-acc-mllt[5.5.383~1-bd1d]:main():gmm-acc-mllt.cc:108) Average like for this file is -54.9101 over 123 frames.
LOG (gmm-acc-mllt[5.5.383~1-bd1d]:main():gmm-acc-mllt.cc:108) Average like for this file is -51.0621 over 160 frames.
LOG (gmm-acc-mllt[5.5.383~1-bd1d]:main():gmm-acc-mllt.cc:108) Average like for this file is -50.5707 over 282 frames.
LOG (gmm-acc-mllt[5.5.383~1-bd1d]:main():gmm-acc-mllt.cc:108) Average like for this file is -53.7393 over 273 frames.
LOG (gmm-acc-mllt[5.5.383~1-bd1d]:main():gmm-acc-mllt.cc:108) Average like for this file is -53.9738 over 311 frames.
LOG (gmm-acc-mllt[5.5.383~1-bd1d]:main():gmm-acc-mllt.cc:108) Average like for this file is -52.8155 over 180 frames.
LOG (gmm-acc-mllt[5.5.383~1-bd1d]:main():gmm-acc-mllt.cc:108) Average like for this file is -51.9071 over 263 frames.
LOG (gmm-acc-mllt[5.5.383~1-bd1d]:main():gmm-acc-mllt.cc:108) Average like for this file is -53.4795 over 261 frames.
LOG (gmm-acc-mllt[5.5.383~1-bd1d]:main():gmm-acc-mllt.cc:108) Average like for this file is -50.1776 over 299 frames.
LOG (gmm-acc-mllt[5.5.383~1-bd1d]:main():gmm-acc-mllt.cc:108) Average like for this file is -52.7981 over 212 frames.
LOG (gmm-acc-mllt[5.5.383~1-bd1d]:main():gmm-acc-mllt.cc:114) Avg like per frame so far is -52.4078
LOG (gmm-acc-mllt[5.5.383~1-bd1d]:main():gmm-acc-mllt.cc:108) Average like for this file is -52.3796 over 225 frames.
LOG (gmm-acc-mllt[5.5.383~1-bd1d]:main():gmm-acc-mllt.cc:108) Average like for this file is -50.2035 over 246 frames.
LOG (gmm-acc-mllt[5.5.383~1-bd1d]:main():gmm-acc-mllt.cc:108) Average like for this file is -51.5778 over 427 frames.
LOG (gmm-acc-mllt[5.5.383~1-bd1d]:main():gmm-acc-mllt.cc:108) Average like for this file is -51.0567 over 324 frames.
LOG (gmm-acc-mllt[5.5.383~1-bd1d]:main():gmm-acc-mllt.cc:108) Average like for this file is -52.628 over 334 frames.
LOG (gmm-acc-mllt[5.5.383~1-bd1d]:main():gmm-acc-mllt.cc:108) Average like for this file is -52.4131 over 376 frames.
LOG (gmm-acc-mllt[5.5.383~1-bd1d]:main():gmm-acc-mllt.cc:108) Average like for this file is -50.6215 over 294 frames.
LOG (gmm-acc-mllt[5.5.383~1-bd1d]:main():gmm-acc-mllt.cc:108) Average like for this file is -55.2466 over 179 frames.
LOG (gmm-acc-mllt[5.5.383~1-bd1d]:main():gmm-acc-mllt.cc:108) Average like for this file is -52.3763 over 315 frames.
LOG (gmm-acc-mllt[5.5.383~1-bd1d]:main():gmm-acc-mllt.cc:108) Average like for this file is -50.4791 over 153 frames.
LOG (gmm-acc-mllt[5.5.383~1-bd1d]:main():gmm-acc-mllt.cc:114) Avg like per frame so far is -52.2615
LOG (gmm-acc-mllt[5.5.383~1-bd1d]:main():gmm-acc-mllt.cc:108) Average like for this file is -51.0565 over 192 frames.
LOG (gmm-acc-mllt[5.5.383~1-bd1d]:main():gmm-acc-mllt.cc:108) Average like for this file is -53.5023 over 214 frames.
LOG (gmm-acc-mllt[5.5.383~1-bd1d]:main():gmm-acc-mllt.cc:108) Average like for this file is -52.3427 over 254 frames.
LOG (gmm-acc-mllt[5.5.383~1-bd1d]:main():gmm-acc-mllt.cc:108) Average like for this file is -54.2463 over 250 frames.
LOG (gmm-acc-mllt[5.5.383~1-bd1d]:main():gmm-acc-mllt.cc:108) Average like for this file is -52.3835 over 176 frames.
LOG (gmm-acc-mllt[5.5.383~1-bd1d]:main():gmm-acc-mllt.cc:108) Average like for this file is -52.9865 over 393 frames.
LOG (gmm-acc-mllt[5.5.383~1-bd1d]:main():gmm-acc-mllt.cc:108) Average like for this file is -55.8895 over 199 frames.
LOG (gmm-acc-mllt[5.5.383~1-bd1d]:main():gmm-acc-mllt.cc:108) Average like for this file is -55.106 over 168 frames.
LOG (gmm-acc-mllt[5.5.383~1-bd1d]:main():gmm-acc-mllt.cc:108) Average like for this file is -50.5444 over 191 frames.
LOG (gmm-acc-mllt[5.5.383~1-bd1d]:main():gmm-acc-mllt.cc:108) Average like for this file is -51.612 over 207 frames.
LOG (gmm-acc-mllt[5.5.383~1-bd1d]:main():gmm-acc-mllt.cc:114) Avg like per frame so far is -52.3833
LOG (gmm-acc-mllt[5.5.383~1-bd1d]:main():gmm-acc-mllt.cc:108) Average like for this file is -53.1591 over 538 frames.
LOG (gmm-acc-mllt[5.5.383~1-bd1d]:main():gmm-acc-mllt.cc:108) Average like for this file is -53.8598 over 321 frames.
LOG (gmm-acc-mllt[5.5.383~1-bd1d]:main():gmm-acc-mllt.cc:108) Average like for this file is -54.4866 over 376 frames.
LOG (gmm-acc-mllt[5.5.383~1-bd1d]:main():gmm-acc-mllt.cc:108) Average like for this file is -50.7197 over 426 frames.
LOG (gmm-acc-mllt[5.5.383~1-bd1d]:main():gmm-acc-mllt.cc:108) Average like for this file is -54.2037 over 280 frames.
LOG (gmm-acc-mllt[5.5.383~1-bd1d]:main():gmm-acc-mllt.cc:108) Average like for this file is -51.676 over 517 frames.
LOG (gmm-acc-mllt[5.5.383~1-bd1d]:main():gmm-acc-mllt.cc:108) Average like for this file is -51.1297 over 329 frames.
LOG (gmm-acc-mllt[5.5.383~1-bd1d]:main():gmm-acc-mllt.cc:108) Average like for this file is -53.2963 over 403 frames.
LOG (gmm-acc-mllt[5.5.383~1-bd1d]:main():gmm-acc-mllt.cc:108) Average like for this file is -53.925 over 161 frames.
LOG (gmm-acc-mllt[5.5.383~1-bd1d]:main():gmm-acc-mllt.cc:108) Average like for this file is -53.0591 over 237 frames.
LOG (gmm-acc-mllt[5.5.383~1-bd1d]:main():gmm-acc-mllt.cc:114) Avg like per frame so far is -52.4721
LOG (gmm-acc-mllt[5.5.383~1-bd1d]:main():gmm-acc-mllt.cc:108) Average like for this file is -48.5728 over 168 frames.
LOG (gmm-acc-mllt[5.5.383~1-bd1d]:main():gmm-acc-mllt.cc:108) Average like for this file is -52.4113 over 344 frames.
LOG (gmm-acc-mllt[5.5.383~1-bd1d]:main():gmm-acc-mllt.cc:108) Average like for this file is -59.2448 over 91 frames.
LOG (gmm-acc-mllt[5.5.383~1-bd1d]:main():gmm-acc-mllt.cc:108) Average like for this file is -54.2685 over 268 frames.
LOG (gmm-acc-mllt[5.5.383~1-bd1d]:main():gmm-acc-mllt.cc:108) Average like for this file is -55.4861 over 150 frames.
LOG (ali-to-post[5.5.383~1-bd1d]:main():ali-to-post.cc:73) Converted 80 alignments.
LOG (gmm-acc-mllt[5.5.383~1-bd1d]:main():gmm-acc-mllt.cc:108) Average like for this file is -55.9377 over 553 frames.
LOG (gmm-acc-mllt[5.5.383~1-bd1d]:main():gmm-acc-mllt.cc:108) Average like for this file is -52.7192 over 370 frames.
LOG (gmm-acc-mllt[5.5.383~1-bd1d]:main():gmm-acc-mllt.cc:108) Average like for this file is -54.6631 over 192 frames.
LOG (gmm-acc-mllt[5.5.383~1-bd1d]:main():gmm-acc-mllt.cc:108) Average like for this file is -52.4939 over 314 frames.
LOG (gmm-acc-mllt[5.5.383~1-bd1d]:main():gmm-acc-mllt.cc:108) Average like for this file is -53.5202 over 390 frames.
LOG (gmm-acc-mllt[5.5.383~1-bd1d]:main():gmm-acc-mllt.cc:114) Avg like per frame so far is -52.6626
LOG (gmm-acc-mllt[5.5.383~1-bd1d]:main():gmm-acc-mllt.cc:108) Average like for this file is -54.5163 over 318 frames.
LOG (gmm-acc-mllt[5.5.383~1-bd1d]:main():gmm-acc-mllt.cc:108) Average like for this file is -52.7588 over 214 frames.
LOG (weight-silence-post[5.5.383~1-bd1d]:main():weight-silence-post.cc:95) Done 80 posteriors.
LOG (gmm-acc-mllt[5.5.383~1-bd1d]:main():gmm-acc-mllt.cc:108) Average like for this file is -53.5239 over 361 frames.
LOG (gmm-acc-mllt[5.5.383~1-bd1d]:main():gmm-acc-mllt.cc:108) Average like for this file is -54.0485 over 275 frames.
LOG (gmm-acc-mllt[5.5.383~1-bd1d]:main():gmm-acc-mllt.cc:108) Average like for this file is -56.2609 over 249 frames.
LOG (apply-cmvn[5.5.383~1-bd1d]:main():apply-cmvn.cc:162) Applied cepstral mean normalization to 80 utterances, errors on 0
LOG (gmm-acc-mllt[5.5.383~1-bd1d]:main():gmm-acc-mllt.cc:108) Average like for this file is -55.9139 over 257 frames.
LOG (gmm-acc-mllt[5.5.383~1-bd1d]:main():gmm-acc-mllt.cc:108) Average like for this file is -53.5186 over 299 frames.
LOG (gmm-acc-mllt[5.5.383~1-bd1d]:main():gmm-acc-mllt.cc:108) Average like for this file is -53.8869 over 547 frames.
LOG (gmm-acc-mllt[5.5.383~1-bd1d]:main():gmm-acc-mllt.cc:108) Average like for this file is -55.3369 over 280 frames.
LOG (transform-feats[5.5.383~1-bd1d]:main():transform-feats.cc:158) Overall average [pseudo-]logdet is -88.1906 over 47027 frames.
LOG (transform-feats[5.5.383~1-bd1d]:main():transform-feats.cc:161) Applied transform to 80 utterances; 0 had errors.
LOG (gmm-acc-mllt[5.5.383~1-bd1d]:main():gmm-acc-mllt.cc:108) Average like for this file is -56.8938 over 278 frames.
LOG (gmm-acc-mllt[5.5.383~1-bd1d]:main():gmm-acc-mllt.cc:114) Avg like per frame so far is -52.923
LOG (gmm-acc-mllt[5.5.383~1-bd1d]:main():gmm-acc-mllt.cc:119) Done 80 files, 0 with no posteriors, 0 with other errors.
LOG (gmm-acc-mllt[5.5.383~1-bd1d]:main():gmm-acc-mllt.cc:123) Overall avg like per frame (Gaussian only) = -52.923 over 22600 frames.
LOG (gmm-acc-mllt[5.5.383~1-bd1d]:main():gmm-acc-mllt.cc:127) Written accs.
# Accounting: time=1 threads=1
# Ended (code 0) at Tue Jun 18 17:09:20 IST 2019, elapsed time 1 seconds
