# ali-to-post "ark:gunzip -c exp/tri2/ali.2.gz|" ark:- | weight-silence-post 0.0 1:2:3:4:5:6:7:8:9:10 exp/tri2/6.mdl ark:- ark:- | gmm-acc-mllt --rand-prune=4.0 exp/tri2/6.mdl "ark,s,cs:apply-cmvn  --utt2spk=ark:data/train/split8/2/utt2spk scp:data/train/split8/2/cmvn.scp scp:data/train/split8/2/feats.scp ark:- | splice-feats  ark:- ark:- | transform-feats exp/tri2/4.mat ark:- ark:- |" ark:- exp/tri2/6.2.macc 
# Started at Tue Jun 18 17:09:23 IST 2019
#
weight-silence-post 0.0 1:2:3:4:5:6:7:8:9:10 exp/tri2/6.mdl ark:- ark:- 
gmm-acc-mllt --rand-prune=4.0 exp/tri2/6.mdl 'ark,s,cs:apply-cmvn  --utt2spk=ark:data/train/split8/2/utt2spk scp:data/train/split8/2/cmvn.scp scp:data/train/split8/2/feats.scp ark:- | splice-feats  ark:- ark:- | transform-feats exp/tri2/4.mat ark:- ark:- |' ark:- exp/tri2/6.2.macc 
ali-to-post 'ark:gunzip -c exp/tri2/ali.2.gz|' ark:- 
apply-cmvn --utt2spk=ark:data/train/split8/2/utt2spk scp:data/train/split8/2/cmvn.scp scp:data/train/split8/2/feats.scp ark:- 
splice-feats ark:- ark:- 
transform-feats exp/tri2/4.mat ark:- ark:- 
LOG (gmm-acc-mllt[5.5.383~1-bd1d]:main():gmm-acc-mllt.cc:108) Average like for this file is -52.0016 over 238 frames.
LOG (gmm-acc-mllt[5.5.383~1-bd1d]:main():gmm-acc-mllt.cc:108) Average like for this file is -53.4564 over 228 frames.
LOG (gmm-acc-mllt[5.5.383~1-bd1d]:main():gmm-acc-mllt.cc:108) Average like for this file is -52.908 over 147 frames.
LOG (gmm-acc-mllt[5.5.383~1-bd1d]:main():gmm-acc-mllt.cc:108) Average like for this file is -50.7944 over 337 frames.
LOG (gmm-acc-mllt[5.5.383~1-bd1d]:main():gmm-acc-mllt.cc:108) Average like for this file is -50.8733 over 305 frames.
LOG (gmm-acc-mllt[5.5.383~1-bd1d]:main():gmm-acc-mllt.cc:108) Average like for this file is -49.0776 over 353 frames.
LOG (gmm-acc-mllt[5.5.383~1-bd1d]:main():gmm-acc-mllt.cc:108) Average like for this file is -51.6952 over 208 frames.
LOG (gmm-acc-mllt[5.5.383~1-bd1d]:main():gmm-acc-mllt.cc:108) Average like for this file is -51.9597 over 159 frames.
LOG (gmm-acc-mllt[5.5.383~1-bd1d]:main():gmm-acc-mllt.cc:108) Average like for this file is -46.9198 over 384 frames.
LOG (gmm-acc-mllt[5.5.383~1-bd1d]:main():gmm-acc-mllt.cc:108) Average like for this file is -51.4902 over 302 frames.
LOG (gmm-acc-mllt[5.5.383~1-bd1d]:main():gmm-acc-mllt.cc:114) Avg like per frame so far is -50.6884
LOG (gmm-acc-mllt[5.5.383~1-bd1d]:main():gmm-acc-mllt.cc:108) Average like for this file is -50.0601 over 357 frames.
LOG (gmm-acc-mllt[5.5.383~1-bd1d]:main():gmm-acc-mllt.cc:108) Average like for this file is -52.092 over 327 frames.
LOG (gmm-acc-mllt[5.5.383~1-bd1d]:main():gmm-acc-mllt.cc:108) Average like for this file is -52.2734 over 313 frames.
LOG (gmm-acc-mllt[5.5.383~1-bd1d]:main():gmm-acc-mllt.cc:108) Average like for this file is -52.5756 over 281 frames.
LOG (gmm-acc-mllt[5.5.383~1-bd1d]:main():gmm-acc-mllt.cc:108) Average like for this file is -51.3321 over 205 frames.
LOG (gmm-acc-mllt[5.5.383~1-bd1d]:main():gmm-acc-mllt.cc:108) Average like for this file is -52.0723 over 280 frames.
LOG (gmm-acc-mllt[5.5.383~1-bd1d]:main():gmm-acc-mllt.cc:108) Average like for this file is -48.2081 over 207 frames.
LOG (gmm-acc-mllt[5.5.383~1-bd1d]:main():gmm-acc-mllt.cc:108) Average like for this file is -48.319 over 270 frames.
LOG (gmm-acc-mllt[5.5.383~1-bd1d]:main():gmm-acc-mllt.cc:108) Average like for this file is -49.0323 over 163 frames.
LOG (gmm-acc-mllt[5.5.383~1-bd1d]:main():gmm-acc-mllt.cc:108) Average like for this file is -50.8395 over 190 frames.
LOG (gmm-acc-mllt[5.5.383~1-bd1d]:main():gmm-acc-mllt.cc:114) Avg like per frame so far is -50.7619
LOG (gmm-acc-mllt[5.5.383~1-bd1d]:main():gmm-acc-mllt.cc:108) Average like for this file is -52.3131 over 308 frames.
LOG (gmm-acc-mllt[5.5.383~1-bd1d]:main():gmm-acc-mllt.cc:108) Average like for this file is -49.8049 over 159 frames.
LOG (gmm-acc-mllt[5.5.383~1-bd1d]:main():gmm-acc-mllt.cc:108) Average like for this file is -50.8843 over 238 frames.
LOG (gmm-acc-mllt[5.5.383~1-bd1d]:main():gmm-acc-mllt.cc:108) Average like for this file is -51.2503 over 164 frames.
LOG (gmm-acc-mllt[5.5.383~1-bd1d]:main():gmm-acc-mllt.cc:108) Average like for this file is -50.063 over 289 frames.
LOG (gmm-acc-mllt[5.5.383~1-bd1d]:main():gmm-acc-mllt.cc:108) Average like for this file is -51.9646 over 238 frames.
LOG (gmm-acc-mllt[5.5.383~1-bd1d]:main():gmm-acc-mllt.cc:108) Average like for this file is -51.956 over 287 frames.
LOG (gmm-acc-mllt[5.5.383~1-bd1d]:main():gmm-acc-mllt.cc:108) Average like for this file is -49.2769 over 234 frames.
LOG (gmm-acc-mllt[5.5.383~1-bd1d]:main():gmm-acc-mllt.cc:108) Average like for this file is -46.9787 over 279 frames.
LOG (gmm-acc-mllt[5.5.383~1-bd1d]:main():gmm-acc-mllt.cc:108) Average like for this file is -50.818 over 337 frames.
LOG (gmm-acc-mllt[5.5.383~1-bd1d]:main():gmm-acc-mllt.cc:114) Avg like per frame so far is -50.6948
LOG (gmm-acc-mllt[5.5.383~1-bd1d]:main():gmm-acc-mllt.cc:108) Average like for this file is -53.16 over 223 frames.
LOG (gmm-acc-mllt[5.5.383~1-bd1d]:main():gmm-acc-mllt.cc:108) Average like for this file is -48.6037 over 453 frames.
LOG (gmm-acc-mllt[5.5.383~1-bd1d]:main():gmm-acc-mllt.cc:108) Average like for this file is -52.6402 over 163 frames.
LOG (gmm-acc-mllt[5.5.383~1-bd1d]:main():gmm-acc-mllt.cc:108) Average like for this file is -56.5062 over 250 frames.
LOG (gmm-acc-mllt[5.5.383~1-bd1d]:main():gmm-acc-mllt.cc:108) Average like for this file is -50.92 over 303 frames.
LOG (gmm-acc-mllt[5.5.383~1-bd1d]:main():gmm-acc-mllt.cc:108) Average like for this file is -52.7169 over 279 frames.
LOG (gmm-acc-mllt[5.5.383~1-bd1d]:main():gmm-acc-mllt.cc:108) Average like for this file is -52.3584 over 365 frames.
LOG (gmm-acc-mllt[5.5.383~1-bd1d]:main():gmm-acc-mllt.cc:108) Average like for this file is -52.0492 over 205 frames.
LOG (gmm-acc-mllt[5.5.383~1-bd1d]:main():gmm-acc-mllt.cc:108) Average like for this file is -49.5147 over 399 frames.
LOG (gmm-acc-mllt[5.5.383~1-bd1d]:main():gmm-acc-mllt.cc:108) Average like for this file is -48.1174 over 191 frames.
LOG (gmm-acc-mllt[5.5.383~1-bd1d]:main():gmm-acc-mllt.cc:114) Avg like per frame so far is -50.8763
LOG (gmm-acc-mllt[5.5.383~1-bd1d]:main():gmm-acc-mllt.cc:108) Average like for this file is -51.9741 over 281 frames.
LOG (gmm-acc-mllt[5.5.383~1-bd1d]:main():gmm-acc-mllt.cc:108) Average like for this file is -51.5873 over 238 frames.
LOG (gmm-acc-mllt[5.5.383~1-bd1d]:main():gmm-acc-mllt.cc:108) Average like for this file is -52.6682 over 205 frames.
LOG (gmm-acc-mllt[5.5.383~1-bd1d]:main():gmm-acc-mllt.cc:108) Average like for this file is -51.0889 over 194 frames.
LOG (gmm-acc-mllt[5.5.383~1-bd1d]:main():gmm-acc-mllt.cc:108) Average like for this file is -51.0588 over 248 frames.
LOG (gmm-acc-mllt[5.5.383~1-bd1d]:main():gmm-acc-mllt.cc:108) Average like for this file is -50.3697 over 286 frames.
LOG (gmm-acc-mllt[5.5.383~1-bd1d]:main():gmm-acc-mllt.cc:108) Average like for this file is -51.2417 over 305 frames.
LOG (gmm-acc-mllt[5.5.383~1-bd1d]:main():gmm-acc-mllt.cc:108) Average like for this file is -49.2311 over 308 frames.
LOG (gmm-acc-mllt[5.5.383~1-bd1d]:main():gmm-acc-mllt.cc:108) Average like for this file is -52.7597 over 258 frames.
LOG (gmm-acc-mllt[5.5.383~1-bd1d]:main():gmm-acc-mllt.cc:108) Average like for this file is -50.0396 over 173 frames.
LOG (gmm-acc-mllt[5.5.383~1-bd1d]:main():gmm-acc-mllt.cc:114) Avg like per frame so far is -50.9321
LOG (gmm-acc-mllt[5.5.383~1-bd1d]:main():gmm-acc-mllt.cc:108) Average like for this file is -52.2421 over 439 frames.
LOG (gmm-acc-mllt[5.5.383~1-bd1d]:main():gmm-acc-mllt.cc:108) Average like for this file is -56.402 over 238 frames.
LOG (gmm-acc-mllt[5.5.383~1-bd1d]:main():gmm-acc-mllt.cc:108) Average like for this file is -51.9433 over 282 frames.
LOG (gmm-acc-mllt[5.5.383~1-bd1d]:main():gmm-acc-mllt.cc:108) Average like for this file is -52.1868 over 234 frames.
LOG (gmm-acc-mllt[5.5.383~1-bd1d]:main():gmm-acc-mllt.cc:108) Average like for this file is -51.9732 over 210 frames.
LOG (gmm-acc-mllt[5.5.383~1-bd1d]:main():gmm-acc-mllt.cc:108) Average like for this file is -51.3628 over 400 frames.
LOG (gmm-acc-mllt[5.5.383~1-bd1d]:main():gmm-acc-mllt.cc:108) Average like for this file is -55.114 over 129 frames.
LOG (gmm-acc-mllt[5.5.383~1-bd1d]:main():gmm-acc-mllt.cc:108) Average like for this file is -51.5207 over 241 frames.
LOG (gmm-acc-mllt[5.5.383~1-bd1d]:main():gmm-acc-mllt.cc:108) Average like for this file is -48.2431 over 253 frames.
LOG (gmm-acc-mllt[5.5.383~1-bd1d]:main():gmm-acc-mllt.cc:108) Average like for this file is -54.1814 over 311 frames.
LOG (gmm-acc-mllt[5.5.383~1-bd1d]:main():gmm-acc-mllt.cc:114) Avg like per frame so far is -51.1755
LOG (gmm-acc-mllt[5.5.383~1-bd1d]:main():gmm-acc-mllt.cc:108) Average like for this file is -51.4845 over 238 frames.
LOG (ali-to-post[5.5.383~1-bd1d]:main():ali-to-post.cc:73) Converted 79 alignments.
LOG (gmm-acc-mllt[5.5.383~1-bd1d]:main():gmm-acc-mllt.cc:108) Average like for this file is -51.1518 over 200 frames.
LOG (gmm-acc-mllt[5.5.383~1-bd1d]:main():gmm-acc-mllt.cc:108) Average like for this file is -54.7503 over 352 frames.
LOG (gmm-acc-mllt[5.5.383~1-bd1d]:main():gmm-acc-mllt.cc:108) Average like for this file is -51.0099 over 307 frames.
LOG (gmm-acc-mllt[5.5.383~1-bd1d]:main():gmm-acc-mllt.cc:108) Average like for this file is -53.8742 over 304 frames.
LOG (gmm-acc-mllt[5.5.383~1-bd1d]:main():gmm-acc-mllt.cc:108) Average like for this file is -51.297 over 181 frames.
LOG (gmm-acc-mllt[5.5.383~1-bd1d]:main():gmm-acc-mllt.cc:108) Average like for this file is -51.7488 over 344 frames.
LOG (gmm-acc-mllt[5.5.383~1-bd1d]:main():gmm-acc-mllt.cc:108) Average like for this file is -47.2504 over 299 frames.
LOG (gmm-acc-mllt[5.5.383~1-bd1d]:main():gmm-acc-mllt.cc:108) Average like for this file is -47.7412 over 425 frames.
LOG (gmm-acc-mllt[5.5.383~1-bd1d]:main():gmm-acc-mllt.cc:108) Average like for this file is -51.9358 over 139 frames.
LOG (gmm-acc-mllt[5.5.383~1-bd1d]:main():gmm-acc-mllt.cc:114) Avg like per frame so far is -51.1642
LOG (weight-silence-post[5.5.383~1-bd1d]:main():weight-silence-post.cc:95) Done 79 posteriors.
LOG (gmm-acc-mllt[5.5.383~1-bd1d]:main():gmm-acc-mllt.cc:108) Average like for this file is -49.4389 over 344 frames.
LOG (gmm-acc-mllt[5.5.383~1-bd1d]:main():gmm-acc-mllt.cc:108) Average like for this file is -51.8185 over 195 frames.
LOG (gmm-acc-mllt[5.5.383~1-bd1d]:main():gmm-acc-mllt.cc:108) Average like for this file is -50.7311 over 278 frames.
LOG (gmm-acc-mllt[5.5.383~1-bd1d]:main():gmm-acc-mllt.cc:108) Average like for this file is -47.0669 over 147 frames.
LOG (apply-cmvn[5.5.383~1-bd1d]:main():apply-cmvn.cc:162) Applied cepstral mean normalization to 79 utterances, errors on 0
LOG (gmm-acc-mllt[5.5.383~1-bd1d]:main():gmm-acc-mllt.cc:108) Average like for this file is -48.8467 over 216 frames.
LOG (gmm-acc-mllt[5.5.383~1-bd1d]:main():gmm-acc-mllt.cc:108) Average like for this file is -52.7829 over 210 frames.
LOG (gmm-acc-mllt[5.5.383~1-bd1d]:main():gmm-acc-mllt.cc:108) Average like for this file is -50.7326 over 258 frames.
LOG (gmm-acc-mllt[5.5.383~1-bd1d]:main():gmm-acc-mllt.cc:108) Average like for this file is -55.1905 over 245 frames.
LOG (transform-feats[5.5.383~1-bd1d]:main():transform-feats.cc:158) Overall average [pseudo-]logdet is -87.1891 over 52546 frames.
LOG (transform-feats[5.5.383~1-bd1d]:main():transform-feats.cc:161) Applied transform to 79 utterances; 0 had errors.
LOG (gmm-acc-mllt[5.5.383~1-bd1d]:main():gmm-acc-mllt.cc:108) Average like for this file is -53.2762 over 229 frames.
LOG (gmm-acc-mllt[5.5.383~1-bd1d]:main():gmm-acc-mllt.cc:119) Done 79 files, 0 with no posteriors, 0 with other errors.
LOG (gmm-acc-mllt[5.5.383~1-bd1d]:main():gmm-acc-mllt.cc:123) Overall avg like per frame (Gaussian only) = -51.1646 over 20762 frames.
LOG (gmm-acc-mllt[5.5.383~1-bd1d]:main():gmm-acc-mllt.cc:127) Written accs.
# Accounting: time=0 threads=1
# Ended (code 0) at Tue Jun 18 17:09:23 IST 2019, elapsed time 0 seconds
