# lattice-scale --inv-acoustic-scale=17 "ark:gunzip -c exp/tri3/decode.si/lat.*.gz|" ark:- | lattice-add-penalty --word-ins-penalty=0.0 ark:- ark:- | lattice-best-path --word-symbol-table=exp/tri3/graph/words.txt ark:- ark,t:- | utils/int2sym.pl -f 2- exp/tri3/graph/words.txt | cat > exp/tri3/decode.si/scoring_kaldi/penalty_0.0/17.txt 
# Started at Tue Jun 18 17:12:37 IST 2019
#
lattice-best-path --word-symbol-table=exp/tri3/graph/words.txt ark:- ark,t:- 
lattice-scale --inv-acoustic-scale=17 'ark:gunzip -c exp/tri3/decode.si/lat.*.gz|' ark:- 
lattice-add-penalty --word-ins-penalty=0.0 ark:- ark:- 
LOG (lattice-best-path[5.5.383~1-bd1d]:main():lattice-best-path.cc:99) For utterance c638, best cost 105.412 + 2220.78 = 2326.19 over 693 frames.
c638 <oov> <oov> <oov> کو <oov> کی <oov> 
LOG (lattice-best-path[5.5.383~1-bd1d]:main():lattice-best-path.cc:99) For utterance c639, best cost 68.93 + 2046.44 = 2115.37 over 630 frames.
c639 <oov> <oov> <oov> 
LOG (lattice-best-path[5.5.383~1-bd1d]:main():lattice-best-path.cc:99) For utterance c640, best cost 151.815 + 2217.29 = 2369.1 over 710 frames.
c640 <oov> کے <oov> <oov> سفیر نے <oov> <oov> کا <oov> لگایا 
LOG (lattice-best-path[5.5.383~1-bd1d]:main():lattice-best-path.cc:99) For utterance c641, best cost 52.0927 + 1449.89 = 1501.99 over 436 frames.
c641 <oov> <oov> 
LOG (lattice-best-path[5.5.383~1-bd1d]:main():lattice-best-path.cc:99) For utterance c642, best cost 83.6424 + 1744.18 = 1827.83 over 533 frames.
c642 <oov> <oov> <oov> کی <oov> <oov> 
LOG (lattice-best-path[5.5.383~1-bd1d]:main():lattice-best-path.cc:99) For utterance c643, best cost 100.547 + 2025.9 = 2126.45 over 622 frames.
c643 <oov> <oov> اور <oov> زائد <oov> 
LOG (lattice-best-path[5.5.383~1-bd1d]:main():lattice-best-path.cc:99) For utterance c644, best cost 93.711 + 2217.08 = 2310.79 over 685 frames.
c644 <oov> <oov> کے <oov> <oov> <oov> 
LOG (lattice-best-path[5.5.383~1-bd1d]:main():lattice-best-path.cc:99) For utterance c645, best cost 112.721 + 1934.63 = 2047.35 over 584 frames.
c645 ٹیبل <oov> میں <oov> <oov> <oov> کرنے کی <oov> ہیں 
LOG (lattice-best-path[5.5.383~1-bd1d]:main():lattice-best-path.cc:99) For utterance c646, best cost 115.506 + 1644.14 = 1759.64 over 504 frames.
c646 <oov> کے بعد <oov> میں <oov> نے آئی 
LOG (lattice-best-path[5.5.383~1-bd1d]:main():lattice-best-path.cc:99) For utterance c647, best cost 60.2384 + 1155.68 = 1215.92 over 356 frames.
c647 <oov> <oov> <oov> پر آئے 
LOG (lattice-best-path[5.5.383~1-bd1d]:main():lattice-best-path.cc:99) For utterance c648, best cost 71.5453 + 1310.01 = 1381.56 over 415 frames.
c648 میلے میں <oov> <oov> تھا 
LOG (lattice-best-path[5.5.383~1-bd1d]:main():lattice-best-path.cc:99) For utterance c649, best cost 111.677 + 1812.61 = 1924.29 over 580 frames.
c649 <oov> کر کے <oov> کے بعد <oov> <oov> <oov> 
LOG (lattice-best-path[5.5.383~1-bd1d]:main():lattice-best-path.cc:99) For utterance c650, best cost 95.2367 + 1836.56 = 1931.8 over 580 frames.
c650 <oov> کی <oov> کے <oov> ہے 
LOG (lattice-best-path[5.5.383~1-bd1d]:main():lattice-best-path.cc:99) For utterance c651, best cost 99.4054 + 1498.74 = 1598.15 over 470 frames.
c651 <oov> کو <oov> سے پہلے <oov> تھیں 
LOG (lattice-best-path[5.5.383~1-bd1d]:main():lattice-best-path.cc:99) For utterance c652, best cost 123.598 + 2478.91 = 2602.51 over 761 frames.
c652 <oov> کی <oov> <oov> اور <oov> کے <oov> 
LOG (lattice-best-path[5.5.383~1-bd1d]:main():lattice-best-path.cc:99) For utterance c653, best cost 87.9513 + 2112.65 = 2200.6 over 660 frames.
c653 <oov> <oov> کا <oov> <oov> <oov> 
LOG (lattice-best-path[5.5.383~1-bd1d]:main():lattice-best-path.cc:99) For utterance c654, best cost 82.4132 + 1763.33 = 1845.74 over 542 frames.
c654 <oov> کی <oov> <oov> 
LOG (lattice-best-path[5.5.383~1-bd1d]:main():lattice-best-path.cc:99) For utterance c655, best cost 65.5747 + 1621.31 = 1686.89 over 516 frames.
c655 <oov> <oov> <oov> ہے 
LOG (lattice-best-path[5.5.383~1-bd1d]:main():lattice-best-path.cc:99) For utterance c656, best cost 104.164 + 1986.49 = 2090.66 over 643 frames.
c656 <oov> <oov> <oov> اور <oov> <oov> <oov> کریں 
LOG (lattice-best-path[5.5.383~1-bd1d]:main():lattice-best-path.cc:99) For utterance c657, best cost 109.319 + 1465.45 = 1574.77 over 491 frames.
c657 <oov> <oov> <oov> کردار کی حد سے <oov> نہیں 
LOG (lattice-best-path[5.5.383~1-bd1d]:main():lattice-best-path.cc:99) For utterance c658, best cost 59.9765 + 1413.58 = 1473.56 over 449 frames.
c658 <oov> کی <oov> 
LOG (lattice-best-path[5.5.383~1-bd1d]:main():lattice-best-path.cc:99) For utterance c659, best cost 119.781 + 1917.69 = 2037.47 over 617 frames.
c659 <oov> اور <oov> کا <oov> <oov> کے بعد <oov> 
LOG (lattice-best-path[5.5.383~1-bd1d]:main():lattice-best-path.cc:99) For utterance c660, best cost 72.1299 + 990.141 = 1062.27 over 313 frames.
c660 <oov> کے <oov> <oov> نہیں <oov> 
LOG (lattice-best-path[5.5.383~1-bd1d]:main():lattice-best-path.cc:99) For utterance c661, best cost 57.6608 + 1250.53 = 1308.19 over 413 frames.
c661 <oov> کے <oov> <oov> <oov> 
LOG (lattice-best-path[5.5.383~1-bd1d]:main():lattice-best-path.cc:99) For utterance c662, best cost 72.8356 + 1311.08 = 1383.92 over 376 frames.
c662 <oov> کو <oov> کی <oov> 
LOG (lattice-best-path[5.5.383~1-bd1d]:main():lattice-best-path.cc:99) For utterance c663, best cost 107.385 + 1930.71 = 2038.1 over 603 frames.
c663 <oov> <oov> <oov> <oov> <oov> <oov> کی <oov> ہوئی 
LOG (lattice-best-path[5.5.383~1-bd1d]:main():lattice-best-path.cc:99) For utterance c664, best cost 87.9861 + 1997.25 = 2085.23 over 575 frames.
c664 <oov> <oov> <oov> ہو گئ 
LOG (lattice-best-path[5.5.383~1-bd1d]:main():lattice-best-path.cc:99) For utterance c665, best cost 65.3516 + 1328.95 = 1394.3 over 435 frames.
c665 <oov> <oov> <oov> ہوا 
LOG (lattice-best-path[5.5.383~1-bd1d]:main():lattice-best-path.cc:99) For utterance c666, best cost 78.2209 + 1420.75 = 1498.97 over 438 frames.
c666 <oov> <oov> <oov> سے <oov> لئے 
LOG (lattice-best-path[5.5.383~1-bd1d]:main():lattice-best-path.cc:99) For utterance c667, best cost 83.9405 + 1360.06 = 1444 over 395 frames.
c667 <oov> سے <oov> <oov> <oov> <oov> ہوئی 
LOG (lattice-best-path[5.5.383~1-bd1d]:main():lattice-best-path.cc:99) For utterance c668, best cost 93.8273 + 1944.17 = 2037.99 over 613 frames.
c668 <oov> والے <oov> <oov> سے <oov> 
LOG (lattice-best-path[5.5.383~1-bd1d]:main():lattice-best-path.cc:99) For utterance c669, best cost 65.7588 + 1475.28 = 1541.03 over 458 frames.
c669 <oov> نہیں کیا 
LOG (lattice-best-path[5.5.383~1-bd1d]:main():lattice-best-path.cc:99) For utterance c670, best cost 51.3111 + 1293.5 = 1344.81 over 383 frames.
c670 <oov> <oov> 
LOG (lattice-best-path[5.5.383~1-bd1d]:main():lattice-best-path.cc:99) For utterance c671, best cost 107.545 + 2112.12 = 2219.66 over 624 frames.
c671 <oov> کے <oov> نے کہا <oov> <oov> 
LOG (lattice-best-path[5.5.383~1-bd1d]:main():lattice-best-path.cc:99) For utterance c672, best cost 99.537 + 1801.68 = 1901.22 over 589 frames.
c672 <oov> <oov> غوث <oov> کا <oov> ہے 
LOG (lattice-best-path[5.5.383~1-bd1d]:main():lattice-best-path.cc:99) For utterance c673, best cost 121.363 + 1237.09 = 1358.46 over 407 frames.
c673 پڑا ہی کے <oov> نسل کے <oov> <oov> ہے 
LOG (lattice-best-path[5.5.383~1-bd1d]:main():lattice-best-path.cc:99) For utterance c674, best cost 89.8565 + 1891.74 = 1981.6 over 592 frames.
c674 <oov> <oov> <oov> <oov> <oov> کی کوشش کی 
LOG (lattice-best-path[5.5.383~1-bd1d]:main():lattice-best-path.cc:99) For utterance c675, best cost 56.8215 + 1358.28 = 1415.1 over 403 frames.
c675 <oov> <oov> 
LOG (lattice-best-path[5.5.383~1-bd1d]:main():lattice-best-path.cc:99) For utterance c676, best cost 106.451 + 1598.38 = 1704.83 over 480 frames.
c676 اپنی رہائش کی <oov> نے <oov> <oov> 
LOG (lattice-best-path[5.5.383~1-bd1d]:main():lattice-best-path.cc:99) For utterance c677, best cost 131.884 + 1941.64 = 2073.53 over 605 frames.
c677 <oov> <oov> <oov> صبوحی <oov> کی ہیبت سے <oov> گیا 
LOG (lattice-best-path[5.5.383~1-bd1d]:main():lattice-best-path.cc:99) For utterance c678, best cost 134.211 + 2263.93 = 2398.14 over 737 frames.
c678 <oov> <oov> کو <oov> کے <oov> <oov> سے <oov> <oov> کریں 
LOG (lattice-best-path[5.5.383~1-bd1d]:main():lattice-best-path.cc:99) For utterance c679, best cost 75.2462 + 1197.71 = 1272.95 over 365 frames.
c679 <oov> اور <oov> لگایا <oov> 
LOG (lattice-best-path[5.5.383~1-bd1d]:main():lattice-best-path.cc:99) For utterance c680, best cost 66.6855 + 1579.7 = 1646.38 over 480 frames.
c680 <oov> <oov> آ جاتا ہے 
LOG (lattice-best-path[5.5.383~1-bd1d]:main():lattice-best-path.cc:99) For utterance c681, best cost 53.654 + 1670.36 = 1724.01 over 504 frames.
c681 <oov> <oov> 
LOG (lattice-best-path[5.5.383~1-bd1d]:main():lattice-best-path.cc:99) For utterance c682, best cost 119.231 + 1739.12 = 1858.35 over 554 frames.
c682 <oov> اور <oov> کر <oov> کے <oov> کیے 
LOG (lattice-best-path[5.5.383~1-bd1d]:main():lattice-best-path.cc:99) For utterance c683, best cost 77.619 + 1789.46 = 1867.08 over 524 frames.
c683 <oov> <oov> کے <oov> <oov> <oov> 
LOG (lattice-best-path[5.5.383~1-bd1d]:main():lattice-best-path.cc:99) For utterance c684, best cost 48.1959 + 1338.99 = 1387.19 over 392 frames.
c684 <oov> 
LOG (lattice-best-path[5.5.383~1-bd1d]:main():lattice-best-path.cc:99) For utterance c685, best cost 56.1277 + 1263.01 = 1319.14 over 390 frames.
c685 <oov> <oov> <oov> 
LOG (lattice-best-path[5.5.383~1-bd1d]:main():lattice-best-path.cc:99) For utterance c686, best cost 66.4972 + 1692.57 = 1759.07 over 516 frames.
c686 <oov> کے <oov> 
LOG (lattice-best-path[5.5.383~1-bd1d]:main():lattice-best-path.cc:99) For utterance c687, best cost 87.8564 + 2129.48 = 2217.34 over 644 frames.
c687 <oov> کے <oov> کرائی 
LOG (lattice-best-path[5.5.383~1-bd1d]:main():lattice-best-path.cc:99) For utterance c688, best cost 114.395 + 2360.25 = 2474.64 over 713 frames.
c688 <oov> کر <oov> <oov> <oov> کے <oov> 
LOG (lattice-best-path[5.5.383~1-bd1d]:main():lattice-best-path.cc:99) For utterance c689, best cost 79.7174 + 1841.11 = 1920.83 over 541 frames.
c689 <oov> جان <oov> ہے 
LOG (lattice-best-path[5.5.383~1-bd1d]:main():lattice-best-path.cc:99) For utterance c690, best cost 62.157 + 1013.23 = 1075.39 over 315 frames.
c690 <oov> <oov> <oov> نہیں جاتا 
LOG (lattice-best-path[5.5.383~1-bd1d]:main():lattice-best-path.cc:99) For utterance c691, best cost 136.169 + 1832.62 = 1968.79 over 591 frames.
c691 کسی کی دل <oov> کیلئے <oov> اور <oov> <oov> میں <oov> 
LOG (lattice-best-path[5.5.383~1-bd1d]:main():lattice-best-path.cc:99) For utterance c692, best cost 127.945 + 1560.71 = 1688.65 over 523 frames.
c692 <oov> نثار نے کہا کہ <oov> سے <oov> کے <oov> <oov> 
LOG (lattice-best-path[5.5.383~1-bd1d]:main():lattice-best-path.cc:99) For utterance c693, best cost 116.497 + 1327.89 = 1444.38 over 461 frames.
c693 میں نے <oov> <oov> سے کہا کہ <oov> پر <oov> <oov> 
LOG (lattice-best-path[5.5.383~1-bd1d]:main():lattice-best-path.cc:99) For utterance c694, best cost 86.3946 + 1688.06 = 1774.46 over 555 frames.
c694 <oov> <oov> <oov> <oov> بنائی 
LOG (lattice-best-path[5.5.383~1-bd1d]:main():lattice-best-path.cc:99) For utterance c695, best cost 83.1309 + 1796.53 = 1879.66 over 581 frames.
c695 <oov> <oov> <oov> <oov> <oov> <oov> 
LOG (lattice-best-path[5.5.383~1-bd1d]:main():lattice-best-path.cc:99) For utterance c696, best cost 146.936 + 1856.07 = 2003.01 over 611 frames.
c696 <oov> میں ضد <oov> <oov> کے بنانے کے لئے LOG (lattice-scale[5.5.383~1-bd1d]:main():lattice-scale.cc:107) Done 71 lattices.
فراہم کیا جائے گا 
LOG (lattice-best-path[5.5.383~1-bd1d]:main():lattice-best-path.cc:99) For utterance c697, best cost 81.0924 + 1262.05 = 1343.14 over 415 frames.
c697 <oov> <oov> کرنے کا کام ہو گا 
LOG (lattice-best-path[5.5.383~1-bd1d]:main():lattice-best-path.cc:99) For utterance c698, best cost 91.9791 + 1489.29 = 1581.27 over 477 frames.
c698 <oov> سے شفاف <oov> <oov> لگا 
LOG (lattice-best-path[5.5.383~1-bd1d]:main():lattice-best-path.cc:99) For utterance c699, best cost 121.272 + 2062 = 2183.27 over 669 frames.
c699 <oov> میں <oov> کے <oov> بے حرمتی کا <oov> 
LOG (lattice-best-path[5.5.383~1-bd1d]:main():lattice-best-path.cc:99) For utterance c700, best cost 78.4656 + 2058.12 = 2136.59 over 621 frames.
c700 <oov> <oov> کی <oov> 
LOG (lattice-best-path[5.5.383~1-bd1d]:main():lattice-best-path.cc:99) For utterance c701, best cost 103.044 + 2257.09 = 2360.13 over 722 frames.
c701 <oov> <oov> <oov> کی <oov> کر <oov> <oov> 
LOG (lattice-add-penalty[5.5.383~1-bd1d]:main():lattice-add-penalty.cc:62) Done adding word insertion penalty to 71 lattices.
LOG (lattice-best-path[5.5.383~1-bd1d]:main():lattice-best-path.cc:99) For utterance c702, best cost 78.701 + 1405.63 = 1484.33 over 467 frames.
c702 غیر فیصلہ <oov> <oov> <oov> 
LOG (lattice-best-path[5.5.383~1-bd1d]:main():lattice-best-path.cc:99) For utterance c703, best cost 82.3497 + 1411.32 = 1493.67 over 478 frames.
c703 <oov> کے <oov> ظاہر ہوتا ہے 
LOG (lattice-best-path[5.5.383~1-bd1d]:main():lattice-best-path.cc:99) For utterance c704, best cost 104.728 + 1707.63 = 1812.35 over 564 frames.
c704 <oov> <oov> <oov> کے <oov> کا <oov> ہے 
LOG (lattice-best-path[5.5.383~1-bd1d]:main():lattice-best-path.cc:99) For utterance c705, best cost 117.539 + 1643 = 1760.54 over 535 frames.
c705 <oov> <oov> ایجاد پر لاگت <oov> سے بڑھ گئی 
LOG (lattice-best-path[5.5.383~1-bd1d]:main():lattice-best-path.cc:99) For utterance c706, best cost 72.5549 + 1608.08 = 1680.63 over 492 frames.
c706 <oov> <oov> تو <oov> 
LOG (lattice-best-path[5.5.383~1-bd1d]:main():lattice-best-path.cc:99) For utterance c707, best cost 64.2353 + 1148.67 = 1212.91 over 355 frames.
c707 <oov> <oov> پڑے 
LOG (lattice-best-path[5.5.383~1-bd1d]:main():lattice-best-path.cc:99) For utterance c708, best cost 103.959 + 1682.22 = 1786.18 over 527 frames.
c708 <oov> <oov> سے پہلے <oov> <oov> اور <oov> 
LOG (lattice-best-path[5.5.383~1-bd1d]:main():lattice-best-path.cc:124) Overall cost per frame is 3.36701 = 0.172375 [graph] + 3.19464 [acoustic] over 37498 frames.
LOG (lattice-best-path[5.5.383~1-bd1d]:main():lattice-best-path.cc:128) Done 71 lattices, failed for 0
# Accounting: time=1 threads=1
# Ended (code 0) at Tue Jun 18 17:12:38 IST 2019, elapsed time 1 seconds
