# lattice-scale --inv-acoustic-scale=8 "ark:gunzip -c exp/tri3/decode/lat.*.gz|" ark:- | lattice-add-penalty --word-ins-penalty=0.0 ark:- ark:- | lattice-best-path --word-symbol-table=exp/tri3/graph/words.txt ark:- ark,t:- | utils/int2sym.pl -f 2- exp/tri3/graph/words.txt | cat > exp/tri3/decode/scoring_kaldi/penalty_0.0/8.txt 
# Started at Tue Jun 18 17:12:54 IST 2019
#
lattice-best-path --word-symbol-table=exp/tri3/graph/words.txt ark:- ark,t:- 
lattice-scale --inv-acoustic-scale=8 'ark:gunzip -c exp/tri3/decode/lat.*.gz|' ark:- 
lattice-add-penalty --word-ins-penalty=0.0 ark:- ark:- 
LOG (lattice-best-path[5.5.383~1-bd1d]:main():lattice-best-path.cc:99) For utterance c638, best cost 123.062 + 4698.74 = 4821.81 over 693 frames.
c638 <oov> کی <oov> <oov> <oov> کو <oov> کی کے <oov> 
LOG (lattice-best-path[5.5.383~1-bd1d]:main():lattice-best-path.cc:99) For utterance c639, best cost 124.928 + 4268.37 = 4393.3 over 630 frames.
c639 <oov> کی <oov> کر سے کے <oov> کی <oov> <oov> 
LOG (lattice-best-path[5.5.383~1-bd1d]:main():lattice-best-path.cc:99) For utterance c640, best cost 191.771 + 4634.67 = 4826.44 over 710 frames.
c640 <oov> کے <oov> پر <oov> سفیر نے <oov> کونسل کے <oov> والا کا <oov> لگایا 
LOG (lattice-best-path[5.5.383~1-bd1d]:main():lattice-best-path.cc:99) For utterance c641, best cost 98.0286 + 3019.87 = 3117.9 over 436 frames.
c641 <oov> اور <oov> کی <oov> کر <oov> <oov> 
LOG (lattice-best-path[5.5.383~1-bd1d]:main():lattice-best-path.cc:99) For utterance c642, best cost 99.3534 + 3681.84 = 3781.2 over 533 frames.
c642 <oov> کے <oov> <oov> <oov> کی <oov> <oov> 
LOG (lattice-best-path[5.5.383~1-bd1d]:main():lattice-best-path.cc:99) For utterance c643, best cost 134.423 + 4256.47 = 4390.9 over 622 frames.
c643 <oov> سے <oov> <oov> <oov> <oov> اور <oov> زائد <oov> لیں 
LOG (lattice-best-path[5.5.383~1-bd1d]:main():lattice-best-path.cc:99) For utterance c644, best cost 132.585 + 4650.24 = 4782.82 over 685 frames.
c644 <oov> <oov> اور زیب <oov> کے <oov> پارس <oov> <oov> 
LOG (lattice-best-path[5.5.383~1-bd1d]:main():lattice-best-path.cc:99) For utterance c645, best cost 143.75 + 3974.79 = 4118.54 over 584 frames.
c645 <oov> کیس میں <oov> کے ثائب <oov> <oov> کرنے کی <oov> ہیں 
LOG (lattice-best-path[5.5.383~1-bd1d]:main():lattice-best-path.cc:99) For utterance c646, best cost 149.412 + 3441.98 = 3591.39 over 504 frames.
c646 <oov> اور <oov> نے کے بعد <oov> <oov> میں <oov> <oov> نے آئی 
LOG (lattice-best-path[5.5.383~1-bd1d]:main():lattice-best-path.cc:99) For utterance c647, best cost 78.7624 + 2431.68 = 2510.44 over 356 frames.
c647 <oov> گر <oov> <oov> <oov> پر آئے 
LOG (lattice-best-path[5.5.383~1-bd1d]:main():lattice-best-path.cc:99) For utterance c648, best cost 86.0463 + 2761.79 = 2847.84 over 415 frames.
c648 میلے میں <oov> <oov> کیلئے <oov> تھا 
LOG (lattice-best-path[5.5.383~1-bd1d]:main():lattice-best-path.cc:99) For utterance c649, best cost 111.609 + 3849.92 = 3961.53 over 580 frames.
c649 <oov> کر کے <oov> کے بعد <oov> <oov> <oov> 
LOG (lattice-best-path[5.5.383~1-bd1d]:main():lattice-best-path.cc:99) For utterance c650, best cost 122.274 + 3864.01 = 3986.28 over 580 frames.
c650 <oov> کی <oov> <oov> کے <oov> <oov> کے <oov> ہے 
LOG (lattice-best-path[5.5.383~1-bd1d]:main():lattice-best-path.cc:99) For utterance c651, best cost 125.395 + 3137.26 = 3262.65 over 470 frames.
c651 <oov> کو <oov> <oov> کی <oov> سے پہلے <oov> <oov> تھیں 
LOG (lattice-best-path[5.5.383~1-bd1d]:main():lattice-best-path.cc:99) For utterance c652, best cost 138.841 + 5243.77 = 5382.61 over 761 frames.
c652 <oov> کی <oov> <oov> <oov> اور <oov> <oov> <oov> کے <oov> 
LOG (lattice-best-path[5.5.383~1-bd1d]:main():lattice-best-path.cc:99) For utterance c653, best cost 128.623 + 4438.54 = 4567.16 over 660 frames.
c653 <oov> <oov> کا <oov> <oov> <oov> <oov> کے <oov> تک <oov> 
LOG (lattice-best-path[5.5.383~1-bd1d]:main():lattice-best-path.cc:99) For utterance c654, best cost 125.437 + 3693.06 = 3818.5 over 542 frames.
c654 <oov> <oov> کی <oov> <oov> <oov> <oov> میں <oov> <oov> 
LOG (lattice-best-path[5.5.383~1-bd1d]:main():lattice-best-path.cc:99) For utterance c655, best cost 83.3664 + 3413.88 = 3497.24 over 516 frames.
c655 <oov> <oov> <oov> <oov> <oov> <oov> ہے 
LOG (lattice-best-path[5.5.383~1-bd1d]:main():lattice-best-path.cc:99) For utterance c656, best cost 113.76 + 4211.27 = 4325.03 over 643 frames.
c656 <oov> کا <oov> <oov> اور <oov> <oov> <oov> کریں 
LOG (lattice-best-path[5.5.383~1-bd1d]:main():lattice-best-path.cc:99) For utterance c657, best cost 115.812 + 3105.85 = 3221.67 over 491 frames.
c657 <oov> <oov> کے <oov> کردار کی حد سے <oov> نہیں 
LOG (lattice-best-path[5.5.383~1-bd1d]:main():lattice-best-path.cc:99) For utterance c658, best cost 86.874 + 2968.47 = 3055.34 over 449 frames.
c658 <oov> <oov> کی <oov> گزار <oov> 
LOG (lattice-best-path[5.5.383~1-bd1d]:main():lattice-best-path.cc:99) For utterance c659, best cost 137.742 + 4055.23 = 4192.97 over 617 frames.
c659 <oov> کر <oov> اور <oov> کا <oov> <oov> کے بعد <oov> 
LOG (lattice-best-path[5.5.383~1-bd1d]:main():lattice-best-path.cc:99) For utterance c660, best cost 81.4247 + 2094.72 = 2176.15 over 313 frames.
c660 <oov> کے <oov> <oov> میں نہیں <oov> 
LOG (lattice-best-path[5.5.383~1-bd1d]:main():lattice-best-path.cc:99) For utterance c661, best cost 104.986 + 2582 = 2686.99 over 413 frames.
c661 <oov> لینے کے لئے بے <oov> پر ہم <oov> <oov> <oov> 
LOG (lattice-best-path[5.5.383~1-bd1d]:main():lattice-best-path.cc:99) For utterance c662, best cost 118.183 + 2718.08 = 2836.26 over 376 frames.
c662 <oov> <oov> کو کی <oov> <oov> چلیں <oov> کی <oov> <oov> 
LOG (lattice-best-path[5.5.383~1-bd1d]:main():lattice-best-path.cc:99) For utterance c663, best cost 140.073 + 4058.07 = 4198.14 over 603 frames.
c663 <oov> نے <oov> <oov> <oov> <oov> <oov> تو <oov> کی <oov> <oov> ہوئی 
LOG (lattice-best-path[5.5.383~1-bd1d]:main():lattice-best-path.cc:99) For utterance c664, best cost 164.705 + 4132.12 = 4296.83 over 575 frames.
c664 <oov> کے <oov> میں <oov> <oov> کا <oov> ہوا <oov> کے <oov> <oov> ہو گئ 
LOG (lattice-best-path[5.5.383~1-bd1d]:main():lattice-best-path.cc:99) For utterance c665, best cost 96.4911 + 2774.31 = 2870.8 over 435 frames.
c665 فیض نے <oov> سے <oov> <oov> <oov> ہوا 
LOG (lattice-best-path[5.5.383~1-bd1d]:main():lattice-best-path.cc:99) For utterance c666, best cost 105.978 + 2984.35 = 3090.32 over 438 frames.
c666 <oov> سے <oov> <oov> پر <oov> سے <oov> لئے 
LOG (lattice-best-path[5.5.383~1-bd1d]:main():lattice-best-path.cc:99) For utterance c667, best cost 112.635 + 2852.62 = 2965.26 over 395 frames.
c667 <oov> کے <oov> سے <oov> <oov> <oov> کی <oov> <oov> ہوئی 
LOG (lattice-best-path[5.5.383~1-bd1d]:main():lattice-best-path.cc:99) For utterance c668, best cost 145.447 + 4040.89 = 4186.33 over 613 frames.
c668 <oov> <oov> کے <oov> <oov> والے <oov> کا <oov> <oov> سے <oov> لا 
LOG (lattice-best-path[5.5.383~1-bd1d]:main():lattice-best-path.cc:99) For utterance c669, best cost 104.447 + 3073.14 = 3177.59 over 458 frames.
c669 <oov> <oov> نے <oov> کے <oov> نہیں کیا 
LOG (lattice-best-path[5.5.383~1-bd1d]:main():lattice-best-path.cc:99) For utterance c670, best cost 80.0528 + 2709.78 = 2789.83 over 383 frames.
c670 <oov> ایک <oov> <oov> کا <oov> 
LOG (lattice-best-path[5.5.383~1-bd1d]:main():lattice-best-path.cc:99) For utterance c671, best cost 154.944 + 4410.61 = 4565.55 over 624 frames.
c671 <oov> سے پہلے <oov> کے <oov> نے کہا <oov> کے <oov> میں <oov> 
LOG (lattice-best-path[5.5.383~1-bd1d]:main():lattice-best-path.cc:99) For utterance c672, best cost 123.503 + 3789.65 = 3913.15 over 589 frames.
c672 <oov> تو فرقان <oov> غوث <oov> کا <oov> ہے 
LOG (lattice-best-path[5.5.383~1-bd1d]:main():lattice-best-path.cc:99) For utterance c673, best cost 153.599 + 2587.43 = 2741.03 over 407 frames.
c673 پڑا ہی کے <oov> <oov> <oov> نسل کے <oov> <oov> پڑ آئے 
LOG (lattice-best-path[5.5.383~1-bd1d]:main():lattice-best-path.cc:99) For utterance c674, best cost 161.304 + 3920.75 = 4082.05 over 592 frames.
c674 <oov> <oov> میں بڑھ کا پر <oov> کر ہم <oov> <oov> نے کی کوشش کی 
LOG (lattice-best-path[5.5.383~1-bd1d]:main():lattice-best-path.cc:99) For utterance c675, best cost 97.1915 + 2825.07 = 2922.26 over 403 frames.
c675 <oov> <oov> کی <oov> <oov> <oov> کا <oov> <oov> 
LOG (lattice-best-path[5.5.383~1-bd1d]:main():lattice-best-path.cc:99) For utterance c676, best cost 158.264 + 3323.94 = 3482.21 over 480 frames.
c676 اپنی رہائش کی <oov> کر نتیجہ <oov> نے <oov> <oov> پر رکھ دی 
LOG (lattice-best-path[5.5.383~1-bd1d]:main():lattice-best-path.cc:99) For utterance c677, best cost 157.896 + 4090.74 = 4248.63 over 605 frames.
c677 نثار <oov> <oov> کی <oov> <oov> صبوحی <oov> کی ہیبت سے <oov> گیا 
LOG (lattice-best-path[5.5.383~1-bd1d]:main():lattice-best-path.cc:99) For utterance c678, best cost 176.079 + 4754.44 = 4930.52 over 737 frames.
c678 سے <oov> <oov> کو <oov> سے <oov> آنے کیلئے <oov> <oov> سے <oov> <oov> کریں 
LOG (lattice-best-path[5.5.383~1-bd1d]:main():lattice-best-path.cc:99) For utterance c679, best cost 103.281 + 2495.81 = 2599.09 over 365 frames.
c679 تھوڑی اور <oov> پر <oov> لگایا <oov> لی 
LOG (lattice-best-path[5.5.383~1-bd1d]:main():lattice-best-path.cc:99) For utterance c680, best cost 99.1816 + 3313.97 = 3413.15 over 480 frames.
c680 <oov> کا جوڑا <oov> <oov> <oov> <oov> آ جاتا ہے 
LOG (lattice-best-path[5.5.383~1-bd1d]:main():lattice-best-path.cc:99) For utterance c681, best cost 129.048 + 3444.74 = 3573.79 over 504 frames.
c681 <oov> کو <oov> کی <oov> تر <oov> ہار پر <oov> 
LOG (lattice-best-path[5.5.383~1-bd1d]:main():lattice-best-path.cc:99) For utterance c682, best cost 163.921 + 3635.29 = 3799.21 over 554 frames.
c682 <oov> اور <oov> کرنا <oov> کر <oov> اسکے جو ہر معلوم کیے 
LOG (lattice-best-path[5.5.383~1-bd1d]:main():lattice-best-path.cc:99) For utterance c683, best cost 103.522 + 3756.87 = 3860.39 over 524 frames.
c683 <oov> <oov> ان <oov> <oov> کے <oov> <oov> 
LOG (lattice-best-path[5.5.383~1-bd1d]:main():lattice-best-path.cc:99) For utterance c684, best cost 54.2228 + 2834.35 = 2888.58 over 392 frames.
c684 <oov> <oov> 
LOG (lattice-best-path[5.5.383~1-bd1d]:main():lattice-best-path.cc:99) For utterance c685, best cost 75.35 + 2656.78 = 2732.13 over 390 frames.
c685 <oov> <oov> <oov> سے <oov> <oov> 
LOG (lattice-best-path[5.5.383~1-bd1d]:main():lattice-best-path.cc:99) For utterance c686, best cost 79.6356 + 3578.22 = 3657.86 over 516 frames.
c686 <oov> کے <oov> <oov> <oov> <oov> 
LOG (lattice-best-path[5.5.383~1-bd1d]:main():lattice-best-path.cc:99) For utterance c687, best cost 159.075 + 4429.61 = 4588.69 over 644 frames.
c687 <oov> کے <oov> تو <oov> <oov> سے چیخ <oov> کر <oov> <oov> کرائی 
LOG (lattice-best-path[5.5.383~1-bd1d]:main():lattice-best-path.cc:99) For utterance c688, best cost 225.854 + 4859 = 5084.86 over 713 frames.
c688 ہلکی ہلکی چادر <oov> کر <oov> <oov> گزار <oov> اور دیکھ <oov> کے <oov> میں نے <oov> <oov> کے <oov> 
LOG (lattice-best-path[5.5.383~1-bd1d]:main():lattice-best-path.cc:99) For utterance c689, best cost 128.535 + 3840.9 = 3969.44 over 541 frames.
c689 <oov> جان <oov> بنائیں اور <oov> <oov> کر <oov> ہے 
LOG (lattice-best-path[5.5.383~1-bd1d]:main():lattice-best-path.cc:99) For utterance c690, best cost 93.1537 + 2114.34 = 2207.5 over 315 frames.
c690 <oov> <oov> پڑھ <oov> کے <oov> نہیں جاتا 
LOG (lattice-best-path[5.5.383~1-bd1d]:main():lattice-best-path.cc:99) For utterance c691, best cost 165.07 + 3841.47 = 4006.54 over 591 frames.
c691 کی سی کی <oov> کیلئے اپنا <oov> اور <oov> سے <oov> <oov> میں <oov> 
LOG (lattice-best-path[5.5.383~1-bd1d]:main():lattice-best-path.cc:99) For utterance c692, best cost 158.572 + 3271.02 = 3429.6 over 523 frames.
c692 <oov> نثار نے کہا کہ <oov> سے <oov> <oov> ہاتھ گاڑی کے <oov> <oov> 
LOG (lattice-best-path[5.5.383~1-bd1d]:main():lattice-best-path.cc:99) For utterance c693, best cost 138.857 + 2796.27 = 2935.13 over 461 frames.
c693 میں نے <oov> <oov> سے کہا کہ <oov> پر <oov> کر رائے مت دو 
LOG (lattice-best-path[5.5.383~1-bd1d]:main():lattice-best-path.cc:99) For utterance c694, best cost 133.214 + 3527.19 = 3660.41 over 555 frames.
c694 <oov> <oov> <oov> پایہ ہر <oov> چوبند بنائی 
LOG (lattice-best-path[5.5.383~1-bd1d]:main():lattice-best-path.cc:99) For utterance c695, best cost 120.048 + 3759.27 = 3879.31 over 581 frames.
c695 <oov> کی <oov> <oov> <oov> <oov> تو پانی میں <oov> 
LOG (lattice-best-path[5.5.383~1-bd1d]:main():lattice-best-path.cc:99) For utterance c696, best cost 157.653 + 3910.51 = 4068.16 over 611 frames.
c696 <oov> <oov> کیا میں LOG (lattice-scale[5.5.383~1-bd1d]:main():lattice-scale.cc:107) Done 71 lattices.
<oov> <oov> <oov> کے بنانے کے لئے فراہم کیا جائے گا 
LOG (lattice-best-path[5.5.383~1-bd1d]:main():lattice-best-path.cc:99) For utterance c697, best cost 81.0358 + 2683.93 = 2764.97 over 415 frames.
c697 <oov> <oov> کرنے کا کام ہو گا 
LOG (lattice-best-path[5.5.383~1-bd1d]:main():lattice-best-path.cc:99) For utterance c698, best cost 134.879 + 3110.41 = 3245.28 over 477 frames.
c698 <oov> ذات <oov> سے شفاف <oov> کا <oov> لینے لگا 
LOG (lattice-best-path[5.5.383~1-bd1d]:main():lattice-best-path.cc:99) For utterance c699, best cost 167.563 + 4320.24 = 4487.8 over 669 frames.
c699 <oov> کے <oov> کار کی <oov> میں <oov> کے <oov> بے حرمتی کا <oov> 
LOG (lattice-best-path[5.5.383~1-bd1d]:main():lattice-best-path.cc:99) For utterance c700, best cost 96.5295 + 4340.97 = 4437.49 over 621 frames.
c700 <oov> کی <oov> <oov> کی <oov> <oov> 
LOG (lattice-best-path[5.5.383~1-bd1d]:main():lattice-best-path.cc:99) For utterance c701, best cost 149.445 + 4721.07 = 4870.52 over 722 frames.
c701 <oov> <oov> <oov> کو غزل کی <oov> <oov> کر <oov> کو <oov> <oov> 
LOG (lattice-add-penalty[5.5.383~1-bd1d]:main():lattice-add-penalty.cc:62) Done adding word insertion penalty to 71 lattices.
LOG (lattice-best-path[5.5.383~1-bd1d]:main():lattice-best-path.cc:99) For utterance c702, best cost 139.678 + 2910.22 = 3049.9 over 467 frames.
c702 غیر فیصلہ <oov> <oov> میں <oov> ایک <oov> انا دیر <oov> 
LOG (lattice-best-path[5.5.383~1-bd1d]:main():lattice-best-path.cc:99) For utterance c703, best cost 95.0352 + 2981.06 = 3076.09 over 478 frames.
c703 <oov> <oov> کے <oov> <oov> ظاہر ہوتا ہے 
LOG (lattice-best-path[5.5.383~1-bd1d]:main():lattice-best-path.cc:99) For utterance c704, best cost 133.363 + 3586.92 = 3720.28 over 564 frames.
c704 <oov> سیشن <oov> <oov> کے <oov> آتی <oov> کا <oov> ہے 
LOG (lattice-best-path[5.5.383~1-bd1d]:main():lattice-best-path.cc:99) For utterance c705, best cost 141.15 + 3458.89 = 3600.04 over 535 frames.
c705 <oov> بن <oov> <oov> ایجاد پر لاگت <oov> <oov> سے بڑھ گئی 
LOG (lattice-best-path[5.5.383~1-bd1d]:main():lattice-best-path.cc:99) For utterance c706, best cost 101.566 + 3365.63 = 3467.2 over 492 frames.
c706 <oov> <oov> کے آنکھیں <oov> تو <oov> 
LOG (lattice-best-path[5.5.383~1-bd1d]:main():lattice-best-path.cc:99) For utterance c707, best cost 112.256 + 2375.74 = 2487.99 over 355 frames.
c707 <oov> کو <oov> تو آگے بڑھ <oov> <oov> پڑے 
LOG (lattice-best-path[5.5.383~1-bd1d]:main():lattice-best-path.cc:99) For utterance c708, best cost 132.125 + 3545.42 = 3677.54 over 527 frames.
c708 جنگ <oov> سے پہلے <oov> نے مجھے <oov> اور <oov> <oov> 
LOG (lattice-best-path[5.5.383~1-bd1d]:main():lattice-best-path.cc:124) Overall cost per frame is 6.92977 = 0.236329 [graph] + 6.69344 [acoustic] over 37498 frames.
LOG (lattice-best-path[5.5.383~1-bd1d]:main():lattice-best-path.cc:128) Done 71 lattices, failed for 0
# Accounting: time=0 threads=1
# Ended (code 0) at Tue Jun 18 17:12:54 IST 2019, elapsed time 0 seconds
