# ali-to-post "ark:gunzip -c exp/tri3/ali.3.gz|" ark:- | gmm-acc-stats-twofeats exp/tri3/35.mdl "ark,s,cs:apply-cmvn  --utt2spk=ark:data/train/split8/3/utt2spk scp:data/train/split8/3/cmvn.scp scp:data/train/split8/3/feats.scp ark:- | splice-feats  ark:- ark:- | transform-feats exp/tri2_ali/final.mat ark:- ark:- | transform-feats --utt2spk=ark:data/train/split8/3/utt2spk ark:exp/tri3/trans.3 ark:- ark:- |" "ark,s,cs:apply-cmvn  --utt2spk=ark:data/train/split8/3/utt2spk scp:data/train/split8/3/cmvn.scp scp:data/train/split8/3/feats.scp ark:- | splice-feats  ark:- ark:- | transform-feats exp/tri2_ali/final.mat ark:- ark:- |" ark,s,cs:- exp/tri3/35.3.acc 
# Started at Tue Jun 18 17:12:15 IST 2019
#
ali-to-post 'ark:gunzip -c exp/tri3/ali.3.gz|' ark:- 
gmm-acc-stats-twofeats exp/tri3/35.mdl 'ark,s,cs:apply-cmvn  --utt2spk=ark:data/train/split8/3/utt2spk scp:data/train/split8/3/cmvn.scp scp:data/train/split8/3/feats.scp ark:- | splice-feats  ark:- ark:- | transform-feats exp/tri2_ali/final.mat ark:- ark:- | transform-feats --utt2spk=ark:data/train/split8/3/utt2spk ark:exp/tri3/trans.3 ark:- ark:- |' 'ark,s,cs:apply-cmvn  --utt2spk=ark:data/train/split8/3/utt2spk scp:data/train/split8/3/cmvn.scp scp:data/train/split8/3/feats.scp ark:- | splice-feats  ark:- ark:- | transform-feats exp/tri2_ali/final.mat ark:- ark:- |' ark,s,cs:- exp/tri3/35.3.acc 
splice-feats ark:- ark:- 
apply-cmvn --utt2spk=ark:data/train/split8/3/utt2spk scp:data/train/split8/3/cmvn.scp scp:data/train/split8/3/feats.scp ark:- 
transform-feats --utt2spk=ark:data/train/split8/3/utt2spk ark:exp/tri3/trans.3 ark:- ark:- 
transform-feats exp/tri2_ali/final.mat ark:- ark:- 
splice-feats ark:- ark:- 
transform-feats exp/tri2_ali/final.mat ark:- ark:- 
apply-cmvn --utt2spk=ark:data/train/split8/3/utt2spk scp:data/train/split8/3/cmvn.scp scp:data/train/split8/3/feats.scp ark:- 
LOG (gmm-acc-stats-twofeats[5.5.383~1-bd1d]:main():gmm-acc-stats-twofeats.cc:140) Average like for this file is -49.5348 over 649 frames.
LOG (gmm-acc-stats-twofeats[5.5.383~1-bd1d]:main():gmm-acc-stats-twofeats.cc:140) Average like for this file is -46.5142 over 605 frames.
LOG (gmm-acc-stats-twofeats[5.5.383~1-bd1d]:main():gmm-acc-stats-twofeats.cc:140) Average like for this file is -45.3381 over 724 frames.
LOG (gmm-acc-stats-twofeats[5.5.383~1-bd1d]:main():gmm-acc-stats-twofeats.cc:140) Average like for this file is -46.8512 over 722 frames.
LOG (gmm-acc-stats-twofeats[5.5.383~1-bd1d]:main():gmm-acc-stats-twofeats.cc:140) Average like for this file is -46.3138 over 658 frames.
LOG (gmm-acc-stats-twofeats[5.5.383~1-bd1d]:main():gmm-acc-stats-twofeats.cc:140) Average like for this file is -46.5711 over 618 frames.
LOG (gmm-acc-stats-twofeats[5.5.383~1-bd1d]:main():gmm-acc-stats-twofeats.cc:140) Average like for this file is -46.8505 over 637 frames.
LOG (gmm-acc-stats-twofeats[5.5.383~1-bd1d]:main():gmm-acc-stats-twofeats.cc:140) Average like for this file is -47.3499 over 497 frames.
LOG (gmm-acc-stats-twofeats[5.5.383~1-bd1d]:main():gmm-acc-stats-twofeats.cc:140) Average like for this file is -46.126 over 487 frames.
LOG (gmm-acc-stats-twofeats[5.5.383~1-bd1d]:main():gmm-acc-stats-twofeats.cc:140) Average like for this file is -48.7715 over 578 frames.
LOG (gmm-acc-stats-twofeats[5.5.383~1-bd1d]:main():gmm-acc-stats-twofeats.cc:146) Avg like per frame so far is -47.0002
LOG (gmm-acc-stats-twofeats[5.5.383~1-bd1d]:main():gmm-acc-stats-twofeats.cc:140) Average like for this file is -47.8107 over 614 frames.
LOG (gmm-acc-stats-twofeats[5.5.383~1-bd1d]:main():gmm-acc-stats-twofeats.cc:140) Average like for this file is -45.0671 over 497 frames.
LOG (gmm-acc-stats-twofeats[5.5.383~1-bd1d]:main():gmm-acc-stats-twofeats.cc:140) Average like for this file is -48.97 over 795 frames.
LOG (gmm-acc-stats-twofeats[5.5.383~1-bd1d]:main():gmm-acc-stats-twofeats.cc:140) Average like for this file is -49.0496 over 697 frames.
LOG (gmm-acc-stats-twofeats[5.5.383~1-bd1d]:main():gmm-acc-stats-twofeats.cc:140) Average like for this file is -45.1468 over 509 frames.
LOG (gmm-acc-stats-twofeats[5.5.383~1-bd1d]:main():gmm-acc-stats-twofeats.cc:140) Average like for this file is -45.3927 over 766 frames.
LOG (gmm-acc-stats-twofeats[5.5.383~1-bd1d]:main():gmm-acc-stats-twofeats.cc:140) Average like for this file is -45.8826 over 766 frames.
LOG (gmm-acc-stats-twofeats[5.5.383~1-bd1d]:main():gmm-acc-stats-twofeats.cc:140) Average like for this file is -46.1397 over 681 frames.
LOG (gmm-acc-stats-twofeats[5.5.383~1-bd1d]:main():gmm-acc-stats-twofeats.cc:140) Average like for this file is -48.7032 over 775 frames.
LOG (gmm-acc-stats-twofeats[5.5.383~1-bd1d]:main():gmm-acc-stats-twofeats.cc:140) Average like for this file is -48.4891 over 599 frames.
LOG (gmm-acc-stats-twofeats[5.5.383~1-bd1d]:main():gmm-acc-stats-twofeats.cc:146) Avg like per frame so far is -47.0877
LOG (gmm-acc-stats-twofeats[5.5.383~1-bd1d]:main():gmm-acc-stats-twofeats.cc:140) Average like for this file is -47.4101 over 514 frames.
LOG (gmm-acc-stats-twofeats[5.5.383~1-bd1d]:main():gmm-acc-stats-twofeats.cc:140) Average like for this file is -47.2638 over 624 frames.
LOG (gmm-acc-stats-twofeats[5.5.383~1-bd1d]:main():gmm-acc-stats-twofeats.cc:140) Average like for this file is -48.1923 over 699 frames.
LOG (gmm-acc-stats-twofeats[5.5.383~1-bd1d]:main():gmm-acc-stats-twofeats.cc:140) Average like for this file is -48.7728 over 839 frames.
LOG (gmm-acc-stats-twofeats[5.5.383~1-bd1d]:main():gmm-acc-stats-twofeats.cc:140) Average like for this file is -48.6628 over 645 frames.
LOG (gmm-acc-stats-twofeats[5.5.383~1-bd1d]:main():gmm-acc-stats-twofeats.cc:140) Average like for this file is -46.2716 over 610 frames.
LOG (gmm-acc-stats-twofeats[5.5.383~1-bd1d]:main():gmm-acc-stats-twofeats.cc:140) Average like for this file is -47.2124 over 679 frames.
LOG (gmm-acc-stats-twofeats[5.5.383~1-bd1d]:main():gmm-acc-stats-twofeats.cc:140) Average like for this file is -47.8112 over 474 frames.
LOG (gmm-acc-stats-twofeats[5.5.383~1-bd1d]:main():gmm-acc-stats-twofeats.cc:140) Average like for this file is -46.4833 over 583 frames.
LOG (gmm-acc-stats-twofeats[5.5.383~1-bd1d]:main():gmm-acc-stats-twofeats.cc:140) Average like for this file is -43.5179 over 697 frames.
LOG (gmm-acc-stats-twofeats[5.5.383~1-bd1d]:main():gmm-acc-stats-twofeats.cc:146) Avg like per frame so far is -47.1171
LOG (gmm-acc-stats-twofeats[5.5.383~1-bd1d]:main():gmm-acc-stats-twofeats.cc:140) Average like for this file is -48.8871 over 440 frames.
LOG (gmm-acc-stats-twofeats[5.5.383~1-bd1d]:main():gmm-acc-stats-twofeats.cc:140) Average like for this file is -55.1418 over 618 frames.
LOG (gmm-acc-stats-twofeats[5.5.383~1-bd1d]:main():gmm-acc-stats-twofeats.cc:140) Average like for this file is -47.8992 over 652 frames.
LOG (gmm-acc-stats-twofeats[5.5.383~1-bd1d]:main():gmm-acc-stats-twofeats.cc:140) Average like for this file is -47.0975 over 641 frames.
LOG (gmm-acc-stats-twofeats[5.5.383~1-bd1d]:main():gmm-acc-stats-twofeats.cc:140) Average like for this file is -48.3909 over 727 frames.
LOG (gmm-acc-stats-twofeats[5.5.383~1-bd1d]:main():gmm-acc-stats-twofeats.cc:140) Average like for this file is -46.8669 over 622 frames.
LOG (gmm-acc-stats-twofeats[5.5.383~1-bd1d]:main():gmm-acc-stats-twofeats.cc:140) Average like for this file is -44.1889 over 850 frames.
LOG (gmm-acc-stats-twofeats[5.5.383~1-bd1d]:main():gmm-acc-stats-twofeats.cc:140) Average like for this file is -48.0817 over 840 frames.
LOG (gmm-acc-stats-twofeats[5.5.383~1-bd1d]:main():gmm-acc-stats-twofeats.cc:140) Average like for this file is -48.2627 over 721 frames.
LOG (gmm-acc-stats-twofeats[5.5.383~1-bd1d]:main():gmm-acc-stats-twofeats.cc:140) Average like for this file is -47.7833 over 541 frames.
LOG (gmm-acc-stats-twofeats[5.5.383~1-bd1d]:main():gmm-acc-stats-twofeats.cc:146) Avg like per frame so far is -47.3687
LOG (gmm-acc-stats-twofeats[5.5.383~1-bd1d]:main():gmm-acc-stats-twofeats.cc:140) Average like for this file is -46.5164 over 589 frames.
LOG (gmm-acc-stats-twofeats[5.5.383~1-bd1d]:main():gmm-acc-stats-twofeats.cc:140) Average like for this file is -47.5202 over 464 frames.
LOG (gmm-acc-stats-twofeats[5.5.383~1-bd1d]:main():gmm-acc-stats-twofeats.cc:140) Average like for this file is -48.0346 over 725 frames.
LOG (gmm-acc-stats-twofeats[5.5.383~1-bd1d]:main():gmm-acc-stats-twofeats.cc:140) Average like for this file is -47.1879 over 612 frames.
LOG (gmm-acc-stats-twofeats[5.5.383~1-bd1d]:main():gmm-acc-stats-twofeats.cc:140) Average like for this file is -51.1192 over 620 frames.
LOG (gmm-acc-stats-twofeats[5.5.383~1-bd1d]:main():gmm-acc-stats-twofeats.cc:140) Average like for this file is -50.3637 over 706 frames.
LOG (gmm-acc-stats-twofeats[5.5.383~1-bd1d]:main():gmm-acc-stats-twofeats.cc:140) Average like for this file is -51.0646 over 518 frames.
LOG (gmm-acc-stats-twofeats[5.5.383~1-bd1d]:main():gmm-acc-stats-twofeats.cc:140) Average like for this file is -45.9966 over 497 frames.
LOG (gmm-acc-stats-twofeats[5.5.383~1-bd1d]:main():gmm-acc-stats-twofeats.cc:140) Average like for this file is -50.1478 over 551 frames.
LOG (gmm-acc-stats-twofeats[5.5.383~1-bd1d]:main():gmm-acc-stats-twofeats.cc:140) Average like for this file is -50.879 over 600 frames.
LOG (gmm-acc-stats-twofeats[5.5.383~1-bd1d]:main():gmm-acc-stats-twofeats.cc:146) Avg like per frame so far is -47.6599
LOG (gmm-acc-stats-twofeats[5.5.383~1-bd1d]:main():gmm-acc-stats-twofeats.cc:140) Average like for this file is -48.3055 over 668 frames.
LOG (gmm-acc-stats-twofeats[5.5.383~1-bd1d]:main():gmm-acc-stats-twofeats.cc:140) Average like for this file is -48.5516 over 802 frames.
LOG (gmm-acc-stats-twofeats[5.5.383~1-bd1d]:main():gmm-acc-stats-twofeats.cc:140) Average like for this file is -46.2309 over 535 frames.
LOG (gmm-acc-stats-twofeats[5.5.383~1-bd1d]:main():gmm-acc-stats-twofeats.cc:140) Average like for this file is -46.2793 over 581 frames.
LOG (gmm-acc-stats-twofeats[5.5.383~1-bd1d]:main():gmm-acc-stats-twofeats.cc:140) Average like for this file is -50.6281 over 783 frames.
LOG (gmm-acc-stats-twofeats[5.5.383~1-bd1d]:main():gmm-acc-stats-twofeats.cc:140) Average like for this file is -51.1627 over 796 frames.
LOG (gmm-acc-stats-twofeats[5.5.383~1-bd1d]:main():gmm-acc-stats-twofeats.cc:140) Average like for this file is -50.8879 over 618 frames.
LOG (gmm-acc-stats-twofeats[5.5.383~1-bd1d]:main():gmm-acc-stats-twofeats.cc:140) Average like for this file is -48.4351 over 725 frames.
LOG (gmm-acc-stats-twofeats[5.5.383~1-bd1d]:main():gmm-acc-stats-twofeats.cc:140) Average like for this file is -50.9922 over 595 frames.
LOG (gmm-acc-stats-twofeats[5.5.383~1-bd1d]:main():gmm-acc-stats-twofeats.cc:140) Average like for this file is -48.7165 over 802 frames.
LOG (gmm-acc-stats-twofeats[5.5.383~1-bd1d]:main():gmm-acc-stats-twofeats.cc:146) Avg like per frame so far is -47.9205
LOG (gmm-acc-stats-twofeats[5.5.383~1-bd1d]:main():gmm-acc-stats-twofeats.cc:140) Average like for this file is -48.316 over 614 frames.
LOG (gmm-acc-stats-twofeats[5.5.383~1-bd1d]:main():gmm-acc-stats-twofeats.cc:140) Average like for this file is -48.8483 over 654 frames.
LOG (gmm-acc-stats-twofeats[5.5.383~1-bd1d]:main():gmm-acc-stats-twofeats.cc:140) Average like for this file is -49.6794 over 501 frames.
LOG (gmm-acc-stats-twofeats[5.5.383~1-bd1d]:main():gmm-acc-stats-twofeats.cc:140) Average like for this file is -46.8274 over 951 frames.
LOG (gmm-acc-stats-twofeats[5.5.383~1-bd1d]:main():gmm-acc-stats-twofeats.cc:140) Average like for this file is -49.7052 over 472 frames.
LOG (gmm-acc-stats-twofeats[5.5.383~1-bd1d]:main():gmm-acc-stats-twofeats.cc:140) Average like for this file is -47.8822 over 645 frames.
LOG (gmm-acc-stats-twofeats[5.5.383~1-bd1d]:main():gmm-acc-stats-twofeats.cc:140) Average like for this file is -45.8619 over 773 frames.
LOG (gmm-acc-stats-twofeats[5.5.383~1-bd1d]:main():gmm-acc-stats-twofeats.cc:140) Average like for this file is -48.7189 over 707 frames.
LOG (gmm-acc-stats-twofeats[5.5.383~1-bd1d]:main():gmm-acc-stats-twofeats.cc:140) Average like for this file is -49.9457 over 654 frames.
LOG (gmm-acc-stats-twofeats[5.5.383~1-bd1d]:main():gmm-acc-stats-twofeats.cc:140) Average like for this file is -46.3133 over 640 frames.
LOG (gmm-acc-stats-twofeats[5.5.383~1-bd1d]:main():gmm-acc-stats-twofeats.cc:146) Avg like per frame so far is -47.9376
LOG (gmm-acc-stats-twofeats[5.5.383~1-bd1d]:main():gmm-acc-stats-twofeats.cc:140) Average like for this file is -48.1282 over 691 frames.
LOG (gmm-acc-stats-twofeats[5.5.383~1-bd1d]:main():gmm-acc-stats-twofeats.cc:140) Average like for this file is -51.9335 over 532 frames.
LOG (gmm-acc-stats-twofeats[5.5.383~1-bd1d]:main():gmm-acc-stats-twofeats.cc:140) Average like for this file is -49.1783 over 557 frames.
LOG (ali-to-post[5.5.383~1-bd1d]:main():ali-to-post.cc:73) Converted 80 alignments.
LOG (gmm-acc-stats-twofeats[5.5.383~1-bd1d]:main():gmm-acc-stats-twofeats.cc:140) Average like for this file is -46.4985 over 698 frames.
LOG (apply-cmvn[5.5.383~1-bd1d]:main():apply-cmvn.cc:162) Applied cepstral mean normalization to 80 utterances, errors on 0
LOG (gmm-acc-stats-twofeats[5.5.383~1-bd1d]:main():gmm-acc-stats-twofeats.cc:140) Average like for this file is -46.2298 over 647 frames.
LOG (apply-cmvn[5.5.383~1-bd1d]:main():apply-cmvn.cc:162) Applied cepstral mean normalization to 80 utterances, errors on 0
LOG (gmm-acc-stats-twofeats[5.5.383~1-bd1d]:main():gmm-acc-stats-twofeats.cc:140) Average like for this file is -47.5829 over 538 frames.
LOG (gmm-acc-stats-twofeats[5.5.383~1-bd1d]:main():gmm-acc-stats-twofeats.cc:140) Average like for this file is -48.7927 over 698 frames.
LOG (gmm-acc-stats-twofeats[5.5.383~1-bd1d]:main():gmm-acc-stats-twofeats.cc:140) Average like for this file is -51.2628 over 753 frames.
LOG (transform-feats[5.5.383~1-bd1d]:main():transform-feats.cc:158) Overall average [pseudo-]logdet is -86.2559 over 51551 frames.
LOG (transform-feats[5.5.383~1-bd1d]:main():transform-feats.cc:161) Applied transform to 80 utterances; 0 had errors.
LOG (gmm-acc-stats-twofeats[5.5.383~1-bd1d]:main():gmm-acc-stats-twofeats.cc:140) Average like for this file is -47.5564 over 557 frames.
LOG (transform-feats[5.5.383~1-bd1d]:main():transform-feats.cc:158) Overall average logdet is 0 over 51551 frames.
LOG (transform-feats[5.5.383~1-bd1d]:main():transform-feats.cc:158) Overall average [pseudo-]logdet is -86.2559 over 51551 frames.
LOG (transform-feats[5.5.383~1-bd1d]:main():transform-feats.cc:161) Applied transform to 80 utterances; 0 had errors.
LOG (transform-feats[5.5.383~1-bd1d]:main():transform-feats.cc:161) Applied transform to 80 utterances; 0 had errors.
LOG (gmm-acc-stats-twofeats[5.5.383~1-bd1d]:main():gmm-acc-stats-twofeats.cc:140) Average like for this file is -46.667 over 592 frames.
LOG (gmm-acc-stats-twofeats[5.5.383~1-bd1d]:main():gmm-acc-stats-twofeats.cc:146) Avg like per frame so far is -47.9917
LOG (gmm-acc-stats-twofeats[5.5.383~1-bd1d]:main():gmm-acc-stats-twofeats.cc:150) Done 80 files, 0 with no posteriors, 0 with no second features, 0 with other errors.
LOG (gmm-acc-stats-twofeats[5.5.383~1-bd1d]:main():gmm-acc-stats-twofeats.cc:155) Overall avg like per frame (Gaussian only) = -47.9917 over 51551 frames.
LOG (gmm-acc-stats-twofeats[5.5.383~1-bd1d]:main():gmm-acc-stats-twofeats.cc:163) Written accs.
# Accounting: time=1 threads=1
# Ended (code 0) at Tue Jun 18 17:12:16 IST 2019, elapsed time 1 seconds
