# ali-to-post "ark:gunzip -c exp/tri3/ali.4.gz|" ark:- | gmm-acc-stats-twofeats exp/tri3/35.mdl "ark,s,cs:apply-cmvn  --utt2spk=ark:data/train/split8/4/utt2spk scp:data/train/split8/4/cmvn.scp scp:data/train/split8/4/feats.scp ark:- | splice-feats  ark:- ark:- | transform-feats exp/tri2_ali/final.mat ark:- ark:- | transform-feats --utt2spk=ark:data/train/split8/4/utt2spk ark:exp/tri3/trans.4 ark:- ark:- |" "ark,s,cs:apply-cmvn  --utt2spk=ark:data/train/split8/4/utt2spk scp:data/train/split8/4/cmvn.scp scp:data/train/split8/4/feats.scp ark:- | splice-feats  ark:- ark:- | transform-feats exp/tri2_ali/final.mat ark:- ark:- |" ark,s,cs:- exp/tri3/35.4.acc 
# Started at Tue Jun 18 17:12:15 IST 2019
#
ali-to-post 'ark:gunzip -c exp/tri3/ali.4.gz|' ark:- 
gmm-acc-stats-twofeats exp/tri3/35.mdl 'ark,s,cs:apply-cmvn  --utt2spk=ark:data/train/split8/4/utt2spk scp:data/train/split8/4/cmvn.scp scp:data/train/split8/4/feats.scp ark:- | splice-feats  ark:- ark:- | transform-feats exp/tri2_ali/final.mat ark:- ark:- | transform-feats --utt2spk=ark:data/train/split8/4/utt2spk ark:exp/tri3/trans.4 ark:- ark:- |' 'ark,s,cs:apply-cmvn  --utt2spk=ark:data/train/split8/4/utt2spk scp:data/train/split8/4/cmvn.scp scp:data/train/split8/4/feats.scp ark:- | splice-feats  ark:- ark:- | transform-feats exp/tri2_ali/final.mat ark:- ark:- |' ark,s,cs:- exp/tri3/35.4.acc 
apply-cmvn --utt2spk=ark:data/train/split8/4/utt2spk scp:data/train/split8/4/cmvn.scp scp:data/train/split8/4/feats.scp ark:- 
transform-feats exp/tri2_ali/final.mat ark:- ark:- 
transform-feats --utt2spk=ark:data/train/split8/4/utt2spk ark:exp/tri3/trans.4 ark:- ark:- 
splice-feats ark:- ark:- 
transform-feats exp/tri2_ali/final.mat ark:- ark:- 
splice-feats ark:- ark:- 
apply-cmvn --utt2spk=ark:data/train/split8/4/utt2spk scp:data/train/split8/4/cmvn.scp scp:data/train/split8/4/feats.scp ark:- 
LOG (gmm-acc-stats-twofeats[5.5.383~1-bd1d]:main():gmm-acc-stats-twofeats.cc:140) Average like for this file is -51.1942 over 606 frames.
LOG (gmm-acc-stats-twofeats[5.5.383~1-bd1d]:main():gmm-acc-stats-twofeats.cc:140) Average like for this file is -48.2804 over 763 frames.
LOG (gmm-acc-stats-twofeats[5.5.383~1-bd1d]:main():gmm-acc-stats-twofeats.cc:140) Average like for this file is -46.8016 over 1001 frames.
LOG (gmm-acc-stats-twofeats[5.5.383~1-bd1d]:main():gmm-acc-stats-twofeats.cc:140) Average like for this file is -47.3182 over 675 frames.
LOG (gmm-acc-stats-twofeats[5.5.383~1-bd1d]:main():gmm-acc-stats-twofeats.cc:140) Average like for this file is -46.9539 over 677 frames.
LOG (gmm-acc-stats-twofeats[5.5.383~1-bd1d]:main():gmm-acc-stats-twofeats.cc:140) Average like for this file is -49.6841 over 682 frames.
LOG (gmm-acc-stats-twofeats[5.5.383~1-bd1d]:main():gmm-acc-stats-twofeats.cc:140) Average like for this file is -48.1887 over 553 frames.
LOG (gmm-acc-stats-twofeats[5.5.383~1-bd1d]:main():gmm-acc-stats-twofeats.cc:140) Average like for this file is -47.5268 over 592 frames.
LOG (gmm-acc-stats-twofeats[5.5.383~1-bd1d]:main():gmm-acc-stats-twofeats.cc:140) Average like for this file is -47.5762 over 596 frames.
LOG (gmm-acc-stats-twofeats[5.5.383~1-bd1d]:main():gmm-acc-stats-twofeats.cc:140) Average like for this file is -48.4568 over 698 frames.
LOG (gmm-acc-stats-twofeats[5.5.383~1-bd1d]:main():gmm-acc-stats-twofeats.cc:146) Avg like per frame so far is -48.1199
LOG (gmm-acc-stats-twofeats[5.5.383~1-bd1d]:main():gmm-acc-stats-twofeats.cc:140) Average like for this file is -49.4628 over 564 frames.
LOG (gmm-acc-stats-twofeats[5.5.383~1-bd1d]:main():gmm-acc-stats-twofeats.cc:140) Average like for this file is -48.2949 over 582 frames.
LOG (gmm-acc-stats-twofeats[5.5.383~1-bd1d]:main():gmm-acc-stats-twofeats.cc:140) Average like for this file is -50.2116 over 624 frames.
LOG (gmm-acc-stats-twofeats[5.5.383~1-bd1d]:main():gmm-acc-stats-twofeats.cc:140) Average like for this file is -46.6154 over 673 frames.
LOG (gmm-acc-stats-twofeats[5.5.383~1-bd1d]:main():gmm-acc-stats-twofeats.cc:140) Average like for this file is -46.3844 over 804 frames.
LOG (gmm-acc-stats-twofeats[5.5.383~1-bd1d]:main():gmm-acc-stats-twofeats.cc:140) Average like for this file is -45.1852 over 880 frames.
LOG (gmm-acc-stats-twofeats[5.5.383~1-bd1d]:main():gmm-acc-stats-twofeats.cc:140) Average like for this file is -46.9272 over 703 frames.
LOG (gmm-acc-stats-twofeats[5.5.383~1-bd1d]:main():gmm-acc-stats-twofeats.cc:140) Average like for this file is -49.8436 over 520 frames.
LOG (gmm-acc-stats-twofeats[5.5.383~1-bd1d]:main():gmm-acc-stats-twofeats.cc:140) Average like for this file is -50.1899 over 700 frames.
LOG (gmm-acc-stats-twofeats[5.5.383~1-bd1d]:main():gmm-acc-stats-twofeats.cc:140) Average like for this file is -46.7846 over 563 frames.
LOG (gmm-acc-stats-twofeats[5.5.383~1-bd1d]:main():gmm-acc-stats-twofeats.cc:146) Avg like per frame so far is -47.966
LOG (gmm-acc-stats-twofeats[5.5.383~1-bd1d]:main():gmm-acc-stats-twofeats.cc:140) Average like for this file is -47.9515 over 598 frames.
LOG (gmm-acc-stats-twofeats[5.5.383~1-bd1d]:main():gmm-acc-stats-twofeats.cc:140) Average like for this file is -49.6123 over 653 frames.
LOG (gmm-acc-stats-twofeats[5.5.383~1-bd1d]:main():gmm-acc-stats-twofeats.cc:140) Average like for this file is -48.441 over 763 frames.
LOG (gmm-acc-stats-twofeats[5.5.383~1-bd1d]:main():gmm-acc-stats-twofeats.cc:140) Average like for this file is -46.5972 over 670 frames.
LOG (gmm-acc-stats-twofeats[5.5.383~1-bd1d]:main():gmm-acc-stats-twofeats.cc:140) Average like for this file is -47.9531 over 618 frames.
LOG (gmm-acc-stats-twofeats[5.5.383~1-bd1d]:main():gmm-acc-stats-twofeats.cc:140) Average like for this file is -48.4954 over 1041 frames.
LOG (gmm-acc-stats-twofeats[5.5.383~1-bd1d]:main():gmm-acc-stats-twofeats.cc:140) Average like for this file is -51.4252 over 543 frames.
LOG (gmm-acc-stats-twofeats[5.5.383~1-bd1d]:main():gmm-acc-stats-twofeats.cc:140) Average like for this file is -49.7619 over 679 frames.
LOG (gmm-acc-stats-twofeats[5.5.383~1-bd1d]:main():gmm-acc-stats-twofeats.cc:140) Average like for this file is -50.6159 over 508 frames.
LOG (gmm-acc-stats-twofeats[5.5.383~1-bd1d]:main():gmm-acc-stats-twofeats.cc:140) Average like for this file is -49.7907 over 896 frames.
LOG (gmm-acc-stats-twofeats[5.5.383~1-bd1d]:main():gmm-acc-stats-twofeats.cc:146) Avg like per frame so far is -48.3153
LOG (gmm-acc-stats-twofeats[5.5.383~1-bd1d]:main():gmm-acc-stats-twofeats.cc:140) Average like for this file is -49.2897 over 1157 frames.
LOG (gmm-acc-stats-twofeats[5.5.383~1-bd1d]:main():gmm-acc-stats-twofeats.cc:140) Average like for this file is -48.1829 over 966 frames.
LOG (gmm-acc-stats-twofeats[5.5.383~1-bd1d]:main():gmm-acc-stats-twofeats.cc:140) Average like for this file is -53.1446 over 609 frames.
LOG (gmm-acc-stats-twofeats[5.5.383~1-bd1d]:main():gmm-acc-stats-twofeats.cc:140) Average like for this file is -49.6736 over 919 frames.
LOG (gmm-acc-stats-twofeats[5.5.383~1-bd1d]:main():gmm-acc-stats-twofeats.cc:140) Average like for this file is -50.867 over 908 frames.
LOG (gmm-acc-stats-twofeats[5.5.383~1-bd1d]:main():gmm-acc-stats-twofeats.cc:140) Average like for this file is -51.791 over 522 frames.
LOG (gmm-acc-stats-twofeats[5.5.383~1-bd1d]:main():gmm-acc-stats-twofeats.cc:140) Average like for this file is -46.9487 over 657 frames.
LOG (gmm-acc-stats-twofeats[5.5.383~1-bd1d]:main():gmm-acc-stats-twofeats.cc:140) Average like for this file is -50.5229 over 668 frames.
LOG (gmm-acc-stats-twofeats[5.5.383~1-bd1d]:main():gmm-acc-stats-twofeats.cc:140) Average like for this file is -51.4127 over 804 frames.
LOG (gmm-acc-stats-twofeats[5.5.383~1-bd1d]:main():gmm-acc-stats-twofeats.cc:140) Average like for this file is -44.4062 over 511 frames.
LOG (gmm-acc-stats-twofeats[5.5.383~1-bd1d]:main():gmm-acc-stats-twofeats.cc:146) Avg like per frame so far is -48.6844
LOG (gmm-acc-stats-twofeats[5.5.383~1-bd1d]:main():gmm-acc-stats-twofeats.cc:140) Average like for this file is -50.4033 over 456 frames.
LOG (gmm-acc-stats-twofeats[5.5.383~1-bd1d]:main():gmm-acc-stats-twofeats.cc:140) Average like for this file is -47.9202 over 649 frames.
LOG (gmm-acc-stats-twofeats[5.5.383~1-bd1d]:main():gmm-acc-stats-twofeats.cc:140) Average like for this file is -49.3037 over 726 frames.
LOG (gmm-acc-stats-twofeats[5.5.383~1-bd1d]:main():gmm-acc-stats-twofeats.cc:140) Average like for this file is -46.1909 over 944 frames.
LOG (gmm-acc-stats-twofeats[5.5.383~1-bd1d]:main():gmm-acc-stats-twofeats.cc:140) Average like for this file is -53.9637 over 461 frames.
LOG (gmm-acc-stats-twofeats[5.5.383~1-bd1d]:main():gmm-acc-stats-twofeats.cc:140) Average like for this file is -49.436 over 1038 frames.
LOG (gmm-acc-stats-twofeats[5.5.383~1-bd1d]:main():gmm-acc-stats-twofeats.cc:140) Average like for this file is -48.5242 over 599 frames.
LOG (gmm-acc-stats-twofeats[5.5.383~1-bd1d]:main():gmm-acc-stats-twofeats.cc:140) Average like for this file is -45.0645 over 395 frames.
LOG (gmm-acc-stats-twofeats[5.5.383~1-bd1d]:main():gmm-acc-stats-twofeats.cc:140) Average like for this file is -51.5387 over 324 frames.
LOG (gmm-acc-stats-twofeats[5.5.383~1-bd1d]:main():gmm-acc-stats-twofeats.cc:140) Average like for this file is -46.627 over 417 frames.
LOG (gmm-acc-stats-twofeats[5.5.383~1-bd1d]:main():gmm-acc-stats-twofeats.cc:146) Avg like per frame so far is -48.6885
LOG (gmm-acc-stats-twofeats[5.5.383~1-bd1d]:main():gmm-acc-stats-twofeats.cc:140) Average like for this file is -47.2537 over 520 frames.
LOG (gmm-acc-stats-twofeats[5.5.383~1-bd1d]:main():gmm-acc-stats-twofeats.cc:140) Average like for this file is -47.619 over 572 frames.
LOG (gmm-acc-stats-twofeats[5.5.383~1-bd1d]:main():gmm-acc-stats-twofeats.cc:140) Average like for this file is -51.4604 over 339 frames.
LOG (gmm-acc-stats-twofeats[5.5.383~1-bd1d]:main():gmm-acc-stats-twofeats.cc:140) Average like for this file is -46.6192 over 300 frames.
LOG (gmm-acc-stats-twofeats[5.5.383~1-bd1d]:main():gmm-acc-stats-twofeats.cc:140) Average like for this file is -45.8334 over 294 frames.
LOG (gmm-acc-stats-twofeats[5.5.383~1-bd1d]:main():gmm-acc-stats-twofeats.cc:140) Average like for this file is -42.7657 over 382 frames.
LOG (gmm-acc-stats-twofeats[5.5.383~1-bd1d]:main():gmm-acc-stats-twofeats.cc:140) Average like for this file is -47.7245 over 406 frames.
LOG (gmm-acc-stats-twofeats[5.5.383~1-bd1d]:main():gmm-acc-stats-twofeats.cc:140) Average like for this file is -44.9494 over 296 frames.
LOG (gmm-acc-stats-twofeats[5.5.383~1-bd1d]:main():gmm-acc-stats-twofeats.cc:140) Average like for this file is -49.5162 over 327 frames.
LOG (gmm-acc-stats-twofeats[5.5.383~1-bd1d]:main():gmm-acc-stats-twofeats.cc:140) Average like for this file is -46.5947 over 290 frames.
LOG (gmm-acc-stats-twofeats[5.5.383~1-bd1d]:main():gmm-acc-stats-twofeats.cc:146) Avg like per frame so far is -48.5307
LOG (gmm-acc-stats-twofeats[5.5.383~1-bd1d]:main():gmm-acc-stats-twofeats.cc:140) Average like for this file is -43.6404 over 505 frames.
LOG (gmm-acc-stats-twofeats[5.5.383~1-bd1d]:main():gmm-acc-stats-twofeats.cc:140) Average like for this file is -48.4403 over 434 frames.
LOG (gmm-acc-stats-twofeats[5.5.383~1-bd1d]:main():gmm-acc-stats-twofeats.cc:140) Average like for this file is -49.2588 over 438 frames.
LOG (gmm-acc-stats-twofeats[5.5.383~1-bd1d]:main():gmm-acc-stats-twofeats.cc:140) Average like for this file is -46.025 over 479 frames.
LOG (gmm-acc-stats-twofeats[5.5.383~1-bd1d]:main():gmm-acc-stats-twofeats.cc:140) Average like for this file is -44.4544 over 369 frames.
LOG (gmm-acc-stats-twofeats[5.5.383~1-bd1d]:main():gmm-acc-stats-twofeats.cc:140) Average like for this file is -48.4584 over 349 frames.
LOG (gmm-acc-stats-twofeats[5.5.383~1-bd1d]:main():gmm-acc-stats-twofeats.cc:140) Average like for this file is -44.0849 over 432 frames.
LOG (gmm-acc-stats-twofeats[5.5.383~1-bd1d]:main():gmm-acc-stats-twofeats.cc:140) Average like for this file is -49.888 over 497 frames.
LOG (gmm-acc-stats-twofeats[5.5.383~1-bd1d]:main():gmm-acc-stats-twofeats.cc:140) Average like for this file is -46.1825 over 597 frames.
LOG (gmm-acc-stats-twofeats[5.5.383~1-bd1d]:main():gmm-acc-stats-twofeats.cc:140) Average like for this file is -44.3555 over 414 frames.
LOG (gmm-acc-stats-twofeats[5.5.383~1-bd1d]:main():gmm-acc-stats-twofeats.cc:146) Avg like per frame so far is -48.3115
LOG (ali-to-post[5.5.383~1-bd1d]:main():ali-to-post.cc:73) Converted 79 alignments.
LOG (gmm-acc-stats-twofeats[5.5.383~1-bd1d]:main():gmm-acc-stats-twofeats.cc:140) Average like for this file is -48.097 over 501 frames.
LOG (gmm-acc-stats-twofeats[5.5.383~1-bd1d]:main():gmm-acc-stats-twofeats.cc:140) Average like for this file is -47.0243 over 321 frames.
LOG (gmm-acc-stats-twofeats[5.5.383~1-bd1d]:main():gmm-acc-stats-twofeats.cc:140) Average like for this file is -49.4031 over 532 frames.
LOG (apply-cmvn[5.5.383~1-bd1d]:main():apply-cmvn.cc:162) Applied cepstral mean normalization to 79 utterances, errors on 0
LOG (gmm-acc-stats-twofeats[5.5.383~1-bd1d]:main():gmm-acc-stats-twofeats.cc:140) Average like for this file is -44.8322 over 609 frames.
LOG (apply-cmvn[5.5.383~1-bd1d]:main():apply-cmvn.cc:162) Applied cepstral mean normalization to 79 utterances, errors on 0
LOG (gmm-acc-stats-twofeats[5.5.383~1-bd1d]:main():gmm-acc-stats-twofeats.cc:140) Average like for this file is -48.8135 over 514 frames.
LOG (gmm-acc-stats-twofeats[5.5.383~1-bd1d]:main():gmm-acc-stats-twofeats.cc:140) Average like for this file is -49.0687 over 477 frames.
LOG (gmm-acc-stats-twofeats[5.5.383~1-bd1d]:main():gmm-acc-stats-twofeats.cc:140) Average like for this file is -49.7143 over 447 frames.
LOG (transform-feats[5.5.383~1-bd1d]:main():transform-feats.cc:158) Overall average [pseudo-]logdet is -86.2559 over 46921 frames.
LOG (transform-feats[5.5.383~1-bd1d]:main():transform-feats.cc:161) Applied transform to 79 utterances; 0 had errors.
LOG (gmm-acc-stats-twofeats[5.5.383~1-bd1d]:main():gmm-acc-stats-twofeats.cc:140) Average like for this file is -49.228 over 524 frames.
LOG (transform-feats[5.5.383~1-bd1d]:main():transform-feats.cc:158) Overall average logdet is 0.0706472 over 46921 frames.
LOG (transform-feats[5.5.383~1-bd1d]:main():transform-feats.cc:161) Applied transform to 79 utterances; 0 had errors.
LOG (transform-feats[5.5.383~1-bd1d]:main():transform-feats.cc:158) Overall average [pseudo-]logdet is -86.2559 over 46921 frames.
LOG (transform-feats[5.5.383~1-bd1d]:main():transform-feats.cc:161) Applied transform to 79 utterances; 0 had errors.
LOG (gmm-acc-stats-twofeats[5.5.383~1-bd1d]:main():gmm-acc-stats-twofeats.cc:140) Average like for this file is -49.5299 over 601 frames.
LOG (gmm-acc-stats-twofeats[5.5.383~1-bd1d]:main():gmm-acc-stats-twofeats.cc:150) Done 79 files, 0 with no posteriors, 0 with no second features, 0 with other errors.
LOG (gmm-acc-stats-twofeats[5.5.383~1-bd1d]:main():gmm-acc-stats-twofeats.cc:155) Overall avg like per frame (Gaussian only) = -48.32 over 46921 frames.
LOG (gmm-acc-stats-twofeats[5.5.383~1-bd1d]:main():gmm-acc-stats-twofeats.cc:163) Written accs.
# Accounting: time=1 threads=1
# Ended (code 0) at Tue Jun 18 17:12:16 IST 2019, elapsed time 1 seconds
