# gmm-align-compiled --transition-scale=1.0 --acoustic-scale=0.1 --self-loop-scale=0.1 --beam=10 --retry-beam=40 --careful=false "gmm-boost-silence --boost=1.0 1 exp/tri3/20.mdl - |" "ark:gunzip -c exp/tri3/fsts.7.gz|" "ark,s,cs:apply-cmvn  --utt2spk=ark:data/train/split8/7/utt2spk scp:data/train/split8/7/cmvn.scp scp:data/train/split8/7/feats.scp ark:- | splice-feats  ark:- ark:- | transform-feats exp/tri2_ali/final.mat ark:- ark:- | transform-feats --utt2spk=ark:data/train/split8/7/utt2spk ark:exp/tri3/trans.7 ark:- ark:- |" "ark:|gzip -c >exp/tri3/ali.7.gz" 
# Started at Tue Jun 18 17:11:37 IST 2019
#
gmm-align-compiled --transition-scale=1.0 --acoustic-scale=0.1 --self-loop-scale=0.1 --beam=10 --retry-beam=40 --careful=false 'gmm-boost-silence --boost=1.0 1 exp/tri3/20.mdl - |' 'ark:gunzip -c exp/tri3/fsts.7.gz|' 'ark,s,cs:apply-cmvn  --utt2spk=ark:data/train/split8/7/utt2spk scp:data/train/split8/7/cmvn.scp scp:data/train/split8/7/feats.scp ark:- | splice-feats  ark:- ark:- | transform-feats exp/tri2_ali/final.mat ark:- ark:- | transform-feats --utt2spk=ark:data/train/split8/7/utt2spk ark:exp/tri3/trans.7 ark:- ark:- |' 'ark:|gzip -c >exp/tri3/ali.7.gz' 
gmm-boost-silence --boost=1.0 1 exp/tri3/20.mdl - 
WARNING (gmm-boost-silence[5.5.383~1-bd1d]:main():gmm-boost-silence.cc:82) The pdfs for the silence phones may be shared by other phones (note: this probably does not matter.)
LOG (gmm-boost-silence[5.5.383~1-bd1d]:main():gmm-boost-silence.cc:93) Boosted weights for 5 pdfs, by factor of 1
LOG (gmm-boost-silence[5.5.383~1-bd1d]:main():gmm-boost-silence.cc:103) Wrote model to -
apply-cmvn --utt2spk=ark:data/train/split8/7/utt2spk scp:data/train/split8/7/cmvn.scp scp:data/train/split8/7/feats.scp ark:- 
transform-feats --utt2spk=ark:data/train/split8/7/utt2spk ark:exp/tri3/trans.7 ark:- ark:- 
transform-feats exp/tri2_ali/final.mat ark:- ark:- 
splice-feats ark:- ark:- 
LOG (gmm-align-compiled[5.5.383~1-bd1d]:main():gmm-align-compiled.cc:127) c529
LOG (gmm-align-compiled[5.5.383~1-bd1d]:main():gmm-align-compiled.cc:127) c53
LOG (gmm-align-compiled[5.5.383~1-bd1d]:main():gmm-align-compiled.cc:127) c530
LOG (gmm-align-compiled[5.5.383~1-bd1d]:main():gmm-align-compiled.cc:127) c531
LOG (gmm-align-compiled[5.5.383~1-bd1d]:main():gmm-align-compiled.cc:127) c532
LOG (gmm-align-compiled[5.5.383~1-bd1d]:main():gmm-align-compiled.cc:127) c533
LOG (gmm-align-compiled[5.5.383~1-bd1d]:main():gmm-align-compiled.cc:127) c534
LOG (gmm-align-compiled[5.5.383~1-bd1d]:main():gmm-align-compiled.cc:127) c535
LOG (gmm-align-compiled[5.5.383~1-bd1d]:main():gmm-align-compiled.cc:127) c536
LOG (gmm-align-compiled[5.5.383~1-bd1d]:main():gmm-align-compiled.cc:127) c537
LOG (gmm-align-compiled[5.5.383~1-bd1d]:main():gmm-align-compiled.cc:127) c538
LOG (gmm-align-compiled[5.5.383~1-bd1d]:main():gmm-align-compiled.cc:127) c539
LOG (gmm-align-compiled[5.5.383~1-bd1d]:main():gmm-align-compiled.cc:127) c54
LOG (gmm-align-compiled[5.5.383~1-bd1d]:main():gmm-align-compiled.cc:127) c540
LOG (gmm-align-compiled[5.5.383~1-bd1d]:main():gmm-align-compiled.cc:127) c541
LOG (gmm-align-compiled[5.5.383~1-bd1d]:main():gmm-align-compiled.cc:127) c542
LOG (gmm-align-compiled[5.5.383~1-bd1d]:main():gmm-align-compiled.cc:127) c543
LOG (gmm-align-compiled[5.5.383~1-bd1d]:main():gmm-align-compiled.cc:127) c544
LOG (gmm-align-compiled[5.5.383~1-bd1d]:main():gmm-align-compiled.cc:127) c545
LOG (gmm-align-compiled[5.5.383~1-bd1d]:main():gmm-align-compiled.cc:127) c546
LOG (gmm-align-compiled[5.5.383~1-bd1d]:main():gmm-align-compiled.cc:127) c547
LOG (gmm-align-compiled[5.5.383~1-bd1d]:main():gmm-align-compiled.cc:127) c548
LOG (gmm-align-compiled[5.5.383~1-bd1d]:main():gmm-align-compiled.cc:127) c549
LOG (gmm-align-compiled[5.5.383~1-bd1d]:main():gmm-align-compiled.cc:127) c55
LOG (gmm-align-compiled[5.5.383~1-bd1d]:main():gmm-align-compiled.cc:127) c550
LOG (gmm-align-compiled[5.5.383~1-bd1d]:main():gmm-align-compiled.cc:127) c551
LOG (gmm-align-compiled[5.5.383~1-bd1d]:main():gmm-align-compiled.cc:127) c552
LOG (gmm-align-compiled[5.5.383~1-bd1d]:main():gmm-align-compiled.cc:127) c553
LOG (gmm-align-compiled[5.5.383~1-bd1d]:main():gmm-align-compiled.cc:127) c554
LOG (gmm-align-compiled[5.5.383~1-bd1d]:main():gmm-align-compiled.cc:127) c555
LOG (gmm-align-compiled[5.5.383~1-bd1d]:main():gmm-align-compiled.cc:127) c556
LOG (gmm-align-compiled[5.5.383~1-bd1d]:main():gmm-align-compiled.cc:127) c557
LOG (gmm-align-compiled[5.5.383~1-bd1d]:main():gmm-align-compiled.cc:127) c558
LOG (gmm-align-compiled[5.5.383~1-bd1d]:main():gmm-align-compiled.cc:127) c559
LOG (gmm-align-compiled[5.5.383~1-bd1d]:main():gmm-align-compiled.cc:127) c56
LOG (gmm-align-compiled[5.5.383~1-bd1d]:main():gmm-align-compiled.cc:127) c560
LOG (gmm-align-compiled[5.5.383~1-bd1d]:main():gmm-align-compiled.cc:127) c561
LOG (gmm-align-compiled[5.5.383~1-bd1d]:main():gmm-align-compiled.cc:127) c562
LOG (gmm-align-compiled[5.5.383~1-bd1d]:main():gmm-align-compiled.cc:127) c563
LOG (gmm-align-compiled[5.5.383~1-bd1d]:main():gmm-align-compiled.cc:127) c564
LOG (gmm-align-compiled[5.5.383~1-bd1d]:main():gmm-align-compiled.cc:127) c565
LOG (gmm-align-compiled[5.5.383~1-bd1d]:main():gmm-align-compiled.cc:127) c566
LOG (gmm-align-compiled[5.5.383~1-bd1d]:main():gmm-align-compiled.cc:127) c567
LOG (gmm-align-compiled[5.5.383~1-bd1d]:main():gmm-align-compiled.cc:127) c568
LOG (gmm-align-compiled[5.5.383~1-bd1d]:main():gmm-align-compiled.cc:127) c569
LOG (gmm-align-compiled[5.5.383~1-bd1d]:main():gmm-align-compiled.cc:127) c57
LOG (gmm-align-compiled[5.5.383~1-bd1d]:main():gmm-align-compiled.cc:127) c570
LOG (gmm-align-compiled[5.5.383~1-bd1d]:main():gmm-align-compiled.cc:127) c571
LOG (gmm-align-compiled[5.5.383~1-bd1d]:main():gmm-align-compiled.cc:127) c572
LOG (gmm-align-compiled[5.5.383~1-bd1d]:main():gmm-align-compiled.cc:127) c573
LOG (gmm-align-compiled[5.5.383~1-bd1d]:main():gmm-align-compiled.cc:127) c574
LOG (gmm-align-compiled[5.5.383~1-bd1d]:main():gmm-align-compiled.cc:127) c575
LOG (gmm-align-compiled[5.5.383~1-bd1d]:main():gmm-align-compiled.cc:127) c576
LOG (gmm-align-compiled[5.5.383~1-bd1d]:main():gmm-align-compiled.cc:127) c577
LOG (gmm-align-compiled[5.5.383~1-bd1d]:main():gmm-align-compiled.cc:127) c578
LOG (gmm-align-compiled[5.5.383~1-bd1d]:main():gmm-align-compiled.cc:127) c579
LOG (gmm-align-compiled[5.5.383~1-bd1d]:main():gmm-align-compiled.cc:127) c58
LOG (gmm-align-compiled[5.5.383~1-bd1d]:main():gmm-align-compiled.cc:127) c580
LOG (gmm-align-compiled[5.5.383~1-bd1d]:main():gmm-align-compiled.cc:127) c581
LOG (gmm-align-compiled[5.5.383~1-bd1d]:main():gmm-align-compiled.cc:127) c582
LOG (gmm-align-compiled[5.5.383~1-bd1d]:main():gmm-align-compiled.cc:127) c583
LOG (gmm-align-compiled[5.5.383~1-bd1d]:main():gmm-align-compiled.cc:127) c584
LOG (gmm-align-compiled[5.5.383~1-bd1d]:main():gmm-align-compiled.cc:127) c585
LOG (gmm-align-compiled[5.5.383~1-bd1d]:main():gmm-align-compiled.cc:127) c586
LOG (gmm-align-compiled[5.5.383~1-bd1d]:main():gmm-align-compiled.cc:127) c587
LOG (gmm-align-compiled[5.5.383~1-bd1d]:main():gmm-align-compiled.cc:127) c588
LOG (gmm-align-compiled[5.5.383~1-bd1d]:main():gmm-align-compiled.cc:127) c589
LOG (gmm-align-compiled[5.5.383~1-bd1d]:main():gmm-align-compiled.cc:127) c59
LOG (gmm-align-compiled[5.5.383~1-bd1d]:main():gmm-align-compiled.cc:127) c590
LOG (gmm-align-compiled[5.5.383~1-bd1d]:main():gmm-align-compiled.cc:127) c591
LOG (gmm-align-compiled[5.5.383~1-bd1d]:main():gmm-align-compiled.cc:127) c592
LOG (gmm-align-compiled[5.5.383~1-bd1d]:main():gmm-align-compiled.cc:127) c593
LOG (gmm-align-compiled[5.5.383~1-bd1d]:main():gmm-align-compiled.cc:127) c594
LOG (gmm-align-compiled[5.5.383~1-bd1d]:main():gmm-align-compiled.cc:127) c595
LOG (gmm-align-compiled[5.5.383~1-bd1d]:main():gmm-align-compiled.cc:127) c596
LOG (apply-cmvn[5.5.383~1-bd1d]:main():apply-cmvn.cc:162) Applied cepstral mean normalization to 80 utterances, errors on 0
LOG (gmm-align-compiled[5.5.383~1-bd1d]:main():gmm-align-compiled.cc:127) c597
LOG (gmm-align-compiled[5.5.383~1-bd1d]:main():gmm-align-compiled.cc:127) c598
LOG (gmm-align-compiled[5.5.383~1-bd1d]:main():gmm-align-compiled.cc:127) c599
LOG (gmm-align-compiled[5.5.383~1-bd1d]:main():gmm-align-compiled.cc:127) c6
LOG (transform-feats[5.5.383~1-bd1d]:main():transform-feats.cc:158) Overall average [pseudo-]logdet is -86.2559 over 45467 frames.
LOG (transform-feats[5.5.383~1-bd1d]:main():transform-feats.cc:161) Applied transform to 80 utterances; 0 had errors.
LOG (transform-feats[5.5.383~1-bd1d]:main():transform-feats.cc:158) Overall average logdet is 0 over 45467 frames.
LOG (gmm-align-compiled[5.5.383~1-bd1d]:main():gmm-align-compiled.cc:127) c60
LOG (transform-feats[5.5.383~1-bd1d]:main():transform-feats.cc:161) Applied transform to 80 utterances; 0 had errors.
LOG (gmm-align-compiled[5.5.383~1-bd1d]:main():gmm-align-compiled.cc:135) Overall log-likelihood per frame is -53.1973 over 45467 frames.
LOG (gmm-align-compiled[5.5.383~1-bd1d]:main():gmm-align-compiled.cc:137) Retried 0 out of 80 utterances.
LOG (gmm-align-compiled[5.5.383~1-bd1d]:main():gmm-align-compiled.cc:139) Done 80, errors on 0
# Accounting: time=1 threads=1
# Ended (code 0) at Tue Jun 18 17:11:38 IST 2019, elapsed time 1 seconds
