# compile-train-graphs --read-disambig-syms=data/lang/phones/disambig.int exp/tri3/tree exp/tri3/1.mdl data/lang/L.fst "ark:utils/sym2int.pl --map-oov 2 -f 2- data/lang/words.txt < data/train/split8/6/text |" "ark:|gzip -c >exp/tri3/fsts.6.gz" 
# Started at Tue Jun 18 17:11:03 IST 2019
#
compile-train-graphs --read-disambig-syms=data/lang/phones/disambig.int exp/tri3/tree exp/tri3/1.mdl data/lang/L.fst 'ark:utils/sym2int.pl --map-oov 2 -f 2- data/lang/words.txt < data/train/split8/6/text |' 'ark:|gzip -c >exp/tri3/fsts.6.gz' 
sym2int.pl: replacing لوث with 2
sym2int.pl: replacing مستعد with 2
sym2int.pl: replacing بوقت with 2
sym2int.pl: replacing بانہیں with 2
sym2int.pl: replacing انہی with 2
sym2int.pl: replacing انوکھے with 2
sym2int.pl: replacing بیباک with 2
sym2int.pl: replacing اداس with 2
sym2int.pl: replacing دھچکا with 2
sym2int.pl: replacing کیسز with 2
sym2int.pl: replacing ثلث with 2
sym2int.pl: replacing توجیہ with 2
sym2int.pl: replacing بوگس with 2
sym2int.pl: replacing چَھپ with 2
sym2int.pl: replacing معیاری with 2
sym2int.pl: replacing جیولری with 2
sym2int.pl: replacing چکاچوند with 2
sym2int.pl: replacing رویے with 2
sym2int.pl: replacing باآسانی with 2
sym2int.pl: replacing لائی with 2
sym2int.pl: not warning for OOVs any more times
** Replaced 375 instances of OOVs with 2
LOG (compile-train-graphs[5.5.383~1-bd1d]:main():compile-train-graphs.cc:147) compile-train-graphs: succeeded for 79 graphs, failed for 0
# Accounting: time=0 threads=1
# Ended (code 0) at Tue Jun 18 17:11:03 IST 2019, elapsed time 0 seconds
