# ali-to-post "ark:gunzip -c exp/tri2_ali/ali.6.gz|" ark:- | weight-silence-post 0.0 1:2:3:4:5:6:7:8:9:10 exp/tri2_ali/final.mdl ark:- ark:- | gmm-est-fmllr --fmllr-update-type=full --spk2utt=ark:data/train/split8/6/spk2utt exp/tri2_ali/final.mdl "ark,s,cs:apply-cmvn  --utt2spk=ark:data/train/split8/6/utt2spk scp:data/train/split8/6/cmvn.scp scp:data/train/split8/6/feats.scp ark:- | splice-feats  ark:- ark:- | transform-feats exp/tri2_ali/final.mat ark:- ark:- |" ark:- ark:exp/tri3/trans.6 
# Started at Tue Jun 18 17:10:58 IST 2019
#
gmm-est-fmllr --fmllr-update-type=full --spk2utt=ark:data/train/split8/6/spk2utt exp/tri2_ali/final.mdl 'ark,s,cs:apply-cmvn  --utt2spk=ark:data/train/split8/6/utt2spk scp:data/train/split8/6/cmvn.scp scp:data/train/split8/6/feats.scp ark:- | splice-feats  ark:- ark:- | transform-feats exp/tri2_ali/final.mat ark:- ark:- |' ark:- ark:exp/tri3/trans.6 
ali-to-post 'ark:gunzip -c exp/tri2_ali/ali.6.gz|' ark:- 
weight-silence-post 0.0 1:2:3:4:5:6:7:8:9:10 exp/tri2_ali/final.mdl ark:- ark:- 
splice-feats ark:- ark:- 
apply-cmvn --utt2spk=ark:data/train/split8/6/utt2spk scp:data/train/split8/6/cmvn.scp scp:data/train/split8/6/feats.scp ark:- 
transform-feats exp/tri2_ali/final.mat ark:- ark:- 
WARNING (gmm-est-fmllr[5.5.383~1-bd1d]:Update():fmllr-diag-gmm.cc:162) Not updating fMLLR since below min-count: count is 343
LOG (gmm-est-fmllr[5.5.383~1-bd1d]:main():gmm-est-fmllr.cc:143) For speaker c458, auxf-impr from fMLLR is 0, over 343 frames.
WARNING (gmm-est-fmllr[5.5.383~1-bd1d]:Update():fmllr-diag-gmm.cc:162) Not updating fMLLR since below min-count: count is 244
LOG (gmm-est-fmllr[5.5.383~1-bd1d]:main():gmm-est-fmllr.cc:143) For speaker c459, auxf-impr from fMLLR is 0, over 244 frames.
WARNING (gmm-est-fmllr[5.5.383~1-bd1d]:Update():fmllr-diag-gmm.cc:162) Not updating fMLLR since below min-count: count is 168
LOG (gmm-est-fmllr[5.5.383~1-bd1d]:main():gmm-est-fmllr.cc:143) For speaker c46, auxf-impr from fMLLR is 0, over 168 frames.
WARNING (gmm-est-fmllr[5.5.383~1-bd1d]:Update():fmllr-diag-gmm.cc:162) Not updating fMLLR since below min-count: count is 379
LOG (gmm-est-fmllr[5.5.383~1-bd1d]:main():gmm-est-fmllr.cc:143) For speaker c460, auxf-impr from fMLLR is 0, over 379 frames.
WARNING (gmm-est-fmllr[5.5.383~1-bd1d]:Update():fmllr-diag-gmm.cc:162) Not updating fMLLR since below min-count: count is 177
LOG (gmm-est-fmllr[5.5.383~1-bd1d]:main():gmm-est-fmllr.cc:143) For speaker c461, auxf-impr from fMLLR is 0, over 177 frames.
WARNING (gmm-est-fmllr[5.5.383~1-bd1d]:Update():fmllr-diag-gmm.cc:162) Not updating fMLLR since below min-count: count is 286
LOG (gmm-est-fmllr[5.5.383~1-bd1d]:main():gmm-est-fmllr.cc:143) For speaker c462, auxf-impr from fMLLR is 0, over 286 frames.
WARNING (gmm-est-fmllr[5.5.383~1-bd1d]:Update():fmllr-diag-gmm.cc:162) Not updating fMLLR since below min-count: count is 220
LOG (gmm-est-fmllr[5.5.383~1-bd1d]:main():gmm-est-fmllr.cc:143) For speaker c463, auxf-impr from fMLLR is 0, over 220 frames.
WARNING (gmm-est-fmllr[5.5.383~1-bd1d]:Update():fmllr-diag-gmm.cc:162) Not updating fMLLR since below min-count: count is 168
LOG (gmm-est-fmllr[5.5.383~1-bd1d]:main():gmm-est-fmllr.cc:143) For speaker c464, auxf-impr from fMLLR is 0, over 168 frames.
WARNING (gmm-est-fmllr[5.5.383~1-bd1d]:Update():fmllr-diag-gmm.cc:162) Not updating fMLLR since below min-count: count is 241
LOG (gmm-est-fmllr[5.5.383~1-bd1d]:main():gmm-est-fmllr.cc:143) For speaker c465, auxf-impr from fMLLR is 0, over 241 frames.
WARNING (gmm-est-fmllr[5.5.383~1-bd1d]:Update():fmllr-diag-gmm.cc:162) Not updating fMLLR since below min-count: count is 130
LOG (gmm-est-fmllr[5.5.383~1-bd1d]:main():gmm-est-fmllr.cc:143) For speaker c466, auxf-impr from fMLLR is 0, over 130 frames.
WARNING (gmm-est-fmllr[5.5.383~1-bd1d]:Update():fmllr-diag-gmm.cc:162) Not updating fMLLR since below min-count: count is 189
LOG (gmm-est-fmllr[5.5.383~1-bd1d]:main():gmm-est-fmllr.cc:143) For speaker c467, auxf-impr from fMLLR is 0, over 189 frames.
WARNING (gmm-est-fmllr[5.5.383~1-bd1d]:Update():fmllr-diag-gmm.cc:162) Not updating fMLLR since below min-count: count is 302
LOG (gmm-est-fmllr[5.5.383~1-bd1d]:main():gmm-est-fmllr.cc:143) For speaker c468, auxf-impr from fMLLR is 0, over 302 frames.
WARNING (gmm-est-fmllr[5.5.383~1-bd1d]:Update():fmllr-diag-gmm.cc:162) Not updating fMLLR since below min-count: count is 321
LOG (gmm-est-fmllr[5.5.383~1-bd1d]:main():gmm-est-fmllr.cc:143) For speaker c469, auxf-impr from fMLLR is 0, over 321 frames.
WARNING (gmm-est-fmllr[5.5.383~1-bd1d]:Update():fmllr-diag-gmm.cc:162) Not updating fMLLR since below min-count: count is 312
LOG (gmm-est-fmllr[5.5.383~1-bd1d]:main():gmm-est-fmllr.cc:143) For speaker c47, auxf-impr from fMLLR is 0, over 312 frames.
WARNING (gmm-est-fmllr[5.5.383~1-bd1d]:Update():fmllr-diag-gmm.cc:162) Not updating fMLLR since below min-count: count is 269
LOG (gmm-est-fmllr[5.5.383~1-bd1d]:main():gmm-est-fmllr.cc:143) For speaker c470, auxf-impr from fMLLR is 0, over 269 frames.
WARNING (gmm-est-fmllr[5.5.383~1-bd1d]:Update():fmllr-diag-gmm.cc:162) Not updating fMLLR since below min-count: count is 361
LOG (gmm-est-fmllr[5.5.383~1-bd1d]:main():gmm-est-fmllr.cc:143) For speaker c471, auxf-impr from fMLLR is 0, over 361 frames.
WARNING (gmm-est-fmllr[5.5.383~1-bd1d]:Update():fmllr-diag-gmm.cc:162) Not updating fMLLR since below min-count: count is 420
LOG (gmm-est-fmllr[5.5.383~1-bd1d]:main():gmm-est-fmllr.cc:143) For speaker c472, auxf-impr from fMLLR is 0, over 420 frames.
WARNING (gmm-est-fmllr[5.5.383~1-bd1d]:Update():fmllr-diag-gmm.cc:162) Not updating fMLLR since below min-count: count is 300
LOG (gmm-est-fmllr[5.5.383~1-bd1d]:main():gmm-est-fmllr.cc:143) For speaker c473, auxf-impr from fMLLR is 0, over 300 frames.
WARNING (gmm-est-fmllr[5.5.383~1-bd1d]:Update():fmllr-diag-gmm.cc:162) Not updating fMLLR since below min-count: count is 254
LOG (gmm-est-fmllr[5.5.383~1-bd1d]:main():gmm-est-fmllr.cc:143) For speaker c474, auxf-impr from fMLLR is 0, over 254 frames.
WARNING (gmm-est-fmllr[5.5.383~1-bd1d]:Update():fmllr-diag-gmm.cc:162) Not updating fMLLR since below min-count: count is 177
LOG (gmm-est-fmllr[5.5.383~1-bd1d]:main():gmm-est-fmllr.cc:143) For speaker c475, auxf-impr from fMLLR is 0, over 177 frames.
WARNING (gmm-est-fmllr[5.5.383~1-bd1d]:Update():fmllr-diag-gmm.cc:162) Not updating fMLLR since below min-count: count is 231
LOG (gmm-est-fmllr[5.5.383~1-bd1d]:main():gmm-est-fmllr.cc:143) For speaker c476, auxf-impr from fMLLR is 0, over 231 frames.
WARNING (gmm-est-fmllr[5.5.383~1-bd1d]:Update():fmllr-diag-gmm.cc:162) Not updating fMLLR since below min-count: count is 303
LOG (gmm-est-fmllr[5.5.383~1-bd1d]:main():gmm-est-fmllr.cc:143) For speaker c477, auxf-impr from fMLLR is 0, over 303 frames.
WARNING (gmm-est-fmllr[5.5.383~1-bd1d]:Update():fmllr-diag-gmm.cc:162) Not updating fMLLR since below min-count: count is 398
LOG (gmm-est-fmllr[5.5.383~1-bd1d]:main():gmm-est-fmllr.cc:143) For speaker c478, auxf-impr from fMLLR is 0, over 398 frames.
WARNING (gmm-est-fmllr[5.5.383~1-bd1d]:Update():fmllr-diag-gmm.cc:162) Not updating fMLLR since below min-count: count is 321
LOG (gmm-est-fmllr[5.5.383~1-bd1d]:main():gmm-est-fmllr.cc:143) For speaker c479, auxf-impr from fMLLR is 0, over 321 frames.
WARNING (gmm-est-fmllr[5.5.383~1-bd1d]:Update():fmllr-diag-gmm.cc:162) Not updating fMLLR since below min-count: count is 261
LOG (gmm-est-fmllr[5.5.383~1-bd1d]:main():gmm-est-fmllr.cc:143) For speaker c48, auxf-impr from fMLLR is 0, over 261 frames.
WARNING (gmm-est-fmllr[5.5.383~1-bd1d]:Update():fmllr-diag-gmm.cc:162) Not updating fMLLR since below min-count: count is 258
LOG (gmm-est-fmllr[5.5.383~1-bd1d]:main():gmm-est-fmllr.cc:143) For speaker c480, auxf-impr from fMLLR is 0, over 258 frames.
WARNING (gmm-est-fmllr[5.5.383~1-bd1d]:Update():fmllr-diag-gmm.cc:162) Not updating fMLLR since below min-count: count is 169
LOG (gmm-est-fmllr[5.5.383~1-bd1d]:main():gmm-est-fmllr.cc:143) For speaker c481, auxf-impr from fMLLR is 0, over 169 frames.
WARNING (gmm-est-fmllr[5.5.383~1-bd1d]:Update():fmllr-diag-gmm.cc:162) Not updating fMLLR since below min-count: count is 249
LOG (gmm-est-fmllr[5.5.383~1-bd1d]:main():gmm-est-fmllr.cc:143) For speaker c482, auxf-impr from fMLLR is 0, over 249 frames.
WARNING (gmm-est-fmllr[5.5.383~1-bd1d]:Update():fmllr-diag-gmm.cc:162) Not updating fMLLR since below min-count: count is 194
LOG (gmm-est-fmllr[5.5.383~1-bd1d]:main():gmm-est-fmllr.cc:143) For speaker c483, auxf-impr from fMLLR is 0, over 194 frames.
WARNING (gmm-est-fmllr[5.5.383~1-bd1d]:Update():fmllr-diag-gmm.cc:162) Not updating fMLLR since below min-count: count is 187
LOG (gmm-est-fmllr[5.5.383~1-bd1d]:main():gmm-est-fmllr.cc:143) For speaker c484, auxf-impr from fMLLR is 0, over 187 frames.
WARNING (gmm-est-fmllr[5.5.383~1-bd1d]:Update():fmllr-diag-gmm.cc:162) Not updating fMLLR since below min-count: count is 248
LOG (gmm-est-fmllr[5.5.383~1-bd1d]:main():gmm-est-fmllr.cc:143) For speaker c485, auxf-impr from fMLLR is 0, over 248 frames.
WARNING (gmm-est-fmllr[5.5.383~1-bd1d]:Update():fmllr-diag-gmm.cc:162) Not updating fMLLR since below min-count: count is 266
LOG (gmm-est-fmllr[5.5.383~1-bd1d]:main():gmm-est-fmllr.cc:143) For speaker c486, auxf-impr from fMLLR is 0, over 266 frames.
WARNING (gmm-est-fmllr[5.5.383~1-bd1d]:Update():fmllr-diag-gmm.cc:162) Not updating fMLLR since below min-count: count is 448
LOG (gmm-est-fmllr[5.5.383~1-bd1d]:main():gmm-est-fmllr.cc:143) For speaker c487, auxf-impr from fMLLR is 0, over 448 frames.
WARNING (gmm-est-fmllr[5.5.383~1-bd1d]:Update():fmllr-diag-gmm.cc:162) Not updating fMLLR since below min-count: count is 112
LOG (gmm-est-fmllr[5.5.383~1-bd1d]:main():gmm-est-fmllr.cc:143) For speaker c488, auxf-impr from fMLLR is 0, over 112 frames.
WARNING (gmm-est-fmllr[5.5.383~1-bd1d]:Update():fmllr-diag-gmm.cc:162) Not updating fMLLR since below min-count: count is 277
LOG (gmm-est-fmllr[5.5.383~1-bd1d]:main():gmm-est-fmllr.cc:143) For speaker c489, auxf-impr from fMLLR is 0, over 277 frames.
WARNING (gmm-est-fmllr[5.5.383~1-bd1d]:Update():fmllr-diag-gmm.cc:162) Not updating fMLLR since below min-count: count is 238
LOG (gmm-est-fmllr[5.5.383~1-bd1d]:main():gmm-est-fmllr.cc:143) For speaker c49, auxf-impr from fMLLR is 0, over 238 frames.
WARNING (gmm-est-fmllr[5.5.383~1-bd1d]:Update():fmllr-diag-gmm.cc:162) Not updating fMLLR since below min-count: count is 189
LOG (gmm-est-fmllr[5.5.383~1-bd1d]:main():gmm-est-fmllr.cc:143) For speaker c490, auxf-impr from fMLLR is 0, over 189 frames.
WARNING (gmm-est-fmllr[5.5.383~1-bd1d]:Update():fmllr-diag-gmm.cc:162) Not updating fMLLR since below min-count: count is 237
LOG (gmm-est-fmllr[5.5.383~1-bd1d]:main():gmm-est-fmllr.cc:143) For speaker c491, auxf-impr from fMLLR is 0, over 237 frames.
WARNING (gmm-est-fmllr[5.5.383~1-bd1d]:Update():fmllr-diag-gmm.cc:162) Not updating fMLLR since below min-count: count is 142
LOG (gmm-est-fmllr[5.5.383~1-bd1d]:main():gmm-est-fmllr.cc:143) For speaker c492, auxf-impr from fMLLR is 0, over 142 frames.
WARNING (gmm-est-fmllr[5.5.383~1-bd1d]:Update():fmllr-diag-gmm.cc:162) Not updating fMLLR since below min-count: count is 118
LOG (gmm-est-fmllr[5.5.383~1-bd1d]:main():gmm-est-fmllr.cc:143) For speaker c493, auxf-impr from fMLLR is 0, over 118 frames.
WARNING (gmm-est-fmllr[5.5.383~1-bd1d]:Update():fmllr-diag-gmm.cc:162) Not updating fMLLR since below min-count: count is 208
LOG (gmm-est-fmllr[5.5.383~1-bd1d]:main():gmm-est-fmllr.cc:143) For speaker c494, auxf-impr from fMLLR is 0, over 208 frames.
WARNING (gmm-est-fmllr[5.5.383~1-bd1d]:Update():fmllr-diag-gmm.cc:162) Not updating fMLLR since below min-count: count is 202
LOG (gmm-est-fmllr[5.5.383~1-bd1d]:main():gmm-est-fmllr.cc:143) For speaker c495, auxf-impr from fMLLR is 0, over 202 frames.
WARNING (gmm-est-fmllr[5.5.383~1-bd1d]:Update():fmllr-diag-gmm.cc:162) Not updating fMLLR since below min-count: count is 132
LOG (gmm-est-fmllr[5.5.383~1-bd1d]:main():gmm-est-fmllr.cc:143) For speaker c496, auxf-impr from fMLLR is 0, over 132 frames.
WARNING (gmm-est-fmllr[5.5.383~1-bd1d]:Update():fmllr-diag-gmm.cc:162) Not updating fMLLR since below min-count: count is 112
LOG (gmm-est-fmllr[5.5.383~1-bd1d]:main():gmm-est-fmllr.cc:143) For speaker c497, auxf-impr from fMLLR is 0, over 112 frames.
WARNING (gmm-est-fmllr[5.5.383~1-bd1d]:Update():fmllr-diag-gmm.cc:162) Not updating fMLLR since below min-count: count is 121
LOG (gmm-est-fmllr[5.5.383~1-bd1d]:main():gmm-est-fmllr.cc:143) For speaker c498, auxf-impr from fMLLR is 0, over 121 frames.
WARNING (gmm-est-fmllr[5.5.383~1-bd1d]:Update():fmllr-diag-gmm.cc:162) Not updating fMLLR since below min-count: count is 256
LOG (gmm-est-fmllr[5.5.383~1-bd1d]:main():gmm-est-fmllr.cc:143) For speaker c499, auxf-impr from fMLLR is 0, over 256 frames.
WARNING (gmm-est-fmllr[5.5.383~1-bd1d]:Update():fmllr-diag-gmm.cc:162) Not updating fMLLR since below min-count: count is 401
LOG (gmm-est-fmllr[5.5.383~1-bd1d]:main():gmm-est-fmllr.cc:143) For speaker c5, auxf-impr from fMLLR is 0, over 401 frames.
WARNING (gmm-est-fmllr[5.5.383~1-bd1d]:Update():fmllr-diag-gmm.cc:162) Not updating fMLLR since below min-count: count is 301
LOG (gmm-est-fmllr[5.5.383~1-bd1d]:main():gmm-est-fmllr.cc:143) For speaker c50, auxf-impr from fMLLR is 0, over 301 frames.
WARNING (gmm-est-fmllr[5.5.383~1-bd1d]:Update():fmllr-diag-gmm.cc:162) Not updating fMLLR since below min-count: count is 124
LOG (gmm-est-fmllr[5.5.383~1-bd1d]:main():gmm-est-fmllr.cc:143) For speaker c500, auxf-impr from fMLLR is 0, over 124 frames.
WARNING (gmm-est-fmllr[5.5.383~1-bd1d]:Update():fmllr-diag-gmm.cc:162) Not updating fMLLR since below min-count: count is 188
LOG (gmm-est-fmllr[5.5.383~1-bd1d]:main():gmm-est-fmllr.cc:143) For speaker c501, auxf-impr from fMLLR is 0, over 188 frames.
WARNING (gmm-est-fmllr[5.5.383~1-bd1d]:Update():fmllr-diag-gmm.cc:162) Not updating fMLLR since below min-count: count is 368
LOG (gmm-est-fmllr[5.5.383~1-bd1d]:main():gmm-est-fmllr.cc:143) For speaker c502, auxf-impr from fMLLR is 0, over 368 frames.
WARNING (gmm-est-fmllr[5.5.383~1-bd1d]:Update():fmllr-diag-gmm.cc:162) Not updating fMLLR since below min-count: count is 149
LOG (gmm-est-fmllr[5.5.383~1-bd1d]:main():gmm-est-fmllr.cc:143) For speaker c503, auxf-impr from fMLLR is 0, over 149 frames.
WARNING (gmm-est-fmllr[5.5.383~1-bd1d]:Update():fmllr-diag-gmm.cc:162) Not updating fMLLR since below min-count: count is 194
LOG (gmm-est-fmllr[5.5.383~1-bd1d]:main():gmm-est-fmllr.cc:143) For speaker c504, auxf-impr from fMLLR is 0, over 194 frames.
WARNING (gmm-est-fmllr[5.5.383~1-bd1d]:Update():fmllr-diag-gmm.cc:162) Not updating fMLLR since below min-count: count is 241
LOG (gmm-est-fmllr[5.5.383~1-bd1d]:main():gmm-est-fmllr.cc:143) For speaker c505, auxf-impr from fMLLR is 0, over 241 frames.
WARNING (gmm-est-fmllr[5.5.383~1-bd1d]:Update():fmllr-diag-gmm.cc:162) Not updating fMLLR since below min-count: count is 147
LOG (gmm-est-fmllr[5.5.383~1-bd1d]:main():gmm-est-fmllr.cc:143) For speaker c506, auxf-impr from fMLLR is 0, over 147 frames.
WARNING (gmm-est-fmllr[5.5.383~1-bd1d]:Update():fmllr-diag-gmm.cc:162) Not updating fMLLR since below min-count: count is 354
LOG (gmm-est-fmllr[5.5.383~1-bd1d]:main():gmm-est-fmllr.cc:143) For speaker c507, auxf-impr from fMLLR is 0, over 354 frames.
WARNING (gmm-est-fmllr[5.5.383~1-bd1d]:Update():fmllr-diag-gmm.cc:162) Not updating fMLLR since below min-count: count is 75
LOG (gmm-est-fmllr[5.5.383~1-bd1d]:main():gmm-est-fmllr.cc:143) For speaker c508, auxf-impr from fMLLR is 0, over 75 frames.
WARNING (gmm-est-fmllr[5.5.383~1-bd1d]:Update():fmllr-diag-gmm.cc:162) Not updating fMLLR since below min-count: count is 140
LOG (gmm-est-fmllr[5.5.383~1-bd1d]:main():gmm-est-fmllr.cc:143) For speaker c509, auxf-impr from fMLLR is 0, over 140 frames.
WARNING (gmm-est-fmllr[5.5.383~1-bd1d]:Update():fmllr-diag-gmm.cc:162) Not updating fMLLR since below min-count: count is 114
LOG (gmm-est-fmllr[5.5.383~1-bd1d]:main():gmm-est-fmllr.cc:143) For speaker c51, auxf-impr from fMLLR is 0, over 114 frames.
WARNING (gmm-est-fmllr[5.5.383~1-bd1d]:Update():fmllr-diag-gmm.cc:162) Not updating fMLLR since below min-count: count is 33
LOG (gmm-est-fmllr[5.5.383~1-bd1d]:main():gmm-est-fmllr.cc:143) For speaker c510, auxf-impr from fMLLR is 0, over 33 frames.
WARNING (gmm-est-fmllr[5.5.383~1-bd1d]:Update():fmllr-diag-gmm.cc:162) Not updating fMLLR since below min-count: count is 211
LOG (gmm-est-fmllr[5.5.383~1-bd1d]:main():gmm-est-fmllr.cc:143) For speaker c511, auxf-impr from fMLLR is 0, over 211 frames.
LOG (ali-to-post[5.5.383~1-bd1d]:main():ali-to-post.cc:73) Converted 79 alignments.
WARNING (gmm-est-fmllr[5.5.383~1-bd1d]:Update():fmllr-diag-gmm.cc:162) Not updating fMLLR since below min-count: count is 159
LOG (gmm-est-fmllr[5.5.383~1-bd1d]:main():gmm-est-fmllr.cc:143) For speaker c512, auxf-impr from fMLLR is 0, over 159 frames.
WARNING (gmm-est-fmllr[5.5.383~1-bd1d]:Update():fmllr-diag-gmm.cc:162) Not updating fMLLR since below min-count: count is 178
LOG (gmm-est-fmllr[5.5.383~1-bd1d]:main():gmm-est-fmllr.cc:143) For speaker c513, auxf-impr from fMLLR is 0, over 178 frames.
WARNING (gmm-est-fmllr[5.5.383~1-bd1d]:Update():fmllr-diag-gmm.cc:162) Not updating fMLLR since below min-count: count is 305
LOG (gmm-est-fmllr[5.5.383~1-bd1d]:main():gmm-est-fmllr.cc:143) For speaker c514, auxf-impr from fMLLR is 0, over 305 frames.
WARNING (gmm-est-fmllr[5.5.383~1-bd1d]:Update():fmllr-diag-gmm.cc:162) Not updating fMLLR since below min-count: count is 252
LOG (gmm-est-fmllr[5.5.383~1-bd1d]:main():gmm-est-fmllr.cc:143) For speaker c515, auxf-impr from fMLLR is 0, over 252 frames.
WARNING (gmm-est-fmllr[5.5.383~1-bd1d]:Update():fmllr-diag-gmm.cc:162) Not updating fMLLR since below min-count: count is 274
LOG (gmm-est-fmllr[5.5.383~1-bd1d]:main():gmm-est-fmllr.cc:143) For speaker c516, auxf-impr from fMLLR is 0, over 274 frames.
WARNING (gmm-est-fmllr[5.5.383~1-bd1d]:Update():fmllr-diag-gmm.cc:162) Not updating fMLLR since below min-count: count is 339
LOG (gmm-est-fmllr[5.5.383~1-bd1d]:main():gmm-est-fmllr.cc:143) For speaker c517, auxf-impr from fMLLR is 0, over 339 frames.
WARNING (gmm-est-fmllr[5.5.383~1-bd1d]:Update():fmllr-diag-gmm.cc:162) Not updating fMLLR since below min-count: count is 195
LOG (gmm-est-fmllr[5.5.383~1-bd1d]:main():gmm-est-fmllr.cc:143) For speaker c518, auxf-impr from fMLLR is 0, over 195 frames.
WARNING (gmm-est-fmllr[5.5.383~1-bd1d]:Update():fmllr-diag-gmm.cc:162) Not updating fMLLR since below min-count: count is 195
LOG (gmm-est-fmllr[5.5.383~1-bd1d]:main():gmm-est-fmllr.cc:143) For speaker c519, auxf-impr from fMLLR is 0, over 195 frames.
LOG (weight-silence-post[5.5.383~1-bd1d]:main():weight-silence-post.cc:95) Done 79 posteriors.
WARNING (gmm-est-fmllr[5.5.383~1-bd1d]:Update():fmllr-diag-gmm.cc:162) Not updating fMLLR since below min-count: count is 237
LOG (gmm-est-fmllr[5.5.383~1-bd1d]:main():gmm-est-fmllr.cc:143) For speaker c52, auxf-impr from fMLLR is 0, over 237 frames.
WARNING (gmm-est-fmllr[5.5.383~1-bd1d]:Update():fmllr-diag-gmm.cc:162) Not updating fMLLR since below min-count: count is 79
LOG (gmm-est-fmllr[5.5.383~1-bd1d]:main():gmm-est-fmllr.cc:143) For speaker c520, auxf-impr from fMLLR is 0, over 79 frames.
WARNING (gmm-est-fmllr[5.5.383~1-bd1d]:Update():fmllr-diag-gmm.cc:162) Not updating fMLLR since below min-count: count is 362
LOG (gmm-est-fmllr[5.5.383~1-bd1d]:main():gmm-est-fmllr.cc:143) For speaker c521, auxf-impr from fMLLR is 0, over 362 frames.
WARNING (gmm-est-fmllr[5.5.383~1-bd1d]:Update():fmllr-diag-gmm.cc:162) Not updating fMLLR since below min-count: count is 101
LOG (gmm-est-fmllr[5.5.383~1-bd1d]:main():gmm-est-fmllr.cc:143) For speaker c522, auxf-impr from fMLLR is 0, over 101 frames.
WARNING (gmm-est-fmllr[5.5.383~1-bd1d]:Update():fmllr-diag-gmm.cc:162) Not updating fMLLR since below min-count: count is 256
LOG (gmm-est-fmllr[5.5.383~1-bd1d]:main():gmm-est-fmllr.cc:143) For speaker c523, auxf-impr from fMLLR is 0, over 256 frames.
LOG (apply-cmvn[5.5.383~1-bd1d]:main():apply-cmvn.cc:162) Applied cepstral mean normalization to 79 utterances, errors on 0
WARNING (gmm-est-fmllr[5.5.383~1-bd1d]:Update():fmllr-diag-gmm.cc:162) Not updating fMLLR since below min-count: count is 296
LOG (gmm-est-fmllr[5.5.383~1-bd1d]:main():gmm-est-fmllr.cc:143) For speaker c524, auxf-impr from fMLLR is 0, over 296 frames.
WARNING (gmm-est-fmllr[5.5.383~1-bd1d]:Update():fmllr-diag-gmm.cc:162) Not updating fMLLR since below min-count: count is 192
LOG (gmm-est-fmllr[5.5.383~1-bd1d]:main():gmm-est-fmllr.cc:143) For speaker c525, auxf-impr from fMLLR is 0, over 192 frames.
WARNING (gmm-est-fmllr[5.5.383~1-bd1d]:Update():fmllr-diag-gmm.cc:162) Not updating fMLLR since below min-count: count is 243
LOG (gmm-est-fmllr[5.5.383~1-bd1d]:main():gmm-est-fmllr.cc:143) For speaker c526, auxf-impr from fMLLR is 0, over 243 frames.
WARNING (gmm-est-fmllr[5.5.383~1-bd1d]:Update():fmllr-diag-gmm.cc:162) Not updating fMLLR since below min-count: count is 413
LOG (gmm-est-fmllr[5.5.383~1-bd1d]:main():gmm-est-fmllr.cc:143) For speaker c527, auxf-impr from fMLLR is 0, over 413 frames.
LOG (transform-feats[5.5.383~1-bd1d]:main():transform-feats.cc:158) Overall average [pseudo-]logdet is -86.2559 over 41853 frames.
LOG (transform-feats[5.5.383~1-bd1d]:main():transform-feats.cc:161) Applied transform to 79 utterances; 0 had errors.
WARNING (gmm-est-fmllr[5.5.383~1-bd1d]:Update():fmllr-diag-gmm.cc:162) Not updating fMLLR since below min-count: count is 195
LOG (gmm-est-fmllr[5.5.383~1-bd1d]:main():gmm-est-fmllr.cc:143) For speaker c528, auxf-impr from fMLLR is 0, over 195 frames.
LOG (gmm-est-fmllr[5.5.383~1-bd1d]:main():gmm-est-fmllr.cc:188) Done 79 files, 0 with no posts, 0 with other errors.
LOG (gmm-est-fmllr[5.5.383~1-bd1d]:main():gmm-est-fmllr.cc:190) Overall fMLLR auxf impr per frame is 0 over 18449 frames.
# Accounting: time=0 threads=1
# Ended (code 0) at Tue Jun 18 17:10:58 IST 2019, elapsed time 0 seconds
