# ali-to-post "ark:gunzip -c exp/tri3/ali.3.gz|" ark:- | weight-silence-post 0.0 1:2:3:4:5:6:7:8:9:10 exp/tri3/6.mdl ark:- ark:- | gmm-est-fmllr --fmllr-update-type=full --spk2utt=ark:data/train/split8/3/spk2utt exp/tri3/6.mdl "ark,s,cs:apply-cmvn  --utt2spk=ark:data/train/split8/3/utt2spk scp:data/train/split8/3/cmvn.scp scp:data/train/split8/3/feats.scp ark:- | splice-feats  ark:- ark:- | transform-feats exp/tri2_ali/final.mat ark:- ark:- | transform-feats --utt2spk=ark:data/train/split8/3/utt2spk ark:exp/tri3/trans.3 ark:- ark:- |" ark:- ark:exp/tri3/tmp_trans.3 
# Started at Tue Jun 18 17:11:12 IST 2019
#
ali-to-post 'ark:gunzip -c exp/tri3/ali.3.gz|' ark:- 
weight-silence-post 0.0 1:2:3:4:5:6:7:8:9:10 exp/tri3/6.mdl ark:- ark:- 
gmm-est-fmllr --fmllr-update-type=full --spk2utt=ark:data/train/split8/3/spk2utt exp/tri3/6.mdl 'ark,s,cs:apply-cmvn  --utt2spk=ark:data/train/split8/3/utt2spk scp:data/train/split8/3/cmvn.scp scp:data/train/split8/3/feats.scp ark:- | splice-feats  ark:- ark:- | transform-feats exp/tri2_ali/final.mat ark:- ark:- | transform-feats --utt2spk=ark:data/train/split8/3/utt2spk ark:exp/tri3/trans.3 ark:- ark:- |' ark:- ark:exp/tri3/tmp_trans.3 
splice-feats ark:- ark:- 
transform-feats exp/tri2_ali/final.mat ark:- ark:- 
transform-feats --utt2spk=ark:data/train/split8/3/utt2spk ark:exp/tri3/trans.3 ark:- ark:- 
apply-cmvn --utt2spk=ark:data/train/split8/3/utt2spk scp:data/train/split8/3/cmvn.scp scp:data/train/split8/3/feats.scp ark:- 
WARNING (gmm-est-fmllr[5.5.383~1-bd1d]:Update():fmllr-diag-gmm.cc:162) Not updating fMLLR since below min-count: count is 108
LOG (gmm-est-fmllr[5.5.383~1-bd1d]:main():gmm-est-fmllr.cc:143) For speaker c242, auxf-impr from fMLLR is 0, over 108 frames.
WARNING (gmm-est-fmllr[5.5.383~1-bd1d]:Update():fmllr-diag-gmm.cc:162) Not updating fMLLR since below min-count: count is 342
LOG (gmm-est-fmllr[5.5.383~1-bd1d]:main():gmm-est-fmllr.cc:143) For speaker c243, auxf-impr from fMLLR is 0, over 342 frames.
WARNING (gmm-est-fmllr[5.5.383~1-bd1d]:Update():fmllr-diag-gmm.cc:162) Not updating fMLLR since below min-count: count is 386
LOG (gmm-est-fmllr[5.5.383~1-bd1d]:main():gmm-est-fmllr.cc:143) For speaker c244, auxf-impr from fMLLR is 0, over 386 frames.
WARNING (gmm-est-fmllr[5.5.383~1-bd1d]:Update():fmllr-diag-gmm.cc:162) Not updating fMLLR since below min-count: count is 335
LOG (gmm-est-fmllr[5.5.383~1-bd1d]:main():gmm-est-fmllr.cc:143) For speaker c245, auxf-impr from fMLLR is 0, over 335 frames.
WARNING (gmm-est-fmllr[5.5.383~1-bd1d]:Update():fmllr-diag-gmm.cc:162) Not updating fMLLR since below min-count: count is 266
LOG (gmm-est-fmllr[5.5.383~1-bd1d]:main():gmm-est-fmllr.cc:143) For speaker c246, auxf-impr from fMLLR is 0, over 266 frames.
WARNING (gmm-est-fmllr[5.5.383~1-bd1d]:Update():fmllr-diag-gmm.cc:162) Not updating fMLLR since below min-count: count is 220
LOG (gmm-est-fmllr[5.5.383~1-bd1d]:main():gmm-est-fmllr.cc:143) For speaker c247, auxf-impr from fMLLR is 0, over 220 frames.
WARNING (gmm-est-fmllr[5.5.383~1-bd1d]:Update():fmllr-diag-gmm.cc:162) Not updating fMLLR since below min-count: count is 315
LOG (gmm-est-fmllr[5.5.383~1-bd1d]:main():gmm-est-fmllr.cc:143) For speaker c248, auxf-impr from fMLLR is 0, over 315 frames.
WARNING (gmm-est-fmllr[5.5.383~1-bd1d]:Update():fmllr-diag-gmm.cc:162) Not updating fMLLR since below min-count: count is 196
LOG (gmm-est-fmllr[5.5.383~1-bd1d]:main():gmm-est-fmllr.cc:143) For speaker c249, auxf-impr from fMLLR is 0, over 196 frames.
WARNING (gmm-est-fmllr[5.5.383~1-bd1d]:Update():fmllr-diag-gmm.cc:162) Not updating fMLLR since below min-count: count is 297
LOG (gmm-est-fmllr[5.5.383~1-bd1d]:main():gmm-est-fmllr.cc:143) For speaker c25, auxf-impr from fMLLR is 0, over 297 frames.
WARNING (gmm-est-fmllr[5.5.383~1-bd1d]:Update():fmllr-diag-gmm.cc:162) Not updating fMLLR since below min-count: count is 139
LOG (gmm-est-fmllr[5.5.383~1-bd1d]:main():gmm-est-fmllr.cc:143) For speaker c250, auxf-impr from fMLLR is 0, over 139 frames.
WARNING (gmm-est-fmllr[5.5.383~1-bd1d]:Update():fmllr-diag-gmm.cc:162) Not updating fMLLR since below min-count: count is 365
LOG (gmm-est-fmllr[5.5.383~1-bd1d]:main():gmm-est-fmllr.cc:143) For speaker c251, auxf-impr from fMLLR is 0, over 365 frames.
WARNING (gmm-est-fmllr[5.5.383~1-bd1d]:Update():fmllr-diag-gmm.cc:162) Not updating fMLLR since below min-count: count is 230
LOG (gmm-est-fmllr[5.5.383~1-bd1d]:main():gmm-est-fmllr.cc:143) For speaker c252, auxf-impr from fMLLR is 0, over 230 frames.
WARNING (gmm-est-fmllr[5.5.383~1-bd1d]:Update():fmllr-diag-gmm.cc:162) Not updating fMLLR since below min-count: count is 348
LOG (gmm-est-fmllr[5.5.383~1-bd1d]:main():gmm-est-fmllr.cc:143) For speaker c253, auxf-impr from fMLLR is 0, over 348 frames.
WARNING (gmm-est-fmllr[5.5.383~1-bd1d]:Update():fmllr-diag-gmm.cc:162) Not updating fMLLR since below min-count: count is 346
LOG (gmm-est-fmllr[5.5.383~1-bd1d]:main():gmm-est-fmllr.cc:143) For speaker c254, auxf-impr from fMLLR is 0, over 346 frames.
WARNING (gmm-est-fmllr[5.5.383~1-bd1d]:Update():fmllr-diag-gmm.cc:162) Not updating fMLLR since below min-count: count is 238
LOG (gmm-est-fmllr[5.5.383~1-bd1d]:main():gmm-est-fmllr.cc:143) For speaker c255, auxf-impr from fMLLR is 0, over 238 frames.
WARNING (gmm-est-fmllr[5.5.383~1-bd1d]:Update():fmllr-diag-gmm.cc:162) Not updating fMLLR since below min-count: count is 391
LOG (gmm-est-fmllr[5.5.383~1-bd1d]:main():gmm-est-fmllr.cc:143) For speaker c256, auxf-impr from fMLLR is 0, over 391 frames.
WARNING (gmm-est-fmllr[5.5.383~1-bd1d]:Update():fmllr-diag-gmm.cc:162) Not updating fMLLR since below min-count: count is 369
LOG (gmm-est-fmllr[5.5.383~1-bd1d]:main():gmm-est-fmllr.cc:143) For speaker c257, auxf-impr from fMLLR is 0, over 369 frames.
WARNING (gmm-est-fmllr[5.5.383~1-bd1d]:Update():fmllr-diag-gmm.cc:162) Not updating fMLLR since below min-count: count is 260
LOG (gmm-est-fmllr[5.5.383~1-bd1d]:main():gmm-est-fmllr.cc:143) For speaker c258, auxf-impr from fMLLR is 0, over 260 frames.
WARNING (gmm-est-fmllr[5.5.383~1-bd1d]:Update():fmllr-diag-gmm.cc:162) Not updating fMLLR since below min-count: count is 262
LOG (gmm-est-fmllr[5.5.383~1-bd1d]:main():gmm-est-fmllr.cc:143) For speaker c259, auxf-impr from fMLLR is 0, over 262 frames.
WARNING (gmm-est-fmllr[5.5.383~1-bd1d]:Update():fmllr-diag-gmm.cc:162) Not updating fMLLR since below min-count: count is 332
LOG (gmm-est-fmllr[5.5.383~1-bd1d]:main():gmm-est-fmllr.cc:143) For speaker c26, auxf-impr from fMLLR is 0, over 332 frames.
WARNING (gmm-est-fmllr[5.5.383~1-bd1d]:Update():fmllr-diag-gmm.cc:162) Not updating fMLLR since below min-count: count is 284
LOG (gmm-est-fmllr[5.5.383~1-bd1d]:main():gmm-est-fmllr.cc:143) For speaker c260, auxf-impr from fMLLR is 0, over 284 frames.
WARNING (gmm-est-fmllr[5.5.383~1-bd1d]:Update():fmllr-diag-gmm.cc:162) Not updating fMLLR since below min-count: count is 276
LOG (gmm-est-fmllr[5.5.383~1-bd1d]:main():gmm-est-fmllr.cc:143) For speaker c261, auxf-impr from fMLLR is 0, over 276 frames.
WARNING (gmm-est-fmllr[5.5.383~1-bd1d]:Update():fmllr-diag-gmm.cc:162) Not updating fMLLR since below min-count: count is 180
LOG (gmm-est-fmllr[5.5.383~1-bd1d]:main():gmm-est-fmllr.cc:143) For speaker c262, auxf-impr from fMLLR is 0, over 180 frames.
WARNING (gmm-est-fmllr[5.5.383~1-bd1d]:Update():fmllr-diag-gmm.cc:162) Not updating fMLLR since below min-count: count is 235
LOG (gmm-est-fmllr[5.5.383~1-bd1d]:main():gmm-est-fmllr.cc:143) For speaker c263, auxf-impr from fMLLR is 0, over 235 frames.
WARNING (gmm-est-fmllr[5.5.383~1-bd1d]:Update():fmllr-diag-gmm.cc:162) Not updating fMLLR since below min-count: count is 133
LOG (gmm-est-fmllr[5.5.383~1-bd1d]:main():gmm-est-fmllr.cc:143) For speaker c264, auxf-impr from fMLLR is 0, over 133 frames.
WARNING (gmm-est-fmllr[5.5.383~1-bd1d]:Update():fmllr-diag-gmm.cc:162) Not updating fMLLR since below min-count: count is 190
LOG (gmm-est-fmllr[5.5.383~1-bd1d]:main():gmm-est-fmllr.cc:143) For speaker c265, auxf-impr from fMLLR is 0, over 190 frames.
WARNING (gmm-est-fmllr[5.5.383~1-bd1d]:Update():fmllr-diag-gmm.cc:162) Not updating fMLLR since below min-count: count is 267
LOG (gmm-est-fmllr[5.5.383~1-bd1d]:main():gmm-est-fmllr.cc:143) For speaker c266, auxf-impr from fMLLR is 0, over 267 frames.
WARNING (gmm-est-fmllr[5.5.383~1-bd1d]:Update():fmllr-diag-gmm.cc:162) Not updating fMLLR since below min-count: count is 223
LOG (gmm-est-fmllr[5.5.383~1-bd1d]:main():gmm-est-fmllr.cc:143) For speaker c267, auxf-impr from fMLLR is 0, over 223 frames.
WARNING (gmm-est-fmllr[5.5.383~1-bd1d]:Update():fmllr-diag-gmm.cc:162) Not updating fMLLR since below min-count: count is 357
LOG (gmm-est-fmllr[5.5.383~1-bd1d]:main():gmm-est-fmllr.cc:143) For speaker c268, auxf-impr from fMLLR is 0, over 357 frames.
WARNING (gmm-est-fmllr[5.5.383~1-bd1d]:Update():fmllr-diag-gmm.cc:162) Not updating fMLLR since below min-count: count is 426
LOG (gmm-est-fmllr[5.5.383~1-bd1d]:main():gmm-est-fmllr.cc:143) For speaker c269, auxf-impr from fMLLR is 0, over 426 frames.
WARNING (gmm-est-fmllr[5.5.383~1-bd1d]:Update():fmllr-diag-gmm.cc:162) Not updating fMLLR since below min-count: count is 254
LOG (gmm-est-fmllr[5.5.383~1-bd1d]:main():gmm-est-fmllr.cc:143) For speaker c27, auxf-impr from fMLLR is 0, over 254 frames.
WARNING (gmm-est-fmllr[5.5.383~1-bd1d]:Update():fmllr-diag-gmm.cc:162) Not updating fMLLR since below min-count: count is 299
LOG (gmm-est-fmllr[5.5.383~1-bd1d]:main():gmm-est-fmllr.cc:143) For speaker c270, auxf-impr from fMLLR is 0, over 299 frames.
WARNING (gmm-est-fmllr[5.5.383~1-bd1d]:Update():fmllr-diag-gmm.cc:162) Not updating fMLLR since below min-count: count is 240
LOG (gmm-est-fmllr[5.5.383~1-bd1d]:main():gmm-est-fmllr.cc:143) For speaker c271, auxf-impr from fMLLR is 0, over 240 frames.
WARNING (gmm-est-fmllr[5.5.383~1-bd1d]:Update():fmllr-diag-gmm.cc:162) Not updating fMLLR since below min-count: count is 261
LOG (gmm-est-fmllr[5.5.383~1-bd1d]:main():gmm-est-fmllr.cc:143) For speaker c272, auxf-impr from fMLLR is 0, over 261 frames.
WARNING (gmm-est-fmllr[5.5.383~1-bd1d]:Update():fmllr-diag-gmm.cc:162) Not updating fMLLR since below min-count: count is 320
LOG (gmm-est-fmllr[5.5.383~1-bd1d]:main():gmm-est-fmllr.cc:143) For speaker c273, auxf-impr from fMLLR is 0, over 320 frames.
WARNING (gmm-est-fmllr[5.5.383~1-bd1d]:Update():fmllr-diag-gmm.cc:162) Not updating fMLLR since below min-count: count is 219
LOG (gmm-est-fmllr[5.5.383~1-bd1d]:main():gmm-est-fmllr.cc:143) For speaker c274, auxf-impr from fMLLR is 0, over 219 frames.
WARNING (gmm-est-fmllr[5.5.383~1-bd1d]:Update():fmllr-diag-gmm.cc:162) Not updating fMLLR since below min-count: count is 473
LOG (gmm-est-fmllr[5.5.383~1-bd1d]:main():gmm-est-fmllr.cc:143) For speaker c275, auxf-impr from fMLLR is 0, over 473 frames.
WARNING (gmm-est-fmllr[5.5.383~1-bd1d]:Update():fmllr-diag-gmm.cc:162) Not updating fMLLR since below min-count: count is 418
LOG (gmm-est-fmllr[5.5.383~1-bd1d]:main():gmm-est-fmllr.cc:143) For speaker c276, auxf-impr from fMLLR is 0, over 418 frames.
WARNING (gmm-est-fmllr[5.5.383~1-bd1d]:Update():fmllr-diag-gmm.cc:162) Not updating fMLLR since below min-count: count is 463
LOG (gmm-est-fmllr[5.5.383~1-bd1d]:main():gmm-est-fmllr.cc:143) For speaker c277, auxf-impr from fMLLR is 0, over 463 frames.
WARNING (gmm-est-fmllr[5.5.383~1-bd1d]:Update():fmllr-diag-gmm.cc:162) Not updating fMLLR since below min-count: count is 216
LOG (gmm-est-fmllr[5.5.383~1-bd1d]:main():gmm-est-fmllr.cc:143) For speaker c278, auxf-impr from fMLLR is 0, over 216 frames.
WARNING (gmm-est-fmllr[5.5.383~1-bd1d]:Update():fmllr-diag-gmm.cc:162) Not updating fMLLR since below min-count: count is 386
LOG (gmm-est-fmllr[5.5.383~1-bd1d]:main():gmm-est-fmllr.cc:143) For speaker c279, auxf-impr from fMLLR is 0, over 386 frames.
WARNING (gmm-est-fmllr[5.5.383~1-bd1d]:Update():fmllr-diag-gmm.cc:162) Not updating fMLLR since below min-count: count is 264
LOG (gmm-est-fmllr[5.5.383~1-bd1d]:main():gmm-est-fmllr.cc:143) For speaker c28, auxf-impr from fMLLR is 0, over 264 frames.
WARNING (gmm-est-fmllr[5.5.383~1-bd1d]:Update():fmllr-diag-gmm.cc:162) Not updating fMLLR since below min-count: count is 431
LOG (gmm-est-fmllr[5.5.383~1-bd1d]:main():gmm-est-fmllr.cc:143) For speaker c280, auxf-impr from fMLLR is 0, over 431 frames.
WARNING (gmm-est-fmllr[5.5.383~1-bd1d]:Update():fmllr-diag-gmm.cc:162) Not updating fMLLR since below min-count: count is 396
LOG (gmm-est-fmllr[5.5.383~1-bd1d]:main():gmm-est-fmllr.cc:143) For speaker c281, auxf-impr from fMLLR is 0, over 396 frames.
WARNING (gmm-est-fmllr[5.5.383~1-bd1d]:Update():fmllr-diag-gmm.cc:162) Not updating fMLLR since below min-count: count is 291
LOG (gmm-est-fmllr[5.5.383~1-bd1d]:main():gmm-est-fmllr.cc:143) For speaker c282, auxf-impr from fMLLR is 0, over 291 frames.
WARNING (gmm-est-fmllr[5.5.383~1-bd1d]:Update():fmllr-diag-gmm.cc:162) Not updating fMLLR since below min-count: count is 288
LOG (gmm-est-fmllr[5.5.383~1-bd1d]:main():gmm-est-fmllr.cc:143) For speaker c283, auxf-impr from fMLLR is 0, over 288 frames.
WARNING (gmm-est-fmllr[5.5.383~1-bd1d]:Update():fmllr-diag-gmm.cc:162) Not updating fMLLR since below min-count: count is 225
LOG (gmm-est-fmllr[5.5.383~1-bd1d]:main():gmm-est-fmllr.cc:143) For speaker c284, auxf-impr from fMLLR is 0, over 225 frames.
WARNING (gmm-est-fmllr[5.5.383~1-bd1d]:Update():fmllr-diag-gmm.cc:162) Not updating fMLLR since below min-count: count is 249
LOG (gmm-est-fmllr[5.5.383~1-bd1d]:main():gmm-est-fmllr.cc:143) For speaker c285, auxf-impr from fMLLR is 0, over 249 frames.
WARNING (gmm-est-fmllr[5.5.383~1-bd1d]:Update():fmllr-diag-gmm.cc:162) Not updating fMLLR since below min-count: count is 215
LOG (gmm-est-fmllr[5.5.383~1-bd1d]:main():gmm-est-fmllr.cc:143) For speaker c286, auxf-impr from fMLLR is 0, over 215 frames.
WARNING (gmm-est-fmllr[5.5.383~1-bd1d]:Update():fmllr-diag-gmm.cc:162) Not updating fMLLR since below min-count: count is 177
LOG (gmm-est-fmllr[5.5.383~1-bd1d]:main():gmm-est-fmllr.cc:143) For speaker c287, auxf-impr from fMLLR is 0, over 177 frames.
WARNING (gmm-est-fmllr[5.5.383~1-bd1d]:Update():fmllr-diag-gmm.cc:162) Not updating fMLLR since below min-count: count is 265
LOG (gmm-est-fmllr[5.5.383~1-bd1d]:main():gmm-est-fmllr.cc:143) For speaker c288, auxf-impr from fMLLR is 0, over 265 frames.
WARNING (gmm-est-fmllr[5.5.383~1-bd1d]:Update():fmllr-diag-gmm.cc:162) Not updating fMLLR since below min-count: count is 450
LOG (gmm-est-fmllr[5.5.383~1-bd1d]:main():gmm-est-fmllr.cc:143) For speaker c289, auxf-impr from fMLLR is 0, over 450 frames.
WARNING (gmm-est-fmllr[5.5.383~1-bd1d]:Update():fmllr-diag-gmm.cc:162) Not updating fMLLR since below min-count: count is 370
LOG (gmm-est-fmllr[5.5.383~1-bd1d]:main():gmm-est-fmllr.cc:143) For speaker c29, auxf-impr from fMLLR is 0, over 370 frames.
WARNING (gmm-est-fmllr[5.5.383~1-bd1d]:Update():fmllr-diag-gmm.cc:162) Not updating fMLLR since below min-count: count is 258
LOG (gmm-est-fmllr[5.5.383~1-bd1d]:main():gmm-est-fmllr.cc:143) For speaker c290, auxf-impr from fMLLR is 0, over 258 frames.
WARNING (gmm-est-fmllr[5.5.383~1-bd1d]:Update():fmllr-diag-gmm.cc:162) Not updating fMLLR since below min-count: count is 382
LOG (gmm-est-fmllr[5.5.383~1-bd1d]:main():gmm-est-fmllr.cc:143) For speaker c291, auxf-impr from fMLLR is 0, over 382 frames.
WARNING (gmm-est-fmllr[5.5.383~1-bd1d]:Update():fmllr-diag-gmm.cc:162) Not updating fMLLR since below min-count: count is 347
LOG (gmm-est-fmllr[5.5.383~1-bd1d]:main():gmm-est-fmllr.cc:143) For speaker c292, auxf-impr from fMLLR is 0, over 347 frames.
WARNING (gmm-est-fmllr[5.5.383~1-bd1d]:Update():fmllr-diag-gmm.cc:162) Not updating fMLLR since below min-count: count is 274
LOG (gmm-est-fmllr[5.5.383~1-bd1d]:main():gmm-est-fmllr.cc:143) For speaker c293, auxf-impr from fMLLR is 0, over 274 frames.
WARNING (gmm-est-fmllr[5.5.383~1-bd1d]:Update():fmllr-diag-gmm.cc:162) Not updating fMLLR since below min-count: count is 411
LOG (gmm-est-fmllr[5.5.383~1-bd1d]:main():gmm-est-fmllr.cc:143) For speaker c294, auxf-impr from fMLLR is 0, over 411 frames.
WARNING (gmm-est-fmllr[5.5.383~1-bd1d]:Update():fmllr-diag-gmm.cc:162) Not updating fMLLR since below min-count: count is 304
LOG (gmm-est-fmllr[5.5.383~1-bd1d]:main():gmm-est-fmllr.cc:143) For speaker c295, auxf-impr from fMLLR is 0, over 304 frames.
WARNING (gmm-est-fmllr[5.5.383~1-bd1d]:Update():fmllr-diag-gmm.cc:162) Not updating fMLLR since below min-count: count is 411
LOG (gmm-est-fmllr[5.5.383~1-bd1d]:main():gmm-est-fmllr.cc:143) For speaker c296, auxf-impr from fMLLR is 0, over 411 frames.
WARNING (gmm-est-fmllr[5.5.383~1-bd1d]:Update():fmllr-diag-gmm.cc:162) Not updating fMLLR since below min-count: count is 227
LOG (gmm-est-fmllr[5.5.383~1-bd1d]:main():gmm-est-fmllr.cc:143) For speaker c297, auxf-impr from fMLLR is 0, over 227 frames.
WARNING (gmm-est-fmllr[5.5.383~1-bd1d]:Update():fmllr-diag-gmm.cc:162) Not updating fMLLR since below min-count: count is 365
LOG (gmm-est-fmllr[5.5.383~1-bd1d]:main():gmm-est-fmllr.cc:143) For speaker c298, auxf-impr from fMLLR is 0, over 365 frames.
WARNING (gmm-est-fmllr[5.5.383~1-bd1d]:Update():fmllr-diag-gmm.cc:162) Not updating fMLLR since below min-count: count is 232
LOG (gmm-est-fmllr[5.5.383~1-bd1d]:main():gmm-est-fmllr.cc:143) For speaker c299, auxf-impr from fMLLR is 0, over 232 frames.
WARNING (gmm-est-fmllr[5.5.383~1-bd1d]:Update():fmllr-diag-gmm.cc:162) Not updating fMLLR since below min-count: count is 496
LOG (gmm-est-fmllr[5.5.383~1-bd1d]:main():gmm-est-fmllr.cc:143) For speaker c3, auxf-impr from fMLLR is 0, over 496 frames.
WARNING (gmm-est-fmllr[5.5.383~1-bd1d]:Update():fmllr-diag-gmm.cc:162) Not updating fMLLR since below min-count: count is 190
LOG (gmm-est-fmllr[5.5.383~1-bd1d]:main():gmm-est-fmllr.cc:143) For speaker c30, auxf-impr from fMLLR is 0, over 190 frames.
LOG (ali-to-post[5.5.383~1-bd1d]:main():ali-to-post.cc:73) Converted 80 alignments.
WARNING (gmm-est-fmllr[5.5.383~1-bd1d]:Update():fmllr-diag-gmm.cc:162) Not updating fMLLR since below min-count: count is 251
LOG (gmm-est-fmllr[5.5.383~1-bd1d]:main():gmm-est-fmllr.cc:143) For speaker c300, auxf-impr from fMLLR is 0, over 251 frames.
WARNING (gmm-est-fmllr[5.5.383~1-bd1d]:Update():fmllr-diag-gmm.cc:162) Not updating fMLLR since below min-count: count is 467
LOG (gmm-est-fmllr[5.5.383~1-bd1d]:main():gmm-est-fmllr.cc:143) For speaker c301, auxf-impr from fMLLR is 0, over 467 frames.
WARNING (gmm-est-fmllr[5.5.383~1-bd1d]:Update():fmllr-diag-gmm.cc:162) Not updating fMLLR since below min-count: count is 226
LOG (gmm-est-fmllr[5.5.383~1-bd1d]:main():gmm-est-fmllr.cc:143) For speaker c302, auxf-impr from fMLLR is 0, over 226 frames.
WARNING (gmm-est-fmllr[5.5.383~1-bd1d]:Update():fmllr-diag-gmm.cc:162) Not updating fMLLR since below min-count: count is 166
LOG (gmm-est-fmllr[5.5.383~1-bd1d]:main():gmm-est-fmllr.cc:143) For speaker c303, auxf-impr from fMLLR is 0, over 166 frames.
WARNING (gmm-est-fmllr[5.5.383~1-bd1d]:Update():fmllr-diag-gmm.cc:162) Not updating fMLLR since below min-count: count is 198
LOG (gmm-est-fmllr[5.5.383~1-bd1d]:main():gmm-est-fmllr.cc:143) For speaker c304, auxf-impr from fMLLR is 0, over 198 frames.
WARNING (gmm-est-fmllr[5.5.383~1-bd1d]:Update():fmllr-diag-gmm.cc:162) Not updating fMLLR since below min-count: count is 209
LOG (gmm-est-fmllr[5.5.383~1-bd1d]:main():gmm-est-fmllr.cc:143) For speaker c305, auxf-impr from fMLLR is 0, over 209 frames.
LOG (weight-silence-post[5.5.383~1-bd1d]:main():weight-silence-post.cc:95) Done 80 posteriors.
WARNING (gmm-est-fmllr[5.5.383~1-bd1d]:Update():fmllr-diag-gmm.cc:162) Not updating fMLLR since below min-count: count is 155
LOG (gmm-est-fmllr[5.5.383~1-bd1d]:main():gmm-est-fmllr.cc:143) For speaker c306, auxf-impr from fMLLR is 0, over 155 frames.
WARNING (gmm-est-fmllr[5.5.383~1-bd1d]:Update():fmllr-diag-gmm.cc:162) Not updating fMLLR since below min-count: count is 237
LOG (gmm-est-fmllr[5.5.383~1-bd1d]:main():gmm-est-fmllr.cc:143) For speaker c307, auxf-impr from fMLLR is 0, over 237 frames.
WARNING (gmm-est-fmllr[5.5.383~1-bd1d]:Update():fmllr-diag-gmm.cc:162) Not updating fMLLR since below min-count: count is 398
LOG (gmm-est-fmllr[5.5.383~1-bd1d]:main():gmm-est-fmllr.cc:143) For speaker c308, auxf-impr from fMLLR is 0, over 398 frames.
LOG (apply-cmvn[5.5.383~1-bd1d]:main():apply-cmvn.cc:162) Applied cepstral mean normalization to 80 utterances, errors on 0
WARNING (gmm-est-fmllr[5.5.383~1-bd1d]:Update():fmllr-diag-gmm.cc:162) Not updating fMLLR since below min-count: count is 324
LOG (gmm-est-fmllr[5.5.383~1-bd1d]:main():gmm-est-fmllr.cc:143) For speaker c309, auxf-impr from fMLLR is 0, over 324 frames.
WARNING (gmm-est-fmllr[5.5.383~1-bd1d]:Update():fmllr-diag-gmm.cc:162) Not updating fMLLR since below min-count: count is 320
LOG (gmm-est-fmllr[5.5.383~1-bd1d]:main():gmm-est-fmllr.cc:143) For speaker c31, auxf-impr from fMLLR is 0, over 320 frames.
WARNING (gmm-est-fmllr[5.5.383~1-bd1d]:Update():fmllr-diag-gmm.cc:162) Not updating fMLLR since below min-count: count is 377
LOG (gmm-est-fmllr[5.5.383~1-bd1d]:main():gmm-est-fmllr.cc:143) For speaker c310, auxf-impr from fMLLR is 0, over 377 frames.
WARNING (gmm-est-fmllr[5.5.383~1-bd1d]:Update():fmllr-diag-gmm.cc:162) Not updating fMLLR since below min-count: count is 316
LOG (gmm-est-fmllr[5.5.383~1-bd1d]:main():gmm-est-fmllr.cc:143) For speaker c311, auxf-impr from fMLLR is 0, over 316 frames.
LOG (transform-feats[5.5.383~1-bd1d]:main():transform-feats.cc:158) Overall average [pseudo-]logdet is -86.2559 over 51551 frames.
LOG (transform-feats[5.5.383~1-bd1d]:main():transform-feats.cc:161) Applied transform to 80 utterances; 0 had errors.
WARNING (gmm-est-fmllr[5.5.383~1-bd1d]:Update():fmllr-diag-gmm.cc:162) Not updating fMLLR since below min-count: count is 293
LOG (gmm-est-fmllr[5.5.383~1-bd1d]:main():gmm-est-fmllr.cc:143) For speaker c312, auxf-impr from fMLLR is 0, over 293 frames.
LOG (transform-feats[5.5.383~1-bd1d]:main():transform-feats.cc:158) Overall average logdet is 0 over 51551 frames.
LOG (transform-feats[5.5.383~1-bd1d]:main():transform-feats.cc:161) Applied transform to 80 utterances; 0 had errors.
WARNING (gmm-est-fmllr[5.5.383~1-bd1d]:Update():fmllr-diag-gmm.cc:162) Not updating fMLLR since below min-count: count is 258
LOG (gmm-est-fmllr[5.5.383~1-bd1d]:main():gmm-est-fmllr.cc:143) For speaker c313, auxf-impr from fMLLR is 0, over 258 frames.
LOG (gmm-est-fmllr[5.5.383~1-bd1d]:main():gmm-est-fmllr.cc:188) Done 80 files, 0 with no posts, 0 with other errors.
LOG (gmm-est-fmllr[5.5.383~1-bd1d]:main():gmm-est-fmllr.cc:190) Overall fMLLR auxf impr per frame is 0 over 23578 frames.
# Accounting: time=1 threads=1
# Ended (code 0) at Tue Jun 18 17:11:13 IST 2019, elapsed time 1 seconds
