# ali-to-post "ark:gunzip -c exp/tri3/ali.7.gz|" ark:- | weight-silence-post 0.0 1:2:3:4:5:6:7:8:9:10 exp/tri3/12.mdl ark:- ark:- | gmm-est-fmllr --fmllr-update-type=full --spk2utt=ark:data/train/split8/7/spk2utt exp/tri3/12.mdl "ark,s,cs:apply-cmvn  --utt2spk=ark:data/train/split8/7/utt2spk scp:data/train/split8/7/cmvn.scp scp:data/train/split8/7/feats.scp ark:- | splice-feats  ark:- ark:- | transform-feats exp/tri2_ali/final.mat ark:- ark:- | transform-feats --utt2spk=ark:data/train/split8/7/utt2spk ark:exp/tri3/trans.7 ark:- ark:- |" ark:- ark:exp/tri3/tmp_trans.7 
# Started at Tue Jun 18 17:11:24 IST 2019
#
ali-to-post 'ark:gunzip -c exp/tri3/ali.7.gz|' ark:- 
weight-silence-post 0.0 1:2:3:4:5:6:7:8:9:10 exp/tri3/12.mdl ark:- ark:- 
gmm-est-fmllr --fmllr-update-type=full --spk2utt=ark:data/train/split8/7/spk2utt exp/tri3/12.mdl 'ark,s,cs:apply-cmvn  --utt2spk=ark:data/train/split8/7/utt2spk scp:data/train/split8/7/cmvn.scp scp:data/train/split8/7/feats.scp ark:- | splice-feats  ark:- ark:- | transform-feats exp/tri2_ali/final.mat ark:- ark:- | transform-feats --utt2spk=ark:data/train/split8/7/utt2spk ark:exp/tri3/trans.7 ark:- ark:- |' ark:- ark:exp/tri3/tmp_trans.7 
transform-feats --utt2spk=ark:data/train/split8/7/utt2spk ark:exp/tri3/trans.7 ark:- ark:- 
splice-feats ark:- ark:- 
apply-cmvn --utt2spk=ark:data/train/split8/7/utt2spk scp:data/train/split8/7/cmvn.scp scp:data/train/split8/7/feats.scp ark:- 
transform-feats exp/tri2_ali/final.mat ark:- ark:- 
WARNING (gmm-est-fmllr[5.5.383~1-bd1d]:Update():fmllr-diag-gmm.cc:162) Not updating fMLLR since below min-count: count is 207
LOG (gmm-est-fmllr[5.5.383~1-bd1d]:main():gmm-est-fmllr.cc:143) For speaker c529, auxf-impr from fMLLR is 0, over 207 frames.
WARNING (gmm-est-fmllr[5.5.383~1-bd1d]:Update():fmllr-diag-gmm.cc:162) Not updating fMLLR since below min-count: count is 155
LOG (gmm-est-fmllr[5.5.383~1-bd1d]:main():gmm-est-fmllr.cc:143) For speaker c53, auxf-impr from fMLLR is 0, over 155 frames.
WARNING (gmm-est-fmllr[5.5.383~1-bd1d]:Update():fmllr-diag-gmm.cc:162) Not updating fMLLR since below min-count: count is 91
LOG (gmm-est-fmllr[5.5.383~1-bd1d]:main():gmm-est-fmllr.cc:143) For speaker c530, auxf-impr from fMLLR is 0, over 91 frames.
WARNING (gmm-est-fmllr[5.5.383~1-bd1d]:Update():fmllr-diag-gmm.cc:162) Not updating fMLLR since below min-count: count is 261
LOG (gmm-est-fmllr[5.5.383~1-bd1d]:main():gmm-est-fmllr.cc:143) For speaker c531, auxf-impr from fMLLR is 0, over 261 frames.
WARNING (gmm-est-fmllr[5.5.383~1-bd1d]:Update():fmllr-diag-gmm.cc:162) Not updating fMLLR since below min-count: count is 228
LOG (gmm-est-fmllr[5.5.383~1-bd1d]:main():gmm-est-fmllr.cc:143) For speaker c532, auxf-impr from fMLLR is 0, over 228 frames.
WARNING (gmm-est-fmllr[5.5.383~1-bd1d]:Update():fmllr-diag-gmm.cc:162) Not updating fMLLR since below min-count: count is 294
LOG (gmm-est-fmllr[5.5.383~1-bd1d]:main():gmm-est-fmllr.cc:143) For speaker c533, auxf-impr from fMLLR is 0, over 294 frames.
WARNING (gmm-est-fmllr[5.5.383~1-bd1d]:Update():fmllr-diag-gmm.cc:162) Not updating fMLLR since below min-count: count is 329
LOG (gmm-est-fmllr[5.5.383~1-bd1d]:main():gmm-est-fmllr.cc:143) For speaker c534, auxf-impr from fMLLR is 0, over 329 frames.
WARNING (gmm-est-fmllr[5.5.383~1-bd1d]:Update():fmllr-diag-gmm.cc:162) Not updating fMLLR since below min-count: count is 233
LOG (gmm-est-fmllr[5.5.383~1-bd1d]:main():gmm-est-fmllr.cc:143) For speaker c535, auxf-impr from fMLLR is 0, over 233 frames.
WARNING (gmm-est-fmllr[5.5.383~1-bd1d]:Update():fmllr-diag-gmm.cc:162) Not updating fMLLR since below min-count: count is 153
LOG (gmm-est-fmllr[5.5.383~1-bd1d]:main():gmm-est-fmllr.cc:143) For speaker c536, auxf-impr from fMLLR is 0, over 153 frames.
WARNING (gmm-est-fmllr[5.5.383~1-bd1d]:Update():fmllr-diag-gmm.cc:162) Not updating fMLLR since below min-count: count is 225
LOG (gmm-est-fmllr[5.5.383~1-bd1d]:main():gmm-est-fmllr.cc:143) For speaker c537, auxf-impr from fMLLR is 0, over 225 frames.
WARNING (gmm-est-fmllr[5.5.383~1-bd1d]:Update():fmllr-diag-gmm.cc:162) Not updating fMLLR since below min-count: count is 196
LOG (gmm-est-fmllr[5.5.383~1-bd1d]:main():gmm-est-fmllr.cc:143) For speaker c538, auxf-impr from fMLLR is 0, over 196 frames.
WARNING (gmm-est-fmllr[5.5.383~1-bd1d]:Update():fmllr-diag-gmm.cc:162) Not updating fMLLR since below min-count: count is 409
LOG (gmm-est-fmllr[5.5.383~1-bd1d]:main():gmm-est-fmllr.cc:143) For speaker c539, auxf-impr from fMLLR is 0, over 409 frames.
WARNING (gmm-est-fmllr[5.5.383~1-bd1d]:Update():fmllr-diag-gmm.cc:162) Not updating fMLLR since below min-count: count is 127
LOG (gmm-est-fmllr[5.5.383~1-bd1d]:main():gmm-est-fmllr.cc:143) For speaker c54, auxf-impr from fMLLR is 0, over 127 frames.
WARNING (gmm-est-fmllr[5.5.383~1-bd1d]:Update():fmllr-diag-gmm.cc:162) Not updating fMLLR since below min-count: count is 104
LOG (gmm-est-fmllr[5.5.383~1-bd1d]:main():gmm-est-fmllr.cc:143) For speaker c540, auxf-impr from fMLLR is 0, over 104 frames.
WARNING (gmm-est-fmllr[5.5.383~1-bd1d]:Update():fmllr-diag-gmm.cc:162) Not updating fMLLR since below min-count: count is 306
LOG (gmm-est-fmllr[5.5.383~1-bd1d]:main():gmm-est-fmllr.cc:143) For speaker c541, auxf-impr from fMLLR is 0, over 306 frames.
WARNING (gmm-est-fmllr[5.5.383~1-bd1d]:Update():fmllr-diag-gmm.cc:162) Not updating fMLLR since below min-count: count is 219
LOG (gmm-est-fmllr[5.5.383~1-bd1d]:main():gmm-est-fmllr.cc:143) For speaker c542, auxf-impr from fMLLR is 0, over 219 frames.
WARNING (gmm-est-fmllr[5.5.383~1-bd1d]:Update():fmllr-diag-gmm.cc:162) Not updating fMLLR since below min-count: count is 237
LOG (gmm-est-fmllr[5.5.383~1-bd1d]:main():gmm-est-fmllr.cc:143) For speaker c543, auxf-impr from fMLLR is 0, over 237 frames.
WARNING (gmm-est-fmllr[5.5.383~1-bd1d]:Update():fmllr-diag-gmm.cc:162) Not updating fMLLR since below min-count: count is 120
LOG (gmm-est-fmllr[5.5.383~1-bd1d]:main():gmm-est-fmllr.cc:143) For speaker c544, auxf-impr from fMLLR is 0, over 120 frames.
WARNING (gmm-est-fmllr[5.5.383~1-bd1d]:Update():fmllr-diag-gmm.cc:162) Not updating fMLLR since below min-count: count is 371
LOG (gmm-est-fmllr[5.5.383~1-bd1d]:main():gmm-est-fmllr.cc:143) For speaker c545, auxf-impr from fMLLR is 0, over 371 frames.
WARNING (gmm-est-fmllr[5.5.383~1-bd1d]:Update():fmllr-diag-gmm.cc:162) Not updating fMLLR since below min-count: count is 220
LOG (gmm-est-fmllr[5.5.383~1-bd1d]:main():gmm-est-fmllr.cc:143) For speaker c546, auxf-impr from fMLLR is 0, over 220 frames.
WARNING (gmm-est-fmllr[5.5.383~1-bd1d]:Update():fmllr-diag-gmm.cc:162) Not updating fMLLR since below min-count: count is 351
LOG (gmm-est-fmllr[5.5.383~1-bd1d]:main():gmm-est-fmllr.cc:143) For speaker c547, auxf-impr from fMLLR is 0, over 351 frames.
WARNING (gmm-est-fmllr[5.5.383~1-bd1d]:Update():fmllr-diag-gmm.cc:162) Not updating fMLLR since below min-count: count is 221
LOG (gmm-est-fmllr[5.5.383~1-bd1d]:main():gmm-est-fmllr.cc:143) For speaker c548, auxf-impr from fMLLR is 0, over 221 frames.
WARNING (gmm-est-fmllr[5.5.383~1-bd1d]:Update():fmllr-diag-gmm.cc:162) Not updating fMLLR since below min-count: count is 234
LOG (gmm-est-fmllr[5.5.383~1-bd1d]:main():gmm-est-fmllr.cc:143) For speaker c549, auxf-impr from fMLLR is 0, over 234 frames.
WARNING (gmm-est-fmllr[5.5.383~1-bd1d]:Update():fmllr-diag-gmm.cc:162) Not updating fMLLR since below min-count: count is 188
LOG (gmm-est-fmllr[5.5.383~1-bd1d]:main():gmm-est-fmllr.cc:143) For speaker c55, auxf-impr from fMLLR is 0, over 188 frames.
WARNING (gmm-est-fmllr[5.5.383~1-bd1d]:Update():fmllr-diag-gmm.cc:162) Not updating fMLLR since below min-count: count is 340
LOG (gmm-est-fmllr[5.5.383~1-bd1d]:main():gmm-est-fmllr.cc:143) For speaker c550, auxf-impr from fMLLR is 0, over 340 frames.
WARNING (gmm-est-fmllr[5.5.383~1-bd1d]:Update():fmllr-diag-gmm.cc:162) Not updating fMLLR since below min-count: count is 237
LOG (gmm-est-fmllr[5.5.383~1-bd1d]:main():gmm-est-fmllr.cc:143) For speaker c551, auxf-impr from fMLLR is 0, over 237 frames.
WARNING (gmm-est-fmllr[5.5.383~1-bd1d]:Update():fmllr-diag-gmm.cc:162) Not updating fMLLR since below min-count: count is 277
LOG (gmm-est-fmllr[5.5.383~1-bd1d]:main():gmm-est-fmllr.cc:143) For speaker c552, auxf-impr from fMLLR is 0, over 277 frames.
WARNING (gmm-est-fmllr[5.5.383~1-bd1d]:Update():fmllr-diag-gmm.cc:162) Not updating fMLLR since below min-count: count is 354
LOG (gmm-est-fmllr[5.5.383~1-bd1d]:main():gmm-est-fmllr.cc:143) For speaker c553, auxf-impr from fMLLR is 0, over 354 frames.
WARNING (gmm-est-fmllr[5.5.383~1-bd1d]:Update():fmllr-diag-gmm.cc:162) Not updating fMLLR since below min-count: count is 348
LOG (gmm-est-fmllr[5.5.383~1-bd1d]:main():gmm-est-fmllr.cc:143) For speaker c554, auxf-impr from fMLLR is 0, over 348 frames.
WARNING (gmm-est-fmllr[5.5.383~1-bd1d]:Update():fmllr-diag-gmm.cc:162) Not updating fMLLR since below min-count: count is 220
LOG (gmm-est-fmllr[5.5.383~1-bd1d]:main():gmm-est-fmllr.cc:143) For speaker c555, auxf-impr from fMLLR is 0, over 220 frames.
WARNING (gmm-est-fmllr[5.5.383~1-bd1d]:Update():fmllr-diag-gmm.cc:162) Not updating fMLLR since below min-count: count is 257
LOG (gmm-est-fmllr[5.5.383~1-bd1d]:main():gmm-est-fmllr.cc:143) For speaker c556, auxf-impr from fMLLR is 0, over 257 frames.
WARNING (gmm-est-fmllr[5.5.383~1-bd1d]:Update():fmllr-diag-gmm.cc:162) Not updating fMLLR since below min-count: count is 195
LOG (gmm-est-fmllr[5.5.383~1-bd1d]:main():gmm-est-fmllr.cc:143) For speaker c557, auxf-impr from fMLLR is 0, over 195 frames.
WARNING (gmm-est-fmllr[5.5.383~1-bd1d]:Update():fmllr-diag-gmm.cc:162) Not updating fMLLR since below min-count: count is 367
LOG (gmm-est-fmllr[5.5.383~1-bd1d]:main():gmm-est-fmllr.cc:143) For speaker c558, auxf-impr from fMLLR is 0, over 367 frames.
WARNING (gmm-est-fmllr[5.5.383~1-bd1d]:Update():fmllr-diag-gmm.cc:162) Not updating fMLLR since below min-count: count is 147
LOG (gmm-est-fmllr[5.5.383~1-bd1d]:main():gmm-est-fmllr.cc:143) For speaker c559, auxf-impr from fMLLR is 0, over 147 frames.
WARNING (gmm-est-fmllr[5.5.383~1-bd1d]:Update():fmllr-diag-gmm.cc:162) Not updating fMLLR since below min-count: count is 273
LOG (gmm-est-fmllr[5.5.383~1-bd1d]:main():gmm-est-fmllr.cc:143) For speaker c56, auxf-impr from fMLLR is 0, over 273 frames.
WARNING (gmm-est-fmllr[5.5.383~1-bd1d]:Update():fmllr-diag-gmm.cc:162) Not updating fMLLR since below min-count: count is 313
LOG (gmm-est-fmllr[5.5.383~1-bd1d]:main():gmm-est-fmllr.cc:143) For speaker c560, auxf-impr from fMLLR is 0, over 313 frames.
WARNING (gmm-est-fmllr[5.5.383~1-bd1d]:Update():fmllr-diag-gmm.cc:162) Not updating fMLLR since below min-count: count is 212
LOG (gmm-est-fmllr[5.5.383~1-bd1d]:main():gmm-est-fmllr.cc:143) For speaker c561, auxf-impr from fMLLR is 0, over 212 frames.
WARNING (gmm-est-fmllr[5.5.383~1-bd1d]:Update():fmllr-diag-gmm.cc:162) Not updating fMLLR since below min-count: count is 172
LOG (gmm-est-fmllr[5.5.383~1-bd1d]:main():gmm-est-fmllr.cc:143) For speaker c562, auxf-impr from fMLLR is 0, over 172 frames.
WARNING (gmm-est-fmllr[5.5.383~1-bd1d]:Update():fmllr-diag-gmm.cc:162) Not updating fMLLR since below min-count: count is 222
LOG (gmm-est-fmllr[5.5.383~1-bd1d]:main():gmm-est-fmllr.cc:143) For speaker c563, auxf-impr from fMLLR is 0, over 222 frames.
WARNING (gmm-est-fmllr[5.5.383~1-bd1d]:Update():fmllr-diag-gmm.cc:162) Not updating fMLLR since below min-count: count is 149
LOG (gmm-est-fmllr[5.5.383~1-bd1d]:main():gmm-est-fmllr.cc:143) For speaker c564, auxf-impr from fMLLR is 0, over 149 frames.
WARNING (gmm-est-fmllr[5.5.383~1-bd1d]:Update():fmllr-diag-gmm.cc:162) Not updating fMLLR since below min-count: count is 130
LOG (gmm-est-fmllr[5.5.383~1-bd1d]:main():gmm-est-fmllr.cc:143) For speaker c565, auxf-impr from fMLLR is 0, over 130 frames.
WARNING (gmm-est-fmllr[5.5.383~1-bd1d]:Update():fmllr-diag-gmm.cc:162) Not updating fMLLR since below min-count: count is 225
LOG (gmm-est-fmllr[5.5.383~1-bd1d]:main():gmm-est-fmllr.cc:143) For speaker c566, auxf-impr from fMLLR is 0, over 225 frames.
WARNING (gmm-est-fmllr[5.5.383~1-bd1d]:Update():fmllr-diag-gmm.cc:162) Not updating fMLLR since below min-count: count is 214
LOG (gmm-est-fmllr[5.5.383~1-bd1d]:main():gmm-est-fmllr.cc:143) For speaker c567, auxf-impr from fMLLR is 0, over 214 frames.
WARNING (gmm-est-fmllr[5.5.383~1-bd1d]:Update():fmllr-diag-gmm.cc:162) Not updating fMLLR since below min-count: count is 302
LOG (gmm-est-fmllr[5.5.383~1-bd1d]:main():gmm-est-fmllr.cc:143) For speaker c568, auxf-impr from fMLLR is 0, over 302 frames.
WARNING (gmm-est-fmllr[5.5.383~1-bd1d]:Update():fmllr-diag-gmm.cc:162) Not updating fMLLR since below min-count: count is 117
LOG (gmm-est-fmllr[5.5.383~1-bd1d]:main():gmm-est-fmllr.cc:143) For speaker c569, auxf-impr from fMLLR is 0, over 117 frames.
WARNING (gmm-est-fmllr[5.5.383~1-bd1d]:Update():fmllr-diag-gmm.cc:162) Not updating fMLLR since below min-count: count is 250
LOG (gmm-est-fmllr[5.5.383~1-bd1d]:main():gmm-est-fmllr.cc:143) For speaker c57, auxf-impr from fMLLR is 0, over 250 frames.
WARNING (gmm-est-fmllr[5.5.383~1-bd1d]:Update():fmllr-diag-gmm.cc:162) Not updating fMLLR since below min-count: count is 136
LOG (gmm-est-fmllr[5.5.383~1-bd1d]:main():gmm-est-fmllr.cc:143) For speaker c570, auxf-impr from fMLLR is 0, over 136 frames.
WARNING (gmm-est-fmllr[5.5.383~1-bd1d]:Update():fmllr-diag-gmm.cc:162) Not updating fMLLR since below min-count: count is 266
LOG (gmm-est-fmllr[5.5.383~1-bd1d]:main():gmm-est-fmllr.cc:143) For speaker c571, auxf-impr from fMLLR is 0, over 266 frames.
WARNING (gmm-est-fmllr[5.5.383~1-bd1d]:Update():fmllr-diag-gmm.cc:162) Not updating fMLLR since below min-count: count is 297
LOG (gmm-est-fmllr[5.5.383~1-bd1d]:main():gmm-est-fmllr.cc:143) For speaker c572, auxf-impr from fMLLR is 0, over 297 frames.
WARNING (gmm-est-fmllr[5.5.383~1-bd1d]:Update():fmllr-diag-gmm.cc:162) Not updating fMLLR since below min-count: count is 140
LOG (gmm-est-fmllr[5.5.383~1-bd1d]:main():gmm-est-fmllr.cc:143) For speaker c573, auxf-impr from fMLLR is 0, over 140 frames.
WARNING (gmm-est-fmllr[5.5.383~1-bd1d]:Update():fmllr-diag-gmm.cc:162) Not updating fMLLR since below min-count: count is 298
LOG (gmm-est-fmllr[5.5.383~1-bd1d]:main():gmm-est-fmllr.cc:143) For speaker c574, auxf-impr from fMLLR is 0, over 298 frames.
WARNING (gmm-est-fmllr[5.5.383~1-bd1d]:Update():fmllr-diag-gmm.cc:162) Not updating fMLLR since below min-count: count is 328
LOG (gmm-est-fmllr[5.5.383~1-bd1d]:main():gmm-est-fmllr.cc:143) For speaker c575, auxf-impr from fMLLR is 0, over 328 frames.
WARNING (gmm-est-fmllr[5.5.383~1-bd1d]:Update():fmllr-diag-gmm.cc:162) Not updating fMLLR since below min-count: count is 245
LOG (gmm-est-fmllr[5.5.383~1-bd1d]:main():gmm-est-fmllr.cc:143) For speaker c576, auxf-impr from fMLLR is 0, over 245 frames.
WARNING (gmm-est-fmllr[5.5.383~1-bd1d]:Update():fmllr-diag-gmm.cc:162) Not updating fMLLR since below min-count: count is 280
LOG (gmm-est-fmllr[5.5.383~1-bd1d]:main():gmm-est-fmllr.cc:143) For speaker c577, auxf-impr from fMLLR is 0, over 280 frames.
WARNING (gmm-est-fmllr[5.5.383~1-bd1d]:Update():fmllr-diag-gmm.cc:162) Not updating fMLLR since below min-count: count is 138
LOG (gmm-est-fmllr[5.5.383~1-bd1d]:main():gmm-est-fmllr.cc:143) For speaker c578, auxf-impr from fMLLR is 0, over 138 frames.
WARNING (gmm-est-fmllr[5.5.383~1-bd1d]:Update():fmllr-diag-gmm.cc:162) Not updating fMLLR since below min-count: count is 130
LOG (gmm-est-fmllr[5.5.383~1-bd1d]:main():gmm-est-fmllr.cc:143) For speaker c579, auxf-impr from fMLLR is 0, over 130 frames.
WARNING (gmm-est-fmllr[5.5.383~1-bd1d]:Update():fmllr-diag-gmm.cc:162) Not updating fMLLR since below min-count: count is 172
LOG (gmm-est-fmllr[5.5.383~1-bd1d]:main():gmm-est-fmllr.cc:143) For speaker c58, auxf-impr from fMLLR is 0, over 172 frames.
WARNING (gmm-est-fmllr[5.5.383~1-bd1d]:Update():fmllr-diag-gmm.cc:162) Not updating fMLLR since below min-count: count is 159
LOG (gmm-est-fmllr[5.5.383~1-bd1d]:main():gmm-est-fmllr.cc:143) For speaker c580, auxf-impr from fMLLR is 0, over 159 frames.
WARNING (gmm-est-fmllr[5.5.383~1-bd1d]:Update():fmllr-diag-gmm.cc:162) Not updating fMLLR since below min-count: count is 329
LOG (gmm-est-fmllr[5.5.383~1-bd1d]:main():gmm-est-fmllr.cc:143) For speaker c581, auxf-impr from fMLLR is 0, over 329 frames.
WARNING (gmm-est-fmllr[5.5.383~1-bd1d]:Update():fmllr-diag-gmm.cc:162) Not updating fMLLR since below min-count: count is 139
LOG (gmm-est-fmllr[5.5.383~1-bd1d]:main():gmm-est-fmllr.cc:143) For speaker c582, auxf-impr from fMLLR is 0, over 139 frames.
WARNING (gmm-est-fmllr[5.5.383~1-bd1d]:Update():fmllr-diag-gmm.cc:162) Not updating fMLLR since below min-count: count is 115
LOG (gmm-est-fmllr[5.5.383~1-bd1d]:main():gmm-est-fmllr.cc:143) For speaker c583, auxf-impr from fMLLR is 0, over 115 frames.
LOG (ali-to-post[5.5.383~1-bd1d]:main():ali-to-post.cc:73) Converted 80 alignments.
WARNING (gmm-est-fmllr[5.5.383~1-bd1d]:Update():fmllr-diag-gmm.cc:162) Not updating fMLLR since below min-count: count is 262
LOG (gmm-est-fmllr[5.5.383~1-bd1d]:main():gmm-est-fmllr.cc:143) For speaker c584, auxf-impr from fMLLR is 0, over 262 frames.
WARNING (gmm-est-fmllr[5.5.383~1-bd1d]:Update():fmllr-diag-gmm.cc:162) Not updating fMLLR since below min-count: count is 170
LOG (gmm-est-fmllr[5.5.383~1-bd1d]:main():gmm-est-fmllr.cc:143) For speaker c585, auxf-impr from fMLLR is 0, over 170 frames.
WARNING (gmm-est-fmllr[5.5.383~1-bd1d]:Update():fmllr-diag-gmm.cc:162) Not updating fMLLR since below min-count: count is 187
LOG (gmm-est-fmllr[5.5.383~1-bd1d]:main():gmm-est-fmllr.cc:143) For speaker c586, auxf-impr from fMLLR is 0, over 187 frames.
WARNING (gmm-est-fmllr[5.5.383~1-bd1d]:Update():fmllr-diag-gmm.cc:162) Not updating fMLLR since below min-count: count is 281
LOG (gmm-est-fmllr[5.5.383~1-bd1d]:main():gmm-est-fmllr.cc:143) For speaker c587, auxf-impr from fMLLR is 0, over 281 frames.
WARNING (gmm-est-fmllr[5.5.383~1-bd1d]:Update():fmllr-diag-gmm.cc:162) Not updating fMLLR since below min-count: count is 150
LOG (gmm-est-fmllr[5.5.383~1-bd1d]:main():gmm-est-fmllr.cc:143) For speaker c588, auxf-impr from fMLLR is 0, over 150 frames.
WARNING (gmm-est-fmllr[5.5.383~1-bd1d]:Update():fmllr-diag-gmm.cc:162) Not updating fMLLR since below min-count: count is 223
LOG (gmm-est-fmllr[5.5.383~1-bd1d]:main():gmm-est-fmllr.cc:143) For speaker c589, auxf-impr from fMLLR is 0, over 223 frames.
WARNING (gmm-est-fmllr[5.5.383~1-bd1d]:Update():fmllr-diag-gmm.cc:162) Not updating fMLLR since below min-count: count is 173
LOG (gmm-est-fmllr[5.5.383~1-bd1d]:main():gmm-est-fmllr.cc:143) For speaker c59, auxf-impr from fMLLR is 0, over 173 frames.
WARNING (gmm-est-fmllr[5.5.383~1-bd1d]:Update():fmllr-diag-gmm.cc:162) Not updating fMLLR since below min-count: count is 165
LOG (gmm-est-fmllr[5.5.383~1-bd1d]:main():gmm-est-fmllr.cc:143) For speaker c590, auxf-impr from fMLLR is 0, over 165 frames.
WARNING (gmm-est-fmllr[5.5.383~1-bd1d]:Update():fmllr-diag-gmm.cc:162) Not updating fMLLR since below min-count: count is 224
LOG (gmm-est-fmllr[5.5.383~1-bd1d]:main():gmm-est-fmllr.cc:143) For speaker c591, auxf-impr from fMLLR is 0, over 224 frames.
WARNING (gmm-est-fmllr[5.5.383~1-bd1d]:Update():fmllr-diag-gmm.cc:162) Not updating fMLLR since below min-count: count is 115
LOG (gmm-est-fmllr[5.5.383~1-bd1d]:main():gmm-est-fmllr.cc:143) For speaker c592, auxf-impr from fMLLR is 0, over 115 frames.
LOG (weight-silence-post[5.5.383~1-bd1d]:main():weight-silence-post.cc:95) Done 80 posteriors.
WARNING (gmm-est-fmllr[5.5.383~1-bd1d]:Update():fmllr-diag-gmm.cc:162) Not updating fMLLR since below min-count: count is 275
LOG (gmm-est-fmllr[5.5.383~1-bd1d]:main():gmm-est-fmllr.cc:143) For speaker c593, auxf-impr from fMLLR is 0, over 275 frames.
WARNING (gmm-est-fmllr[5.5.383~1-bd1d]:Update():fmllr-diag-gmm.cc:162) Not updating fMLLR since below min-count: count is 309
LOG (gmm-est-fmllr[5.5.383~1-bd1d]:main():gmm-est-fmllr.cc:143) For speaker c594, auxf-impr from fMLLR is 0, over 309 frames.
WARNING (gmm-est-fmllr[5.5.383~1-bd1d]:Update():fmllr-diag-gmm.cc:162) Not updating fMLLR since below min-count: count is 160
LOG (gmm-est-fmllr[5.5.383~1-bd1d]:main():gmm-est-fmllr.cc:143) For speaker c595, auxf-impr from fMLLR is 0, over 160 frames.
LOG (apply-cmvn[5.5.383~1-bd1d]:main():apply-cmvn.cc:162) Applied cepstral mean normalization to 80 utterances, errors on 0
WARNING (gmm-est-fmllr[5.5.383~1-bd1d]:Update():fmllr-diag-gmm.cc:162) Not updating fMLLR since below min-count: count is 254
LOG (gmm-est-fmllr[5.5.383~1-bd1d]:main():gmm-est-fmllr.cc:143) For speaker c596, auxf-impr from fMLLR is 0, over 254 frames.
WARNING (gmm-est-fmllr[5.5.383~1-bd1d]:Update():fmllr-diag-gmm.cc:162) Not updating fMLLR since below min-count: count is 380
LOG (gmm-est-fmllr[5.5.383~1-bd1d]:main():gmm-est-fmllr.cc:143) For speaker c597, auxf-impr from fMLLR is 0, over 380 frames.
WARNING (gmm-est-fmllr[5.5.383~1-bd1d]:Update():fmllr-diag-gmm.cc:162) Not updating fMLLR since below min-count: count is 211
LOG (gmm-est-fmllr[5.5.383~1-bd1d]:main():gmm-est-fmllr.cc:143) For speaker c598, auxf-impr from fMLLR is 0, over 211 frames.
WARNING (gmm-est-fmllr[5.5.383~1-bd1d]:Update():fmllr-diag-gmm.cc:162) Not updating fMLLR since below min-count: count is 337
LOG (gmm-est-fmllr[5.5.383~1-bd1d]:main():gmm-est-fmllr.cc:143) For speaker c599, auxf-impr from fMLLR is 0, over 337 frames.
LOG (transform-feats[5.5.383~1-bd1d]:main():transform-feats.cc:158) Overall average [pseudo-]logdet is -86.2559 over 45467 frames.
LOG (transform-feats[5.5.383~1-bd1d]:main():transform-feats.cc:161) Applied transform to 80 utterances; 0 had errors.
WARNING (gmm-est-fmllr[5.5.383~1-bd1d]:Update():fmllr-diag-gmm.cc:162) Not updating fMLLR since below min-count: count is 252
LOG (gmm-est-fmllr[5.5.383~1-bd1d]:main():gmm-est-fmllr.cc:143) For speaker c6, auxf-impr from fMLLR is 0, over 252 frames.
LOG (transform-feats[5.5.383~1-bd1d]:main():transform-feats.cc:158) Overall average logdet is 0 over 45467 frames.
LOG (transform-feats[5.5.383~1-bd1d]:main():transform-feats.cc:161) Applied transform to 80 utterances; 0 had errors.
WARNING (gmm-est-fmllr[5.5.383~1-bd1d]:Update():fmllr-diag-gmm.cc:162) Not updating fMLLR since below min-count: count is 195
LOG (gmm-est-fmllr[5.5.383~1-bd1d]:main():gmm-est-fmllr.cc:143) For speaker c60, auxf-impr from fMLLR is 0, over 195 frames.
LOG (gmm-est-fmllr[5.5.383~1-bd1d]:main():gmm-est-fmllr.cc:188) Done 80 files, 0 with no posts, 0 with other errors.
LOG (gmm-est-fmllr[5.5.383~1-bd1d]:main():gmm-est-fmllr.cc:190) Overall fMLLR auxf impr per frame is 0 over 18295 frames.
# Accounting: time=0 threads=1
# Ended (code 0) at Tue Jun 18 17:11:24 IST 2019, elapsed time 0 seconds
