gmm-init-model --write-occs=exp/tri3/1.occs exp/tri3/tree exp/tri3/treeacc data/lang/topo exp/tri3/1.mdl 
LOG (gmm-init-model[5.5.383~1-bd1d]:main():gmm-init-model.cc:271) Number of separate statistics is 21757
WARNING (gmm-init-model[5.5.383~1-bd1d]:InitAmGmm():gmm-init-model.cc:55) Tree has pdf-id 34 with no stats; corresponding phone list: 139 140 141 142 
WARNING (gmm-init-model[5.5.383~1-bd1d]:InitAmGmm():gmm-init-model.cc:83) Very small count for state 2: 86; corresponding phone list: 11 
WARNING (gmm-init-model[5.5.383~1-bd1d]:InitAmGmm():gmm-init-model.cc:83) Very small count for state 4: 70; corresponding phone list: 19 20 21 22 
WARNING (gmm-init-model[5.5.383~1-bd1d]:InitAmGmm():gmm-init-model.cc:83) Very small count for state 6: 84; corresponding phone list: 27 28 29 30 
WARNING (gmm-init-model[5.5.383~1-bd1d]:InitAmGmm():gmm-init-model.cc:83) Very small count for state 7: 11; corresponding phone list: 31 32 33 34 
WARNING (gmm-init-model[5.5.383~1-bd1d]:InitAmGmm():gmm-init-model.cc:83) Very small count for state 9: 3; corresponding phone list: 39 40 41 42 
WARNING (gmm-init-model[5.5.383~1-bd1d]:InitAmGmm():gmm-init-model.cc:83) Very small count for state 10: 71; corresponding phone list: 43 44 45 46 
WARNING (gmm-init-model[5.5.383~1-bd1d]:InitAmGmm():gmm-init-model.cc:83) Very small count for state 12: 41; corresponding phone list: 51 52 53 54 
WARNING (gmm-init-model[5.5.383~1-bd1d]:InitAmGmm():gmm-init-model.cc:83) Very small count for state 13: 76; corresponding phone list: 55 56 57 58 
WARNING (gmm-init-model[5.5.383~1-bd1d]:InitAmGmm():gmm-init-model.cc:83) Very small count for state 15: 80; corresponding phone list: 63 64 65 66 
WARNING (gmm-init-model[5.5.383~1-bd1d]:InitAmGmm():gmm-init-model.cc:83) Very small count for state 16: 35; corresponding phone list: 67 68 69 70 
WARNING (gmm-init-model[5.5.383~1-bd1d]:InitAmGmm():gmm-init-model.cc:83) Very small count for state 17: 46; corresponding phone list: 71 72 73 74 
WARNING (gmm-init-model[5.5.383~1-bd1d]:InitAmGmm():gmm-init-model.cc:83) Very small count for state 18: 94; corresponding phone list: 75 76 77 78 
WARNING (gmm-init-model[5.5.383~1-bd1d]:InitAmGmm():gmm-init-model.cc:83) Very small count for state 20: 94; corresponding phone list: 83 84 85 86 
WARNING (gmm-init-model[5.5.383~1-bd1d]:InitAmGmm():gmm-init-model.cc:83) Very small count for state 24: 97; corresponding phone list: 99 100 101 102 
WARNING (gmm-init-model[5.5.383~1-bd1d]:InitAmGmm():gmm-init-model.cc:83) Very small count for state 29: 84; corresponding phone list: 119 120 121 122 
WARNING (gmm-init-model[5.5.383~1-bd1d]:InitAmGmm():gmm-init-model.cc:83) Very small count for state 30: 70; corresponding phone list: 123 124 125 126 
WARNING (gmm-init-model[5.5.383~1-bd1d]:InitAmGmm():gmm-init-model.cc:83) Very small count for state 33: 81; corresponding phone list: 135 136 137 138 
WARNING (gmm-init-model[5.5.383~1-bd1d]:InitAmGmm():gmm-init-model.cc:83) Very small count for state 37: 7; corresponding phone list: 151 152 153 154 
WARNING (gmm-init-model[5.5.383~1-bd1d]:InitAmGmm():gmm-init-model.cc:83) Very small count for state 38: 86; corresponding phone list: 155 156 157 158 
WARNING (gmm-init-model[5.5.383~1-bd1d]:InitAmGmm():gmm-init-model.cc:83) Very small count for state 39: 80; corresponding phone list: 159 160 161 162 
WARNING (gmm-init-model[5.5.383~1-bd1d]:InitAmGmm():gmm-init-model.cc:83) Very small count for state 40: 91; corresponding phone list: 163 164 165 166 
WARNING (gmm-init-model[5.5.383~1-bd1d]:InitAmGmm():gmm-init-model.cc:83) Very small count for state 42: 78; corresponding phone list: 172 
WARNING (gmm-init-model[5.5.383~1-bd1d]:InitAmGmm():gmm-init-model.cc:83) Very small count for state 43: 62; corresponding phone list: 175 176 177 178 
WARNING (gmm-init-model[5.5.383~1-bd1d]:InitAmGmm():gmm-init-model.cc:83) Very small count for state 44: 39; corresponding phone list: 179 180 181 182 
WARNING (gmm-init-model[5.5.383~1-bd1d]:InitAmGmm():gmm-init-model.cc:83) Very small count for state 46: 90; corresponding phone list: 187 188 189 190 
WARNING (gmm-init-model[5.5.383~1-bd1d]:InitAmGmm():gmm-init-model.cc:83) Very small count for state 49: 44; corresponding phone list: 200 
WARNING (gmm-init-model[5.5.383~1-bd1d]:InitAmGmm():gmm-init-model.cc:83) Very small count for state 50: 47; corresponding phone list: 203 204 205 206 
WARNING (gmm-init-model[5.5.383~1-bd1d]:InitAmGmm():gmm-init-model.cc:83) Very small count for state 52: 22; corresponding phone list: 211 212 213 214 
WARNING (gmm-init-model[5.5.383~1-bd1d]:InitAmGmm():gmm-init-model.cc:83) Very small count for state 54: 96; corresponding phone list: 219 220 221 222 
WARNING (gmm-init-model[5.5.383~1-bd1d]:InitAmGmm():gmm-init-model.cc:83) Very small count for state 55: 77; corresponding phone list: 223 224 225 226 
WARNING (gmm-init-model[5.5.383~1-bd1d]:InitAmGmm():gmm-init-model.cc:83) Very small count for state 56: 62; corresponding phone list: 227 228 229 230 
WARNING (gmm-init-model[5.5.383~1-bd1d]:InitAmGmm():gmm-init-model.cc:83) Very small count for state 57: 77; corresponding phone list: 231 232 233 234 
WARNING (gmm-init-model[5.5.383~1-bd1d]:InitAmGmm():gmm-init-model.cc:83) Very small count for state 58: 19; corresponding phone list: 235 236 237 238 
WARNING (gmm-init-model[5.5.383~1-bd1d]:InitAmGmm():gmm-init-model.cc:83) Very small count for state 60: 3; corresponding phone list: 243 244 245 246 
WARNING (gmm-init-model[5.5.383~1-bd1d]:InitAmGmm():gmm-init-model.cc:83) Very small count for state 68: 64; corresponding phone list: 15 16 17 18 
WARNING (gmm-init-model[5.5.383~1-bd1d]:InitAmGmm():gmm-init-model.cc:83) Very small count for state 73: 46; corresponding phone list: 35 36 37 38 
WARNING (gmm-init-model[5.5.383~1-bd1d]:InitAmGmm():gmm-init-model.cc:83) Very small count for state 74: 55; corresponding phone list: 15 16 17 18 
WARNING (gmm-init-model[5.5.383~1-bd1d]:InitAmGmm():gmm-init-model.cc:83) Very small count for state 80: 23; corresponding phone list: 196 
WARNING (gmm-init-model[5.5.383~1-bd1d]:InitAmGmm():gmm-init-model.cc:83) Very small count for state 91: 27; corresponding phone list: 35 36 37 38 
WARNING (gmm-init-model[5.5.383~1-bd1d]:InitAmGmm():gmm-init-model.cc:83) Very small count for state 93: 74; corresponding phone list: 103 104 105 106 
WARNING (gmm-init-model[5.5.383~1-bd1d]:InitAmGmm():gmm-init-model.cc:83) Very small count for state 95: 64; corresponding phone list: 187 188 189 190 
WARNING (gmm-init-model[5.5.383~1-bd1d]:InitAmGmm():gmm-init-model.cc:83) Very small count for state 98: 89; corresponding phone list: 11 12 13 14 
WARNING (gmm-init-model[5.5.383~1-bd1d]:InitAmGmm():gmm-init-model.cc:83) Very small count for state 99: 29; corresponding phone list: 143 144 145 146 
WARNING (gmm-init-model[5.5.383~1-bd1d]:InitAmGmm():gmm-init-model.cc:83) Very small count for state 100: 81; corresponding phone list: 172 
WARNING (gmm-init-model[5.5.383~1-bd1d]:InitAmGmm():gmm-init-model.cc:83) Very small count for state 105: 18; corresponding phone list: 103 104 105 106 
WARNING (gmm-init-model[5.5.383~1-bd1d]:InitAmGmm():gmm-init-model.cc:83) Very small count for state 110: 94; corresponding phone list: 103 104 105 106 
WARNING (gmm-init-model[5.5.383~1-bd1d]:InitAmGmm():gmm-init-model.cc:83) Very small count for state 111: 90; corresponding phone list: 15 16 17 18 
WARNING (gmm-init-model[5.5.383~1-bd1d]:InitAmGmm():gmm-init-model.cc:83) Very small count for state 119: 19; corresponding phone list: 107 108 109 110 
WARNING (gmm-init-model[5.5.383~1-bd1d]:InitAmGmm():gmm-init-model.cc:83) Very small count for state 120: 56; corresponding phone list: 111 112 113 114 
WARNING (gmm-init-model[5.5.383~1-bd1d]:InitAmGmm():gmm-init-model.cc:83) Very small count for state 122: 74; corresponding phone list: 35 36 37 38 
WARNING (gmm-init-model[5.5.383~1-bd1d]:InitAmGmm():gmm-init-model.cc:83) Very small count for state 127: 98; corresponding phone list: 215 216 217 218 
WARNING (gmm-init-model[5.5.383~1-bd1d]:InitAmGmm():gmm-init-model.cc:83) Very small count for state 128: 91; corresponding phone list: 83 84 85 86 
WARNING (gmm-init-model[5.5.383~1-bd1d]:InitAmGmm():gmm-init-model.cc:83) Very small count for state 133: 57; corresponding phone list: 16 
WARNING (gmm-init-model[5.5.383~1-bd1d]:InitAmGmm():gmm-init-model.cc:83) Very small count for state 135: 47; corresponding phone list: 127 128 129 130 
WARNING (gmm-init-model[5.5.383~1-bd1d]:InitAmGmm():gmm-init-model.cc:83) Very small count for state 137: 72; corresponding phone list: 127 128 129 130 
WARNING (gmm-init-model[5.5.383~1-bd1d]:InitAmGmm():gmm-init-model.cc:83) Very small count for state 138: 53; corresponding phone list: 219 220 221 222 
WARNING (gmm-init-model[5.5.383~1-bd1d]:InitAmGmm():gmm-init-model.cc:83) Very small count for state 144: 54; corresponding phone list: 107 108 109 110 
WARNING (gmm-init-model[5.5.383~1-bd1d]:InitAmGmm():gmm-init-model.cc:83) Very small count for state 148: 71; corresponding phone list: 15 16 17 18 
WARNING (gmm-init-model[5.5.383~1-bd1d]:InitAmGmm():gmm-init-model.cc:83) Very small count for state 150: 63; corresponding phone list: 80 
WARNING (gmm-init-model[5.5.383~1-bd1d]:InitAmGmm():gmm-init-model.cc:83) Very small count for state 151: 96; corresponding phone list: 132 
WARNING (gmm-init-model[5.5.383~1-bd1d]:InitAmGmm():gmm-init-model.cc:83) Very small count for state 152: 79; corresponding phone list: 99 100 101 102 
WARNING (gmm-init-model[5.5.383~1-bd1d]:InitAmGmm():gmm-init-model.cc:83) Very small count for state 154: 20; corresponding phone list: 24 
WARNING (gmm-init-model[5.5.383~1-bd1d]:InitAmGmm():gmm-init-model.cc:83) Very small count for state 156: 53; corresponding phone list: 124 
WARNING (gmm-init-model[5.5.383~1-bd1d]:InitAmGmm():gmm-init-model.cc:83) Very small count for state 157: 25; corresponding phone list: 103 104 105 106 
WARNING (gmm-init-model[5.5.383~1-bd1d]:InitAmGmm():gmm-init-model.cc:83) Very small count for state 160: 11; corresponding phone list: 15 16 17 18 
WARNING (gmm-init-model[5.5.383~1-bd1d]:InitAmGmm():gmm-init-model.cc:83) Very small count for state 163: 19; corresponding phone list: 15 16 17 18 
WARNING (gmm-init-model[5.5.383~1-bd1d]:InitAmGmm():gmm-init-model.cc:83) Very small count for state 165: 90; corresponding phone list: 195 197 198 
WARNING (gmm-init-model[5.5.383~1-bd1d]:InitAmGmm():gmm-init-model.cc:83) Very small count for state 167: 60; corresponding phone list: 119 120 121 122 
WARNING (gmm-init-model[5.5.383~1-bd1d]:InitAmGmm():gmm-init-model.cc:83) Very small count for state 172: 90; corresponding phone list: 107 108 109 110 
WARNING (gmm-init-model[5.5.383~1-bd1d]:InitAmGmm():gmm-init-model.cc:83) Very small count for state 174: 25; corresponding phone list: 143 144 145 146 
WARNING (gmm-init-model[5.5.383~1-bd1d]:InitAmGmm():gmm-init-model.cc:83) Very small count for state 176: 39; corresponding phone list: 12 13 14 
WARNING (gmm-init-model[5.5.383~1-bd1d]:InitAmGmm():gmm-init-model.cc:83) Very small count for state 178: 42; corresponding phone list: 35 36 37 38 
WARNING (gmm-init-model[5.5.383~1-bd1d]:InitAmGmm():gmm-init-model.cc:83) Very small count for state 179: 72; corresponding phone list: 103 104 105 106 
WARNING (gmm-init-model[5.5.383~1-bd1d]:InitAmGmm():gmm-init-model.cc:83) Very small count for state 180: 72; corresponding phone list: 103 104 105 106 
WARNING (gmm-init-model[5.5.383~1-bd1d]:InitAmGmm():gmm-init-model.cc:83) Very small count for state 182: 69; corresponding phone list: 127 128 129 130 
WARNING (gmm-init-model[5.5.383~1-bd1d]:InitAmGmm():gmm-init-model.cc:83) Very small count for state 183: 50; corresponding phone list: 95 96 97 98 
WARNING (gmm-init-model[5.5.383~1-bd1d]:InitAmGmm():gmm-init-model.cc:83) Very small count for state 184: 97; corresponding phone list: 95 96 97 98 
WARNING (gmm-init-model[5.5.383~1-bd1d]:InitAmGmm():gmm-init-model.cc:83) Very small count for state 185: 68; corresponding phone list: 231 232 233 234 
WARNING (gmm-init-model[5.5.383~1-bd1d]:InitAmGmm():gmm-init-model.cc:83) Very small count for state 187: 56; corresponding phone list: 47 48 49 50 
WARNING (gmm-init-model[5.5.383~1-bd1d]:InitAmGmm():gmm-init-model.cc:83) Very small count for state 188: 13; corresponding phone list: 17 
WARNING (gmm-init-model[5.5.383~1-bd1d]:InitAmGmm():gmm-init-model.cc:83) Very small count for state 190: 63; corresponding phone list: 131 132 133 134 
WARNING (gmm-init-model[5.5.383~1-bd1d]:InitAmGmm():gmm-init-model.cc:83) Very small count for state 193: 60; corresponding phone list: 95 96 97 98 
WARNING (gmm-init-model[5.5.383~1-bd1d]:InitAmGmm():gmm-init-model.cc:83) Very small count for state 194: 63; corresponding phone list: 12 13 14 
WARNING (gmm-init-model[5.5.383~1-bd1d]:InitAmGmm():gmm-init-model.cc:83) Very small count for state 195: 33; corresponding phone list: 99 100 101 102 
WARNING (gmm-init-model[5.5.383~1-bd1d]:InitAmGmm():gmm-init-model.cc:83) Very small count for state 196: 50; corresponding phone list: 219 220 221 222 
WARNING (gmm-init-model[5.5.383~1-bd1d]:InitAmGmm():gmm-init-model.cc:83) Very small count for state 198: 43; corresponding phone list: 35 36 37 38 
WARNING (gmm-init-model[5.5.383~1-bd1d]:InitAmGmm():gmm-init-model.cc:83) Very small count for state 199: 57; corresponding phone list: 43 44 45 46 
WARNING (gmm-init-model[5.5.383~1-bd1d]:InitAmGmm():gmm-init-model.cc:83) Very small count for state 202: 53; corresponding phone list: 227 228 229 230 
WARNING (gmm-init-model[5.5.383~1-bd1d]:InitAmGmm():gmm-init-model.cc:83) Very small count for state 203: 82; corresponding phone list: 227 228 229 230 
WARNING (gmm-init-model[5.5.383~1-bd1d]:InitAmGmm():gmm-init-model.cc:83) Very small count for state 205: 68; corresponding phone list: 15 16 17 18 
WARNING (gmm-init-model[5.5.383~1-bd1d]:InitAmGmm():gmm-init-model.cc:83) Very small count for state 206: 76; corresponding phone list: 171 172 173 174 
WARNING (gmm-init-model[5.5.383~1-bd1d]:InitAmGmm():gmm-init-model.cc:83) Very small count for state 210: 62; corresponding phone list: 175 176 177 178 
WARNING (gmm-init-model[5.5.383~1-bd1d]:InitAmGmm():gmm-init-model.cc:83) Very small count for state 211: 75; corresponding phone list: 35 36 37 38 
WARNING (gmm-init-model[5.5.383~1-bd1d]:InitAmGmm():gmm-init-model.cc:83) Very small count for state 214: 82; corresponding phone list: 11 12 13 14 
WARNING (gmm-init-model[5.5.383~1-bd1d]:InitAmGmm():gmm-init-model.cc:83) Very small count for state 219: 45; corresponding phone list: 147 148 149 150 
WARNING (gmm-init-model[5.5.383~1-bd1d]:InitAmGmm():gmm-init-model.cc:83) Very small count for state 221: 45; corresponding phone list: 83 84 85 86 
WARNING (gmm-init-model[5.5.383~1-bd1d]:InitAmGmm():gmm-init-model.cc:83) Very small count for state 226: 80; corresponding phone list: 95 96 97 98 
WARNING (gmm-init-model[5.5.383~1-bd1d]:InitAmGmm():gmm-init-model.cc:83) Very small count for state 228: 46; corresponding phone list: 171 173 174 
WARNING (gmm-init-model[5.5.383~1-bd1d]:InitAmGmm():gmm-init-model.cc:83) Very small count for state 233: 73; corresponding phone list: 187 188 189 190 
WARNING (gmm-init-model[5.5.383~1-bd1d]:InitAmGmm():gmm-init-model.cc:83) Very small count for state 234: 93; corresponding phone list: 87 88 89 90 
WARNING (gmm-init-model[5.5.383~1-bd1d]:InitAmGmm():gmm-init-model.cc:83) Very small count for state 236: 94; corresponding phone list: 95 96 97 98 
WARNING (gmm-init-model[5.5.383~1-bd1d]:InitAmGmm():gmm-init-model.cc:83) Very small count for state 238: 64; corresponding phone list: 15 16 17 18 
WARNING (gmm-init-model[5.5.383~1-bd1d]:InitAmGmm():gmm-init-model.cc:83) Very small count for state 239: 35; corresponding phone list: 171 172 173 174 
WARNING (gmm-init-model[5.5.383~1-bd1d]:InitAmGmm():gmm-init-model.cc:83) Very small count for state 241: 35; corresponding phone list: 123 124 125 126 
WARNING (gmm-init-model[5.5.383~1-bd1d]:InitAmGmm():gmm-init-model.cc:83) Very small count for state 244: 71; corresponding phone list: 59 60 61 62 
WARNING (gmm-init-model[5.5.383~1-bd1d]:InitAmGmm():gmm-init-model.cc:83) Very small count for state 245: 71; corresponding phone list: 127 128 129 130 
WARNING (gmm-init-model[5.5.383~1-bd1d]:InitAmGmm():gmm-init-model.cc:83) Very small count for state 246: 30; corresponding phone list: 95 96 97 98 
WARNING (gmm-init-model[5.5.383~1-bd1d]:InitAmGmm():gmm-init-model.cc:83) Very small count for state 247: 14; corresponding phone list: 95 96 97 98 
WARNING (gmm-init-model[5.5.383~1-bd1d]:InitAmGmm():gmm-init-model.cc:83) Very small count for state 249: 22; corresponding phone list: 43 44 45 46 
WARNING (gmm-init-model[5.5.383~1-bd1d]:InitAmGmm():gmm-init-model.cc:83) Very small count for state 250: 70; corresponding phone list: 171 172 173 174 
WARNING (gmm-init-model[5.5.383~1-bd1d]:InitAmGmm():gmm-init-model.cc:83) Very small count for state 252: 89; corresponding phone list: 15 16 17 18 
WARNING (gmm-init-model[5.5.383~1-bd1d]:InitAmGmm():gmm-init-model.cc:83) Very small count for state 255: 72; corresponding phone list: 127 128 129 130 
WARNING (gmm-init-model[5.5.383~1-bd1d]:InitAmGmm():gmm-init-model.cc:83) Very small count for state 256: 37; corresponding phone list: 99 100 101 102 
WARNING (gmm-init-model[5.5.383~1-bd1d]:InitAmGmm():gmm-init-model.cc:83) Very small count for state 257: 60; corresponding phone list: 183 184 185 186 
WARNING (gmm-init-model[5.5.383~1-bd1d]:InitAmGmm():gmm-init-model.cc:83) Very small count for state 259: 72; corresponding phone list: 35 36 37 38 
WARNING (gmm-init-model[5.5.383~1-bd1d]:InitAmGmm():gmm-init-model.cc:83) Very small count for state 262: 28; corresponding phone list: 159 160 161 162 
WARNING (gmm-init-model[5.5.383~1-bd1d]:InitAmGmm():gmm-init-model.cc:83) Very small count for state 263: 47; corresponding phone list: 171 173 174 
WARNING (gmm-init-model[5.5.383~1-bd1d]:InitAmGmm():gmm-init-model.cc:83) Very small count for state 265: 53; corresponding phone list: 43 44 45 46 
WARNING (gmm-init-model[5.5.383~1-bd1d]:InitAmGmm():gmm-init-model.cc:83) Very small count for state 266: 48; corresponding phone list: 23 24 25 26 
WARNING (gmm-init-model[5.5.383~1-bd1d]:InitAmGmm():gmm-init-model.cc:83) Very small count for state 267: 29; corresponding phone list: 23 24 25 26 
WARNING (gmm-init-model[5.5.383~1-bd1d]:InitAmGmm():gmm-init-model.cc:83) Very small count for state 268: 54; corresponding phone list: 47 48 49 50 
WARNING (gmm-init-model[5.5.383~1-bd1d]:InitAmGmm():gmm-init-model.cc:83) Very small count for state 269: 90; corresponding phone list: 15 16 17 18 
WARNING (gmm-init-model[5.5.383~1-bd1d]:InitAmGmm():gmm-init-model.cc:83) Very small count for state 270: 30; corresponding phone list: 103 104 105 106 
WARNING (gmm-init-model[5.5.383~1-bd1d]:InitAmGmm():gmm-init-model.cc:83) Very small count for state 271: 67; corresponding phone list: 12 13 14 
WARNING (gmm-init-model[5.5.383~1-bd1d]:InitAmGmm():gmm-init-model.cc:83) Very small count for state 273: 27; corresponding phone list: 211 212 213 214 
WARNING (gmm-init-model[5.5.383~1-bd1d]:InitAmGmm():gmm-init-model.cc:83) Very small count for state 275: 96; corresponding phone list: 15 16 17 18 
WARNING (gmm-init-model[5.5.383~1-bd1d]:InitAmGmm():gmm-init-model.cc:83) Very small count for state 276: 76; corresponding phone list: 147 148 149 150 
WARNING (gmm-init-model[5.5.383~1-bd1d]:InitAmGmm():gmm-init-model.cc:83) Very small count for state 277: 52; corresponding phone list: 147 148 149 150 
WARNING (gmm-init-model[5.5.383~1-bd1d]:InitAmGmm():gmm-init-model.cc:83) Very small count for state 280: 51; corresponding phone list: 95 96 97 98 
WARNING (gmm-init-model[5.5.383~1-bd1d]:InitAmGmm():gmm-init-model.cc:83) Very small count for state 281: 52; corresponding phone list: 123 124 125 126 
WARNING (gmm-init-model[5.5.383~1-bd1d]:InitAmGmm():gmm-init-model.cc:83) Very small count for state 282: 63; corresponding phone list: 95 96 97 98 
WARNING (gmm-init-model[5.5.383~1-bd1d]:InitAmGmm():gmm-init-model.cc:83) Very small count for state 285: 24; corresponding phone list: 115 116 117 118 
WARNING (gmm-init-model[5.5.383~1-bd1d]:InitAmGmm():gmm-init-model.cc:83) Very small count for state 286: 46; corresponding phone list: 35 36 37 38 
WARNING (gmm-init-model[5.5.383~1-bd1d]:InitAmGmm():gmm-init-model.cc:83) Very small count for state 289: 26; corresponding phone list: 115 116 117 118 
WARNING (gmm-init-model[5.5.383~1-bd1d]:InitAmGmm():gmm-init-model.cc:83) Very small count for state 292: 71; corresponding phone list: 131 132 133 134 
WARNING (gmm-init-model[5.5.383~1-bd1d]:InitAmGmm():gmm-init-model.cc:83) Very small count for state 293: 95; corresponding phone list: 15 17 18 
WARNING (gmm-init-model[5.5.383~1-bd1d]:InitAmGmm():gmm-init-model.cc:83) Very small count for state 296: 69; corresponding phone list: 123 124 125 126 
WARNING (gmm-init-model[5.5.383~1-bd1d]:InitAmGmm():gmm-init-model.cc:83) Very small count for state 297: 46; corresponding phone list: 83 84 85 86 
WARNING (gmm-init-model[5.5.383~1-bd1d]:InitAmGmm():gmm-init-model.cc:83) Very small count for state 298: 31; corresponding phone list: 183 184 185 186 
WARNING (gmm-init-model[5.5.383~1-bd1d]:InitAmGmm():gmm-init-model.cc:83) Very small count for state 300: 35; corresponding phone list: 87 88 89 90 
WARNING (gmm-init-model[5.5.383~1-bd1d]:InitAmGmm():gmm-init-model.cc:83) Very small count for state 301: 32; corresponding phone list: 175 176 177 178 
WARNING (gmm-init-model[5.5.383~1-bd1d]:InitAmGmm():gmm-init-model.cc:83) Very small count for state 302: 19; corresponding phone list: 219 220 221 222 
WARNING (gmm-init-model[5.5.383~1-bd1d]:InitAmGmm():gmm-init-model.cc:83) Very small count for state 304: 37; corresponding phone list: 144 145 146 
WARNING (gmm-init-model[5.5.383~1-bd1d]:InitAmGmm():gmm-init-model.cc:83) Very small count for state 308: 96; corresponding phone list: 35 36 37 38 
WARNING (gmm-init-model[5.5.383~1-bd1d]:InitAmGmm():gmm-init-model.cc:83) Very small count for state 309: 47; corresponding phone list: 215 216 217 218 
WARNING (gmm-init-model[5.5.383~1-bd1d]:InitAmGmm():gmm-init-model.cc:83) Very small count for state 310: 89; corresponding phone list: 103 104 105 106 
WARNING (gmm-init-model[5.5.383~1-bd1d]:InitAmGmm():gmm-init-model.cc:83) Very small count for state 312: 90; corresponding phone list: 83 84 85 86 
WARNING (gmm-init-model[5.5.383~1-bd1d]:InitAmGmm():gmm-init-model.cc:83) Very small count for state 314: 50; corresponding phone list: 171 172 173 174 
WARNING (gmm-init-model[5.5.383~1-bd1d]:InitAmGmm():gmm-init-model.cc:83) Very small count for state 316: 71; corresponding phone list: 35 36 37 38 
WARNING (gmm-init-model[5.5.383~1-bd1d]:InitAmGmm():gmm-init-model.cc:83) Very small count for state 317: 73; corresponding phone list: 183 184 185 186 
WARNING (gmm-init-model[5.5.383~1-bd1d]:InitAmGmm():gmm-init-model.cc:83) Very small count for state 318: 36; corresponding phone list: 15 17 18 
WARNING (gmm-init-model[5.5.383~1-bd1d]:InitAmGmm():gmm-init-model.cc:83) Very small count for state 319: 17; corresponding phone list: 15 
WARNING (gmm-init-model[5.5.383~1-bd1d]:InitAmGmm():gmm-init-model.cc:83) Very small count for state 320: 54; corresponding phone list: 11 12 13 14 
WARNING (gmm-init-model[5.5.383~1-bd1d]:InitAmGmm():gmm-init-model.cc:83) Very small count for state 325: 44; corresponding phone list: 111 112 113 114 
WARNING (gmm-init-model[5.5.383~1-bd1d]:InitAmGmm():gmm-init-model.cc:83) Very small count for state 326: 90; corresponding phone list: 16 
WARNING (gmm-init-model[5.5.383~1-bd1d]:InitAmGmm():gmm-init-model.cc:83) Very small count for state 327: 94; corresponding phone list: 127 129 130 
WARNING (gmm-init-model[5.5.383~1-bd1d]:InitAmGmm():gmm-init-model.cc:83) Very small count for state 329: 36; corresponding phone list: 239 240 241 242 
WARNING (gmm-init-model[5.5.383~1-bd1d]:InitAmGmm():gmm-init-model.cc:83) Very small count for state 331: 54; corresponding phone list: 199 201 202 
WARNING (gmm-init-model[5.5.383~1-bd1d]:InitAmGmm():gmm-init-model.cc:83) Very small count for state 334: 95; corresponding phone list: 227 228 229 230 
WARNING (gmm-init-model[5.5.383~1-bd1d]:InitAmGmm():gmm-init-model.cc:83) Very small count for state 337: 21; corresponding phone list: 23 25 26 
WARNING (gmm-init-model[5.5.383~1-bd1d]:InitAmGmm():gmm-init-model.cc:83) Very small count for state 340: 91; corresponding phone list: 187 188 189 190 
WARNING (gmm-init-model[5.5.383~1-bd1d]:InitAmGmm():gmm-init-model.cc:83) Very small count for state 342: 35; corresponding phone list: 195 197 198 
WARNING (gmm-init-model[5.5.383~1-bd1d]:InitAmGmm():gmm-init-model.cc:83) Very small count for state 344: 62; corresponding phone list: 35 36 37 38 
WARNING (gmm-init-model[5.5.383~1-bd1d]:InitAmGmm():gmm-init-model.cc:83) Very small count for state 347: 55; corresponding phone list: 35 36 37 38 
WARNING (gmm-init-model[5.5.383~1-bd1d]:InitAmGmm():gmm-init-model.cc:83) Very small count for state 348: 90; corresponding phone list: 103 104 105 106 
WARNING (gmm-init-model[5.5.383~1-bd1d]:InitAmGmm():gmm-init-model.cc:83) Very small count for state 350: 60; corresponding phone list: 15 16 17 18 
WARNING (gmm-init-model[5.5.383~1-bd1d]:InitAmGmm():gmm-init-model.cc:83) Very small count for state 351: 51; corresponding phone list: 83 84 85 86 
WARNING (gmm-init-model[5.5.383~1-bd1d]:InitAmGmm():gmm-init-model.cc:83) Very small count for state 352: 90; corresponding phone list: 12 13 14 
WARNING (gmm-init-model[5.5.383~1-bd1d]:InitAmGmm():gmm-init-model.cc:83) Very small count for state 353: 70; corresponding phone list: 15 16 17 18 
WARNING (gmm-init-model[5.5.383~1-bd1d]:InitAmGmm():gmm-init-model.cc:83) Very small count for state 354: 44; corresponding phone list: 99 100 101 102 
WARNING (gmm-init-model[5.5.383~1-bd1d]:InitAmGmm():gmm-init-model.cc:83) Very small count for state 357: 67; corresponding phone list: 11 12 13 14 
WARNING (gmm-init-model[5.5.383~1-bd1d]:InitAmGmm():gmm-init-model.cc:83) Very small count for state 358: 32; corresponding phone list: 11 12 13 14 
WARNING (gmm-init-model[5.5.383~1-bd1d]:InitAmGmm():gmm-init-model.cc:83) Very small count for state 360: 69; corresponding phone list: 15 16 17 18 
WARNING (gmm-init-model[5.5.383~1-bd1d]:InitAmGmm():gmm-init-model.cc:83) Very small count for state 361: 61; corresponding phone list: 59 60 61 62 
WARNING (gmm-init-model[5.5.383~1-bd1d]:InitAmGmm():gmm-init-model.cc:83) Very small count for state 363: 22; corresponding phone list: 144 145 146 
WARNING (gmm-init-model[5.5.383~1-bd1d]:InitAmGmm():gmm-init-model.cc:83) Very small count for state 366: 65; corresponding phone list: 149 
WARNING (gmm-init-model[5.5.383~1-bd1d]:InitAmGmm():gmm-init-model.cc:83) Very small count for state 367: 57; corresponding phone list: 59 60 61 62 
WARNING (gmm-init-model[5.5.383~1-bd1d]:InitAmGmm():gmm-init-model.cc:83) Very small count for state 373: 25; corresponding phone list: 147 148 150 
WARNING (gmm-init-model[5.5.383~1-bd1d]:InitAmGmm():gmm-init-model.cc:83) Very small count for state 375: 50; corresponding phone list: 15 16 17 18 
WARNING (gmm-init-model[5.5.383~1-bd1d]:InitAmGmm():gmm-init-model.cc:83) Very small count for state 376: 75; corresponding phone list: 35 36 37 38 
WARNING (gmm-init-model[5.5.383~1-bd1d]:InitAmGmm():gmm-init-model.cc:83) Very small count for state 377: 68; corresponding phone list: 35 36 37 38 
WARNING (gmm-init-model[5.5.383~1-bd1d]:InitAmGmm():gmm-init-model.cc:83) Very small count for state 378: 23; corresponding phone list: 103 104 105 106 
WARNING (gmm-init-model[5.5.383~1-bd1d]:InitAmGmm():gmm-init-model.cc:83) Very small count for state 379: 73; corresponding phone list: 131 132 133 134 
WARNING (gmm-init-model[5.5.383~1-bd1d]:InitAmGmm():gmm-init-model.cc:83) Very small count for state 381: 62; corresponding phone list: 35 36 37 38 
WARNING (gmm-init-model[5.5.383~1-bd1d]:InitAmGmm():gmm-init-model.cc:83) Very small count for state 382: 94; corresponding phone list: 12 13 14 
WARNING (gmm-init-model[5.5.383~1-bd1d]:InitAmGmm():gmm-init-model.cc:83) Very small count for state 386: 56; corresponding phone list: 103 104 105 106 
WARNING (gmm-init-model[5.5.383~1-bd1d]:InitAmGmm():gmm-init-model.cc:83) Very small count for state 388: 58; corresponding phone list: 187 188 189 190 
WARNING (gmm-init-model[5.5.383~1-bd1d]:InitAmGmm():gmm-init-model.cc:83) Very small count for state 390: 97; corresponding phone list: 131 132 133 134 
WARNING (gmm-init-model[5.5.383~1-bd1d]:InitAmGmm():gmm-init-model.cc:83) Very small count for state 393: 32; corresponding phone list: 167 168 169 170 
WARNING (gmm-init-model[5.5.383~1-bd1d]:InitAmGmm():gmm-init-model.cc:83) Very small count for state 394: 28; corresponding phone list: 35 36 37 38 
WARNING (gmm-init-model[5.5.383~1-bd1d]:InitAmGmm():gmm-init-model.cc:83) Very small count for state 396: 89; corresponding phone list: 123 124 125 126 
WARNING (gmm-init-model[5.5.383~1-bd1d]:InitAmGmm():gmm-init-model.cc:83) Very small count for state 399: 67; corresponding phone list: 99 100 101 102 
WARNING (gmm-init-model[5.5.383~1-bd1d]:InitAmGmm():gmm-init-model.cc:83) Very small count for state 402: 71; corresponding phone list: 123 124 125 126 
WARNING (gmm-init-model[5.5.383~1-bd1d]:InitAmGmm():gmm-init-model.cc:83) Very small count for state 404: 58; corresponding phone list: 179 180 181 182 
WARNING (gmm-init-model[5.5.383~1-bd1d]:InitAmGmm():gmm-init-model.cc:83) Very small count for state 406: 56; corresponding phone list: 59 60 61 62 
WARNING (gmm-init-model[5.5.383~1-bd1d]:InitAmGmm():gmm-init-model.cc:83) Very small count for state 409: 73; corresponding phone list: 115 116 117 118 
WARNING (gmm-init-model[5.5.383~1-bd1d]:InitAmGmm():gmm-init-model.cc:83) Very small count for state 412: 93; corresponding phone list: 147 148 150 
WARNING (gmm-init-model[5.5.383~1-bd1d]:InitAmGmm():gmm-init-model.cc:83) Very small count for state 413: 71; corresponding phone list: 183 184 185 186 
WARNING (gmm-init-model[5.5.383~1-bd1d]:InitAmGmm():gmm-init-model.cc:83) Very small count for state 415: 74; corresponding phone list: 15 16 17 18 
WARNING (gmm-init-model[5.5.383~1-bd1d]:InitAmGmm():gmm-init-model.cc:83) Very small count for state 416: 57; corresponding phone list: 159 160 161 162 
WARNING (gmm-init-model[5.5.383~1-bd1d]:InitAmGmm():gmm-init-model.cc:83) Very small count for state 417: 52; corresponding phone list: 11 12 13 14 
WARNING (gmm-init-model[5.5.383~1-bd1d]:InitAmGmm():gmm-init-model.cc:83) Very small count for state 418: 64; corresponding phone list: 131 132 133 134 
WARNING (gmm-init-model[5.5.383~1-bd1d]:InitAmGmm():gmm-init-model.cc:83) Very small count for state 420: 76; corresponding phone list: 143 144 145 146 
WARNING (gmm-init-model[5.5.383~1-bd1d]:InitAmGmm():gmm-init-model.cc:83) Very small count for state 423: 61; corresponding phone list: 35 36 37 38 
WARNING (gmm-init-model[5.5.383~1-bd1d]:InitAmGmm():gmm-init-model.cc:83) Very small count for state 424: 9; corresponding phone list: 15 17 18 
WARNING (gmm-init-model[5.5.383~1-bd1d]:InitAmGmm():gmm-init-model.cc:83) Very small count for state 425: 88; corresponding phone list: 115 117 118 
WARNING (gmm-init-model[5.5.383~1-bd1d]:InitAmGmm():gmm-init-model.cc:83) Very small count for state 426: 50; corresponding phone list: 12 13 14 
WARNING (gmm-init-model[5.5.383~1-bd1d]:InitAmGmm():gmm-init-model.cc:83) Very small count for state 428: 35; corresponding phone list: 12 13 14 
WARNING (gmm-init-model[5.5.383~1-bd1d]:InitAmGmm():gmm-init-model.cc:83) Very small count for state 429: 79; corresponding phone list: 16 
WARNING (gmm-init-model[5.5.383~1-bd1d]:InitAmGmm():gmm-init-model.cc:83) Very small count for state 430: 40; corresponding phone list: 219 220 221 222 
WARNING (gmm-init-model[5.5.383~1-bd1d]:InitAmGmm():gmm-init-model.cc:83) Very small count for state 432: 95; corresponding phone list: 127 128 129 130 
WARNING (gmm-init-model[5.5.383~1-bd1d]:InitAmGmm():gmm-init-model.cc:83) Very small count for state 433: 32; corresponding phone list: 196 
WARNING (gmm-init-model[5.5.383~1-bd1d]:InitAmGmm():gmm-init-model.cc:83) Very small count for state 434: 13; corresponding phone list: 35 36 37 38 
WARNING (gmm-init-model[5.5.383~1-bd1d]:InitAmGmm():gmm-init-model.cc:83) Very small count for state 437: 20; corresponding phone list: 199 201 202 
WARNING (gmm-init-model[5.5.383~1-bd1d]:InitAmGmm():gmm-init-model.cc:83) Very small count for state 439: 54; corresponding phone list: 71 72 73 74 
WARNING (gmm-init-model[5.5.383~1-bd1d]:InitAmGmm():gmm-init-model.cc:83) Very small count for state 440: 54; corresponding phone list: 71 72 73 74 
WARNING (gmm-init-model[5.5.383~1-bd1d]:InitAmGmm():gmm-init-model.cc:83) Very small count for state 443: 34; corresponding phone list: 111 112 113 114 
WARNING (gmm-init-model[5.5.383~1-bd1d]:InitAmGmm():gmm-init-model.cc:83) Very small count for state 444: 94; corresponding phone list: 111 112 113 114 
WARNING (gmm-init-model[5.5.383~1-bd1d]:InitAmGmm():gmm-init-model.cc:83) Very small count for state 447: 60; corresponding phone list: 155 156 157 158 
WARNING (gmm-init-model[5.5.383~1-bd1d]:InitAmGmm():gmm-init-model.cc:83) Very small count for state 448: 58; corresponding phone list: 211 212 213 214 
WARNING (gmm-init-model[5.5.383~1-bd1d]:InitAmGmm():gmm-init-model.cc:83) Very small count for state 449: 91; corresponding phone list: 11 
WARNING (gmm-init-model[5.5.383~1-bd1d]:InitAmGmm():gmm-init-model.cc:83) Very small count for state 450: 40; corresponding phone list: 103 104 105 106 
WARNING (gmm-init-model[5.5.383~1-bd1d]:InitAmGmm():gmm-init-model.cc:83) Very small count for state 451: 76; corresponding phone list: 219 220 221 222 
WARNING (gmm-init-model[5.5.383~1-bd1d]:InitAmGmm():gmm-init-model.cc:83) Very small count for state 452: 51; corresponding phone list: 219 220 221 222 
WARNING (gmm-init-model[5.5.383~1-bd1d]:InitAmGmm():gmm-init-model.cc:83) Very small count for state 453: 77; corresponding phone list: 227 228 229 230 
WARNING (gmm-init-model[5.5.383~1-bd1d]:InitAmGmm():gmm-init-model.cc:83) Very small count for state 454: 50; corresponding phone list: 184 
WARNING (gmm-init-model[5.5.383~1-bd1d]:InitAmGmm():gmm-init-model.cc:83) Very small count for state 457: 93; corresponding phone list: 11 12 13 14 
WARNING (gmm-init-model[5.5.383~1-bd1d]:InitAmGmm():gmm-init-model.cc:83) Very small count for state 458: 29; corresponding phone list: 131 132 133 134 
WARNING (gmm-init-model[5.5.383~1-bd1d]:InitAmGmm():gmm-init-model.cc:83) Very small count for state 460: 98; corresponding phone list: 51 52 53 54 
WARNING (gmm-init-model[5.5.383~1-bd1d]:InitAmGmm():gmm-init-model.cc:83) Very small count for state 461: 30; corresponding phone list: 171 172 173 174 
WARNING (gmm-init-model[5.5.383~1-bd1d]:InitAmGmm():gmm-init-model.cc:83) Very small count for state 463: 64; corresponding phone list: 15 16 17 18 
WARNING (gmm-init-model[5.5.383~1-bd1d]:InitAmGmm():gmm-init-model.cc:83) Very small count for state 464: 89; corresponding phone list: 103 104 105 106 
WARNING (gmm-init-model[5.5.383~1-bd1d]:InitAmGmm():gmm-init-model.cc:83) Very small count for state 466: 34; corresponding phone list: 219 220 221 222 
WARNING (gmm-init-model[5.5.383~1-bd1d]:InitAmGmm():gmm-init-model.cc:83) Very small count for state 467: 30; corresponding phone list: 99 100 101 102 
WARNING (gmm-init-model[5.5.383~1-bd1d]:InitAmGmm():gmm-init-model.cc:83) Very small count for state 468: 42; corresponding phone list: 215 216 217 218 
WARNING (gmm-init-model[5.5.383~1-bd1d]:InitAmGmm():gmm-init-model.cc:83) Very small count for state 470: 25; corresponding phone list: 71 72 73 74 
WARNING (gmm-init-model[5.5.383~1-bd1d]:InitAmGmm():gmm-init-model.cc:83) Very small count for state 475: 45; corresponding phone list: 119 120 121 122 
WARNING (gmm-init-model[5.5.383~1-bd1d]:InitAmGmm():gmm-init-model.cc:83) Very small count for state 478: 44; corresponding phone list: 147 148 149 150 
WARNING (gmm-init-model[5.5.383~1-bd1d]:InitAmGmm():gmm-init-model.cc:83) Very small count for state 484: 92; corresponding phone list: 15 16 17 18 
WARNING (gmm-init-model[5.5.383~1-bd1d]:InitAmGmm():gmm-init-model.cc:83) Very small count for state 488: 22; corresponding phone list: 23 24 25 26 
WARNING (gmm-init-model[5.5.383~1-bd1d]:InitAmGmm():gmm-init-model.cc:83) Very small count for state 490: 53; corresponding phone list: 99 100 101 102 
WARNING (gmm-init-model[5.5.383~1-bd1d]:InitAmGmm():gmm-init-model.cc:83) Very small count for state 494: 85; corresponding phone list: 172 
WARNING (gmm-init-model[5.5.383~1-bd1d]:InitAmGmm():gmm-init-model.cc:83) Very small count for state 495: 99; corresponding phone list: 231 232 233 234 
WARNING (gmm-init-model[5.5.383~1-bd1d]:InitAmGmm():gmm-init-model.cc:83) Very small count for state 500: 55; corresponding phone list: 149 
WARNING (gmm-init-model[5.5.383~1-bd1d]:InitAmGmm():gmm-init-model.cc:83) Very small count for state 501: 73; corresponding phone list: 195 196 197 198 
WARNING (gmm-init-model[5.5.383~1-bd1d]:InitAmGmm():gmm-init-model.cc:83) Very small count for state 502: 30; corresponding phone list: 219 220 221 222 
WARNING (gmm-init-model[5.5.383~1-bd1d]:InitAmGmm():gmm-init-model.cc:83) Very small count for state 504: 54; corresponding phone list: 35 36 37 38 
WARNING (gmm-init-model[5.5.383~1-bd1d]:InitAmGmm():gmm-init-model.cc:83) Very small count for state 505: 42; corresponding phone list: 107 108 109 110 
WARNING (gmm-init-model[5.5.383~1-bd1d]:InitAmGmm():gmm-init-model.cc:83) Very small count for state 506: 24; corresponding phone list: 35 36 37 38 
WARNING (gmm-init-model[5.5.383~1-bd1d]:InitAmGmm():gmm-init-model.cc:83) Very small count for state 508: 81; corresponding phone list: 99 100 101 102 
WARNING (gmm-init-model[5.5.383~1-bd1d]:InitAmGmm():gmm-init-model.cc:83) Very small count for state 509: 61; corresponding phone list: 99 100 101 102 
WARNING (gmm-init-model[5.5.383~1-bd1d]:InitAmGmm():gmm-init-model.cc:83) Very small count for state 510: 68; corresponding phone list: 103 104 105 106 
WARNING (gmm-init-model[5.5.383~1-bd1d]:InitAmGmm():gmm-init-model.cc:83) Very small count for state 512: 41; corresponding phone list: 127 128 129 130 
WARNING (gmm-init-model[5.5.383~1-bd1d]:InitAmGmm():gmm-init-model.cc:83) Very small count for state 513: 37; corresponding phone list: 11 12 13 14 
WARNING (gmm-init-model[5.5.383~1-bd1d]:InitAmGmm():gmm-init-model.cc:83) Very small count for state 515: 35; corresponding phone list: 95 96 97 98 
WARNING (gmm-init-model[5.5.383~1-bd1d]:InitAmGmm():gmm-init-model.cc:83) Very small count for state 516: 92; corresponding phone list: 79 80 81 82 
WARNING (gmm-init-model[5.5.383~1-bd1d]:InitAmGmm():gmm-init-model.cc:83) Very small count for state 518: 54; corresponding phone list: 103 104 105 106 
WARNING (gmm-init-model[5.5.383~1-bd1d]:InitAmGmm():gmm-init-model.cc:83) Very small count for state 525: 73; corresponding phone list: 239 241 242 
WARNING (gmm-init-model[5.5.383~1-bd1d]:InitAmGmm():gmm-init-model.cc:83) Very small count for state 528: 38; corresponding phone list: 199 201 202 
WARNING (gmm-init-model[5.5.383~1-bd1d]:InitAmGmm():gmm-init-model.cc:83) Very small count for state 533: 40; corresponding phone list: 95 96 97 98 
WARNING (gmm-init-model[5.5.383~1-bd1d]:InitAmGmm():gmm-init-model.cc:83) Very small count for state 535: 43; corresponding phone list: 239 240 241 242 
WARNING (gmm-init-model[5.5.383~1-bd1d]:InitAmGmm():gmm-init-model.cc:83) Very small count for state 536: 57; corresponding phone list: 227 228 229 230 
WARNING (gmm-init-model[5.5.383~1-bd1d]:InitAmGmm():gmm-init-model.cc:83) Very small count for state 537: 93; corresponding phone list: 147 148 150 
WARNING (gmm-init-model[5.5.383~1-bd1d]:InitAmGmm():gmm-init-model.cc:83) Very small count for state 538: 45; corresponding phone list: 35 36 37 38 
WARNING (gmm-init-model[5.5.383~1-bd1d]:InitAmGmm():gmm-init-model.cc:83) Very small count for state 539: 52; corresponding phone list: 51 52 53 54 
WARNING (gmm-init-model[5.5.383~1-bd1d]:InitAmGmm():gmm-init-model.cc:83) Very small count for state 541: 72; corresponding phone list: 23 25 26 
WARNING (gmm-init-model[5.5.383~1-bd1d]:InitAmGmm():gmm-init-model.cc:83) Very small count for state 542: 69; corresponding phone list: 12 13 14 
WARNING (gmm-init-model[5.5.383~1-bd1d]:InitAmGmm():gmm-init-model.cc:83) Very small count for state 544: 76; corresponding phone list: 12 13 14 
WARNING (gmm-init-model[5.5.383~1-bd1d]:InitAmGmm():gmm-init-model.cc:83) Very small count for state 545: 61; corresponding phone list: 203 204 205 206 
WARNING (gmm-init-model[5.5.383~1-bd1d]:InitAmGmm():gmm-init-model.cc:83) Very small count for state 546: 35; corresponding phone list: 219 220 221 222 
WARNING (gmm-init-model[5.5.383~1-bd1d]:InitAmGmm():gmm-init-model.cc:83) Very small count for state 547: 32; corresponding phone list: 131 132 133 134 
WARNING (gmm-init-model[5.5.383~1-bd1d]:InitAmGmm():gmm-init-model.cc:83) Very small count for state 549: 81; corresponding phone list: 15 17 18 
WARNING (gmm-init-model[5.5.383~1-bd1d]:InitAmGmm():gmm-init-model.cc:83) Very small count for state 552: 93; corresponding phone list: 95 96 97 98 
WARNING (gmm-init-model[5.5.383~1-bd1d]:InitAmGmm():gmm-init-model.cc:83) Very small count for state 553: 51; corresponding phone list: 83 84 85 86 
WARNING (gmm-init-model[5.5.383~1-bd1d]:InitAmGmm():gmm-init-model.cc:83) Very small count for state 554: 95; corresponding phone list: 111 112 113 114 
WARNING (gmm-init-model[5.5.383~1-bd1d]:InitAmGmm():gmm-init-model.cc:83) Very small count for state 561: 64; corresponding phone list: 95 96 97 98 
WARNING (gmm-init-model[5.5.383~1-bd1d]:InitAmGmm():gmm-init-model.cc:83) Very small count for state 562: 55; corresponding phone list: 159 
WARNING (gmm-init-model[5.5.383~1-bd1d]:InitAmGmm():gmm-init-model.cc:83) Very small count for state 565: 13; corresponding phone list: 147 148 149 150 
WARNING (gmm-init-model[5.5.383~1-bd1d]:InitAmGmm():gmm-init-model.cc:83) Very small count for state 567: 93; corresponding phone list: 35 36 37 38 
WARNING (gmm-init-model[5.5.383~1-bd1d]:InitAmGmm():gmm-init-model.cc:83) Very small count for state 568: 64; corresponding phone list: 167 168 169 170 
WARNING (gmm-init-model[5.5.383~1-bd1d]:InitAmGmm():gmm-init-model.cc:83) Very small count for state 569: 46; corresponding phone list: 95 96 97 98 
WARNING (gmm-init-model[5.5.383~1-bd1d]:InitAmGmm():gmm-init-model.cc:83) Very small count for state 571: 93; corresponding phone list: 239 240 241 242 
WARNING (gmm-init-model[5.5.383~1-bd1d]:InitAmGmm():gmm-init-model.cc:83) Very small count for state 572: 79; corresponding phone list: 239 240 241 242 
WARNING (gmm-init-model[5.5.383~1-bd1d]:InitAmGmm():gmm-init-model.cc:83) Very small count for state 575: 98; corresponding phone list: 15 16 17 18 
WARNING (gmm-init-model[5.5.383~1-bd1d]:InitAmGmm():gmm-init-model.cc:83) Very small count for state 577: 71; corresponding phone list: 103 104 105 106 
WARNING (gmm-init-model[5.5.383~1-bd1d]:InitAmGmm():gmm-init-model.cc:83) Very small count for state 578: 90; corresponding phone list: 79 81 82 
WARNING (gmm-init-model[5.5.383~1-bd1d]:InitAmGmm():gmm-init-model.cc:83) Very small count for state 580: 92; corresponding phone list: 103 104 105 106 
WARNING (gmm-init-model[5.5.383~1-bd1d]:InitAmGmm():gmm-init-model.cc:83) Very small count for state 581: 19; corresponding phone list: 103 104 105 106 
WARNING (gmm-init-model[5.5.383~1-bd1d]:InitAmGmm():gmm-init-model.cc:83) Very small count for state 582: 34; corresponding phone list: 143 144 145 146 
WARNING (gmm-init-model[5.5.383~1-bd1d]:InitAmGmm():gmm-init-model.cc:83) Very small count for state 584: 71; corresponding phone list: 79 80 81 82 
WARNING (gmm-init-model[5.5.383~1-bd1d]:InitAmGmm():gmm-init-model.cc:83) Very small count for state 586: 21; corresponding phone list: 23 24 25 26 
WARNING (gmm-init-model[5.5.383~1-bd1d]:InitAmGmm():gmm-init-model.cc:83) Very small count for state 588: 83; corresponding phone list: 12 13 14 
WARNING (gmm-init-model[5.5.383~1-bd1d]:InitAmGmm():gmm-init-model.cc:83) Very small count for state 590: 60; corresponding phone list: 123 124 125 126 
WARNING (gmm-init-model[5.5.383~1-bd1d]:InitAmGmm():gmm-init-model.cc:83) Very small count for state 593: 13; corresponding phone list: 35 36 37 38 
WARNING (gmm-init-model[5.5.383~1-bd1d]:InitAmGmm():gmm-init-model.cc:83) Very small count for state 594: 84; corresponding phone list: 103 104 105 106 
WARNING (gmm-init-model[5.5.383~1-bd1d]:InitAmGmm():gmm-init-model.cc:83) Very small count for state 595: 94; corresponding phone list: 131 133 134 
WARNING (gmm-init-model[5.5.383~1-bd1d]:InitAmGmm():gmm-init-model.cc:83) Very small count for state 598: 98; corresponding phone list: 87 88 89 90 
WARNING (gmm-init-model[5.5.383~1-bd1d]:InitAmGmm():gmm-init-model.cc:83) Very small count for state 603: 94; corresponding phone list: 171 172 173 174 
WARNING (gmm-init-model[5.5.383~1-bd1d]:InitAmGmm():gmm-init-model.cc:83) Very small count for state 604: 22; corresponding phone list: 83 84 85 86 
WARNING (gmm-init-model[5.5.383~1-bd1d]:InitAmGmm():gmm-init-model.cc:83) Very small count for state 606: 19; corresponding phone list: 103 104 105 106 
WARNING (gmm-init-model[5.5.383~1-bd1d]:InitAmGmm():gmm-init-model.cc:83) Very small count for state 607: 66; corresponding phone list: 23 24 25 26 
WARNING (gmm-init-model[5.5.383~1-bd1d]:InitAmGmm():gmm-init-model.cc:83) Very small count for state 608: 85; corresponding phone list: 23 24 25 26 
WARNING (gmm-init-model[5.5.383~1-bd1d]:InitAmGmm():gmm-init-model.cc:83) Very small count for state 610: 69; corresponding phone list: 167 168 169 170 
WARNING (gmm-init-model[5.5.383~1-bd1d]:InitAmGmm():gmm-init-model.cc:83) Very small count for state 615: 65; corresponding phone list: 171 173 174 
WARNING (gmm-init-model[5.5.383~1-bd1d]:InitAmGmm():gmm-init-model.cc:83) Very small count for state 617: 29; corresponding phone list: 119 120 121 122 
WARNING (gmm-init-model[5.5.383~1-bd1d]:InitAmGmm():gmm-init-model.cc:83) Very small count for state 618: 68; corresponding phone list: 103 104 105 106 
WARNING (gmm-init-model[5.5.383~1-bd1d]:InitAmGmm():gmm-init-model.cc:83) Very small count for state 619: 33; corresponding phone list: 123 124 125 126 
WARNING (gmm-init-model[5.5.383~1-bd1d]:InitAmGmm():gmm-init-model.cc:83) Very small count for state 621: 95; corresponding phone list: 99 100 101 102 
WARNING (gmm-init-model[5.5.383~1-bd1d]:InitAmGmm():gmm-init-model.cc:83) Very small count for state 622: 64; corresponding phone list: 11 12 13 14 
WARNING (gmm-init-model[5.5.383~1-bd1d]:InitAmGmm():gmm-init-model.cc:83) Very small count for state 626: 58; corresponding phone list: 47 48 49 50 
WARNING (gmm-init-model[5.5.383~1-bd1d]:InitAmGmm():gmm-init-model.cc:83) Very small count for state 631: 75; corresponding phone list: 131 132 133 134 
WARNING (gmm-init-model[5.5.383~1-bd1d]:InitAmGmm():gmm-init-model.cc:83) Very small count for state 635: 15; corresponding phone list: 19 20 21 22 
WARNING (gmm-init-model[5.5.383~1-bd1d]:InitAmGmm():gmm-init-model.cc:83) Very small count for state 637: 94; corresponding phone list: 107 108 109 110 
WARNING (gmm-init-model[5.5.383~1-bd1d]:InitAmGmm():gmm-init-model.cc:83) Very small count for state 639: 87; corresponding phone list: 183 184 185 186 
WARNING (gmm-init-model[5.5.383~1-bd1d]:InitAmGmm():gmm-init-model.cc:83) Very small count for state 640: 66; corresponding phone list: 11 12 13 14 
WARNING (gmm-init-model[5.5.383~1-bd1d]:InitAmGmm():gmm-init-model.cc:83) Very small count for state 642: 56; corresponding phone list: 79 80 81 82 
WARNING (gmm-init-model[5.5.383~1-bd1d]:InitAmGmm():gmm-init-model.cc:83) Very small count for state 643: 96; corresponding phone list: 227 228 229 230 
WARNING (gmm-init-model[5.5.383~1-bd1d]:InitAmGmm():gmm-init-model.cc:83) Very small count for state 645: 81; corresponding phone list: 59 60 61 62 
WARNING (gmm-init-model[5.5.383~1-bd1d]:InitAmGmm():gmm-init-model.cc:83) Very small count for state 646: 75; corresponding phone list: 43 44 45 46 
WARNING (gmm-init-model[5.5.383~1-bd1d]:InitAmGmm():gmm-init-model.cc:83) Very small count for state 650: 87; corresponding phone list: 219 220 221 222 
WARNING (gmm-init-model[5.5.383~1-bd1d]:InitAmGmm():gmm-init-model.cc:83) Very small count for state 652: 50; corresponding phone list: 103 104 105 106 
WARNING (gmm-init-model[5.5.383~1-bd1d]:InitAmGmm():gmm-init-model.cc:83) Very small count for state 655: 25; corresponding phone list: 155 156 157 158 
WARNING (gmm-init-model[5.5.383~1-bd1d]:InitAmGmm():gmm-init-model.cc:83) Very small count for state 658: 76; corresponding phone list: 135 136 137 138 
WARNING (gmm-init-model[5.5.383~1-bd1d]:InitAmGmm():gmm-init-model.cc:83) Very small count for state 660: 46; corresponding phone list: 95 96 97 98 
WARNING (gmm-init-model[5.5.383~1-bd1d]:InitAmGmm():gmm-init-model.cc:83) Very small count for state 663: 14; corresponding phone list: 143 144 145 146 
WARNING (gmm-init-model[5.5.383~1-bd1d]:InitAmGmm():gmm-init-model.cc:83) Very small count for state 664: 44; corresponding phone list: 171 173 174 
WARNING (gmm-init-model[5.5.383~1-bd1d]:InitAmGmm():gmm-init-model.cc:83) Very small count for state 668: 61; corresponding phone list: 183 184 185 186 
WARNING (gmm-init-model[5.5.383~1-bd1d]:InitAmGmm():gmm-init-model.cc:83) Very small count for state 675: 95; corresponding phone list: 239 241 242 
WARNING (gmm-init-model[5.5.383~1-bd1d]:InitAmGmm():gmm-init-model.cc:83) Very small count for state 678: 58; corresponding phone list: 227 228 229 230 
WARNING (gmm-init-model[5.5.383~1-bd1d]:InitAmGmm():gmm-init-model.cc:83) Very small count for state 679: 11; corresponding phone list: 155 156 157 158 
WARNING (gmm-init-model[5.5.383~1-bd1d]:InitAmGmm():gmm-init-model.cc:83) Very small count for state 680: 71; corresponding phone list: 103 104 105 106 
WARNING (gmm-init-model[5.5.383~1-bd1d]:InitAmGmm():gmm-init-model.cc:83) Very small count for state 681: 17; corresponding phone list: 103 104 105 106 
WARNING (gmm-init-model[5.5.383~1-bd1d]:InitAmGmm():gmm-init-model.cc:83) Very small count for state 684: 85; corresponding phone list: 171 172 173 174 
WARNING (gmm-init-model[5.5.383~1-bd1d]:InitAmGmm():gmm-init-model.cc:83) Very small count for state 685: 53; corresponding phone list: 127 128 129 130 
WARNING (gmm-init-model[5.5.383~1-bd1d]:InitAmGmm():gmm-init-model.cc:83) Very small count for state 686: 29; corresponding phone list: 35 36 37 38 
WARNING (gmm-init-model[5.5.383~1-bd1d]:InitAmGmm():gmm-init-model.cc:83) Very small count for state 687: 51; corresponding phone list: 11 12 13 14 
WARNING (gmm-init-model[5.5.383~1-bd1d]:InitAmGmm():gmm-init-model.cc:83) Very small count for state 689: 60; corresponding phone list: 15 16 17 18 
WARNING (gmm-init-model[5.5.383~1-bd1d]:InitAmGmm():gmm-init-model.cc:83) Very small count for state 691: 78; corresponding phone list: 115 116 117 118 
WARNING (gmm-init-model[5.5.383~1-bd1d]:InitAmGmm():gmm-init-model.cc:83) Very small count for state 694: 62; corresponding phone list: 43 44 45 46 
WARNING (gmm-init-model[5.5.383~1-bd1d]:InitAmGmm():gmm-init-model.cc:83) Very small count for state 695: 54; corresponding phone list: 99 100 101 102 
WARNING (gmm-init-model[5.5.383~1-bd1d]:InitAmGmm():gmm-init-model.cc:83) Very small count for state 696: 20; corresponding phone list: 35 36 37 38 
WARNING (gmm-init-model[5.5.383~1-bd1d]:InitAmGmm():gmm-init-model.cc:83) Very small count for state 699: 45; corresponding phone list: 11 12 13 14 
WARNING (gmm-init-model[5.5.383~1-bd1d]:InitAmGmm():gmm-init-model.cc:83) Very small count for state 702: 70; corresponding phone list: 15 16 17 18 
WARNING (gmm-init-model[5.5.383~1-bd1d]:InitAmGmm():gmm-init-model.cc:83) Very small count for state 703: 46; corresponding phone list: 187 188 189 190 
WARNING (gmm-init-model[5.5.383~1-bd1d]:InitAmGmm():gmm-init-model.cc:83) Very small count for state 704: 72; corresponding phone list: 187 188 189 190 
WARNING (gmm-init-model[5.5.383~1-bd1d]:InitAmGmm():gmm-init-model.cc:83) Very small count for state 706: 61; corresponding phone list: 12 13 14 
WARNING (gmm-init-model[5.5.383~1-bd1d]:InitAmGmm():gmm-init-model.cc:83) Very small count for state 709: 57; corresponding phone list: 115 116 117 118 
WARNING (gmm-init-model[5.5.383~1-bd1d]:InitAmGmm():gmm-init-model.cc:83) Very small count for state 717: 95; corresponding phone list: 16 
WARNING (gmm-init-model[5.5.383~1-bd1d]:InitAmGmm():gmm-init-model.cc:83) Very small count for state 720: 45; corresponding phone list: 175 176 177 178 
WARNING (gmm-init-model[5.5.383~1-bd1d]:InitAmGmm():gmm-init-model.cc:83) Very small count for state 722: 94; corresponding phone list: 127 128 129 130 
WARNING (gmm-init-model[5.5.383~1-bd1d]:InitAmGmm():gmm-init-model.cc:83) Very small count for state 723: 61; corresponding phone list: 159 
WARNING (gmm-init-model[5.5.383~1-bd1d]:InitAmGmm():gmm-init-model.cc:83) Very small count for state 724: 72; corresponding phone list: 103 104 105 106 
WARNING (gmm-init-model[5.5.383~1-bd1d]:InitAmGmm():gmm-init-model.cc:83) Very small count for state 728: 30; corresponding phone list: 19 20 21 22 
WARNING (gmm-init-model[5.5.383~1-bd1d]:InitAmGmm():gmm-init-model.cc:83) Very small count for state 731: 39; corresponding phone list: 15 16 17 18 
WARNING (gmm-init-model[5.5.383~1-bd1d]:InitAmGmm():gmm-init-model.cc:83) Very small count for state 732: 77; corresponding phone list: 147 148 149 150 
WARNING (gmm-init-model[5.5.383~1-bd1d]:InitAmGmm():gmm-init-model.cc:83) Very small count for state 736: 93; corresponding phone list: 207 208 209 210 
WARNING (gmm-init-model[5.5.383~1-bd1d]:InitAmGmm():gmm-init-model.cc:83) Very small count for state 737: 28; corresponding phone list: 95 96 97 98 
WARNING (gmm-init-model[5.5.383~1-bd1d]:InitAmGmm():gmm-init-model.cc:83) Very small count for state 738: 25; corresponding phone list: 115 116 117 118 
WARNING (gmm-init-model[5.5.383~1-bd1d]:InitAmGmm():gmm-init-model.cc:83) Very small count for state 740: 8; corresponding phone list: 219 220 221 222 
WARNING (gmm-init-model[5.5.383~1-bd1d]:InitAmGmm():gmm-init-model.cc:83) Very small count for state 741: 31; corresponding phone list: 11 
WARNING (gmm-init-model[5.5.383~1-bd1d]:InitAmGmm():gmm-init-model.cc:83) Very small count for state 745: 68; corresponding phone list: 43 44 45 46 
WARNING (gmm-init-model[5.5.383~1-bd1d]:InitAmGmm():gmm-init-model.cc:83) Very small count for state 746: 97; corresponding phone list: 12 13 14 
WARNING (gmm-init-model[5.5.383~1-bd1d]:InitAmGmm():gmm-init-model.cc:83) Very small count for state 753: 16; corresponding phone list: 131 132 133 134 
WARNING (gmm-init-model[5.5.383~1-bd1d]:InitAmGmm():gmm-init-model.cc:83) Very small count for state 756: 19; corresponding phone list: 16 17 18 
WARNING (gmm-init-model[5.5.383~1-bd1d]:InitAmGmm():gmm-init-model.cc:83) Very small count for state 759: 86; corresponding phone list: 227 228 229 230 
WARNING (gmm-init-model[5.5.383~1-bd1d]:InitAmGmm():gmm-init-model.cc:83) Very small count for state 761: 61; corresponding phone list: 111 112 113 114 
WARNING (gmm-init-model[5.5.383~1-bd1d]:InitAmGmm():gmm-init-model.cc:83) Very small count for state 771: 74; corresponding phone list: 12 13 14 
WARNING (gmm-init-model[5.5.383~1-bd1d]:InitAmGmm():gmm-init-model.cc:83) Very small count for state 773: 10; corresponding phone list: 227 228 229 230 
WARNING (gmm-init-model[5.5.383~1-bd1d]:InitAmGmm():gmm-init-model.cc:83) Very small count for state 776: 61; corresponding phone list: 11 12 13 14 
WARNING (gmm-init-model[5.5.383~1-bd1d]:InitAmGmm():gmm-init-model.cc:83) Very small count for state 777: 99; corresponding phone list: 219 220 221 222 
WARNING (gmm-init-model[5.5.383~1-bd1d]:InitAmGmm():gmm-init-model.cc:83) Very small count for state 779: 86; corresponding phone list: 11 12 13 14 
WARNING (gmm-init-model[5.5.383~1-bd1d]:InitAmGmm():gmm-init-model.cc:83) Very small count for state 781: 78; corresponding phone list: 11 12 13 14 
WARNING (gmm-init-model[5.5.383~1-bd1d]:InitAmGmm():gmm-init-model.cc:83) Very small count for state 782: 59; corresponding phone list: 59 60 61 62 
WARNING (gmm-init-model[5.5.383~1-bd1d]:InitAmGmm():gmm-init-model.cc:83) Very small count for state 786: 35; corresponding phone list: 219 220 221 222 
WARNING (gmm-init-model[5.5.383~1-bd1d]:InitAmGmm():gmm-init-model.cc:83) Very small count for state 787: 83; corresponding phone list: 12 13 14 
WARNING (gmm-init-model[5.5.383~1-bd1d]:InitAmGmm():gmm-init-model.cc:83) Very small count for state 789: 52; corresponding phone list: 219 220 221 222 
WARNING (gmm-init-model[5.5.383~1-bd1d]:InitAmGmm():gmm-init-model.cc:83) Very small count for state 790: 11; corresponding phone list: 219 220 221 222 
WARNING (gmm-init-model[5.5.383~1-bd1d]:InitAmGmm():gmm-init-model.cc:83) Very small count for state 791: 53; corresponding phone list: 15 16 17 18 
WARNING (gmm-init-model[5.5.383~1-bd1d]:InitAmGmm():gmm-init-model.cc:83) Very small count for state 792: 83; corresponding phone list: 11 12 13 14 
WARNING (gmm-init-model[5.5.383~1-bd1d]:InitAmGmm():gmm-init-model.cc:83) Very small count for state 794: 78; corresponding phone list: 207 208 209 210 
WARNING (gmm-init-model[5.5.383~1-bd1d]:InitAmGmm():gmm-init-model.cc:83) Very small count for state 796: 84; corresponding phone list: 103 104 105 106 
WARNING (gmm-init-model[5.5.383~1-bd1d]:InitAmGmm():gmm-init-model.cc:83) Very small count for state 797: 36; corresponding phone list: 219 220 221 222 
WARNING (gmm-init-model[5.5.383~1-bd1d]:InitAmGmm():gmm-init-model.cc:83) Very small count for state 798: 38; corresponding phone list: 215 216 217 218 
WARNING (gmm-init-model[5.5.383~1-bd1d]:InitAmGmm():gmm-init-model.cc:83) Very small count for state 799: 25; corresponding phone list: 43 44 45 46 
WARNING (gmm-init-model[5.5.383~1-bd1d]:InitAmGmm():gmm-init-model.cc:83) Very small count for state 804: 60; corresponding phone list: 103 104 105 106 
WARNING (gmm-init-model[5.5.383~1-bd1d]:InitAmGmm():gmm-init-model.cc:83) Very small count for state 805: 68; corresponding phone list: 15 16 17 18 
WARNING (gmm-init-model[5.5.383~1-bd1d]:InitAmGmm():gmm-init-model.cc:83) Very small count for state 808: 62; corresponding phone list: 149 
WARNING (gmm-init-model[5.5.383~1-bd1d]:InitAmGmm():gmm-init-model.cc:83) Very small count for state 810: 67; corresponding phone list: 35 36 37 38 
WARNING (gmm-init-model[5.5.383~1-bd1d]:InitAmGmm():gmm-init-model.cc:83) Very small count for state 815: 31; corresponding phone list: 83 84 85 86 
WARNING (gmm-init-model[5.5.383~1-bd1d]:InitAmGmm():gmm-init-model.cc:83) Very small count for state 817: 85; corresponding phone list: 147 148 149 150 
WARNING (gmm-init-model[5.5.383~1-bd1d]:InitAmGmm():gmm-init-model.cc:83) Very small count for state 824: 59; corresponding phone list: 15 16 17 18 
WARNING (gmm-init-model[5.5.383~1-bd1d]:InitAmGmm():gmm-init-model.cc:83) Very small count for state 827: 75; corresponding phone list: 35 36 37 38 
WARNING (gmm-init-model[5.5.383~1-bd1d]:InitAmGmm():gmm-init-model.cc:83) Very small count for state 836: 96; corresponding phone list: 131 132 133 134 
WARNING (gmm-init-model[5.5.383~1-bd1d]:InitAmGmm():gmm-init-model.cc:83) Very small count for state 837: 34; corresponding phone list: 63 64 65 66 
WARNING (gmm-init-model[5.5.383~1-bd1d]:InitAmGmm():gmm-init-model.cc:83) Very small count for state 842: 83; corresponding phone list: 24 
WARNING (gmm-init-model[5.5.383~1-bd1d]:InitAmGmm():gmm-init-model.cc:83) Very small count for state 845: 86; corresponding phone list: 12 13 14 
WARNING (gmm-init-model[5.5.383~1-bd1d]:InitAmGmm():gmm-init-model.cc:83) Very small count for state 849: 69; corresponding phone list: 95 96 97 98 
WARNING (gmm-init-model[5.5.383~1-bd1d]:InitAmGmm():gmm-init-model.cc:83) Very small count for state 850: 32; corresponding phone list: 99 100 101 102 
WARNING (gmm-init-model[5.5.383~1-bd1d]:InitAmGmm():gmm-init-model.cc:83) Very small count for state 853: 44; corresponding phone list: 19 20 21 22 
WARNING (gmm-init-model[5.5.383~1-bd1d]:InitAmGmm():gmm-init-model.cc:83) Very small count for state 857: 55; corresponding phone list: 15 16 17 18 
WARNING (gmm-init-model[5.5.383~1-bd1d]:InitAmGmm():gmm-init-model.cc:83) Very small count for state 859: 80; corresponding phone list: 111 112 113 114 
WARNING (gmm-init-model[5.5.383~1-bd1d]:InitAmGmm():gmm-init-model.cc:83) Very small count for state 863: 81; corresponding phone list: 35 36 37 38 
WARNING (gmm-init-model[5.5.383~1-bd1d]:InitAmGmm():gmm-init-model.cc:83) Very small count for state 864: 84; corresponding phone list: 95 96 97 98 
WARNING (gmm-init-model[5.5.383~1-bd1d]:InitAmGmm():gmm-init-model.cc:83) Very small count for state 865: 26; corresponding phone list: 107 108 109 110 
WARNING (gmm-init-model[5.5.383~1-bd1d]:InitAmGmm():gmm-init-model.cc:83) Very small count for state 866: 86; corresponding phone list: 11 12 13 14 
WARNING (gmm-init-model[5.5.383~1-bd1d]:InitAmGmm():gmm-init-model.cc:83) Very small count for state 867: 32; corresponding phone list: 15 16 17 18 
WARNING (gmm-init-model[5.5.383~1-bd1d]:InitAmGmm():gmm-init-model.cc:83) Very small count for state 869: 72; corresponding phone list: 171 172 173 174 
WARNING (gmm-init-model[5.5.383~1-bd1d]:InitAmGmm():gmm-init-model.cc:83) Very small count for state 873: 77; corresponding phone list: 23 24 25 26 
WARNING (gmm-init-model[5.5.383~1-bd1d]:InitAmGmm():gmm-init-model.cc:83) Very small count for state 875: 55; corresponding phone list: 99 
WARNING (gmm-init-model[5.5.383~1-bd1d]:InitAmGmm():gmm-init-model.cc:83) Very small count for state 876: 59; corresponding phone list: 147 148 149 150 
WARNING (gmm-init-model[5.5.383~1-bd1d]:InitAmGmm():gmm-init-model.cc:83) Very small count for state 878: 80; corresponding phone list: 35 36 37 38 
WARNING (gmm-init-model[5.5.383~1-bd1d]:InitAmGmm():gmm-init-model.cc:83) Very small count for state 880: 21; corresponding phone list: 83 84 85 86 
WARNING (gmm-init-model[5.5.383~1-bd1d]:InitAmGmm():gmm-init-model.cc:83) Very small count for state 883: 35; corresponding phone list: 219 220 221 222 
WARNING (gmm-init-model[5.5.383~1-bd1d]:InitAmGmm():gmm-init-model.cc:83) Very small count for state 886: 94; corresponding phone list: 55 56 57 58 
WARNING (gmm-init-model[5.5.383~1-bd1d]:InitAmGmm():gmm-init-model.cc:83) Very small count for state 887: 11; corresponding phone list: 35 36 37 38 
WARNING (gmm-init-model[5.5.383~1-bd1d]:InitAmGmm():gmm-init-model.cc:83) Very small count for state 888: 75; corresponding phone list: 83 84 85 86 
WARNING (gmm-init-model[5.5.383~1-bd1d]:InitAmGmm():gmm-init-model.cc:83) Very small count for state 889: 71; corresponding phone list: 83 84 85 86 
WARNING (gmm-init-model[5.5.383~1-bd1d]:InitAmGmm():gmm-init-model.cc:83) Very small count for state 890: 87; corresponding phone list: 83 84 85 86 
WARNING (gmm-init-model[5.5.383~1-bd1d]:InitAmGmm():gmm-init-model.cc:83) Very small count for state 895: 85; corresponding phone list: 231 232 233 234 
WARNING (gmm-init-model[5.5.383~1-bd1d]:InitAmGmm():gmm-init-model.cc:83) Very small count for state 897: 44; corresponding phone list: 207 208 209 210 
WARNING (gmm-init-model[5.5.383~1-bd1d]:InitAmGmm():gmm-init-model.cc:83) Very small count for state 899: 25; corresponding phone list: 119 120 121 122 
WARNING (gmm-init-model[5.5.383~1-bd1d]:InitAmGmm():gmm-init-model.cc:83) Very small count for state 904: 80; corresponding phone list: 15 16 17 18 
WARNING (gmm-init-model[5.5.383~1-bd1d]:InitAmGmm():gmm-init-model.cc:83) Very small count for state 907: 19; corresponding phone list: 219 220 221 222 
WARNING (gmm-init-model[5.5.383~1-bd1d]:InitAmGmm():gmm-init-model.cc:83) Very small count for state 910: 46; corresponding phone list: 103 104 105 106 
WARNING (gmm-init-model[5.5.383~1-bd1d]:InitAmGmm():gmm-init-model.cc:83) Very small count for state 913: 48; corresponding phone list: 67 68 69 70 
WARNING (gmm-init-model[5.5.383~1-bd1d]:InitAmGmm():gmm-init-model.cc:83) Very small count for state 916: 79; corresponding phone list: 219 220 221 222 
WARNING (gmm-init-model[5.5.383~1-bd1d]:InitAmGmm():gmm-init-model.cc:83) Very small count for state 917: 72; corresponding phone list: 43 44 45 46 
WARNING (gmm-init-model[5.5.383~1-bd1d]:InitAmGmm():gmm-init-model.cc:83) Very small count for state 920: 37; corresponding phone list: 23 25 26 
WARNING (gmm-init-model[5.5.383~1-bd1d]:InitAmGmm():gmm-init-model.cc:83) Very small count for state 923: 63; corresponding phone list: 219 220 221 222 
WARNING (gmm-init-model[5.5.383~1-bd1d]:InitAmGmm():gmm-init-model.cc:83) Very small count for state 924: 64; corresponding phone list: 219 220 221 222 
WARNING (gmm-init-model[5.5.383~1-bd1d]:InitAmGmm():gmm-init-model.cc:83) Very small count for state 926: 88; corresponding phone list: 123 124 125 126 
WARNING (gmm-init-model[5.5.383~1-bd1d]:InitAmGmm():gmm-init-model.cc:83) Very small count for state 927: 58; corresponding phone list: 35 36 37 38 
WARNING (gmm-init-model[5.5.383~1-bd1d]:InitAmGmm():gmm-init-model.cc:83) Very small count for state 929: 88; corresponding phone list: 103 104 105 106 
WARNING (gmm-init-model[5.5.383~1-bd1d]:InitAmGmm():gmm-init-model.cc:83) Very small count for state 931: 78; corresponding phone list: 127 128 129 130 
WARNING (gmm-init-model[5.5.383~1-bd1d]:InitAmGmm():gmm-init-model.cc:83) Very small count for state 936: 40; corresponding phone list: 35 36 37 38 
WARNING (gmm-init-model[5.5.383~1-bd1d]:InitAmGmm():gmm-init-model.cc:83) Very small count for state 937: 91; corresponding phone list: 83 84 85 86 
WARNING (gmm-init-model[5.5.383~1-bd1d]:InitAmGmm():gmm-init-model.cc:83) Very small count for state 939: 21; corresponding phone list: 104 
WARNING (gmm-init-model[5.5.383~1-bd1d]:InitAmGmm():gmm-init-model.cc:83) Very small count for state 942: 72; corresponding phone list: 79 80 81 82 
WARNING (gmm-init-model[5.5.383~1-bd1d]:InitAmGmm():gmm-init-model.cc:83) Very small count for state 946: 96; corresponding phone list: 15 16 17 18 
WARNING (gmm-init-model[5.5.383~1-bd1d]:InitAmGmm():gmm-init-model.cc:83) Very small count for state 948: 56; corresponding phone list: 219 220 221 222 
WARNING (gmm-init-model[5.5.383~1-bd1d]:InitAmGmm():gmm-init-model.cc:83) Very small count for state 953: 47; corresponding phone list: 11 12 13 14 
WARNING (gmm-init-model[5.5.383~1-bd1d]:InitAmGmm():gmm-init-model.cc:83) Very small count for state 954: 55; corresponding phone list: 143 144 145 146 
WARNING (gmm-init-model[5.5.383~1-bd1d]:InitAmGmm():gmm-init-model.cc:83) Very small count for state 956: 96; corresponding phone list: 147 148 149 150 
WARNING (gmm-init-model[5.5.383~1-bd1d]:InitAmGmm():gmm-init-model.cc:83) Very small count for state 957: 49; corresponding phone list: 149 
WARNING (gmm-init-model[5.5.383~1-bd1d]:InitAmGmm():gmm-init-model.cc:83) Very small count for state 959: 61; corresponding phone list: 179 180 181 182 
WARNING (gmm-init-model[5.5.383~1-bd1d]:InitAmGmm():gmm-init-model.cc:83) Very small count for state 960: 15; corresponding phone list: 87 88 89 90 
WARNING (gmm-init-model[5.5.383~1-bd1d]:InitAmGmm():gmm-init-model.cc:83) Very small count for state 965: 64; corresponding phone list: 15 16 17 18 
WARNING (gmm-init-model[5.5.383~1-bd1d]:InitAmGmm():gmm-init-model.cc:83) Very small count for state 969: 48; corresponding phone list: 147 148 149 150 
WARNING (gmm-init-model[5.5.383~1-bd1d]:InitAmGmm():gmm-init-model.cc:83) Very small count for state 972: 93; corresponding phone list: 219 220 221 222 
WARNING (gmm-init-model[5.5.383~1-bd1d]:InitAmGmm():gmm-init-model.cc:83) Very small count for state 979: 80; corresponding phone list: 16 
WARNING (gmm-init-model[5.5.383~1-bd1d]:InitAmGmm():gmm-init-model.cc:83) Very small count for state 980: 23; corresponding phone list: 35 36 37 38 
WARNING (gmm-init-model[5.5.383~1-bd1d]:InitAmGmm():gmm-init-model.cc:83) Very small count for state 986: 28; corresponding phone list: 151 152 153 154 
WARNING (gmm-init-model[5.5.383~1-bd1d]:InitAmGmm():gmm-init-model.cc:83) Very small count for state 988: 13; corresponding phone list: 223 224 225 226 
WARNING (gmm-init-model[5.5.383~1-bd1d]:InitAmGmm():gmm-init-model.cc:83) Very small count for state 992: 92; corresponding phone list: 35 36 37 38 
WARNING (gmm-init-model[5.5.383~1-bd1d]:InitAmGmm():gmm-init-model.cc:83) Very small count for state 998: 66; corresponding phone list: 195 197 198 
WARNING (gmm-init-model[5.5.383~1-bd1d]:InitAmGmm():gmm-init-model.cc:83) Very small count for state 1002: 97; corresponding phone list: 11 12 13 14 
WARNING (gmm-init-model[5.5.383~1-bd1d]:InitAmGmm():gmm-init-model.cc:83) Very small count for state 1005: 26; corresponding phone list: 143 144 145 146 
WARNING (gmm-init-model[5.5.383~1-bd1d]:InitAmGmm():gmm-init-model.cc:83) Very small count for state 1009: 46; corresponding phone list: 199 201 202 
WARNING (gmm-init-model[5.5.383~1-bd1d]:InitAmGmm():gmm-init-model.cc:83) Very small count for state 1014: 81; corresponding phone list: 196 
WARNING (gmm-init-model[5.5.383~1-bd1d]:InitAmGmm():gmm-init-model.cc:83) Very small count for state 1015: 94; corresponding phone list: 175 176 177 178 
WARNING (gmm-init-model[5.5.383~1-bd1d]:InitAmGmm():gmm-init-model.cc:83) Very small count for state 1018: 45; corresponding phone list: 63 64 65 66 
WARNING (gmm-init-model[5.5.383~1-bd1d]:InitAmGmm():gmm-init-model.cc:83) Very small count for state 1020: 73; corresponding phone list: 11 12 13 14 
WARNING (gmm-init-model[5.5.383~1-bd1d]:InitAmGmm():gmm-init-model.cc:83) Very small count for state 1021: 88; corresponding phone list: 215 216 217 218 
WARNING (gmm-init-model[5.5.383~1-bd1d]:InitAmGmm():gmm-init-model.cc:83) Very small count for state 1027: 90; corresponding phone list: 131 132 133 134 
WARNING (gmm-init-model[5.5.383~1-bd1d]:InitAmGmm():gmm-init-model.cc:83) Very small count for state 1031: 25; corresponding phone list: 223 224 225 226 
WARNING (gmm-init-model[5.5.383~1-bd1d]:InitAmGmm():gmm-init-model.cc:83) Very small count for state 1034: 65; corresponding phone list: 127 128 129 130 
WARNING (gmm-init-model[5.5.383~1-bd1d]:InitAmGmm():gmm-init-model.cc:83) Very small count for state 1038: 84; corresponding phone list: 123 124 125 126 
WARNING (gmm-init-model[5.5.383~1-bd1d]:InitAmGmm():gmm-init-model.cc:83) Very small count for state 1039: 87; corresponding phone list: 231 232 233 234 
WARNING (gmm-init-model[5.5.383~1-bd1d]:InitAmGmm():gmm-init-model.cc:83) Very small count for state 1040: 92; corresponding phone list: 155 156 157 158 
WARNING (gmm-init-model[5.5.383~1-bd1d]:InitAmGmm():gmm-init-model.cc:83) Very small count for state 1041: 84; corresponding phone list: 211 212 213 214 
WARNING (gmm-init-model[5.5.383~1-bd1d]:InitAmGmm():gmm-init-model.cc:83) Very small count for state 1050: 34; corresponding phone list: 175 176 177 178 
WARNING (gmm-init-model[5.5.383~1-bd1d]:InitAmGmm():gmm-init-model.cc:83) Very small count for state 1051: 54; corresponding phone list: 99 100 101 102 
WARNING (gmm-init-model[5.5.383~1-bd1d]:InitAmGmm():gmm-init-model.cc:83) Very small count for state 1053: 48; corresponding phone list: 179 180 181 182 
WARNING (gmm-init-model[5.5.383~1-bd1d]:InitAmGmm():gmm-init-model.cc:83) Very small count for state 1054: 83; corresponding phone list: 127 128 129 130 
WARNING (gmm-init-model[5.5.383~1-bd1d]:InitAmGmm():gmm-init-model.cc:83) Very small count for state 1055: 43; corresponding phone list: 103 104 105 106 
WARNING (gmm-init-model[5.5.383~1-bd1d]:InitAmGmm():gmm-init-model.cc:83) Very small count for state 1056: 27; corresponding phone list: 151 152 153 154 
WARNING (gmm-init-model[5.5.383~1-bd1d]:InitAmGmm():gmm-init-model.cc:83) Very small count for state 1057: 99; corresponding phone list: 19 20 21 22 
WARNING (gmm-init-model[5.5.383~1-bd1d]:InitAmGmm():gmm-init-model.cc:83) Very small count for state 1062: 89; corresponding phone list: 187 188 189 190 
WARNING (gmm-init-model[5.5.383~1-bd1d]:InitAmGmm():gmm-init-model.cc:83) Very small count for state 1064: 31; corresponding phone list: 23 25 26 
WARNING (gmm-init-model[5.5.383~1-bd1d]:InitAmGmm():gmm-init-model.cc:83) Very small count for state 1066: 9; corresponding phone list: 31 32 33 34 
WARNING (gmm-init-model[5.5.383~1-bd1d]:InitAmGmm():gmm-init-model.cc:83) Very small count for state 1069: 44; corresponding phone list: 99 100 101 102 
WARNING (gmm-init-model[5.5.383~1-bd1d]:InitAmGmm():gmm-init-model.cc:83) Very small count for state 1072: 46; corresponding phone list: 99 100 101 102 
WARNING (gmm-init-model[5.5.383~1-bd1d]:InitAmGmm():gmm-init-model.cc:83) Very small count for state 1073: 19; corresponding phone list: 103 104 105 106 
WARNING (gmm-init-model[5.5.383~1-bd1d]:InitAmGmm():gmm-init-model.cc:83) Very small count for state 1075: 72; corresponding phone list: 215 216 217 218 
WARNING (gmm-init-model[5.5.383~1-bd1d]:InitAmGmm():gmm-init-model.cc:83) Very small count for state 1076: 16; corresponding phone list: 23 25 26 
WARNING (gmm-init-model[5.5.383~1-bd1d]:InitAmGmm():gmm-init-model.cc:83) Very small count for state 1078: 97; corresponding phone list: 211 212 213 214 
WARNING (gmm-init-model[5.5.383~1-bd1d]:InitAmGmm():gmm-init-model.cc:83) Very small count for state 1079: 20; corresponding phone list: 23 25 26 
WARNING (gmm-init-model[5.5.383~1-bd1d]:InitAmGmm():gmm-init-model.cc:83) Very small count for state 1083: 73; corresponding phone list: 67 68 69 70 
WARNING (gmm-init-model[5.5.383~1-bd1d]:InitAmGmm():gmm-init-model.cc:83) Very small count for state 1087: 35; corresponding phone list: 51 52 53 54 
LOG (gmm-init-model[5.5.383~1-bd1d]:main():gmm-init-model.cc:306) Wrote model.
