# gmm-est --power=0.2 --write-occs=exp/tri3/15.occs --mix-up=6160 exp/tri3/14.mdl "gmm-sum-accs - exp/tri3/14.*.acc |" exp/tri3/15.mdl 
# Started at Tue Jun 18 17:11:28 IST 2019
#
gmm-est --power=0.2 --write-occs=exp/tri3/15.occs --mix-up=6160 exp/tri3/14.mdl 'gmm-sum-accs - exp/tri3/14.*.acc |' exp/tri3/15.mdl 
gmm-sum-accs - exp/tri3/14.1.acc exp/tri3/14.2.acc exp/tri3/14.3.acc exp/tri3/14.4.acc exp/tri3/14.5.acc exp/tri3/14.6.acc exp/tri3/14.7.acc exp/tri3/14.8.acc 
LOG (gmm-sum-accs[5.5.383~1-bd1d]:main():gmm-sum-accs.cc:63) Summed 8 stats, total count 383326, avg like/frame -52.6305
LOG (gmm-sum-accs[5.5.383~1-bd1d]:main():gmm-sum-accs.cc:66) Total count of stats is 383326
LOG (gmm-sum-accs[5.5.383~1-bd1d]:main():gmm-sum-accs.cc:67) Written stats to -
LOG (gmm-est[5.5.383~1-bd1d]:MleUpdate():transition-model.cc:528) TransitionModel::Update, objf change is 0 per frame over 383326 frames. 
LOG (gmm-est[5.5.383~1-bd1d]:MleUpdate():transition-model.cc:531) 233 probabilities floored, 2831 out of 4928 transition-states skipped due to insuffient data (it is normal to have some skipped.)
LOG (gmm-est[5.5.383~1-bd1d]:main():gmm-est.cc:102) Transition model update: Overall 0 log-like improvement per frame over 383326 frames.
WARNING (gmm-est[5.5.383~1-bd1d]:MleDiagGmmUpdate():mle-diag-gmm.cc:365) Gaussian has too little data but not removing it because it is the last Gaussian: i = 0, occ = 3, weight = 1
WARNING (gmm-est[5.5.383~1-bd1d]:MleDiagGmmUpdate():mle-diag-gmm.cc:365) Gaussian has too little data but not removing it because it is the last Gaussian: i = 0, occ = 0, weight = 1
WARNING (gmm-est[5.5.383~1-bd1d]:MleDiagGmmUpdate():mle-diag-gmm.cc:365) Gaussian has too little data but not removing it because it is the last Gaussian: i = 0, occ = 7, weight = 1
WARNING (gmm-est[5.5.383~1-bd1d]:MleDiagGmmUpdate():mle-diag-gmm.cc:365) Gaussian has too little data but not removing it because it is the last Gaussian: i = 0, occ = 3, weight = 1
WARNING (gmm-est[5.5.383~1-bd1d]:MleDiagGmmUpdate():mle-diag-gmm.cc:359) Too little data - removing Gaussian (weight 0.107505, occupation count 9.997948, vector size 40)
WARNING (gmm-est[5.5.383~1-bd1d]:MleDiagGmmUpdate():mle-diag-gmm.cc:365) Gaussian has too little data but not removing it because it is the last Gaussian: i = 0, occ = 9, weight = 1
WARNING (gmm-est[5.5.383~1-bd1d]:MleDiagGmmUpdate():mle-diag-gmm.cc:359) Too little data - removing Gaussian (weight 0.057076, occupation count 7.248702, vector size 40)
WARNING (gmm-est[5.5.383~1-bd1d]:MleDiagGmmUpdate():mle-diag-gmm.cc:359) Too little data - removing Gaussian (weight 0.079156, occupation count 8.469687, vector size 40)
WARNING (gmm-est[5.5.383~1-bd1d]:MleDiagGmmUpdate():mle-diag-gmm.cc:365) Gaussian has too little data but not removing it because it is the last Gaussian: i = 0, occ = 8, weight = 1
WARNING (gmm-est[5.5.383~1-bd1d]:MleDiagGmmUpdate():mle-diag-gmm.cc:365) Gaussian has too little data but not removing it because it is the last Gaussian: i = 0, occ = 10, weight = 1
WARNING (gmm-est[5.5.383~1-bd1d]:MleDiagGmmUpdate():mle-diag-gmm.cc:365) Gaussian has too little data but not removing it because it is the last Gaussian: i = 0, occ = 10, weight = 1
WARNING (gmm-est[5.5.383~1-bd1d]:MleDiagGmmUpdate():mle-diag-gmm.cc:359) Too little data - removing Gaussian (weight 0.063846, occupation count 8.172244, vector size 40)
WARNING (gmm-est[5.5.383~1-bd1d]:MleDiagGmmUpdate():mle-diag-gmm.cc:365) Gaussian has too little data but not removing it because it is the last Gaussian: i = 0, occ = 9, weight = 1
LOG (gmm-est[5.5.383~1-bd1d]:MleAmDiagGmmUpdate():mle-am-diag-gmm.cc:225) 0 variance elements floored in 0 Gaussians, out of 5856
LOG (gmm-est[5.5.383~1-bd1d]:MleAmDiagGmmUpdate():mle-am-diag-gmm.cc:229) Removed 4 Gaussians due to counts < --min-gaussian-occupancy=10 and --remove-low-count-gaussians=true
LOG (gmm-est[5.5.383~1-bd1d]:main():gmm-est.cc:113) GMM update: Overall 0.119736 objective function improvement per frame over 383326 frames
LOG (gmm-est[5.5.383~1-bd1d]:main():gmm-est.cc:116) GMM update: Overall avg like per frame = -52.6305 over 383326 frames.
LOG (gmm-est[5.5.383~1-bd1d]:SplitByCount():am-diag-gmm.cc:116) Split 1088 states with target = 6160, power = 0.2, perturb_factor = 0.01 and min_count = 20, split #Gauss from 5856 to 6180
LOG (gmm-est[5.5.383~1-bd1d]:main():gmm-est.cc:146) Written model to exp/tri3/15.mdl
# Accounting: time=0 threads=1
# Ended (code 0) at Tue Jun 18 17:11:28 IST 2019, elapsed time 0 seconds
