# lattice-scale --inv-acoustic-scale=12 "ark:gunzip -c exp/tri3/decode/lat.*.gz|" ark:- | lattice-add-penalty --word-ins-penalty=0.5 ark:- ark:- | lattice-best-path --word-symbol-table=exp/tri3/graph/words.txt ark:- ark,t:- | utils/int2sym.pl -f 2- exp/tri3/graph/words.txt | cat > exp/tri3/decode/scoring_kaldi/penalty_0.5/12.txt 
# Started at Tue Jun 18 17:12:55 IST 2019
#
lattice-add-penalty --word-ins-penalty=0.5 ark:- ark:- 
lattice-scale --inv-acoustic-scale=12 'ark:gunzip -c exp/tri3/decode/lat.*.gz|' ark:- 
lattice-best-path --word-symbol-table=exp/tri3/graph/words.txt ark:- ark,t:- 
LOG (lattice-best-path[5.5.383~1-bd1d]:main():lattice-best-path.cc:99) For utterance c638, best cost 108.927 + 3145.7 = 3254.62 over 693 frames.
c638 <oov> <oov> <oov> کو <oov> کی <oov> 
LOG (lattice-best-path[5.5.383~1-bd1d]:main():lattice-best-path.cc:99) For utterance c639, best cost 101.754 + 2866.74 = 2968.5 over 630 frames.
c639 <oov> کر سے کے <oov> <oov> 
LOG (lattice-best-path[5.5.383~1-bd1d]:main():lattice-best-path.cc:99) For utterance c640, best cost 188.682 + 3098.84 = 3287.52 over 710 frames.
c640 <oov> کے <oov> <oov> سفیر نے <oov> کونسل کے <oov> والا کا <oov> لگایا 
LOG (lattice-best-path[5.5.383~1-bd1d]:main():lattice-best-path.cc:99) For utterance c641, best cost 59.496 + 2049.04 = 2108.54 over 436 frames.
c641 <oov> <oov> <oov> 
LOG (lattice-best-path[5.5.383~1-bd1d]:main():lattice-best-path.cc:99) For utterance c642, best cost 103.353 + 2454.56 = 2557.92 over 533 frames.
c642 <oov> کے <oov> <oov> <oov> کی <oov> <oov> 
LOG (lattice-best-path[5.5.383~1-bd1d]:main():lattice-best-path.cc:99) For utterance c643, best cost 112.133 + 2860.59 = 2972.72 over 622 frames.
c643 <oov> <oov> <oov> اور <oov> زائد <oov> 
LOG (lattice-best-path[5.5.383~1-bd1d]:main():lattice-best-path.cc:99) For utterance c644, best cost 119.2 + 3115.44 = 3234.64 over 685 frames.
c644 <oov> <oov> اور <oov> کے <oov> پر <oov> <oov> 
LOG (lattice-best-path[5.5.383~1-bd1d]:main():lattice-best-path.cc:99) For utterance c645, best cost 110.279 + 2685.48 = 2795.76 over 584 frames.
c645 <oov> میں <oov> <oov> <oov> کرنے کی <oov> ہیں 
LOG (lattice-best-path[5.5.383~1-bd1d]:main():lattice-best-path.cc:99) For utterance c646, best cost 127.597 + 2320.76 = 2448.35 over 504 frames.
c646 <oov> اور <oov> کے بعد <oov> میں <oov> لے آئی 
LOG (lattice-best-path[5.5.383~1-bd1d]:main():lattice-best-path.cc:99) For utterance c647, best cost 68.0891 + 1631.27 = 1699.36 over 356 frames.
c647 <oov> <oov> <oov> <oov> پر آئے 
LOG (lattice-best-path[5.5.383~1-bd1d]:main():lattice-best-path.cc:99) For utterance c648, best cost 86.2969 + 1843.49 = 1929.79 over 415 frames.
c648 میلے میں <oov> <oov> کے <oov> تھا 
LOG (lattice-best-path[5.5.383~1-bd1d]:main():lattice-best-path.cc:99) For utterance c649, best cost 116.109 + 2566.61 = 2682.72 over 580 frames.
c649 <oov> کر کے <oov> کے بعد <oov> <oov> <oov> 
LOG (lattice-best-path[5.5.383~1-bd1d]:main():lattice-best-path.cc:99) For utterance c650, best cost 105.39 + 2594.89 = 2700.28 over 580 frames.
c650 <oov> کی <oov> کے <oov> <oov> ہے 
LOG (lattice-best-path[5.5.383~1-bd1d]:main():lattice-best-path.cc:99) For utterance c651, best cost 130.895 + 2091.51 = 2222.4 over 470 frames.
c651 <oov> کو <oov> <oov> کی <oov> سے پہلے <oov> <oov> تھیں 
LOG (lattice-best-path[5.5.383~1-bd1d]:main():lattice-best-path.cc:99) For utterance c652, best cost 139.193 + 3500.76 = 3639.95 over 761 frames.
c652 <oov> کی <oov> <oov> اور <oov> <oov> <oov> کے <oov> 
LOG (lattice-best-path[5.5.383~1-bd1d]:main():lattice-best-path.cc:99) For utterance c653, best cost 90.9939 + 2992.54 = 3083.53 over 660 frames.
c653 <oov> <oov> کا <oov> <oov> <oov> 
LOG (lattice-best-path[5.5.383~1-bd1d]:main():lattice-best-path.cc:99) For utterance c654, best cost 66.5187 + 2515.75 = 2582.27 over 542 frames.
c654 <oov> <oov> 
LOG (lattice-best-path[5.5.383~1-bd1d]:main():lattice-best-path.cc:99) For utterance c655, best cost 78.301 + 2283.42 = 2361.72 over 516 frames.
c655 <oov> <oov> <oov> <oov> <oov> ہے 
LOG (lattice-best-path[5.5.383~1-bd1d]:main():lattice-best-path.cc:99) For utterance c656, best cost 108.166 + 2814.83 = 2922.99 over 643 frames.
c656 <oov> <oov> <oov> اور <oov> <oov> <oov> کریں 
LOG (lattice-best-path[5.5.383~1-bd1d]:main():lattice-best-path.cc:99) For utterance c657, best cost 113.77 + 2076.49 = 2190.26 over 491 frames.
c657 <oov> <oov> <oov> کردار کی حد سے <oov> نہیں 
LOG (lattice-best-path[5.5.383~1-bd1d]:main():lattice-best-path.cc:99) For utterance c658, best cost 67.8557 + 1995.31 = 2063.17 over 449 frames.
c658 <oov> <oov> کی <oov> 
LOG (lattice-best-path[5.5.383~1-bd1d]:main():lattice-best-path.cc:99) For utterance c659, best cost 124.32 + 2718.58 = 2842.9 over 617 frames.
c659 <oov> اور <oov> کا <oov> <oov> کے بعد <oov> 
LOG (lattice-best-path[5.5.383~1-bd1d]:main():lattice-best-path.cc:99) For utterance c660, best cost 75.1299 + 1403.27 = 1478.4 over 313 frames.
c660 <oov> کے <oov> <oov> نہیں <oov> 
LOG (lattice-best-path[5.5.383~1-bd1d]:main():lattice-best-path.cc:99) For utterance c661, best cost 73.9811 + 1752.31 = 1826.29 over 413 frames.
c661 <oov> لینے کے لئے <oov> <oov> <oov> 
LOG (lattice-best-path[5.5.383~1-bd1d]:main():lattice-best-path.cc:99) For utterance c662, best cost 89.099 + 1840.74 = 1929.84 over 376 frames.
c662 <oov> <oov> کو <oov> <oov> کی <oov> 
LOG (lattice-best-path[5.5.383~1-bd1d]:main():lattice-best-path.cc:99) For utterance c663, best cost 117.948 + 2728.15 = 2846.09 over 603 frames.
c663 <oov> <oov> <oov> <oov> <oov> <oov> کی <oov> <oov> ہوئی 
LOG (lattice-best-path[5.5.383~1-bd1d]:main():lattice-best-path.cc:99) For utterance c664, best cost 123.621 + 2793.23 = 2916.85 over 575 frames.
c664 <oov> کے <oov> میں <oov> <oov> <oov> ہو گئ 
LOG (lattice-best-path[5.5.383~1-bd1d]:main():lattice-best-path.cc:99) For utterance c665, best cost 76.6061 + 1870.08 = 1946.69 over 435 frames.
c665 فیض نے <oov> <oov> ہوا 
LOG (lattice-best-path[5.5.383~1-bd1d]:main():lattice-best-path.cc:99) For utterance c666, best cost 81.2138 + 2017.16 = 2098.37 over 438 frames.
c666 <oov> <oov> <oov> سے <oov> لئے 
LOG (lattice-best-path[5.5.383~1-bd1d]:main():lattice-best-path.cc:99) For utterance c667, best cost 94.1971 + 1919.52 = 2013.72 over 395 frames.
c667 <oov> سے <oov> <oov> کی <oov> <oov> ہوئی 
LOG (lattice-best-path[5.5.383~1-bd1d]:main():lattice-best-path.cc:99) For utterance c668, best cost 151.947 + 2693.92 = 2845.87 over 613 frames.
c668 <oov> <oov> کے <oov> <oov> والے <oov> کا <oov> <oov> سے <oov> لا 
LOG (lattice-best-path[5.5.383~1-bd1d]:main():lattice-best-path.cc:99) For utterance c669, best cost 91.5129 + 2063.06 = 2154.57 over 458 frames.
c669 <oov> <oov> کے <oov> نہیں کیا 
LOG (lattice-best-path[5.5.383~1-bd1d]:main():lattice-best-path.cc:99) For utterance c670, best cost 52.35 + 1833.02 = 1885.37 over 383 frames.
c670 <oov> <oov> 
LOG (lattice-best-path[5.5.383~1-bd1d]:main():lattice-best-path.cc:99) For utterance c671, best cost 134.928 + 2963.07 = 3098 over 624 frames.
c671 <oov> سے پہلے <oov> کے <oov> نے کہا <oov> <oov> 
LOG (lattice-best-path[5.5.383~1-bd1d]:main():lattice-best-path.cc:99) For utterance c672, best cost 128.003 + 2526.43 = 2654.44 over 589 frames.
c672 <oov> تو فرقان <oov> غوث <oov> کا <oov> ہے 
LOG (lattice-best-path[5.5.383~1-bd1d]:main():lattice-best-path.cc:99) For utterance c673, best cost 130.901 + 1746.83 = 1877.73 over 407 frames.
c673 پڑا ہی کے <oov> <oov> نسل کے <oov> <oov> ہے 
LOG (lattice-best-path[5.5.383~1-bd1d]:main():lattice-best-path.cc:99) For utterance c674, best cost 113.687 + 2659.6 = 2773.29 over 592 frames.
c674 <oov> <oov> بڑھ کا <oov> <oov> <oov> کی کوشش کی 
LOG (lattice-best-path[5.5.383~1-bd1d]:main():lattice-best-path.cc:99) For utterance c675, best cost 78.4438 + 1900.47 = 1978.92 over 403 frames.
c675 <oov> <oov> <oov> کا <oov> 
LOG (lattice-best-path[5.5.383~1-bd1d]:main():lattice-best-path.cc:99) For utterance c676, best cost 123.768 + 2250.1 = 2373.87 over 480 frames.
c676 اپنی رہائش کی <oov> نے <oov> <oov> پر <oov> 
LOG (lattice-best-path[5.5.383~1-bd1d]:main():lattice-best-path.cc:99) For utterance c677, best cost 149.866 + 2736.85 = 2886.72 over 605 frames.
c677 <oov> <oov> کی <oov> <oov> صبوحی <oov> کی ہیبت سے <oov> گیا 
LOG (lattice-best-path[5.5.383~1-bd1d]:main():lattice-best-path.cc:99) For utterance c678, best cost 139.707 + 3208.54 = 3348.25 over 737 frames.
c678 <oov> <oov> کو <oov> کے <oov> <oov> سے <oov> <oov> کریں 
LOG (lattice-best-path[5.5.383~1-bd1d]:main():lattice-best-path.cc:99) For utterance c679, best cost 98.9188 + 1669.87 = 1768.79 over 365 frames.
c679 تھوڑی اور <oov> پر <oov> لگایا <oov> 
LOG (lattice-best-path[5.5.383~1-bd1d]:main():lattice-best-path.cc:99) For utterance c680, best cost 69.1909 + 2240.24 = 2309.43 over 480 frames.
c680 <oov> <oov> آ جاتا ہے 
LOG (lattice-best-path[5.5.383~1-bd1d]:main():lattice-best-path.cc:99) For utterance c681, best cost 70.3768 + 2347.63 = 2418.01 over 504 frames.
c681 <oov> کی <oov> <oov> 
LOG (lattice-best-path[5.5.383~1-bd1d]:main():lattice-best-path.cc:99) For utterance c682, best cost 128.529 + 2458.85 = 2587.38 over 554 frames.
c682 <oov> اور <oov> <oov> کر <oov> کے <oov> کیے 
LOG (lattice-best-path[5.5.383~1-bd1d]:main():lattice-best-path.cc:99) For utterance c683, best cost 70.2101 + 2537.81 = 2608.02 over 524 frames.
c683 <oov> <oov> کے <oov> 
LOG (lattice-best-path[5.5.383~1-bd1d]:main():lattice-best-path.cc:99) For utterance c684, best cost 55.2228 + 1889.57 = 1944.79 over 392 frames.
c684 <oov> <oov> 
LOG (lattice-best-path[5.5.383~1-bd1d]:main():lattice-best-path.cc:99) For utterance c685, best cost 57.6198 + 1788.55 = 1846.17 over 390 frames.
c685 <oov> <oov> <oov> 
LOG (lattice-best-path[5.5.383~1-bd1d]:main():lattice-best-path.cc:99) For utterance c686, best cost 67.9871 + 2398.48 = 2466.47 over 516 frames.
c686 <oov> کے <oov> 
LOG (lattice-best-path[5.5.383~1-bd1d]:main():lattice-best-path.cc:99) For utterance c687, best cost 96.3798 + 3011.84 = 3108.22 over 644 frames.
c687 <oov> کے <oov> <oov> کرائی 
LOG (lattice-best-path[5.5.383~1-bd1d]:main():lattice-best-path.cc:99) For utterance c688, best cost 145.794 + 3316.27 = 3462.07 over 713 frames.
c688 ہلکی <oov> کر <oov> <oov> کے <oov> <oov> کے <oov> 
LOG (lattice-best-path[5.5.383~1-bd1d]:main():lattice-best-path.cc:99) For utterance c689, best cost 93.4051 + 2595.96 = 2689.37 over 541 frames.
c689 <oov> جان <oov> <oov> <oov> ہے 
LOG (lattice-best-path[5.5.383~1-bd1d]:main():lattice-best-path.cc:99) For utterance c690, best cost 69.2366 + 1430.42 = 1499.66 over 315 frames.
c690 <oov> <oov> <oov> نہیں جاتا 
LOG (lattice-best-path[5.5.383~1-bd1d]:main():lattice-best-path.cc:99) For utterance c691, best cost 129.586 + 2597.72 = 2727.3 over 591 frames.
c691 کسی کی <oov> کیلئے <oov> اور <oov> <oov> میں <oov> 
LOG (lattice-best-path[5.5.383~1-bd1d]:main():lattice-best-path.cc:99) For utterance c692, best cost 144.125 + 2200.53 = 2344.66 over 523 frames.
c692 <oov> نثار نے کہا کہ <oov> سے <oov> گاڑی کے <oov> <oov> 
LOG (lattice-best-path[5.5.383~1-bd1d]:main():lattice-best-path.cc:99) For utterance c693, best cost 118.676 + 1886.03 = 2004.71 over 461 frames.
c693 میں نے <oov> <oov> سے کہا کہ <oov> پر <oov> <oov> 
LOG (lattice-best-path[5.5.383~1-bd1d]:main():lattice-best-path.cc:99) For utterance c694, best cost 88.7756 + 2394.58 = 2483.36 over 555 frames.
c694 <oov> <oov> <oov> <oov> بنائی 
LOG (lattice-best-path[5.5.383~1-bd1d]:main():lattice-best-path.cc:99) For utterance c695, best cost 113.292 + 2516.14 = 2629.43 over 581 frames.
c695 <oov> <oov> <oov> <oov> تو پانی میں <oov> 
LOG (lattice-best-path[5.5.383~1-bd1d]:main():lattice-best-path.cc:99) For utterance c696, best cost 138.503 + 2630.04 = 2768.55 over 611 frames.
c696 <oov> <oov> <oov> <oov> کے بنانے کے لئے فراہم کیا جائے گا 
LOG (lattice-best-path[5.5.383~1-bd1d]:main():lattice-best-path.cc:99) For utterance c697, best cost 84.5358 + 1789.29 = 1873.83 over 415 frames.
c697 <oov> <oov> کرنے کا کام ہو گا 
LOG (lattice-best-path[5.5.383~1-bd1d]:main():lattice-best-path.cc:99) For utterance c698, best cost 101.353 + 2104.94 = 2206.3 over 477 frames.
c698 <oov> <oov> سے شفاف <oov> <oov> لگا 
LOG (lattice-best-path[5.5.383~1-bd1d]:main():lattice-best-path.cc:99) For utterance c699, best cost 125.756 + 2921.55 = 3047.31 over 669 frames.
c699 <oov> میں <oov> کے <oov> بے حرمتی کا <oov> 
LOG (lattice-best-path[5.5.383~1-bd1d]:main():lattice-best-path.cc:99) For utterance c700, best cost 93.6341 + 2899.91 = 2993.54 over 621 frames.
c700 <oov>LOG (lattice-scale[5.5.383~1-bd1d]:main():lattice-scale.cc:107) Done 71 lattices.
 کی <oov> <oov> کی <oov> 
LOG (lattice-best-path[5.5.383~1-bd1d]:main():lattice-best-path.cc:99) For utterance c701, best cost 141.625 + 3157.14 = 3298.76 over 722 frames.
c701 <oov> <oov> <oov> کو غزل کی <oov> کر <oov> کو <oov> 
LOG (lattice-add-penalty[5.5.383~1-bd1d]:main():lattice-add-penalty.cc:62) Done adding word insertion penalty to 71 lattices.
LOG (lattice-best-path[5.5.383~1-bd1d]:main():lattice-best-path.cc:99) For utterance c702, best cost 81.2128 + 1992.24 = 2073.46 over 467 frames.
c702 غیر فیصلہ <oov> <oov> <oov> 
LOG (lattice-best-path[5.5.383~1-bd1d]:main():lattice-best-path.cc:99) For utterance c703, best cost 93.8847 + 1990.8 = 2084.68 over 478 frames.
c703 <oov> کے <oov> <oov> ظاہر ہوتا ہے 
LOG (lattice-best-path[5.5.383~1-bd1d]:main():lattice-best-path.cc:99) For utterance c704, best cost 120.805 + 2403.82 = 2524.62 over 564 frames.
c704 <oov> سیشن <oov> <oov> کے <oov> کا <oov> ہے 
LOG (lattice-best-path[5.5.383~1-bd1d]:main():lattice-best-path.cc:99) For utterance c705, best cost 127.236 + 2323.64 = 2450.87 over 535 frames.
c705 <oov> <oov> ایجاد پر لاگت <oov> <oov> سے بڑھ گئی 
LOG (lattice-best-path[5.5.383~1-bd1d]:main():lattice-best-path.cc:99) For utterance c706, best cost 105.066 + 2243.75 = 2348.82 over 492 frames.
c706 <oov> <oov> کے آنکھیں <oov> تو <oov> 
LOG (lattice-best-path[5.5.383~1-bd1d]:main():lattice-best-path.cc:99) For utterance c707, best cost 68.8938 + 1625.26 = 1694.15 over 355 frames.
c707 <oov> <oov> <oov> پڑے 
LOG (lattice-best-path[5.5.383~1-bd1d]:main():lattice-best-path.cc:99) For utterance c708, best cost 107.969 + 2386.05 = 2494.02 over 527 frames.
c708 <oov> <oov> سے پہلے <oov> <oov> اور <oov> 
LOG (lattice-best-path[5.5.383~1-bd1d]:main():lattice-best-path.cc:124) Overall cost per frame is 4.69998 = 0.196331 [graph] + 4.50365 [acoustic] over 37498 frames.
LOG (lattice-best-path[5.5.383~1-bd1d]:main():lattice-best-path.cc:128) Done 71 lattices, failed for 0
# Accounting: time=1 threads=1
# Ended (code 0) at Tue Jun 18 17:12:56 IST 2019, elapsed time 1 seconds
