# lattice-scale --inv-acoustic-scale=16 "ark:gunzip -c exp/tri3/decode/lat.*.gz|" ark:- | lattice-add-penalty --word-ins-penalty=0.5 ark:- ark:- | lattice-best-path --word-symbol-table=exp/tri3/graph/words.txt ark:- ark,t:- | utils/int2sym.pl -f 2- exp/tri3/graph/words.txt | cat > exp/tri3/decode/scoring_kaldi/penalty_0.5/16.txt 
# Started at Tue Jun 18 17:12:56 IST 2019
#
lattice-scale --inv-acoustic-scale=16 'ark:gunzip -c exp/tri3/decode/lat.*.gz|' ark:- 
lattice-add-penalty --word-ins-penalty=0.5 ark:- ark:- 
lattice-best-path --word-symbol-table=exp/tri3/graph/words.txt ark:- ark,t:- 
LOG (lattice-best-path[5.5.383~1-bd1d]:main():lattice-best-path.cc:99) For utterance c638, best cost 108.927 + 2359.27 = 2468.2 over 693 frames.
c638 <oov> <oov> <oov> کو <oov> کی <oov> 
LOG (lattice-best-path[5.5.383~1-bd1d]:main():lattice-best-path.cc:99) For utterance c639, best cost 70.43 + 2174.21 = 2244.64 over 630 frames.
c639 <oov> <oov> <oov> 
LOG (lattice-best-path[5.5.383~1-bd1d]:main():lattice-best-path.cc:99) For utterance c640, best cost 177.801 + 2332.42 = 2510.22 over 710 frames.
c640 <oov> کے <oov> <oov> سفیر نے <oov> کونسل کے <oov> کا <oov> لگایا 
LOG (lattice-best-path[5.5.383~1-bd1d]:main():lattice-best-path.cc:99) For utterance c641, best cost 53.1296 + 1541.7 = 1594.83 over 436 frames.
c641 <oov> <oov> 
LOG (lattice-best-path[5.5.383~1-bd1d]:main():lattice-best-path.cc:99) For utterance c642, best cost 86.6558 + 1853.5 = 1940.15 over 533 frames.
c642 <oov> <oov> <oov> کی <oov> <oov> 
LOG (lattice-best-path[5.5.383~1-bd1d]:main():lattice-best-path.cc:99) For utterance c643, best cost 103.618 + 2152.7 = 2256.32 over 622 frames.
c643 <oov> <oov> اور <oov> زائد <oov> 
LOG (lattice-best-path[5.5.383~1-bd1d]:main():lattice-best-path.cc:99) For utterance c644, best cost 96.7019 + 2356.25 = 2452.95 over 685 frames.
c644 <oov> <oov> کے <oov> <oov> <oov> 
LOG (lattice-best-path[5.5.383~1-bd1d]:main():lattice-best-path.cc:99) For utterance c645, best cost 100.896 + 2023.05 = 2123.94 over 584 frames.
c645 <oov> <oov> <oov> <oov> کرنے کی <oov> ہیں 
LOG (lattice-best-path[5.5.383~1-bd1d]:main():lattice-best-path.cc:99) For utterance c646, best cost 113.011 + 1752.33 = 1865.34 over 504 frames.
c646 <oov> کے بعد <oov> میں <oov> لے آئی 
LOG (lattice-best-path[5.5.383~1-bd1d]:main():lattice-best-path.cc:99) For utterance c647, best cost 62.7384 + 1227.71 = 1290.45 over 356 frames.
c647 <oov> <oov> <oov> پر آئے 
LOG (lattice-best-path[5.5.383~1-bd1d]:main():lattice-best-path.cc:99) For utterance c648, best cost 74.048 + 1392.15 = 1466.19 over 415 frames.
c648 میلے میں <oov> <oov> تھا 
LOG (lattice-best-path[5.5.383~1-bd1d]:main():lattice-best-path.cc:99) For utterance c649, best cost 116.109 + 1924.96 = 2041.07 over 580 frames.
c649 <oov> کر کے <oov> کے بعد <oov> <oov> <oov> 
LOG (lattice-best-path[5.5.383~1-bd1d]:main():lattice-best-path.cc:99) For utterance c650, best cost 98.2393 + 1951.65 = 2049.89 over 580 frames.
c650 <oov> کی <oov> کے <oov> ہے 
LOG (lattice-best-path[5.5.383~1-bd1d]:main():lattice-best-path.cc:99) For utterance c651, best cost 102.956 + 1593.66 = 1696.62 over 470 frames.
c651 <oov> کو <oov> سے پہلے <oov> تھیں 
LOG (lattice-best-path[5.5.383~1-bd1d]:main():lattice-best-path.cc:99) For utterance c652, best cost 119.495 + 2641.85 = 2761.35 over 761 frames.
c652 <oov> کی <oov> <oov> <oov> کے <oov> 
LOG (lattice-best-path[5.5.383~1-bd1d]:main():lattice-best-path.cc:99) For utterance c653, best cost 90.9939 + 2244.4 = 2335.4 over 660 frames.
c653 <oov> <oov> کا <oov> <oov> <oov> 
LOG (lattice-best-path[5.5.383~1-bd1d]:main():lattice-best-path.cc:99) For utterance c654, best cost 66.5187 + 1886.81 = 1953.33 over 542 frames.
c654 <oov> <oov> 
LOG (lattice-best-path[5.5.383~1-bd1d]:main():lattice-best-path.cc:99) For utterance c655, best cost 67.5747 + 1722.7 = 1790.28 over 516 frames.
c655 <oov> <oov> <oov> ہے 
LOG (lattice-best-path[5.5.383~1-bd1d]:main():lattice-best-path.cc:99) For utterance c656, best cost 108.166 + 2111.12 = 2219.29 over 643 frames.
c656 <oov> <oov> <oov> اور <oov> <oov> <oov> کریں 
LOG (lattice-best-path[5.5.383~1-bd1d]:main():lattice-best-path.cc:99) For utterance c657, best cost 113.77 + 1557.37 = 1671.14 over 491 frames.
c657 <oov> <oov> <oov> کردار کی حد سے <oov> نہیں 
LOG (lattice-best-path[5.5.383~1-bd1d]:main():lattice-best-path.cc:99) For utterance c658, best cost 61.4765 + 1501.65 = 1563.13 over 449 frames.
c658 <oov> کی <oov> 
LOG (lattice-best-path[5.5.383~1-bd1d]:main():lattice-best-path.cc:99) For utterance c659, best cost 124.32 + 2038.93 = 2163.25 over 617 frames.
c659 <oov> اور <oov> کا <oov> <oov> کے بعد <oov> 
LOG (lattice-best-path[5.5.383~1-bd1d]:main():lattice-best-path.cc:99) For utterance c660, best cost 75.1299 + 1052.46 = 1127.59 over 313 frames.
c660 <oov> کے <oov> <oov> نہیں <oov> 
LOG (lattice-best-path[5.5.383~1-bd1d]:main():lattice-best-path.cc:99) For utterance c661, best cost 51.9249 + 1332.97 = 1384.9 over 413 frames.
c661 <oov> کے <oov> <oov> 
LOG (lattice-best-path[5.5.383~1-bd1d]:main():lattice-best-path.cc:99) For utterance c662, best cost 75.3324 + 1392.2 = 1467.54 over 376 frames.
c662 <oov> کو <oov> کی <oov> 
LOG (lattice-best-path[5.5.383~1-bd1d]:main():lattice-best-path.cc:99) For utterance c663, best cost 111.902 + 2051.67 = 2163.57 over 603 frames.
c663 <oov> <oov> <oov> <oov> <oov> <oov> کی <oov> ہوئی 
LOG (lattice-best-path[5.5.383~1-bd1d]:main():lattice-best-path.cc:99) For utterance c664, best cost 91.6437 + 2121.44 = 2213.09 over 575 frames.
c664 <oov> <oov> <oov> ہو گئ 
LOG (lattice-best-path[5.5.383~1-bd1d]:main():lattice-best-path.cc:99) For utterance c665, best cost 76.6061 + 1402.56 = 1479.17 over 435 frames.
c665 فیض نے <oov> <oov> ہوا 
LOG (lattice-best-path[5.5.383~1-bd1d]:main():lattice-best-path.cc:99) For utterance c666, best cost 65.1189 + 1527.93 = 1593.05 over 438 frames.
c666 <oov> <oov> سے <oov> 
LOG (lattice-best-path[5.5.383~1-bd1d]:main():lattice-best-path.cc:99) For utterance c667, best cost 73.8439 + 1457.25 = 1531.09 over 395 frames.
c667 <oov> <oov> <oov> <oov> ہوئی 
LOG (lattice-best-path[5.5.383~1-bd1d]:main():lattice-best-path.cc:99) For utterance c668, best cost 84.6385 + 2077.52 = 2162.16 over 613 frames.
c668 <oov> والے <oov> <oov> 
LOG (lattice-best-path[5.5.383~1-bd1d]:main():lattice-best-path.cc:99) For utterance c669, best cost 67.2505 + 1567.63 = 1634.88 over 458 frames.
c669 <oov> نہیں کیا 
LOG (lattice-best-path[5.5.383~1-bd1d]:main():lattice-best-path.cc:99) For utterance c670, best cost 52.35 + 1374.77 = 1427.12 over 383 frames.
c670 <oov> <oov> 
LOG (lattice-best-path[5.5.383~1-bd1d]:main():lattice-best-path.cc:99) For utterance c671, best cost 113.122 + 2241.73 = 2354.85 over 624 frames.
c671 <oov> کے <oov> نے کہا <oov> <oov> 
LOG (lattice-best-path[5.5.383~1-bd1d]:main():lattice-best-path.cc:99) For utterance c672, best cost 103.741 + 1913.87 = 2017.61 over 589 frames.
c672 <oov> <oov> غوث <oov> کا <oov> ہے 
LOG (lattice-best-path[5.5.383~1-bd1d]:main():lattice-best-path.cc:99) For utterance c673, best cost 125.872 + 1314.61 = 1440.48 over 407 frames.
c673 پڑا ہی کے <oov> نسل کے <oov> <oov> ہے 
LOG (lattice-best-path[5.5.383~1-bd1d]:main():lattice-best-path.cc:99) For utterance c674, best cost 93.8644 + 2010.97 = 2104.84 over 592 frames.
c674 <oov> <oov> <oov> <oov> <oov> کی کوشش کی 
LOG (lattice-best-path[5.5.383~1-bd1d]:main():lattice-best-path.cc:99) For utterance c675, best cost 57.8243 + 1443.36 = 1501.19 over 403 frames.
c675 <oov> <oov> 
LOG (lattice-best-path[5.5.383~1-bd1d]:main():lattice-best-path.cc:99) For utterance c676, best cost 107.835 + 1700.67 = 1808.51 over 480 frames.
c676 اپنی رہائش کی <oov> نے <oov> <oov> 
LOG (lattice-best-path[5.5.383~1-bd1d]:main():lattice-best-path.cc:99) For utterance c677, best cost 136.884 + 2063.41 = 2200.3 over 605 frames.
c677 <oov> <oov> <oov> صبوحی <oov> کی ہیبت سے <oov> گیا 
LOG (lattice-best-path[5.5.383~1-bd1d]:main():lattice-best-path.cc:99) For utterance c678, best cost 139.707 + 2406.41 = 2546.11 over 737 frames.
c678 <oov> <oov> کو <oov> کے <oov> <oov> سے <oov> <oov> کریں 
LOG (lattice-best-path[5.5.383~1-bd1d]:main():lattice-best-path.cc:99) For utterance c679, best cost 81.8324 + 1266.59 = 1348.42 over 365 frames.
c679 تھوڑی اور <oov> لگایا <oov> 
LOG (lattice-best-path[5.5.383~1-bd1d]:main():lattice-best-path.cc:99) For utterance c680, best cost 65.6442 + 1683.39 = 1749.03 over 480 frames.
c680 <oov> <oov> جاتا ہے 
LOG (lattice-best-path[5.5.383~1-bd1d]:main():lattice-best-path.cc:99) For utterance c681, best cost 54.6514 + 1776 = 1830.65 over 504 frames.
c681 <oov> <oov> 
LOG (lattice-best-path[5.5.383~1-bd1d]:main():lattice-best-path.cc:99) For utterance c682, best cost 107.957 + 1861.03 = 1968.99 over 554 frames.
c682 <oov> کر <oov> کے <oov> کیے 
LOG (lattice-best-path[5.5.383~1-bd1d]:main():lattice-best-path.cc:99) For utterance c683, best cost 70.2101 + 1903.36 = 1973.57 over 524 frames.
c683 <oov> <oov> کے <oov> 
LOG (lattice-best-path[5.5.383~1-bd1d]:main():lattice-best-path.cc:99) For utterance c684, best cost 48.6934 + 1423.44 = 1472.13 over 392 frames.
c684 <oov> 
LOG (lattice-best-path[5.5.383~1-bd1d]:main():lattice-best-path.cc:99) For utterance c685, best cost 57.6198 + 1341.42 = 1399.04 over 390 frames.
c685 <oov> <oov> <oov> 
LOG (lattice-best-path[5.5.383~1-bd1d]:main():lattice-best-path.cc:99) For utterance c686, best cost 67.9871 + 1798.86 = 1866.85 over 516 frames.
c686 <oov> کے <oov> 
LOG (lattice-best-path[5.5.383~1-bd1d]:main():lattice-best-path.cc:99) For utterance c687, best cost 89.8564 + 2263.87 = 2353.73 over 644 frames.
c687 <oov> کے <oov> کرائی 
LOG (lattice-best-path[5.5.383~1-bd1d]:main():lattice-best-path.cc:99) For utterance c688, best cost 117.895 + 2509.06 = 2626.95 over 713 frames.
c688 <oov> کر <oov> <oov> <oov> کے <oov> 
LOG (lattice-best-path[5.5.383~1-bd1d]:main():lattice-best-path.cc:99) For utterance c689, best cost 81.6979 + 1956.83 = 2038.53 over 541 frames.
c689 <oov> جان <oov> ہے 
LOG (lattice-best-path[5.5.383~1-bd1d]:main():lattice-best-path.cc:99) For utterance c690, best cost 69.2366 + 1072.82 = 1142.05 over 315 frames.
c690 <oov> <oov> <oov> نہیں جاتا 
LOG (lattice-best-path[5.5.383~1-bd1d]:main():lattice-best-path.cc:99) For utterance c691, best cost 129.586 + 1948.29 = 2077.87 over 591 frames.
c691 کسی کی <oov> کیلئے <oov> اور <oov> <oov> میں <oov> 
LOG (lattice-best-path[5.5.383~1-bd1d]:main():lattice-best-path.cc:99) For utterance c692, best cost 133.318 + 1659.18 = 1792.5 over 523 frames.
c692 <oov> نثار نے کہا کہ <oov> سے <oov> کے <oov> <oov> 
LOG (lattice-best-path[5.5.383~1-bd1d]:main():lattice-best-path.cc:99) For utterance c693, best cost 118.676 + 1414.52 = 1533.2 over 461 frames.
c693 میں نے <oov> <oov> سے کہا کہ <oov> پر <oov> <oov> 
LOG (lattice-best-path[5.5.383~1-bd1d]:main():lattice-best-path.cc:99) For utterance c694, best cost 88.7756 + 1795.94 = 1884.71 over 555 frames.
c694 <oov> <oov> <oov> <oov> بنائی 
LOG (lattice-best-path[5.5.383~1-bd1d]:main():lattice-best-path.cc:99) For utterance c695, best cost 86.1499 + 1908.21 = 1994.36 over 581 frames.
c695 <oov> <oov> <oov> <oov> <oov> <oov> 
LOG (lattice-best-path[5.5.383~1-bd1d]:main():lattice-best-path.cc:99) For utterance c696, best cost 132.127 + 1977.38 = 2109.51 over 611 frames.
c696 <oov> <oov> <oov> کے بنانے LOG (lattice-scale[5.5.383~1-bd1d]:main():lattice-scale.cc:107) Done 71 lattices.
کے لئے فراہم کیا جائے گا 
LOG (lattice-best-path[5.5.383~1-bd1d]:main():lattice-best-path.cc:99) For utterance c697, best cost 84.5358 + 1341.97 = 1426.5 over 415 frames.
c697 <oov> <oov> کرنے کا کام ہو گا 
LOG (lattice-best-path[5.5.383~1-bd1d]:main():lattice-best-path.cc:99) For utterance c698, best cost 94.9707 + 1583.8 = 1678.77 over 477 frames.
c698 <oov> سے شفاف <oov> <oov> لگا 
LOG (lattice-best-path[5.5.383~1-bd1d]:main():lattice-best-path.cc:99) For utterance c699, best cost 101.567 + 2212.83 = 2314.39 over 669 frames.
c699 <oov> میں <oov> کے <oov> <oov> <oov> 
LOG (lattice-best-path[5.5.383~1-bd1d]:main():lattice-best-path.cc:99) For utterance c700, best cost 80.4731 + 2186.94 = 2267.41 over 621 frames.
c700 <oov> <oov> کی <oov> 
LOG (lattice-best-path[5.5.383~1-bd1d]:main():lattice-best-path.cc:99) For utterance c701, best cost 109.551 + 2395.27 = 2504.82 over 722 frames.
c701 <oov> <oov> <oov> کی <oov> کر <oov> <oov> 
LOG (lattice-best-path[5.5.383~1-bd1d]:main():lattice-best-path.cc:99) For utterance c702, best cost 81.2128 + 1494.18 = 1575.4 over 467 frames.
LOG (lattice-add-penalty[5.5.383~1-bd1d]:main():lattice-add-penalty.cc:62) Done adding word insertion penalty to 71 lattices.
c702 غیر فیصلہ <oov> <oov> <oov> 
LOG (lattice-best-path[5.5.383~1-bd1d]:main():lattice-best-path.cc:99) For utterance c703, best cost 85.3525 + 1500.34 = 1585.69 over 478 frames.
c703 <oov> کے <oov> ظاہر ہوتا ہے 
LOG (lattice-best-path[5.5.383~1-bd1d]:main():lattice-best-path.cc:99) For utterance c704, best cost 108.726 + 1813.13 = 1921.86 over 564 frames.
c704 <oov> <oov> <oov> کے <oov> کا <oov> ہے 
LOG (lattice-best-path[5.5.383~1-bd1d]:main():lattice-best-path.cc:99) For utterance c705, best cost 122.055 + 1746.77 = 1868.82 over 535 frames.
c705 <oov> <oov> ایجاد پر لاگت <oov> سے بڑھ گئی 
LOG (lattice-best-path[5.5.383~1-bd1d]:main():lattice-best-path.cc:99) For utterance c706, best cost 77.8973 + 1706.42 = 1784.32 over 492 frames.
c706 <oov> <oov> تو <oov> 
LOG (lattice-best-path[5.5.383~1-bd1d]:main():lattice-best-path.cc:99) For utterance c707, best cost 65.142 + 1221.76 = 1286.9 over 355 frames.
c707 <oov> <oov> پڑے 
LOG (lattice-best-path[5.5.383~1-bd1d]:main():lattice-best-path.cc:99) For utterance c708, best cost 107.969 + 1789.53 = 1897.5 over 527 frames.
c708 <oov> <oov> سے پہلے <oov> <oov> اور <oov> 
LOG (lattice-best-path[5.5.383~1-bd1d]:main():lattice-best-path.cc:124) Overall cost per frame is 3.5706 = 0.174503 [graph] + 3.3961 [acoustic] over 37498 frames.
LOG (lattice-best-path[5.5.383~1-bd1d]:main():lattice-best-path.cc:128) Done 71 lattices, failed for 0
# Accounting: time=0 threads=1
# Ended (code 0) at Tue Jun 18 17:12:56 IST 2019, elapsed time 0 seconds
