# lattice-scale --inv-acoustic-scale=9 "ark:gunzip -c exp/tri2/decode/lat.*.gz|" ark:- | lattice-add-penalty --word-ins-penalty=0.0 ark:- ark:- | lattice-best-path --word-symbol-table=exp/tri2/graph/words.txt ark:- ark,t:- | utils/int2sym.pl -f 2- exp/tri2/graph/words.txt | cat > exp/tri2/decode/scoring_kaldi/penalty_0.0/9.txt 
# Started at Tue Jun 18 17:10:47 IST 2019
#
lattice-best-path --word-symbol-table=exp/tri2/graph/words.txt ark:- ark,t:- 
lattice-scale --inv-acoustic-scale=9 'ark:gunzip -c exp/tri2/decode/lat.*.gz|' ark:- 
lattice-add-penalty --word-ins-penalty=0.0 ark:- ark:- 
LOG (lattice-best-path[5.5.383~1-bd1d]:main():lattice-best-path.cc:99) For utterance c638, best cost 129.182 + 4161.02 = 4290.2 over 693 frames.
c638 <oov> کی <oov> میں <oov> <oov> کو <oov> کی کے <oov> 
LOG (lattice-best-path[5.5.383~1-bd1d]:main():lattice-best-path.cc:99) For utterance c639, best cost 148.618 + 3759.05 = 3907.67 over 630 frames.
c639 <oov> کی <oov> دل سے <oov> کر سے کے <oov> کی <oov> 
LOG (lattice-best-path[5.5.383~1-bd1d]:main():lattice-best-path.cc:99) For utterance c640, best cost 206.983 + 4141.09 = 4348.08 over 710 frames.
c640 <oov> کے <oov> پر بیٹھ <oov> سفیر نے <oov> <oov> صلح کے <oov> والا کا <oov> لگایا 
LOG (lattice-best-path[5.5.383~1-bd1d]:main():lattice-best-path.cc:99) For utterance c641, best cost 81.0335 + 2707.26 = 2788.29 over 436 frames.
c641 <oov> کی <oov> کر <oov> <oov> 
LOG (lattice-best-path[5.5.383~1-bd1d]:main():lattice-best-path.cc:99) For utterance c642, best cost 99.5485 + 3278.91 = 3378.46 over 533 frames.
c642 <oov> کے <oov> <oov> <oov> کی <oov> <oov> 
LOG (lattice-best-path[5.5.383~1-bd1d]:main():lattice-best-path.cc:99) For utterance c643, best cost 133.251 + 3795.36 = 3928.61 over 622 frames.
c643 <oov> سے <oov> پڑھ <oov> <oov> <oov> اور <oov> <oov> <oov> 
LOG (lattice-best-path[5.5.383~1-bd1d]:main():lattice-best-path.cc:99) For utterance c644, best cost 118.862 + 4151 = 4269.87 over 685 frames.
c644 <oov> <oov> اور <oov> <oov> کے <oov> پر <oov> <oov> 
LOG (lattice-best-path[5.5.383~1-bd1d]:main():lattice-best-path.cc:99) For utterance c645, best cost 148.242 + 3531.19 = 3679.43 over 584 frames.
c645 <oov> کے اس میں <oov> کے ثائب <oov> <oov> کرنے کی <oov> ہیں 
LOG (lattice-best-path[5.5.383~1-bd1d]:main():lattice-best-path.cc:99) For utterance c646, best cost 122.892 + 3084.03 = 3206.93 over 504 frames.
c646 <oov> نے کے بعد <oov> میں <oov> <oov> نے آئی 
LOG (lattice-best-path[5.5.383~1-bd1d]:main():lattice-best-path.cc:99) For utterance c647, best cost 64.4915 + 2172.99 = 2237.49 over 356 frames.
c647 <oov> <oov> <oov> <oov> پر آئے 
LOG (lattice-best-path[5.5.383~1-bd1d]:main():lattice-best-path.cc:99) For utterance c648, best cost 85.4365 + 2449.04 = 2534.48 over 415 frames.
c648 میلے میں <oov> <oov> کیلئے <oov> تھا 
LOG (lattice-best-path[5.5.383~1-bd1d]:main():lattice-best-path.cc:99) For utterance c649, best cost 103.99 + 3425.03 = 3529.02 over 580 frames.
c649 <oov> کر کے <oov> کے بعد <oov> <oov> 
LOG (lattice-best-path[5.5.383~1-bd1d]:main():lattice-best-path.cc:99) For utterance c650, best cost 110.891 + 3436.15 = 3547.05 over 580 frames.
c650 <oov> کی <oov> کے <oov> کے <oov> ہے 
LOG (lattice-best-path[5.5.383~1-bd1d]:main():lattice-best-path.cc:99) For utterance c651, best cost 122.193 + 2792.27 = 2914.46 over 470 frames.
c651 <oov> کو <oov> <oov> کی <oov> سے پہلے <oov> <oov> تھیں 
LOG (lattice-best-path[5.5.383~1-bd1d]:main():lattice-best-path.cc:99) For utterance c652, best cost 129.988 + 4669.29 = 4799.27 over 761 frames.
c652 <oov> کی <oov> <oov> <oov> اور <oov> <oov> کے <oov> 
LOG (lattice-best-path[5.5.383~1-bd1d]:main():lattice-best-path.cc:99) For utterance c653, best cost 125.419 + 3935.8 = 4061.22 over 660 frames.
c653 <oov> <oov> کا <oov> اہلکار <oov> کے <oov> وہ 
LOG (lattice-best-path[5.5.383~1-bd1d]:main():lattice-best-path.cc:99) For utterance c654, best cost 94.6375 + 3317.82 = 3412.45 over 542 frames.
c654 <oov> <oov> کے <oov> میں <oov> 
LOG (lattice-best-path[5.5.383~1-bd1d]:main():lattice-best-path.cc:99) For utterance c655, best cost 62.7629 + 3034.47 = 3097.23 over 516 frames.
c655 <oov> <oov> <oov> ہے 
LOG (lattice-best-path[5.5.383~1-bd1d]:main():lattice-best-path.cc:99) For utterance c656, best cost 108.848 + 3754.49 = 3863.34 over 643 frames.
c656 <oov> <oov> <oov> <oov> اور <oov> <oov> <oov> کریں 
LOG (lattice-best-path[5.5.383~1-bd1d]:main():lattice-best-path.cc:99) For utterance c657, best cost 115.562 + 2733.67 = 2849.24 over 491 frames.
c657 <oov> <oov> کے <oov> کردار کی حد سے <oov> نہیں 
LOG (lattice-best-path[5.5.383~1-bd1d]:main():lattice-best-path.cc:99) For utterance c658, best cost 67.2966 + 2656.54 = 2723.84 over 449 frames.
c658 <oov> <oov> کی <oov> 
LOG (lattice-best-path[5.5.383~1-bd1d]:main():lattice-best-path.cc:99) For utterance c659, best cost 134.571 + 3603.53 = 3738.1 over 617 frames.
c659 <oov> کر <oov> اور <oov> کا <oov> <oov> کے بعد <oov> 
LOG (lattice-best-path[5.5.383~1-bd1d]:main():lattice-best-path.cc:99) For utterance c660, best cost 74.8773 + 1865.94 = 1940.82 over 313 frames.
c660 <oov> کے <oov> <oov> نہیں <oov> 
LOG (lattice-best-path[5.5.383~1-bd1d]:main():lattice-best-path.cc:99) For utterance c661, best cost 64.4092 + 2336.86 = 2401.27 over 413 frames.
c661 <oov> کیلئے <oov> پر <oov> 
LOG (lattice-best-path[5.5.383~1-bd1d]:main():lattice-best-path.cc:99) For utterance c662, best cost 98.8775 + 2429.22 = 2528.1 over 376 frames.
c662 <oov> <oov> کو کی <oov> کی <oov> <oov> 
LOG (lattice-best-path[5.5.383~1-bd1d]:main():lattice-best-path.cc:99) For utterance c663, best cost 141.991 + 3606.83 = 3748.82 over 603 frames.
c663 <oov> نے <oov> <oov> <oov> اور سال <oov> <oov> کی <oov> <oov> ہوئی 
LOG (lattice-best-path[5.5.383~1-bd1d]:main():lattice-best-path.cc:99) For utterance c664, best cost 141.509 + 3696.29 = 3837.8 over 575 frames.
c664 <oov> کے <oov> میں <oov> نہ <oov> کے <oov> <oov> ہو گئ 
LOG (lattice-best-path[5.5.383~1-bd1d]:main():lattice-best-path.cc:99) For utterance c665, best cost 88.0199 + 2473.31 = 2561.33 over 435 frames.
c665 فیض نے <oov> سے <oov> <oov> ہوا 
LOG (lattice-best-path[5.5.383~1-bd1d]:main():lattice-best-path.cc:99) For utterance c666, best cost 103.712 + 2664.91 = 2768.62 over 438 frames.
c666 <oov> سے <oov> <oov> پر <oov> سے <oov> لئے 
LOG (lattice-best-path[5.5.383~1-bd1d]:main():lattice-best-path.cc:99) For utterance c667, best cost 105.986 + 2549.11 = 2655.1 over 395 frames.
c667 <oov> <oov> سے <oov> <oov> <oov> کی <oov> <oov> ہوئی 
LOG (lattice-best-path[5.5.383~1-bd1d]:main():lattice-best-path.cc:99) For utterance c668, best cost 131.437 + 3591.09 = 3722.53 over 613 frames.
c668 <oov> کے <oov> <oov> والے <oov> کا <oov> <oov> سے <oov> 
LOG (lattice-best-path[5.5.383~1-bd1d]:main():lattice-best-path.cc:99) For utterance c669, best cost 87.8608 + 2747.12 = 2834.98 over 458 frames.
c669 <oov> <oov> کے <oov> نہیں کیا 
LOG (lattice-best-path[5.5.383~1-bd1d]:main():lattice-best-path.cc:99) For utterance c670, best cost 65.2758 + 2426.32 = 2491.59 over 383 frames.
c670 <oov> <oov> کا <oov> 
LOG (lattice-best-path[5.5.383~1-bd1d]:main():lattice-best-path.cc:99) For utterance c671, best cost 146.466 + 3912.91 = 4059.37 over 624 frames.
c671 <oov> سے پہلے <oov> کے <oov> نے کہا <oov> کے <oov> <oov> 
LOG (lattice-best-path[5.5.383~1-bd1d]:main():lattice-best-path.cc:99) For utterance c672, best cost 117.899 + 3380.24 = 3498.14 over 589 frames.
c672 <oov> <oov> <oov> غوث صدر <oov> کا <oov> ہے 
LOG (lattice-best-path[5.5.383~1-bd1d]:main():lattice-best-path.cc:99) For utterance c673, best cost 130.973 + 2322.23 = 2453.21 over 407 frames.
c673 پڑا ہی کے <oov> <oov> نسل کے <oov> <oov> آئے 
LOG (lattice-best-path[5.5.383~1-bd1d]:main():lattice-best-path.cc:99) For utterance c674, best cost 129.459 + 3508.27 = 3637.73 over 592 frames.
c674 <oov> <oov> میں بڑھ کا پر <oov> <oov> نے کی کوشش کی 
LOG (lattice-best-path[5.5.383~1-bd1d]:main():lattice-best-path.cc:99) For utterance c675, best cost 81.9371 + 2518.16 = 2600.1 over 403 frames.
c675 <oov> <oov> <oov> <oov> کا <oov> 
LOG (lattice-best-path[5.5.383~1-bd1d]:main():lattice-best-path.cc:99) For utterance c676, best cost 157.363 + 2954.29 = 3111.66 over 480 frames.
c676 <oov> ہائش کی <oov> کر نتیجہ <oov> نے <oov> <oov> پر رکھ تھی 
LOG (lattice-best-path[5.5.383~1-bd1d]:main():lattice-best-path.cc:99) For utterance c677, best cost 150.583 + 3650.68 = 3801.26 over 605 frames.
c677 <oov> <oov> کی <oov> <oov> <oov> صبوحی <oov> کی ہیبت سے <oov> گیا 
LOG (lattice-best-path[5.5.383~1-bd1d]:main():lattice-best-path.cc:99) For utterance c678, best cost 166.072 + 4245.45 = 4411.52 over 737 frames.
c678 <oov> <oov> <oov> کو <oov> سے <oov> آنے کے <oov> <oov> سے <oov> <oov> کریں 
LOG (lattice-best-path[5.5.383~1-bd1d]:main():lattice-best-path.cc:99) For utterance c679, best cost 98.6044 + 2218.12 = 2316.73 over 365 frames.
c679 <oov> اور <oov> پر <oov> لگایا <oov> لی 
LOG (lattice-best-path[5.5.383~1-bd1d]:main():lattice-best-path.cc:99) For utterance c680, best cost 94.4944 + 2952.1 = 3046.6 over 480 frames.
c680 <oov> کا جوڑا پہن <oov> <oov> <oov> آ جاتا ہے 
LOG (lattice-best-path[5.5.383~1-bd1d]:main():lattice-best-path.cc:99) For utterance c681, best cost 102.011 + 3061.96 = 3163.97 over 504 frames.
c681 <oov> کو <oov> کی <oov> پر <oov> <oov> 
LOG (lattice-best-path[5.5.383~1-bd1d]:main():lattice-best-path.cc:99) For utterance c682, best cost 144.603 + 3259.39 = 3403.99 over 554 frames.
c682 <oov> کرنا <oov> کر <oov> اسکے <oov> ہر معلوم کیے 
LOG (lattice-best-path[5.5.383~1-bd1d]:main():lattice-best-path.cc:99) For utterance c683, best cost 117.455 + 3311.16 = 3428.62 over 524 frames.
c683 <oov> سے <oov> <oov> <oov> کے <oov> سے نکھر گئی 
LOG (lattice-best-path[5.5.383~1-bd1d]:main():lattice-best-path.cc:99) For utterance c684, best cost 54.0024 + 2512.25 = 2566.25 over 392 frames.
c684 <oov> <oov> 
LOG (lattice-best-path[5.5.383~1-bd1d]:main():lattice-best-path.cc:99) For utterance c685, best cost 53.6029 + 2377.25 = 2430.85 over 390 frames.
c685 <oov> <oov> <oov> 
LOG (lattice-best-path[5.5.383~1-bd1d]:main():lattice-best-path.cc:99) For utterance c686, best cost 74.255 + 3190.71 = 3264.97 over 516 frames.
c686 <oov> کے <oov> <oov> <oov> 
LOG (lattice-best-path[5.5.383~1-bd1d]:main():lattice-best-path.cc:99) For utterance c687, best cost 145.848 + 3942.88 = 4088.72 over 644 frames.
c687 <oov> کے <oov> کے کھول <oov> <oov> سے <oov> <oov> <oov> کرائی 
LOG (lattice-best-path[5.5.383~1-bd1d]:main():lattice-best-path.cc:99) For utterance c688, best cost 218.497 + 4303.1 = 4521.59 over 713 frames.
c688 ہلکی <oov> کی چادر <oov> کر <oov> <oov> گزار <oov> اور دیکھ <oov> کے <oov> <oov> <oov> کے <oov> 
LOG (lattice-best-path[5.5.383~1-bd1d]:main():lattice-best-path.cc:99) For utterance c689, best cost 109.388 + 3430.94 = 3540.33 over 541 frames.
c689 <oov> جان <oov> اور <oov> <oov> کر <oov> ہے 
LOG (lattice-best-path[5.5.383~1-bd1d]:main():lattice-best-path.cc:99) For utterance c690, best cost 85.0786 + 1878.47 = 1963.55 over 315 frames.
c690 <oov> <oov> پڑھ <oov> <oov> نہیں جاتا 
LOG (lattice-best-path[5.5.383~1-bd1d]:main():lattice-best-path.cc:99) For utterance c691, best cost 165.468 + 3394.51 = 3559.98 over 591 frames.
c691 کی سی کی <oov> کیلئے آپ <oov> اور <oov> سے <oov> <oov> میں <oov> 
LOG (lattice-best-path[5.5.383~1-bd1d]:main():lattice-best-path.cc:99) For utterance c692, best cost 156.523 + 2925.07 = 3081.6 over 523 frames.
c692 <oov> نثار نے کہا کہ میں سے <oov> ں گاڑی کے <oov> <oov> 
LOG (lattice-best-path[5.5.383~1-bd1d]:main():lattice-best-path.cc:99) For utterance c693, best cost 140.032 + 2468.7 = 2608.73 over 461 frames.
c693 میں نے <oov> <oov> سے کہا کہ <oov> پر <oov> کر رائے مت دو 
LOG (lattice-best-path[5.5.383~1-bd1d]:main():lattice-best-path.cc:99) For utterance c694, best cost 97.2191 + 3174.25 = 3271.47 over 555 frames.
c694 <oov> <oov> <oov> <oov> چوبند بنائی 
LOG (lattice-best-path[5.5.383~1-bd1d]:main():lattice-best-path.cc:99) For utterance c695, best cost 126.108 + 3336.13 = 3462.24 over 581 frames.
c695 <oov> کی <oov> <oov> کو <oov> <oov> تو پانی میں <oov> 
LOG (lattice-best-path[5.5.383~1-bd1d]:main():lattice-best-path.cc:99) For utterance c696, best cost 177.71 + 3450.16 = 3627.87 over 611 frames.
c696 <oov> <oov> کے آمیز ایک <oov> مصنوعی <oov> کے بنانے کے لئے فراہم کیا جائے گا 
LOG (lattice-best-path[5.5.383~1-bd1d]:main():lattice-best-path.cc:99) For utterance c697, best cost 80.4948 + 2395.58 = 2476.08 over 415 frames.
c697 <oov> <oov> کرنے کا کام ہو گا 
LOG (lattice-best-path[5.5.383~1-bd1d]:main():lattice-best-path.cc:99) For utterance c698, best cost 100.977 + 2771.69 = 2872.67 over 477 frames.
c698 <oov> سے شفاف <oov> <oov> لینے لگا 
LOG (lattice-best-path[5.5.383~1-bd1d]:main():lattice-best-path.cc:99) For utterance c699, best cost 149.698 + 3862.28 = 4011.98 over 669 frames.
c699 <oov> کار کی <oov> میں <oov> کے <oov> بے حرمتی کا <oov> 
LOG (lattice-best-path[5.5.383~1-bd1d]:main():lattice-best-path.cc:99) For utterance c700, best cost 95.9573 + 3857.03 = 3952.98 over 621 frames.
c700 <oov> کی <oov> LOG (lattice-scale[5.5.383~1-bd1d]:main():lattice-scale.cc:107) Done 71 lattices.
<oov> کی <oov> ہو 
LOG (lattice-best-path[5.5.383~1-bd1d]:main():lattice-best-path.cc:99) For utterance c701, best cost 163.179 + 4171.89 = 4335.07 over 722 frames.
c701 مضمون <oov> <oov> کو غزل کی <oov> <oov> سے <oov> کر <oov> کو <oov> 
LOG (lattice-best-path[5.5.383~1-bd1d]:main():lattice-best-path.cc:99) For utterance c702, best cost 100.078 + 2608.55 = 2708.63 over 467 frames.
c702 غیر فیصلہ <oov> میں ہر ایک <oov> 
LOG (lattice-add-penalty[5.5.383~1-bd1d]:main():lattice-add-penalty.cc:62) Done adding word insertion penalty to 71 lattices.
LOG (lattice-best-path[5.5.383~1-bd1d]:main():lattice-best-path.cc:99) For utterance c703, best cost 80.3472 + 2683.33 = 2763.67 over 478 frames.
c703 <oov> کے <oov> <oov> ہوتا ہے 
LOG (lattice-best-path[5.5.383~1-bd1d]:main():lattice-best-path.cc:99) For utterance c704, best cost 104.873 + 3205.68 = 3310.55 over 564 frames.
c704 <oov> <oov> <oov> کے <oov> آتی <oov> ہے 
LOG (lattice-best-path[5.5.383~1-bd1d]:main():lattice-best-path.cc:99) For utterance c705, best cost 126.385 + 3097.37 = 3223.76 over 535 frames.
c705 <oov> بن <oov> <oov> پر لاگت <oov> سے بڑھ گئی 
LOG (lattice-best-path[5.5.383~1-bd1d]:main():lattice-best-path.cc:99) For utterance c706, best cost 95.6572 + 2996.32 = 3091.98 over 492 frames.
c706 <oov> <oov> کے آنکھیں <oov> تو <oov> 
LOG (lattice-best-path[5.5.383~1-bd1d]:main():lattice-best-path.cc:99) For utterance c707, best cost 75.3971 + 2138.16 = 2213.56 over 355 frames.
c707 <oov> کو <oov> <oov> پڑے 
LOG (lattice-best-path[5.5.383~1-bd1d]:main():lattice-best-path.cc:99) For utterance c708, best cost 127.49 + 3154.53 = 3282.02 over 527 frames.
c708 جنگ <oov> سے پہلے <oov> نے مجھے <oov> اور <oov> 
LOG (lattice-best-path[5.5.383~1-bd1d]:main():lattice-best-path.cc:124) Overall cost per frame is 6.18059 = 0.217634 [graph] + 5.96295 [acoustic] over 37498 frames.
LOG (lattice-best-path[5.5.383~1-bd1d]:main():lattice-best-path.cc:128) Done 71 lattices, failed for 0
# Accounting: time=0 threads=1
# Ended (code 0) at Tue Jun 18 17:10:47 IST 2019, elapsed time 0 seconds
