# gmm-latgen-faster --max-active=2000 --beam=10.0 --lattice-beam=6.0 --acoustic-scale=0.083333 --allow-partial=true --word-symbol-table=exp/tri3/graph/words.txt exp/tri3/final.alimdl exp/tri3/graph/HCLG.fst "ark,s,cs:apply-cmvn  --utt2spk=ark:data/test/split8/2/utt2spk scp:data/test/split8/2/cmvn.scp scp:data/test/split8/2/feats.scp ark:- | splice-feats  ark:- ark:- | transform-feats exp/tri3/final.mat ark:- ark:- |" "ark:|gzip -c > exp/tri3/decode.si/lat.2.gz" 
# Started at Tue Jun 18 17:12:28 IST 2019
#
gmm-latgen-faster --max-active=2000 --beam=10.0 --lattice-beam=6.0 --acoustic-scale=0.083333 --allow-partial=true --word-symbol-table=exp/tri3/graph/words.txt exp/tri3/final.alimdl exp/tri3/graph/HCLG.fst 'ark,s,cs:apply-cmvn  --utt2spk=ark:data/test/split8/2/utt2spk scp:data/test/split8/2/cmvn.scp scp:data/test/split8/2/feats.scp ark:- | splice-feats  ark:- ark:- | transform-feats exp/tri3/final.mat ark:- ark:- |' 'ark:|gzip -c > exp/tri3/decode.si/lat.2.gz' 
splice-feats ark:- ark:- 
apply-cmvn --utt2spk=ark:data/test/split8/2/utt2spk scp:data/test/split8/2/cmvn.scp scp:data/test/split8/2/feats.scp ark:- 
transform-feats exp/tri3/final.mat ark:- ark:- 
c647 <oov> <oov> <oov> <oov> پر آئے 
LOG (gmm-latgen-faster[5.5.383~1-bd1d]:DecodeUtteranceLatticeFaster():decoder-wrappers.cc:289) Log-like per frame for utterance c647 is -4.76509 over 356 frames.
c648 میلے میں <oov> <oov> کے <oov> تھا 
LOG (gmm-latgen-faster[5.5.383~1-bd1d]:DecodeUtteranceLatticeFaster():decoder-wrappers.cc:289) Log-like per frame for utterance c648 is -4.64088 over 415 frames.
c649 <oov> کر کے <oov> کے بعد <oov> <oov> <oov> 
LOG (gmm-latgen-faster[5.5.383~1-bd1d]:DecodeUtteranceLatticeFaster():decoder-wrappers.cc:289) Log-like per frame for utterance c649 is -4.61988 over 580 frames.
c650 <oov> کی <oov> کے <oov> <oov> کے <oov> ہے 
LOG (gmm-latgen-faster[5.5.383~1-bd1d]:DecodeUtteranceLatticeFaster():decoder-wrappers.cc:289) Log-like per frame for utterance c650 is -4.64822 over 580 frames.
LOG (apply-cmvn[5.5.383~1-bd1d]:main():apply-cmvn.cc:162) Applied cepstral mean normalization to 9 utterances, errors on 0
c651 <oov> کو <oov> <oov> کی <oov> سے پہلے <oov> <oov> تھیں 
LOG (gmm-latgen-faster[5.5.383~1-bd1d]:DecodeUtteranceLatticeFaster():decoder-wrappers.cc:289) Log-like per frame for utterance c651 is -4.71353 over 470 frames.
c652 <oov> کی <oov> <oov> <oov> اور <oov> <oov> <oov> کے <oov> 
LOG (gmm-latgen-faster[5.5.383~1-bd1d]:DecodeUtteranceLatticeFaster():decoder-wrappers.cc:289) Log-like per frame for utterance c652 is -4.77257 over 761 frames.
c653 <oov> <oov> کا <oov> <oov> <oov> 
LOG (gmm-latgen-faster[5.5.383~1-bd1d]:DecodeUtteranceLatticeFaster():decoder-wrappers.cc:289) Log-like per frame for utterance c653 is -4.66796 over 660 frames.
c654 <oov> کی <oov> <oov> 
LOG (gmm-latgen-faster[5.5.383~1-bd1d]:DecodeUtteranceLatticeFaster():decoder-wrappers.cc:289) Log-like per frame for utterance c654 is -4.76098 over 542 frames.
LOG (transform-feats[5.5.383~1-bd1d]:main():transform-feats.cc:158) Overall average [pseudo-]logdet is -86.2559 over 4880 frames.
LOG (transform-feats[5.5.383~1-bd1d]:main():transform-feats.cc:161) Applied transform to 9 utterances; 0 had errors.
c655 <oov> <oov> <oov> <oov> <oov> ہے 
LOG (gmm-latgen-faster[5.5.383~1-bd1d]:DecodeUtteranceLatticeFaster():decoder-wrappers.cc:289) Log-like per frame for utterance c655 is -4.5725 over 516 frames.
LOG (gmm-latgen-faster[5.5.383~1-bd1d]:main():gmm-latgen-faster.cc:176) Time taken 3.59172s: real-time factor assuming 100 frames/sec is 0.0736007
LOG (gmm-latgen-faster[5.5.383~1-bd1d]:main():gmm-latgen-faster.cc:179) Done 9 utterances, failed for 0
LOG (gmm-latgen-faster[5.5.383~1-bd1d]:main():gmm-latgen-faster.cc:181) Overall log-likelihood per frame is -4.68562 over 4880 frames.
# Accounting: time=4 threads=1
# Ended (code 0) at Tue Jun 18 17:12:32 IST 2019, elapsed time 4 seconds
