# lattice-scale --inv-acoustic-scale=9 "ark:gunzip -c exp/mono/decode/lat.*.gz|" ark:- | lattice-add-penalty --word-ins-penalty=0.0 ark:- ark:- | lattice-best-path --word-symbol-table=exp/mono/graph/words.txt ark:- ark,t:- | utils/int2sym.pl -f 2- exp/mono/graph/words.txt | cat > exp/mono/decode/scoring_kaldi/penalty_0.0/9.txt 
# Started at Tue Jun 18 17:07:24 IST 2019
#
lattice-best-path --word-symbol-table=exp/mono/graph/words.txt ark:- ark,t:- 
lattice-scale --inv-acoustic-scale=9 'ark:gunzip -c exp/mono/decode/lat.*.gz|' ark:- 
lattice-add-penalty --word-ins-penalty=0.0 ark:- ark:- 
LOG (lattice-best-path[5.5.383~1-bd1d]:main():lattice-best-path.cc:99) For utterance c638, best cost 212.345 + 6999.05 = 7211.39 over 693 frames.
c638 <oov> کی شر آئین میں کوئی صورت <oov> کوٹ ڈی کو کھڑکی کے خلاف سجے چلیں 
LOG (lattice-best-path[5.5.383~1-bd1d]:main():lattice-best-path.cc:99) For utterance c639, best cost 205.794 + 6359.38 = 6565.17 over 630 frames.
c639 کیف کے دفتر کے دکھ درد سے تجویز کر سکینہ عبور کی دور تک سنا سبب ہو سکی 
LOG (lattice-best-path[5.5.383~1-bd1d]:main():lattice-best-path.cc:99) For utterance c640, best cost 256.651 + 7127.59 = 7384.25 over 710 frames.
c640 شام کے نیا پر بیٹھ گیا روٹی سفیر نے بھی سیٹ کونسل کے شکوہ لا کا چوری کوچ لگایا 
LOG (lattice-best-path[5.5.383~1-bd1d]:main():lattice-best-path.cc:99) For utterance c641, best cost 142.712 + 4498.53 = 4641.25 over 436 frames.
c641 کو ہلو <oov> گھڑی <oov> کی آتش بازی دیکھ لا کرنسی گی 
LOG (lattice-best-path[5.5.383~1-bd1d]:main():lattice-best-path.cc:99) For utterance c642, best cost 151.373 + 5432.17 = 5583.54 over 533 frames.
c642 عرفان کے <oov> میں <oov> سیکھی ادا سے مخوص کی <oov> تھی 
LOG (lattice-best-path[5.5.383~1-bd1d]:main():lattice-best-path.cc:99) For utterance c643, best cost 239.333 + 6243.82 = 6483.15 over 622 frames.
c643 تحفہ اُسے <oov> پڑھ میں خوف افواج اسے نہ آئیں اور دو لے راگ سے زائد دیہی ڈالیں 
LOG (lattice-best-path[5.5.383~1-bd1d]:main():lattice-best-path.cc:99) For utterance c644, best cost 210.462 + 6920.34 = 7130.8 over 685 frames.
c644 کھیل نیت اچھے میں <oov> اور زیب راہ بچی کیسی پارس <oov> دبا پر ہے 
LOG (lattice-best-path[5.5.383~1-bd1d]:main():lattice-best-path.cc:99) For utterance c645, best cost 207.239 + 5916.05 = 6123.29 over 584 frames.
c645 نیٹو ڈپٹ کیس میں گزر کے ثائب زور سخت خور کرنے کی فحاشی نکلیں گیں 
LOG (lattice-best-path[5.5.383~1-bd1d]:main():lattice-best-path.cc:99) For utterance c646, best cost 159.368 + 5219.49 = 5378.86 over 504 frames.
c646 <oov> اور <oov> بننے کے بعد لاو بڑا میں دراوڑ ادا لے آئی 
LOG (lattice-best-path[5.5.383~1-bd1d]:main():lattice-best-path.cc:99) For utterance c647, best cost 129.962 + 3605.77 = 3735.74 over 356 frames.
c647 بچنے گرج اراضی <oov> نے جوڑ کر دو اور پر آئے 
LOG (lattice-best-path[5.5.383~1-bd1d]:main():lattice-best-path.cc:99) For utterance c648, best cost 151.139 + 4135.29 = 4286.43 over 415 frames.
c648 میلے میں داؤد یا چار <oov> تنہا خط چپکے کروا تھا 
LOG (lattice-best-path[5.5.383~1-bd1d]:main():lattice-best-path.cc:99) For utterance c649, best cost 180.4 + 5695.73 = 5876.13 over 580 frames.
c649 کو کو کو تندرست کر کے بیٹھ نے کے بعد عوام کا نے <oov> لگائی 
LOG (lattice-best-path[5.5.383~1-bd1d]:main():lattice-best-path.cc:99) For utterance c650, best cost 179.124 + 5801.55 = 5980.67 over 580 frames.
c650 <oov> کی سیر عطا سال نیت انکے نفری اہلیہ کے رائے <oov> ہے 
LOG (lattice-best-path[5.5.383~1-bd1d]:main():lattice-best-path.cc:99) For utterance c651, best cost 156.912 + 4792.36 = 4949.27 over 470 frames.
c651 کومل کو بھرنی میچ <oov> کی کو کی <oov> ہونے سے پہلے <oov> کی تھی 
LOG (lattice-best-path[5.5.383~1-bd1d]:main():lattice-best-path.cc:99) For utterance c652, best cost 199.646 + 7763.46 = 7963.1 over 761 frames.
c652 <oov> کیجئیے لے تھام <oov> اور ایک وکیلوں اعلان ائیرپورٹ کے سطور تک آ پہنچی 
LOG (lattice-best-path[5.5.383~1-bd1d]:main():lattice-best-path.cc:99) For utterance c653, best cost 205.934 + 6602.56 = 6808.49 over 660 frames.
c653 لوئر برانڈس <oov> کا سیدن اہلکار زیرِ کے ہی <oov> دہانی تک روز وہ 
LOG (lattice-best-path[5.5.383~1-bd1d]:main():lattice-best-path.cc:99) For utterance c654, best cost 208.047 + 5494.65 = 5702.7 over 542 frames.
c654 <oov> ڈی اور بیش ہاؤس اسکے شجر ہارن سے کی دوستی میں ادا میں خود ہیں 
LOG (lattice-best-path[5.5.383~1-bd1d]:main():lattice-best-path.cc:99) For utterance c655, best cost 135.215 + 5047.31 = 5182.53 over 516 frames.
c655 نام بخش کیے چھائی کو <oov> بجھانے کاشت ہے 
LOG (lattice-best-path[5.5.383~1-bd1d]:main():lattice-best-path.cc:99) For utterance c656, best cost 197.287 + 6403.69 = 6600.98 over 643 frames.
c656 بیل سے سے جی اروا گنکا <oov> بچائیں اور <oov> مچا ہارن <oov> کریں 
LOG (lattice-best-path[5.5.383~1-bd1d]:main():lattice-best-path.cc:99) For utterance c657, best cost 149.157 + 4770.4 = 4919.56 over 491 frames.
c657 تھا بول افگن <oov> کے کیفرِکردار کی حد سے مفید نہیں 
LOG (lattice-best-path[5.5.383~1-bd1d]:main():lattice-best-path.cc:99) For utterance c658, best cost 108.168 + 4504.55 = 4612.71 over 449 frames.
c658 <oov> کا نیوال وی <oov> کی <oov> گزار ہیں 
LOG (lattice-best-path[5.5.383~1-bd1d]:main():lattice-best-path.cc:99) For utterance c659, best cost 195.953 + 6120.07 = 6316.02 over 617 frames.
c659 نیکی کو کر بچائیں اور کو <oov> کا تصور اور <oov> کے بعد <oov> یا پھر سو ہیں 
LOG (lattice-best-path[5.5.383~1-bd1d]:main():lattice-best-path.cc:99) For utterance c660, best cost 114.066 + 3154.92 = 3268.99 over 313 frames.
c660 <oov> ہارن کے وقار اضلاع میں نہیں ہو سکا 
LOG (lattice-best-path[5.5.383~1-bd1d]:main():lattice-best-path.cc:99) For utterance c661, best cost 132.738 + 4062.36 = 4195.1 over 413 frames.
c661 قذافی لینے کے لئے بے <oov> پر عمل کردار ہر ادب آئے 
LOG (lattice-best-path[5.5.383~1-bd1d]:main():lattice-best-path.cc:99) For utterance c662, best cost 120.791 + 3958.95 = 4079.74 over 376 frames.
c662 <oov> <oov> کو اکیلا نہیں چلے <oov> سیاحوں کی تشریح دی گئیں 
LOG (lattice-best-path[5.5.383~1-bd1d]:main():lattice-best-path.cc:99) For utterance c663, best cost 209.931 + 6118.97 = 6328.9 over 603 frames.
c663 کی رونے جہاں چمک اب انگور <oov> سال کی تو دینے کی طرح اِس <oov> ہوئی 
LOG (lattice-best-path[5.5.383~1-bd1d]:main():lattice-best-path.cc:99) For utterance c664, best cost 224.437 + 5977.99 = 6202.43 over 575 frames.
c664 فلاح سی یار اعتبار اعظم میں کائنات <oov> کرو موت ہلکی کے روپے کڑے ہو گئے 
LOG (lattice-best-path[5.5.383~1-bd1d]:main():lattice-best-path.cc:99) For utterance c665, best cost 153.304 + 4245.95 = 4399.26 over 435 frames.
c665 فیض نے سال راوی سے سگریٹ چینی تو حاجب خیر پور 
LOG (lattice-best-path[5.5.383~1-bd1d]:main():lattice-best-path.cc:99) For utterance c666, best cost 155.159 + 4451.72 = 4606.88 over 438 frames.
c666 <oov> سے ہوئے <oov> پر آقا کتاب سارا خیر صبور لئے 
LOG (lattice-best-path[5.5.383~1-bd1d]:main():lattice-best-path.cc:99) For utterance c667, best cost 111.369 + 4218.96 = 4330.33 over 395 frames.
c667 <oov> سے چلتے بھوسے کی کو مصنوعی 
LOG (lattice-best-path[5.5.383~1-bd1d]:main():lattice-best-path.cc:99) For utterance c668, best cost 221.814 + 6154.9 = 6376.72 over 613 frames.
c668 ثانی فوری کے پڑے میں <oov> نیوال اجمل نکات اصلاح بیان اہلیت سے جعلی قلعہ 
LOG (lattice-best-path[5.5.383~1-bd1d]:main():lattice-best-path.cc:99) For utterance c669, best cost 138.845 + 4644.86 = 4783.7 over 458 frames.
c669 <oov> خزانے نوفل <oov> نے زلزے کے لئے رضا <oov> نہیں کِیا 
LOG (lattice-best-path[5.5.383~1-bd1d]:main():lattice-best-path.cc:99) For utterance c670, best cost 137.504 + 3982.5 = 4120 over 383 frames.
c670 روز ایک آخری شرح ایک اثر <oov> توڑوں قاتلوں 
LOG (lattice-best-path[5.5.383~1-bd1d]:main():lattice-best-path.cc:99) For utterance c671, best cost 239.394 + 6477.22 = 6716.62 over 624 frames.
c671 رشید سے پہلے ایسا سال کے بڑی آنے کا <oov> فرض بول کے صفورہ ہولی میں دور <oov> جاؤ 
LOG (lattice-best-path[5.5.383~1-bd1d]:main():lattice-best-path.cc:99) For utterance c672, best cost 173.308 + 5817.91 = 5991.21 over 589 frames.
c672 کمیٹی چوک سلامت فرقان وال سر پر اور سے درج یہ کام اکیلا ہے 
LOG (lattice-best-path[5.5.383~1-bd1d]:main():lattice-best-path.cc:99) For utterance c673, best cost 154.616 + 4033.25 = 4187.87 over 407 frames.
c673 لڑائی کے چاپ دن واقع ہوئی جوہی نسل کے بغل پر کھڑی ہے 
LOG (lattice-best-path[5.5.383~1-bd1d]:main():lattice-best-path.cc:99) For utterance c674, best cost 202.66 + 5951.78 = 6154.44 over 592 frames.
c674 مشورے پل <oov> میں بڑھتا پر چاک آٹھ کر ہم وہیں حسنِ کی کوشش کی 
LOG (lattice-best-path[5.5.383~1-bd1d]:main():lattice-best-path.cc:99) For utterance c675, best cost 166.762 + 4145.73 = 4312.49 over 403 frames.
c675 حاجی پروری کے روئیے پر سو چیت آتا فن تباہ ہو اڑانے 
LOG (lattice-best-path[5.5.383~1-bd1d]:main():lattice-best-path.cc:99) For utterance c676, best cost 175.586 + 4914.72 = 5090.31 over 480 frames.
c676 اپنی رہائش کی سی کر نتیجہ کھوئے زوار نے انگور <oov> پر تھی 
LOG (lattice-best-path[5.5.383~1-bd1d]:main():lattice-best-path.cc:99) For utterance c677, best cost 210.323 + 6151.19 = 6361.52 over 605 frames.
c677 نثار نے <oov> کی کوئی مگر بعد ضرور صبوحی <oov> برداری کی ہیبت سے دہلی گیا 
LOG (lattice-best-path[5.5.383~1-bd1d]:main():lattice-best-path.cc:99) For utterance c678, best cost 272.449 + 7324.91 = 7597.36 over 737 frames.
c678 سند انیسہ کو علی فیڈرل زور والوں سے چھوڑ آنے کیلئے ہیرو جنت لاکھ سے مشقیں شر کریں 
LOG (lattice-best-path[5.5.383~1-bd1d]:main():lattice-best-path.cc:99) For utterance c679, best cost 139.023 + 3684.65 = 3823.67 over 365 frames.
c679 تھوڑی اور ڈی پر <oov> لگایا تو سحر تیزی سوچ لیں 
LOG (lattice-best-path[5.5.383~1-bd1d]:main():lattice-best-path.cc:99) For utterance c680, best cost 174.038 + 4889.84 = 5063.88 over 480 frames.
c680 چوری کے جوڑا پہن کے اوپر ترلائی اٹھارہ برس نے میں ہیرو آ جاتا ہے 
LOG (lattice-best-path[5.5.383~1-bd1d]:main():lattice-best-path.cc:99) For utterance c681, best cost 188.467 + 5128.44 = 5316.91 over 504 frames.
c681 کراچی شادی کو گوہر کی ڈھارس ہوئی تو لو اندر بچی بہار پر سوار 
LOG (lattice-best-path[5.5.383~1-bd1d]:main():lattice-best-path.cc:99) For utterance c682, best cost 205.929 + 5517.4 = 5723.33 over 554 frames.
c682 بھی اور <oov> کی <oov> پر ہی <oov> کرنا مچا کر دو اسکے جو ہار معلوم کی 
LOG (lattice-best-path[5.5.383~1-bd1d]:main():lattice-best-path.cc:99) For utterance c683, best cost 185.097 + 5326.49 = 5511.59 over 524 frames.
c683 <oov> سے موقع کی <oov> تک <oov> ہم نے میرا دی کے ہی سے نکھر گی 
LOG (lattice-best-path[5.5.383~1-bd1d]:main():lattice-best-path.cc:99) For utterance c684, best cost 126.622 + 4075.86 = 4202.49 over 392 frames.
c684 نور پور خانے <oov> کے کی اوٹ میں میلوں <oov> پتہ ہیں 
LOG (lattice-best-path[5.5.383~1-bd1d]:main():lattice-best-path.cc:99) For utterance c685, best cost 149.734 + 3887.84 = 4037.58 over 390 frames.
c685 جو فلاح دوستی ون چربہ خوشی سے کہاں سلام دے دو 
LOG (lattice-best-path[5.5.383~1-bd1d]:main():lattice-best-path.cc:99) For utterance c686, best cost 178.926 + 5232.38 = 5411.31 over 516 frames.
c686 <oov> کے سرخی بھی اشعر سے بنیادی میں سے کشور شاہ پونچھ ہو 
LOG (lattice-best-path[5.5.383~1-bd1d]:main():lattice-best-path.cc:99) For utterance c687, best cost 243.136 + 6546.14 = 6789.28 over 644 frames.
c687 <oov> کو اسکے بات سلوک سکی کھول <oov> کوٹھا بحران سے چیف مار کرتا بج مقتول کرائی 
LOG (lattice-best-path[5.5.383~1-bd1d]:main():lattice-best-path.cc:99) For utterance c688, best cost 275.471 + 7188.52 = 7463.99 over 713 frames.
c688 ہلکی ہلکی چادر بچہ کر سچے <oov> گزار اور دیتی کے بھی میں نہا <oov> کے پر آٹھ ادا حلقوں 
LOG (lattice-best-path[5.5.383~1-bd1d]:main():lattice-best-path.cc:99) For utterance c689, best cost 207.024 + 5610.37 = 5817.39 over 541 frames.
c689 گجرات بجے سکینہ کِیا جا نجومیوں بنائیں اور سو سو فصلیں چل کر چاہیں 
LOG (lattice-best-path[5.5.383~1-bd1d]:main():lattice-best-path.cc:99) For utterance c690, best cost 114.579 + 3252.38 = 3366.96 over 315 frames.
c690 <oov> نہ پڑھائی کشور لکھو <oov> نہیں جاتا 
LOG (lattice-best-path[5.5.383~1-bd1d]:main():lattice-best-path.cc:99) For utterance c691, best cost 216.623 + 5816.85 = 6033.47 over 591 frames.
c691 کسی کی بھی جاری کیلئے اب نجی گڈو یا اور <oov> سے عرصہ کر میں آنا میں توسیع 
LOG (lattice-best-path[5.5.383~1-bd1d]:main():lattice-best-path.cc:99) For utterance c692, best cost 168.744 + 5165.85 = 5334.59 over 523 frames.
c692 بتول نثار نے کہا کہ میں صبح سویرے کا گاڑی کے بھی آتے دلوں 
LOG (lattice-best-path[5.5.383~1-bd1d]:main():lattice-best-path.cc:99) For utterance c693, best cost 156.27 + 4394.57 = 4550.84 over 461 frames.
c693 میں نے ہر کے جسے کہا کہ وقار پر بھی نہ کرامت دو 
LOG (lattice-best-path[5.5.383~1-bd1d]:main():lattice-best-path.cc:99) For utterance c694, best cost 209.705 + 5342.88 = 5552.59 over 555 frames.
c694 کرن کا جوڑا شیشہ پایہ <oov> صاحب کو جسے اور اِسی ہی چاق و چوبند بنا ہے 
LOG (lattice-best-path[5.5.383~1-bd1d]:main():lattice-best-path.cc:99) For utterance c695, best cost 188.135 + 5710.61 = 5898.75 over 581 frames.
c695 کوئی کی جانے بچے جانے کو کرن اگر کی چوروں کو پانی میں ہو جائیں 
LOG (lattice-best-path[5.5.383~1-bd1d]:main():lattice-best-path.cc:99) For utterance c696, best cost 185.658 + 5989.23 = 6174.89 over 611 frames.
c696 <oov> فاصلے کیا میں زیب کو مصنوعی مصور روکے بنانے کے لئے فراہم کِیا جائے گا 
LOG (lattice-best-path[5.5.383~1-bd1d]:main():lattice-best-path.cc:99) For utterance c697, best cost 129.31 + 4116.18 = 4245.49 over 415 frames.
c697 کلور کوٹ سے سے <oov> تمہیں ڈیزائن کرنے کا کام ہو گا 
LOG (lattice-best-path[5.5.383~1-bd1d]:main():lattice-best-path.cc:99) For utterance c698, best cost 140.112 + 4726.28 = 4866.4 over 477 frames.
c698 بار اور ہنزہ <oov> سے شفاف باعث کا جائزہ لے نے لگا 
LOG (lattice-best-path[5.5.383~1-bd1d]:main():lattice-best-path.cc:99) For utterance c699, best cost 196.326 + 6674.8 = 6871.12 over 669 frames.
c699 گجر کے فروغ روکا کی <oov> میں برائے کیا دینی بے حرمتی کا مقصد <oov> 
LOG (lattice-best-path[5.5.383~1-bd1d]:main():lattice-best-path.cc:99) For utterance c700, best cost 194.623 + 6337.95 = 6532.58 over 621 frames.
c700 LOG (lattice-scale[5.5.383~1-bd1d]:main():lattice-scale.cc:107) Done 71 lattices.
ہوش تروٹ کی تقریر میں کہا فوری کی <oov> چھڑا کر حسو سر ہو 
LOG (lattice-best-path[5.5.383~1-bd1d]:main():lattice-best-path.cc:99) For utterance c701, best cost 233.173 + 7083.41 = 7316.59 over 722 frames.
c701 مضمون بنوانے دونوں کو بذل کی تم اپنا چیز سے کے علاوہ کر موضوع <oov> کو سمجھایا 
LOG (lattice-best-path[5.5.383~1-bd1d]:main():lattice-best-path.cc:99) For utterance c702, best cost 168.049 + 4535.69 = 4703.74 over 467 frames.
c702 غیر اصل آ توبہ کی اوٹ میں کرے کو شاہانہ دیر بخش <oov> 
LOG (lattice-best-path[5.5.383~1-bd1d]:main():lattice-best-path.cc:99) For utterance c703, best cost 154.555 + 4634.23 = 4788.78 over 478 frames.
c703 غیرت رائے سے توحید بھی چین کے کپڑوں کاروبار ظاہر ہوتا ہے 
LOG (lattice-add-penalty[5.5.383~1-bd1d]:main():lattice-add-penalty.cc:62) Done adding word insertion penalty to 71 lattices.
LOG (lattice-best-path[5.5.383~1-bd1d]:main():lattice-best-path.cc:99) For utterance c704, best cost 181.741 + 5564.18 = 5745.92 over 564 frames.
c704 چوتھائی <oov> سیشن متنازعہ <oov> کنزہ باقی پھیلاؤ کا کراس اس ہے 
LOG (lattice-best-path[5.5.383~1-bd1d]:main():lattice-best-path.cc:99) For utterance c705, best cost 169.454 + 5311.29 = 5480.74 over 535 frames.
c705 باوردی آغا بن <oov> ایجاد پر لاگت آٹھ تین سو سے بڑھ گئی 
LOG (lattice-best-path[5.5.383~1-bd1d]:main():lattice-best-path.cc:99) For utterance c706, best cost 134.121 + 4986.08 = 5120.2 over 492 frames.
c706 گجر خان کی غزر کے آنکھیں <oov> تو مت <oov> 
LOG (lattice-best-path[5.5.383~1-bd1d]:main():lattice-best-path.cc:99) For utterance c707, best cost 124.546 + 3579.96 = 3704.51 over 355 frames.
c707 ماضی کو بلا ہے تو آگے بڑھتی نہیں انہوں نے اَن پڑھ ہے 
LOG (lattice-best-path[5.5.383~1-bd1d]:main():lattice-best-path.cc:99) For utterance c708, best cost 195.539 + 5313.22 = 5508.76 over 527 frames.
c708 جنگ چلنے سے پہلے بروئے نے مجھے کچھ <oov> سی بات بھی کا اور مشق سمجھتا ہے 
LOG (lattice-best-path[5.5.383~1-bd1d]:main():lattice-best-path.cc:124) Overall cost per frame is 10.3872 = 0.336872 [graph] + 10.0503 [acoustic] over 37498 frames.
LOG (lattice-best-path[5.5.383~1-bd1d]:main():lattice-best-path.cc:128) Done 71 lattices, failed for 0
# Accounting: time=0 threads=1
# Ended (code 0) at Tue Jun 18 17:07:24 IST 2019, elapsed time 0 seconds
