# lattice-scale --inv-acoustic-scale=8 "ark:gunzip -c exp/tri2/decode/lat.*.gz|" ark:- | lattice-add-penalty --word-ins-penalty=1.0 ark:- ark:- | lattice-best-path --word-symbol-table=exp/tri2/graph/words.txt ark:- ark,t:- | utils/int2sym.pl -f 2- exp/tri2/graph/words.txt | cat > exp/tri2/decode/scoring_kaldi/penalty_1.0/8.txt 
# Started at Tue Jun 18 17:10:49 IST 2019
#
lattice-best-path --word-symbol-table=exp/tri2/graph/words.txt ark:- ark,t:- 
lattice-scale --inv-acoustic-scale=8 'ark:gunzip -c exp/tri2/decode/lat.*.gz|' ark:- 
lattice-add-penalty --word-ins-penalty=1.0 ark:- ark:- 
LOG (lattice-best-path[5.5.383~1-bd1d]:main():lattice-best-path.cc:99) For utterance c638, best cost 119.74 + 4701.17 = 4820.91 over 693 frames.
c638 <oov> میں <oov> <oov> کو <oov> کی <oov> 
LOG (lattice-best-path[5.5.383~1-bd1d]:main():lattice-best-path.cc:99) For utterance c639, best cost 144.483 + 4245.05 = 4389.53 over 630 frames.
c639 <oov> دل سے <oov> کر سے کے <oov> کی <oov> 
LOG (lattice-best-path[5.5.383~1-bd1d]:main():lattice-best-path.cc:99) For utterance c640, best cost 223.983 + 4658.73 = 4882.71 over 710 frames.
c640 <oov> کے <oov> پر بیٹھ <oov> سفیر نے <oov> <oov> صلح کے <oov> والا کا <oov> لگایا 
LOG (lattice-best-path[5.5.383~1-bd1d]:main():lattice-best-path.cc:99) For utterance c641, best cost 87.0335 + 3045.67 = 3132.7 over 436 frames.
c641 <oov> کی <oov> کر <oov> <oov> 
LOG (lattice-best-path[5.5.383~1-bd1d]:main():lattice-best-path.cc:99) For utterance c642, best cost 107.549 + 3688.78 = 3796.33 over 533 frames.
c642 <oov> کے <oov> <oov> <oov> کی <oov> <oov> 
LOG (lattice-best-path[5.5.383~1-bd1d]:main():lattice-best-path.cc:99) For utterance c643, best cost 144.251 + 4269.78 = 4414.03 over 622 frames.
c643 <oov> سے <oov> پڑھ <oov> <oov> <oov> اور <oov> <oov> <oov> 
LOG (lattice-best-path[5.5.383~1-bd1d]:main():lattice-best-path.cc:99) For utterance c644, best cost 135.843 + 4662.49 = 4798.33 over 685 frames.
c644 <oov> <oov> اور زیب <oov> کے <oov> پر <oov> <oov> 
LOG (lattice-best-path[5.5.383~1-bd1d]:main():lattice-best-path.cc:99) For utterance c645, best cost 161.242 + 3972.58 = 4133.83 over 584 frames.
c645 <oov> کے اس میں <oov> کے ثائب <oov> <oov> کرنے کی <oov> ہیں 
LOG (lattice-best-path[5.5.383~1-bd1d]:main():lattice-best-path.cc:99) For utterance c646, best cost 132.892 + 3469.54 = 3602.43 over 504 frames.
c646 <oov> نے کے بعد <oov> میں <oov> <oov> نے آئی 
LOG (lattice-best-path[5.5.383~1-bd1d]:main():lattice-best-path.cc:99) For utterance c647, best cost 66.7345 + 2448.05 = 2514.78 over 356 frames.
c647 <oov> <oov> <oov> پر آئے 
LOG (lattice-best-path[5.5.383~1-bd1d]:main():lattice-best-path.cc:99) For utterance c648, best cost 92.4365 + 2755.17 = 2847.61 over 415 frames.
c648 میلے میں <oov> <oov> کیلئے <oov> تھا 
LOG (lattice-best-path[5.5.383~1-bd1d]:main():lattice-best-path.cc:99) For utterance c649, best cost 111.99 + 3853.16 = 3965.15 over 580 frames.
c649 <oov> کر کے <oov> کے بعد <oov> <oov> 
LOG (lattice-best-path[5.5.383~1-bd1d]:main():lattice-best-path.cc:99) For utterance c650, best cost 118.891 + 3865.67 = 3984.56 over 580 frames.
c650 <oov> کی <oov> کے <oov> کے <oov> ہے 
LOG (lattice-best-path[5.5.383~1-bd1d]:main():lattice-best-path.cc:99) For utterance c651, best cost 139.162 + 3134.63 = 3273.79 over 470 frames.
c651 <oov> کو <oov> <oov> کی <oov> سے پہلے <oov> پی تھیں 
LOG (lattice-best-path[5.5.383~1-bd1d]:main():lattice-best-path.cc:99) For utterance c652, best cost 139.988 + 5252.95 = 5392.93 over 761 frames.
c652 <oov> کی <oov> <oov> <oov> اور <oov> <oov> کے <oov> 
LOG (lattice-best-path[5.5.383~1-bd1d]:main():lattice-best-path.cc:99) For utterance c653, best cost 134.419 + 4427.78 = 4562.2 over 660 frames.
c653 <oov> <oov> کا <oov> اہلکار <oov> کے <oov> وہ 
LOG (lattice-best-path[5.5.383~1-bd1d]:main():lattice-best-path.cc:99) For utterance c654, best cost 100.638 + 3732.54 = 3833.18 over 542 frames.
c654 <oov> <oov> کے <oov> میں <oov> 
LOG (lattice-best-path[5.5.383~1-bd1d]:main():lattice-best-path.cc:99) For utterance c655, best cost 66.7629 + 3413.77 = 3480.54 over 516 frames.
c655 <oov> <oov> <oov> ہے 
LOG (lattice-best-path[5.5.383~1-bd1d]:main():lattice-best-path.cc:99) For utterance c656, best cost 117.848 + 4223.81 = 4341.66 over 643 frames.
c656 <oov> <oov> <oov> <oov> اور <oov> <oov> <oov> کریں 
LOG (lattice-best-path[5.5.383~1-bd1d]:main():lattice-best-path.cc:99) For utterance c657, best cost 125.562 + 3075.38 = 3200.95 over 491 frames.
c657 <oov> <oov> کے <oov> کردار کی حد سے <oov> نہیں 
LOG (lattice-best-path[5.5.383~1-bd1d]:main():lattice-best-path.cc:99) For utterance c658, best cost 71.2966 + 2988.61 = 3059.9 over 449 frames.
c658 <oov> <oov> کی <oov> 
LOG (lattice-best-path[5.5.383~1-bd1d]:main():lattice-best-path.cc:99) For utterance c659, best cost 145.571 + 4053.97 = 4199.54 over 617 frames.
c659 <oov> کر <oov> اور <oov> کا <oov> <oov> کے بعد <oov> 
LOG (lattice-best-path[5.5.383~1-bd1d]:main():lattice-best-path.cc:99) For utterance c660, best cost 80.8773 + 2099.18 = 2180.06 over 313 frames.
c660 <oov> کے <oov> <oov> نہیں <oov> 
LOG (lattice-best-path[5.5.383~1-bd1d]:main():lattice-best-path.cc:99) For utterance c661, best cost 69.4092 + 2628.97 = 2698.37 over 413 frames.
c661 <oov> کیلئے <oov> پر <oov> 
LOG (lattice-best-path[5.5.383~1-bd1d]:main():lattice-best-path.cc:99) For utterance c662, best cost 106.877 + 2732.87 = 2839.75 over 376 frames.
c662 <oov> <oov> کو کی <oov> کی <oov> <oov> 
LOG (lattice-best-path[5.5.383~1-bd1d]:main():lattice-best-path.cc:99) For utterance c663, best cost 163.095 + 4049.08 = 4212.17 over 603 frames.
c663 <oov> نے جہاں چائے <oov> <oov> <oov> تو <oov> کی <oov> <oov> ہوئی 
LOG (lattice-best-path[5.5.383~1-bd1d]:main():lattice-best-path.cc:99) For utterance c664, best cost 153.509 + 4158.33 = 4311.84 over 575 frames.
c664 <oov> کے <oov> میں <oov> نہ <oov> کے <oov> <oov> ہو گئ 
LOG (lattice-best-path[5.5.383~1-bd1d]:main():lattice-best-path.cc:99) For utterance c665, best cost 95.0199 + 2782.48 = 2877.5 over 435 frames.
c665 فیض نے <oov> سے <oov> <oov> ہوا 
LOG (lattice-best-path[5.5.383~1-bd1d]:main():lattice-best-path.cc:99) For utterance c666, best cost 112.712 + 2998.02 = 3110.73 over 438 frames.
c666 <oov> سے <oov> <oov> پر <oov> سے <oov> لئے 
LOG (lattice-best-path[5.5.383~1-bd1d]:main():lattice-best-path.cc:99) For utterance c667, best cost 115.986 + 2867.75 = 2983.73 over 395 frames.
c667 <oov> <oov> سے <oov> <oov> <oov> کی <oov> <oov> ہوئی 
LOG (lattice-best-path[5.5.383~1-bd1d]:main():lattice-best-path.cc:99) For utterance c668, best cost 142.437 + 4039.98 = 4182.41 over 613 frames.
c668 <oov> کے <oov> <oov> والے <oov> کا <oov> <oov> سے <oov> 
LOG (lattice-best-path[5.5.383~1-bd1d]:main():lattice-best-path.cc:99) For utterance c669, best cost 93.8608 + 3090.51 = 3184.37 over 458 frames.
c669 <oov> <oov> کے <oov> نہیں کیا 
LOG (lattice-best-path[5.5.383~1-bd1d]:main():lattice-best-path.cc:99) For utterance c670, best cost 69.2758 + 2729.61 = 2798.88 over 383 frames.
c670 <oov> <oov> کا <oov> 
LOG (lattice-best-path[5.5.383~1-bd1d]:main():lattice-best-path.cc:99) For utterance c671, best cost 158.466 + 4402.02 = 4560.49 over 624 frames.
c671 <oov> سے پہلے <oov> کے <oov> نے کہا <oov> کے <oov> <oov> 
LOG (lattice-best-path[5.5.383~1-bd1d]:main():lattice-best-path.cc:99) For utterance c672, best cost 139.362 + 3789.92 = 3929.28 over 589 frames.
c672 <oov> تو <oov> <oov> غوث صدر <oov> کا <oov> ہے 
LOG (lattice-best-path[5.5.383~1-bd1d]:main():lattice-best-path.cc:99) For utterance c673, best cost 140.973 + 2612.51 = 2753.49 over 407 frames.
c673 پڑا ہی کے <oov> <oov> نسل کے <oov> <oov> آئے 
LOG (lattice-best-path[5.5.383~1-bd1d]:main():lattice-best-path.cc:99) For utterance c674, best cost 141.459 + 3946.81 = 4088.27 over 592 frames.
c674 <oov> <oov> میں بڑھ کا پر <oov> <oov> نے کی کوشش کی 
LOG (lattice-best-path[5.5.383~1-bd1d]:main():lattice-best-path.cc:99) For utterance c675, best cost 87.9371 + 2832.94 = 2920.87 over 403 frames.
c675 <oov> <oov> <oov> <oov> کا <oov> 
LOG (lattice-best-path[5.5.383~1-bd1d]:main():lattice-best-path.cc:99) For utterance c676, best cost 172.976 + 3320.72 = 3493.69 over 480 frames.
c676 اپنی رہائش کی <oov> کر نتیجہ <oov> نے <oov> <oov> پر رکھ <oov> 
LOG (lattice-best-path[5.5.383~1-bd1d]:main():lattice-best-path.cc:99) For utterance c677, best cost 163.583 + 4107.01 = 4270.59 over 605 frames.
c677 <oov> <oov> کی <oov> <oov> <oov> صبوحی <oov> کی ہیبت سے <oov> گیا 
LOG (lattice-best-path[5.5.383~1-bd1d]:main():lattice-best-path.cc:99) For utterance c678, best cost 181.072 + 4776.13 = 4957.2 over 737 frames.
c678 <oov> <oov> <oov> کو <oov> سے <oov> آنے کے <oov> <oov> سے <oov> <oov> کریں 
LOG (lattice-best-path[5.5.383~1-bd1d]:main():lattice-best-path.cc:99) For utterance c679, best cost 129.217 + 2472.7 = 2601.92 over 365 frames.
c679 <oov> اور <oov> پر <oov> لگایا <oov> تیزی <oov> لی 
LOG (lattice-best-path[5.5.383~1-bd1d]:main():lattice-best-path.cc:99) For utterance c680, best cost 100.178 + 3324.3 = 3424.48 over 480 frames.
c680 <oov> پہنتے <oov> <oov> <oov> آ جاتا ہے 
LOG (lattice-best-path[5.5.383~1-bd1d]:main():lattice-best-path.cc:99) For utterance c681, best cost 110.011 + 3444.71 = 3554.72 over 504 frames.
c681 <oov> کو <oov> کی <oov> پر <oov> <oov> 
LOG (lattice-best-path[5.5.383~1-bd1d]:main():lattice-best-path.cc:99) For utterance c682, best cost 154.603 + 3666.81 = 3821.42 over 554 frames.
c682 <oov> کرنا <oov> کر <oov> اسکے <oov> ہر معلوم کیے 
LOG (lattice-best-path[5.5.383~1-bd1d]:main():lattice-best-path.cc:99) For utterance c683, best cost 127.455 + 3725.06 = 3852.51 over 524 frames.
c683 <oov> سے <oov> <oov> <oov> کے <oov> سے نکھر گئی 
LOG (lattice-best-path[5.5.383~1-bd1d]:main():lattice-best-path.cc:99) For utterance c684, best cost 56.0024 + 2826.28 = 2882.28 over 392 frames.
c684 <oov> <oov> 
LOG (lattice-best-path[5.5.383~1-bd1d]:main():lattice-best-path.cc:99) For utterance c685, best cost 56.6029 + 2674.4 = 2731 over 390 frames.
c685 <oov> <oov> <oov> 
LOG (lattice-best-path[5.5.383~1-bd1d]:main():lattice-best-path.cc:99) For utterance c686, best cost 79.255 + 3589.55 = 3668.81 over 516 frames.
c686 <oov> کے <oov> <oov> <oov> 
LOG (lattice-best-path[5.5.383~1-bd1d]:main():lattice-best-path.cc:99) For utterance c687, best cost 169.859 + 4423.37 = 4593.23 over 644 frames.
c687 <oov> کے <oov> کے کھول <oov> <oov> سے <oov> کر <oov> <oov> کرائی 
LOG (lattice-best-path[5.5.383~1-bd1d]:main():lattice-best-path.cc:99) For utterance c688, best cost 237.497 + 4840.98 = 5078.48 over 713 frames.
c688 ہلکی <oov> کی چادر <oov> کر <oov> <oov> گزار <oov> اور دیکھ <oov> کے <oov> <oov> <oov> کے <oov> 
LOG (lattice-best-path[5.5.383~1-bd1d]:main():lattice-best-path.cc:99) For utterance c689, best cost 118.388 + 3859.81 = 3978.19 over 541 frames.
c689 <oov> جان <oov> اور <oov> <oov> کر <oov> ہے 
LOG (lattice-best-path[5.5.383~1-bd1d]:main():lattice-best-path.cc:99) For utterance c690, best cost 92.0786 + 2113.28 = 2205.36 over 315 frames.
c690 <oov> <oov> پڑھ <oov> <oov> نہیں جاتا 
LOG (lattice-best-path[5.5.383~1-bd1d]:main():lattice-best-path.cc:99) For utterance c691, best cost 179.468 + 3818.82 = 3998.29 over 591 frames.
c691 کی سی کی <oov> کیلئے آپ <oov> اور <oov> سے <oov> <oov> میں <oov> 
LOG (lattice-best-path[5.5.383~1-bd1d]:main():lattice-best-path.cc:99) For utterance c692, best cost 169.523 + 3290.71 = 3460.23 over 523 frames.
c692 <oov> نثار نے کہا کہ میں سے <oov> ں گاڑی کے <oov> <oov> 
LOG (lattice-best-path[5.5.383~1-bd1d]:main():lattice-best-path.cc:99) For utterance c693, best cost 154.032 + 2777.28 = 2931.32 over 461 frames.
c693 میں نے <oov> <oov> سے کہا کہ <oov> پر <oov> کر رائے مت دو 
LOG (lattice-best-path[5.5.383~1-bd1d]:main():lattice-best-path.cc:99) For utterance c694, best cost 103.219 + 3571.03 = 3674.25 over 555 frames.
c694 <oov> <oov> <oov> <oov> چوبند بنائی 
LOG (lattice-best-path[5.5.383~1-bd1d]:main():lattice-best-path.cc:99) For utterance c695, best cost 137.108 + 3753.15 = 3890.26 over 581 frames.
c695 <oov> کی <oov> <oov> کو <oov> <oov> تو پانی میں <oov> 
LOG (lattice-best-path[5.5.383~1-bd1d]:main():lattice-best-path.cc:99) For utterance c696, best cost 197.028 + 3877.54 = 4074.57 over 611 frames.
c696 <oov> <oov> کے آمیز ایک <oov> مصنوعی <oov> کے بنانے کیلئے فراہم کیا جائے گا 
LOG (lattice-best-path[5.5.383~1-bd1d]:main():lattice-best-path.cc:99) For utterance c697, best cost 87.4948 + 2695.03 = 2782.53 over 415 frames.
c697 <oov> <oov> کرنے کا کام ہو گا 
LOG (lattice-best-path[5.5.383~1-bd1d]:main():lattice-best-path.cc:99) For utterance c698, best cost 107.977 + 3118.15 = 3226.13 over 477 frames.
c698 <oov> سے شفاف <oov> <oov> لینے لگا 
LOG (lattice-best-path[5.5.383~1-bd1d]:main():lattice-best-path.cc:99) For utterance c699, best cost 161.698 + 4345.07 = 4506.76 over 669 frames.
c699 <oov> کار کی <oov> میں <oov> کے <oov> بے حرمتی کا <oov> 
LOG (lattice-best-path[5.5.383~1-bd1d]:main():lattice-best-path.cc:99) For utterance c700, best cost 102.957 + 4339.15 = 4442.11 over 621 frames.
c700 <oov> کی <oov> <oov> کی <oov> ہو 
LOG (lattice-scale[5.5.383~1-bd1d]:main():lattice-scale.cc:107) Done 71 lattices.
LOG (lattice-best-path[5.5.383~1-bd1d]:main():lattice-best-path.cc:99) For utterance c701, best cost 160.94 + 4709.48 = 4870.42 over 722 frames.
c701 مضمون <oov> <oov> کو غزل کی <oov> <oov> کر <oov> کو <oov> 
LOG (lattice-best-path[5.5.383~1-bd1d]:main():lattice-best-path.cc:99) For utterance c702, best cost 107.078 + 2934.62 = 3041.7 over 467 frames.
c702 غیر فیصلہ <oov> میں ہر ایک <oov> 
LOG (lattice-best-path[5.5.383~1-bd1d]:main():lattice-best-path.cc:99) For utterance c703, best cost 86.3472 + 3018.74 = 3105.09 over 478 frames.
c703 <oov> کے <oov> <oov> ہوتا ہے 
LOG (lattice-best-path[5.5.383~1-bd1d]:main():lattice-best-path.cc:99) For utterance c704, best cost 112.873 + 3606.39 = 3719.26 over 564 frames.
c704 <oov> <oov> <oov> کےLOG (lattice-add-penalty[5.5.383~1-bd1d]:main():lattice-add-penalty.cc:62) Done adding word insertion penalty to 71 lattices.
 <oov> آتی <oov> ہے 
LOG (lattice-best-path[5.5.383~1-bd1d]:main():lattice-best-path.cc:99) For utterance c705, best cost 136.385 + 3484.54 = 3620.93 over 535 frames.
c705 <oov> بن <oov> <oov> پر لاگت <oov> سے بڑھ گئی 
LOG (lattice-best-path[5.5.383~1-bd1d]:main():lattice-best-path.cc:99) For utterance c706, best cost 102.657 + 3370.86 = 3473.52 over 492 frames.
c706 <oov> <oov> کے آنکھیں <oov> تو <oov> 
LOG (lattice-best-path[5.5.383~1-bd1d]:main():lattice-best-path.cc:99) For utterance c707, best cost 80.3971 + 2405.43 = 2485.82 over 355 frames.
c707 <oov> کو <oov> <oov> پڑے 
LOG (lattice-best-path[5.5.383~1-bd1d]:main():lattice-best-path.cc:99) For utterance c708, best cost 137.49 + 3548.84 = 3686.33 over 527 frames.
c708 جنگ <oov> سے پہلے <oov> نے مجھے <oov> اور <oov> 
LOG (lattice-best-path[5.5.383~1-bd1d]:main():lattice-best-path.cc:124) Overall cost per frame is 6.94339 = 0.23556 [graph] + 6.70783 [acoustic] over 37498 frames.
LOG (lattice-best-path[5.5.383~1-bd1d]:main():lattice-best-path.cc:128) Done 71 lattices, failed for 0
# Accounting: time=0 threads=1
# Ended (code 0) at Tue Jun 18 17:10:49 IST 2019, elapsed time 0 seconds
