# lattice-scale --inv-acoustic-scale=11 "ark:gunzip -c exp/tri2/decode/lat.*.gz|" ark:- | lattice-add-penalty --word-ins-penalty=1.0 ark:- ark:- | lattice-best-path --word-symbol-table=exp/tri2/graph/words.txt ark:- ark,t:- | utils/int2sym.pl -f 2- exp/tri2/graph/words.txt | cat > exp/tri2/decode/scoring_kaldi/penalty_1.0/11.txt 
# Started at Tue Jun 18 17:10:49 IST 2019
#
lattice-scale --inv-acoustic-scale=11 'ark:gunzip -c exp/tri2/decode/lat.*.gz|' ark:- 
lattice-best-path --word-symbol-table=exp/tri2/graph/words.txt ark:- ark,t:- 
lattice-add-penalty --word-ins-penalty=1.0 ark:- ark:- 
LOG (lattice-best-path[5.5.383~1-bd1d]:main():lattice-best-path.cc:99) For utterance c638, best cost 119.74 + 3419.04 = 3538.78 over 693 frames.
c638 <oov> میں <oov> <oov> کو <oov> کی <oov> 
LOG (lattice-best-path[5.5.383~1-bd1d]:main():lattice-best-path.cc:99) For utterance c639, best cost 74.6858 + 3150.57 = 3225.25 over 630 frames.
c639 <oov> <oov> <oov> 
LOG (lattice-best-path[5.5.383~1-bd1d]:main():lattice-best-path.cc:99) For utterance c640, best cost 168.655 + 3435.13 = 3603.79 over 710 frames.
c640 <oov> کے <oov> پر <oov> نے <oov> <oov> والا کا <oov> لگایا 
LOG (lattice-best-path[5.5.383~1-bd1d]:main():lattice-best-path.cc:99) For utterance c641, best cost 67.9588 + 2231.43 = 2299.39 over 436 frames.
c641 <oov> کی <oov> <oov> 
LOG (lattice-best-path[5.5.383~1-bd1d]:main():lattice-best-path.cc:99) For utterance c642, best cost 102.358 + 2687.4 = 2789.76 over 533 frames.
c642 <oov> کے <oov> <oov> <oov> کی <oov> 
LOG (lattice-best-path[5.5.383~1-bd1d]:main():lattice-best-path.cc:99) For utterance c643, best cost 106.075 + 3136.48 = 3242.55 over 622 frames.
c643 <oov> <oov> <oov> اور <oov> <oov> <oov> 
LOG (lattice-best-path[5.5.383~1-bd1d]:main():lattice-best-path.cc:99) For utterance c644, best cost 108.07 + 3414.09 = 3522.16 over 685 frames.
c644 <oov> <oov> کے <oov> پر <oov> <oov> 
LOG (lattice-best-path[5.5.383~1-bd1d]:main():lattice-best-path.cc:99) For utterance c645, best cost 140.827 + 2907.93 = 3048.75 over 584 frames.
c645 <oov> میں <oov> کے ثائب <oov> <oov> کرنے کی <oov> ہیں 
LOG (lattice-best-path[5.5.383~1-bd1d]:main():lattice-best-path.cc:99) For utterance c646, best cost 130.391 + 2525.67 = 2656.06 over 504 frames.
c646 <oov> نے کے بعد <oov> میں <oov> ڈالیں آئی 
LOG (lattice-best-path[5.5.383~1-bd1d]:main():lattice-best-path.cc:99) For utterance c647, best cost 66.7345 + 1780.4 = 1847.13 over 356 frames.
c647 <oov> <oov> <oov> پر آئے 
LOG (lattice-best-path[5.5.383~1-bd1d]:main():lattice-best-path.cc:99) For utterance c648, best cost 92.4365 + 2003.76 = 2096.2 over 415 frames.
c648 میلے میں <oov> <oov> کیلئے <oov> تھا 
LOG (lattice-best-path[5.5.383~1-bd1d]:main():lattice-best-path.cc:99) For utterance c649, best cost 111.99 + 2802.3 = 2914.29 over 580 frames.
c649 <oov> کر کے <oov> کے بعد <oov> <oov> 
LOG (lattice-best-path[5.5.383~1-bd1d]:main():lattice-best-path.cc:99) For utterance c650, best cost 118.891 + 2811.4 = 2930.29 over 580 frames.
c650 <oov> کی <oov> کے <oov> کے <oov> ہے 
LOG (lattice-best-path[5.5.383~1-bd1d]:main():lattice-best-path.cc:99) For utterance c651, best cost 133.193 + 2284.58 = 2417.78 over 470 frames.
c651 <oov> کو <oov> <oov> کی <oov> سے پہلے <oov> <oov> تھیں 
LOG (lattice-best-path[5.5.383~1-bd1d]:main():lattice-best-path.cc:99) For utterance c652, best cost 134.381 + 3824.8 = 3959.18 over 761 frames.
c652 <oov> کی <oov> <oov> اور <oov> <oov> کے <oov> 
LOG (lattice-best-path[5.5.383~1-bd1d]:main():lattice-best-path.cc:99) For utterance c653, best cost 110.531 + 3239.19 = 3349.72 over 660 frames.
c653 <oov> <oov> کا <oov> <oov> <oov> وہ 
LOG (lattice-best-path[5.5.383~1-bd1d]:main():lattice-best-path.cc:99) For utterance c654, best cost 83.0876 + 2729.54 = 2812.63 over 542 frames.
c654 <oov> <oov> میں <oov> 
LOG (lattice-best-path[5.5.383~1-bd1d]:main():lattice-best-path.cc:99) For utterance c655, best cost 66.7629 + 2482.74 = 2549.51 over 516 frames.
c655 <oov> <oov> <oov> ہے 
LOG (lattice-best-path[5.5.383~1-bd1d]:main():lattice-best-path.cc:99) For utterance c656, best cost 112.214 + 3077.1 = 3189.31 over 643 frames.
c656 <oov> <oov> <oov> اور <oov> <oov> <oov> کریں 
LOG (lattice-best-path[5.5.383~1-bd1d]:main():lattice-best-path.cc:99) For utterance c657, best cost 118.03 + 2243.37 = 2361.4 over 491 frames.
c657 <oov> <oov> <oov> کردار کی حد سے <oov> نہیں 
LOG (lattice-best-path[5.5.383~1-bd1d]:main():lattice-best-path.cc:99) For utterance c658, best cost 71.2966 + 2173.53 = 2244.83 over 449 frames.
c658 <oov> <oov> کی <oov> 
LOG (lattice-best-path[5.5.383~1-bd1d]:main():lattice-best-path.cc:99) For utterance c659, best cost 126.437 + 2963.35 = 3089.78 over 617 frames.
c659 <oov> اور <oov> کا <oov> <oov> کے بعد <oov> 
LOG (lattice-best-path[5.5.383~1-bd1d]:main():lattice-best-path.cc:99) For utterance c660, best cost 80.8773 + 1526.68 = 1607.56 over 313 frames.
c660 <oov> کے <oov> <oov> نہیں <oov> 
LOG (lattice-best-path[5.5.383~1-bd1d]:main():lattice-best-path.cc:99) For utterance c661, best cost 51.292 + 1925.88 = 1977.18 over 413 frames.
c661 <oov> کیلئے <oov> 
LOG (lattice-best-path[5.5.383~1-bd1d]:main():lattice-best-path.cc:99) For utterance c662, best cost 99.2058 + 1993.65 = 2092.85 over 376 frames.
c662 <oov> <oov> کو <oov> کی <oov> <oov> 
LOG (lattice-best-path[5.5.383~1-bd1d]:main():lattice-best-path.cc:99) For utterance c663, best cost 120.771 + 2977.76 = 3098.53 over 603 frames.
c663 <oov> <oov> <oov> <oov> <oov> <oov> کی <oov> <oov> ہوئی 
LOG (lattice-best-path[5.5.383~1-bd1d]:main():lattice-best-path.cc:99) For utterance c664, best cost 129.351 + 3043.34 = 3172.69 over 575 frames.
c664 <oov> کے <oov> میں <oov> <oov> <oov> ہو گئ 
LOG (lattice-best-path[5.5.383~1-bd1d]:main():lattice-best-path.cc:99) For utterance c665, best cost 78.7282 + 2038.35 = 2117.07 over 435 frames.
c665 فیض نے <oov> <oov> ہوا 
LOG (lattice-best-path[5.5.383~1-bd1d]:main():lattice-best-path.cc:99) For utterance c666, best cost 79.8889 + 2209.04 = 2288.92 over 438 frames.
c666 <oov> <oov> پر <oov> لئے 
LOG (lattice-best-path[5.5.383~1-bd1d]:main():lattice-best-path.cc:99) For utterance c667, best cost 101.307 + 2097.03 = 2198.34 over 395 frames.
c667 <oov> سے <oov> <oov> کی <oov> <oov> ہوئی 
LOG (lattice-best-path[5.5.383~1-bd1d]:main():lattice-best-path.cc:99) For utterance c668, best cost 126.58 + 2953.4 = 3079.98 over 613 frames.
c668 <oov> کے <oov> <oov> والے <oov> <oov> سے <oov> 
LOG (lattice-best-path[5.5.383~1-bd1d]:main():lattice-best-path.cc:99) For utterance c669, best cost 84.7693 + 2255.35 = 2340.12 over 458 frames.
c669 <oov> کے <oov> نہیں کیا 
LOG (lattice-best-path[5.5.383~1-bd1d]:main():lattice-best-path.cc:99) For utterance c670, best cost 51.5689 + 1998.55 = 2050.12 over 383 frames.
c670 <oov> <oov> 
LOG (lattice-best-path[5.5.383~1-bd1d]:main():lattice-best-path.cc:99) For utterance c671, best cost 140.503 + 3218.65 = 3359.15 over 624 frames.
c671 <oov> سے پہلے <oov> کے <oov> نے کہا <oov> <oov> 
LOG (lattice-best-path[5.5.383~1-bd1d]:main():lattice-best-path.cc:99) For utterance c672, best cost 111.78 + 2780.28 = 2892.06 over 589 frames.
c672 <oov> <oov> <oov> غوث <oov> کا <oov> ہے 
LOG (lattice-best-path[5.5.383~1-bd1d]:main():lattice-best-path.cc:99) For utterance c673, best cost 140.973 + 1900.01 = 2040.98 over 407 frames.
c673 پڑا ہی کے <oov> <oov> نسل کے <oov> <oov> آئے 
LOG (lattice-best-path[5.5.383~1-bd1d]:main():lattice-best-path.cc:99) For utterance c674, best cost 118.479 + 2890.82 = 3009.29 over 592 frames.
c674 <oov> <oov> میں بڑھ کا <oov> <oov> کی کوشش کی 
LOG (lattice-best-path[5.5.383~1-bd1d]:main():lattice-best-path.cc:99) For utterance c675, best cost 66.6089 + 2079.85 = 2146.46 over 403 frames.
c675 <oov> <oov> <oov> 
LOG (lattice-best-path[5.5.383~1-bd1d]:main():lattice-best-path.cc:99) For utterance c676, best cost 131.095 + 2455.05 = 2586.15 over 480 frames.
c676 <oov> ہائش کی <oov> نتیجہ <oov> نے <oov> <oov> 
LOG (lattice-best-path[5.5.383~1-bd1d]:main():lattice-best-path.cc:99) For utterance c677, best cost 113.667 + 3031.77 = 3145.44 over 605 frames.
c677 <oov> <oov> <oov> صبوحی <oov> کی <oov> گیا 
LOG (lattice-best-path[5.5.383~1-bd1d]:main():lattice-best-path.cc:99) For utterance c678, best cost 152.371 + 3497.02 = 3649.4 over 737 frames.
c678 <oov> <oov> کو <oov> آنے کے <oov> <oov> سے <oov> <oov> کریں 
LOG (lattice-best-path[5.5.383~1-bd1d]:main():lattice-best-path.cc:99) For utterance c679, best cost 97.6829 + 1822.78 = 1920.47 over 365 frames.
c679 <oov> اور <oov> پر <oov> لگایا <oov> 
LOG (lattice-best-path[5.5.383~1-bd1d]:main():lattice-best-path.cc:99) For utterance c680, best cost 72.1744 + 2439.27 = 2511.44 over 480 frames.
c680 <oov> <oov> <oov> جاتا ہے 
LOG (lattice-best-path[5.5.383~1-bd1d]:main():lattice-best-path.cc:99) For utterance c681, best cost 70.9549 + 2537.77 = 2608.72 over 504 frames.
c681 <oov> کی <oov> <oov> 
LOG (lattice-best-path[5.5.383~1-bd1d]:main():lattice-best-path.cc:99) For utterance c682, best cost 111.96 + 2702.78 = 2814.74 over 554 frames.
c682 <oov> کر <oov> اسکے <oov> کیے 
LOG (lattice-best-path[5.5.383~1-bd1d]:main():lattice-best-path.cc:99) For utterance c683, best cost 89.0241 + 2742.74 = 2831.77 over 524 frames.
c683 <oov> <oov> <oov> کے <oov> گئی 
LOG (lattice-best-path[5.5.383~1-bd1d]:main():lattice-best-path.cc:99) For utterance c684, best cost 48.8301 + 2060.84 = 2109.67 over 392 frames.
c684 <oov> 
LOG (lattice-best-path[5.5.383~1-bd1d]:main():lattice-best-path.cc:99) For utterance c685, best cost 56.6029 + 1945.02 = 2001.62 over 390 frames.
c685 <oov> <oov> <oov> 
LOG (lattice-best-path[5.5.383~1-bd1d]:main():lattice-best-path.cc:99) For utterance c686, best cost 66.7141 + 2621.39 = 2688.11 over 516 frames.
c686 <oov> کے <oov> 
LOG (lattice-best-path[5.5.383~1-bd1d]:main():lattice-best-path.cc:99) For utterance c687, best cost 87.4056 + 3289.22 = 3376.63 over 644 frames.
c687 <oov> کے <oov> کرائی 
LOG (lattice-best-path[5.5.383~1-bd1d]:main():lattice-best-path.cc:99) For utterance c688, best cost 161.168 + 3589.23 = 3750.4 over 713 frames.
c688 ہلکی <oov> کر <oov> <oov> <oov> کے <oov> <oov> کے <oov> 
LOG (lattice-best-path[5.5.383~1-bd1d]:main():lattice-best-path.cc:99) For utterance c689, best cost 83.7879 + 2835.32 = 2919.11 over 541 frames.
c689 <oov> جان <oov> <oov> ہے 
LOG (lattice-best-path[5.5.383~1-bd1d]:main():lattice-best-path.cc:99) For utterance c690, best cost 86.4909 + 1541.05 = 1627.54 over 315 frames.
c690 <oov> پڑھ <oov> <oov> نہیں جاتا 
LOG (lattice-best-path[5.5.383~1-bd1d]:main():lattice-best-path.cc:99) For utterance c691, best cost 173.269 + 2782.29 = 2955.56 over 591 frames.
c691 کی سی کی <oov> کیلئے آپ <oov> اور <oov> سے <oov> میں <oov> 
LOG (lattice-best-path[5.5.383~1-bd1d]:main():lattice-best-path.cc:99) For utterance c692, best cost 162.739 + 2399.58 = 2562.32 over 523 frames.
c692 <oov> نثار نے کہا کہ میں سے <oov> <oov> گاڑی کے <oov> <oov> 
LOG (lattice-best-path[5.5.383~1-bd1d]:main():lattice-best-path.cc:99) For utterance c693, best cost 125.306 + 2046.43 = 2171.74 over 461 frames.
c693 میں نے <oov> <oov> سے کہا کہ <oov> پر <oov> <oov> 
LOG (lattice-best-path[5.5.383~1-bd1d]:main():lattice-best-path.cc:99) For utterance c694, best cost 89.3088 + 2609.29 = 2698.6 over 555 frames.
c694 <oov> <oov> <oov> <oov> بنائی 
LOG (lattice-best-path[5.5.383~1-bd1d]:main():lattice-best-path.cc:99) For utterance c695, best cost 115.944 + 2746.35 = 2862.29 over 581 frames.
c695 <oov> <oov> <oov> <oov> تو پانی میں <oov> 
LOG (lattice-best-path[5.5.383~1-bd1d]:main():lattice-best-path.cc:99) For utterance c696, best cost 151.664 + 2861.33 = 3012.99 over 611 frames.
c696 <oov> <oov> <oov> <oov> کے بنانے کے لئے فراہم کیا جائے گا 
LOG (lattice-best-path[5.5.383~1-bd1d]:main():lattice-best-path.cc:99) For utterance c697, best cost 87.4948 + 1960.02 = 2047.52 over 415 frames.
c697 <oov> <oov> کرنے کا کام ہو گا 
LOG (lattice-best-path[5.5.383~1-bd1d]:main():lattice-best-path.cc:99) For utterance c698, best cost 107.977 + 2267.75 = 2375.73 over 477 frames.
c698 <oov> سے شفاف <oov> <oov> لینے لگا 
LOG (lattice-best-path[5.5.383~1-bd1d]:main():lattice-best-path.cc:99) For utterance c699, best cost 97.7042 + 3217.32 = 3315.02 over 669 frames.
c699 <oov> میں <oov> کے <oov> 
LOG (lattice-scale[5.5.383~1-bd1d]:main():lattice-scale.cc:107) Done 71 lattices.
LOG (lattice-best-path[5.5.383~1-bd1d]:main():lattice-best-path.cc:99) For utterance c700, best cost 81.3876 + 3176.32 = 3257.71 over 621 frames.
c700 <oov> <oov> کی <oov> 
LOG (lattice-best-path[5.5.383~1-bd1d]:main():lattice-best-path.cc:99) For utterance c701, best cost 127.662 + 3453.77 = 3581.43 over 722 frames.
c701 <oov> <oov> کو غزل کی <oov> کر <oov> <oov> 
LOG (lattice-best-path[5.5.383~1-bd1d]:main():lattice-best-path.cc:99) For utterance c702, best cost 94.4266 + 2145.56 = 2239.99 over 467 frames.
c702 غیر فیصلہ <oov> میں <oov> <oov> 
LOG (lattice-add-penalty[5.5.383~1-bd1d]:main():lattice-add-penalty.cc:62) Done adding word insertion penalty to 71 lattices.
LOG (lattice-best-path[5.5.383~1-bd1d]:main():lattice-best-path.cc:99) For utterance c703, best cost 86.3472 + 2195.45 = 2281.8 over 478 frames.
c703 <oov> کے <oov> <oov> ہوتا ہے 
LOG (lattice-best-path[5.5.383~1-bd1d]:main():lattice-best-path.cc:99) For utterance c704, best cost 93.4915 + 2637.24 = 2730.73 over 564 frames.
c704 <oov> <oov> <oov> کے <oov> ہے 
LOG (lattice-best-path[5.5.383~1-bd1d]:main():lattice-best-path.cc:99) For utterance c705, best cost 124.265 + 2543.56 = 2667.83 over 535 frames.
c705 <oov> <oov> <oov> پر لاگت <oov> سے بڑھ گئی 
LOG (lattice-best-path[5.5.383~1-bd1d]:main():lattice-best-path.cc:99) For utterance c706, best cost 102.657 + 2451.53 = 2554.19 over 492 frames.
c706 <oov> <oov> کے آنکھیں <oov> تو <oov> 
LOG (lattice-best-path[5.5.383~1-bd1d]:main():lattice-best-path.cc:99) For utterance c707, best cost 74.7823 + 1754.82 = 1829.6 over 355 frames.
c707 <oov> کو <oov> پڑے 
LOG (lattice-best-path[5.5.383~1-bd1d]:main():lattice-best-path.cc:99) For utterance c708, best cost 119.647 + 2594.51 = 2714.16 over 527 frames.
c708 جنگ <oov> سے پہلے <oov> <oov> اور <oov> 
LOG (lattice-best-path[5.5.383~1-bd1d]:main():lattice-best-path.cc:124) Overall cost per frame is 5.10855 = 0.197169 [graph] + 4.91138 [acoustic] over 37498 frames.
LOG (lattice-best-path[5.5.383~1-bd1d]:main():lattice-best-path.cc:128) Done 71 lattices, failed for 0
# Accounting: time=1 threads=1
# Ended (code 0) at Tue Jun 18 17:10:50 IST 2019, elapsed time 1 seconds
