# lattice-scale --inv-acoustic-scale=10 "ark:gunzip -c exp/mono/decode/lat.*.gz|" ark:- | lattice-add-penalty --word-ins-penalty=1.0 ark:- ark:- | lattice-best-path --word-symbol-table=exp/mono/graph/words.txt ark:- ark,t:- | utils/int2sym.pl -f 2- exp/mono/graph/words.txt | cat > exp/mono/decode/scoring_kaldi/penalty_1.0/10.txt 
# Started at Tue Jun 18 17:07:27 IST 2019
#
lattice-scale --inv-acoustic-scale=10 'ark:gunzip -c exp/mono/decode/lat.*.gz|' ark:- 
lattice-add-penalty --word-ins-penalty=1.0 ark:- ark:- 
lattice-best-path --word-symbol-table=exp/mono/graph/words.txt ark:- ark,t:- 
LOG (lattice-best-path[5.5.383~1-bd1d]:main():lattice-best-path.cc:99) For utterance c638, best cost 206.816 + 6318.41 = 6525.22 over 693 frames.
c638 <oov> کی شر آئین میں کوئی صورت <oov> کو کھڑکی کے خلاف سجے چلیں 
LOG (lattice-best-path[5.5.383~1-bd1d]:main():lattice-best-path.cc:99) For utterance c639, best cost 223.794 + 5723.44 = 5947.23 over 630 frames.
c639 کیف کے دفتر کے دکھ درد سے تجویز کر سکینہ عبور کی دور تک سنا سبب ہو سکی 
LOG (lattice-best-path[5.5.383~1-bd1d]:main():lattice-best-path.cc:99) For utterance c640, best cost 269.6 + 6419.67 = 6689.27 over 710 frames.
c640 شام کے نیا پر بیٹھ گیا روٹی سفیر نے تیسری کونسل کے شکوہ لا کا چوری کوچ لگایا 
LOG (lattice-best-path[5.5.383~1-bd1d]:main():lattice-best-path.cc:99) For utterance c641, best cost 120.419 + 4080.79 = 4201.21 over 436 frames.
c641 کو ہلو <oov> کی آتش بازی اطلاع کرنسی گی 
LOG (lattice-best-path[5.5.383~1-bd1d]:main():lattice-best-path.cc:99) For utterance c642, best cost 155.283 + 4896.59 = 5051.87 over 533 frames.
c642 عرفان <oov> میں <oov> سیکھی ادا سے مخوص کی <oov> تھی 
LOG (lattice-best-path[5.5.383~1-bd1d]:main():lattice-best-path.cc:99) For utterance c643, best cost 243.695 + 5631.95 = 5875.65 over 622 frames.
c643 تحفہ اُسے <oov> پڑھے خوف افواج اسے نہ آئیں اور بولی راگ سے زائد دیہی ڈالیں 
LOG (lattice-best-path[5.5.383~1-bd1d]:main():lattice-best-path.cc:99) For utterance c644, best cost 225.462 + 6228.3 = 6453.76 over 685 frames.
c644 کھیل نیت اچھے میں <oov> اور زیب راہ بچی کیسی پارس <oov> دبا پر ہے 
LOG (lattice-best-path[5.5.383~1-bd1d]:main():lattice-best-path.cc:99) For utterance c645, best cost 206.125 + 5338.79 = 5544.91 over 584 frames.
c645 <oov> کیس میں گزر کے ثائب زور سخت خور کرنے کی فحاشی نکلیں گیں 
LOG (lattice-best-path[5.5.383~1-bd1d]:main():lattice-best-path.cc:99) For utterance c646, best cost 172.368 + 4697.54 = 4869.91 over 504 frames.
c646 <oov> اور <oov> بننے کے بعد لاو بڑا میں دراوڑ ادا لے آئی 
LOG (lattice-best-path[5.5.383~1-bd1d]:main():lattice-best-path.cc:99) For utterance c647, best cost 131.878 + 3252.87 = 3384.75 over 356 frames.
c647 بچنے گرج اراضی <oov> جوڑ کر دو اور پر آئے 
LOG (lattice-best-path[5.5.383~1-bd1d]:main():lattice-best-path.cc:99) For utterance c648, best cost 148.864 + 3732.95 = 3881.81 over 415 frames.
c648 میلے میں طوطی اچانک <oov> تنہا خط چپکے کروا تھا 
LOG (lattice-best-path[5.5.383~1-bd1d]:main():lattice-best-path.cc:99) For utterance c649, best cost 186.48 + 5134.55 = 5321.03 over 580 frames.
c649 حقوق کو تندرست کر کے بیٹھ نے کے بعد عوام کا نے <oov> لگائی 
LOG (lattice-best-path[5.5.383~1-bd1d]:main():lattice-best-path.cc:99) For utterance c650, best cost 177.946 + 5232.81 = 5410.76 over 580 frames.
c650 <oov> کثیر عطا سال نیت انکے نفری اہلیہ کرائی <oov> ہے 
LOG (lattice-best-path[5.5.383~1-bd1d]:main():lattice-best-path.cc:99) For utterance c651, best cost 159.662 + 4322.84 = 4482.5 over 470 frames.
c651 کومل کو بھرنی میچ کی کوٹلی <oov> سے پہلے <oov> کی تھی 
LOG (lattice-best-path[5.5.383~1-bd1d]:main():lattice-best-path.cc:99) For utterance c652, best cost 185.378 + 7014.98 = 7200.36 over 761 frames.
c652 <oov> کیجئیے لے تھام <oov> اور <oov> ائیرپورٹ کے سطور تک آ پہنچی 
LOG (lattice-best-path[5.5.383~1-bd1d]:main():lattice-best-path.cc:99) For utterance c653, best cost 219.934 + 5942.3 = 6162.24 over 660 frames.
c653 لوئر برانڈس <oov> کا سیدن اہلکار زیرِ کے ہی <oov> دہانی تک روز وہ 
LOG (lattice-best-path[5.5.383~1-bd1d]:main():lattice-best-path.cc:99) For utterance c654, best cost 214.187 + 4954.66 = 5168.84 over 542 frames.
c654 ڈی اور بیش ہاؤس اسکے شجر ہارن سے کی دوستی میں ادا میں خود ہیں 
LOG (lattice-best-path[5.5.383~1-bd1d]:main():lattice-best-path.cc:99) For utterance c655, best cost 129.534 + 4555.3 = 4684.83 over 516 frames.
c655 نامور شکیل چھائی کو <oov> بجھانے کاشت ہے 
LOG (lattice-best-path[5.5.383~1-bd1d]:main():lattice-best-path.cc:99) For utterance c656, best cost 201.364 + 5772.43 = 5973.79 over 643 frames.
c656 بیل سے سبھی اروا گنکا <oov> بچائیں اور <oov> مچا ہارن <oov> کریں 
LOG (lattice-best-path[5.5.383~1-bd1d]:main():lattice-best-path.cc:99) For utterance c657, best cost 142.403 + 4309.29 = 4451.69 over 491 frames.
c657 ہارون افگن <oov> کے کیفرِکردار کی حد سے مفید نہیں 
LOG (lattice-best-path[5.5.383~1-bd1d]:main():lattice-best-path.cc:99) For utterance c658, best cost 98.7231 + 4071.92 = 4170.64 over 449 frames.
c658 <oov> کرنے والی <oov> کی <oov> گزار ہیں 
LOG (lattice-best-path[5.5.383~1-bd1d]:main():lattice-best-path.cc:99) For utterance c659, best cost 213.953 + 5508.06 = 5722.01 over 617 frames.
c659 نیکی کو کر بچائیں اور کو <oov> کا تصور اور <oov> کے بعد <oov> یا پھر سو ہیں 
LOG (lattice-best-path[5.5.383~1-bd1d]:main():lattice-best-path.cc:99) For utterance c660, best cost 108.431 + 2852.26 = 2960.69 over 313 frames.
c660 <oov> کے وقار اضلاع میں نہیں ہو سکا 
LOG (lattice-best-path[5.5.383~1-bd1d]:main():lattice-best-path.cc:99) For utterance c661, best cost 144.738 + 3656.12 = 3800.86 over 413 frames.
c661 قذافی لینے کے لئے بے <oov> پر عمل کردار ہر ادب آئے 
LOG (lattice-best-path[5.5.383~1-bd1d]:main():lattice-best-path.cc:99) For utterance c662, best cost 132.791 + 3563.05 = 3695.85 over 376 frames.
c662 <oov> <oov> کو اکیلا نہیں چلے <oov> سیاحوں کی تشریح دی گئیں 
LOG (lattice-best-path[5.5.383~1-bd1d]:main():lattice-best-path.cc:99) For utterance c663, best cost 225.931 + 5507.07 = 5733 over 603 frames.
c663 کی رونے جہاں چمک اب انگور <oov> سال کی تو دینے کی طرح اِس <oov> ہوئی 
LOG (lattice-best-path[5.5.383~1-bd1d]:main():lattice-best-path.cc:99) For utterance c664, best cost 211.119 + 5406.04 = 5617.16 over 575 frames.
c664 فلاح سی یار اعتبار اعظم میں کائنات <oov> کرو <oov> کروٹ کھڑی ہو گئے 
LOG (lattice-best-path[5.5.383~1-bd1d]:main():lattice-best-path.cc:99) For utterance c665, best cost 152.908 + 3832.46 = 3985.37 over 435 frames.
c665 فیض نے سال راوی سے سگریٹ چینی حاجب خیر پور 
LOG (lattice-best-path[5.5.383~1-bd1d]:main():lattice-best-path.cc:99) For utterance c666, best cost 166.159 + 4006.55 = 4172.71 over 438 frames.
c666 <oov> سے ہوئے <oov> پر آقا کتاب سارا خیر صبور لئے 
LOG (lattice-best-path[5.5.383~1-bd1d]:main():lattice-best-path.cc:99) For utterance c667, best cost 105.253 + 3809.55 = 3914.8 over 395 frames.
c667 <oov> سے چٹرھ موسیقی کو مصنوعی 
LOG (lattice-best-path[5.5.383~1-bd1d]:main():lattice-best-path.cc:99) For utterance c668, best cost 219.659 + 5555.56 = 5775.22 over 613 frames.
c668 ثانی فوری کے <oov> <oov> نیوال اجمل نکات اصلاح بیان اہلیت سے جعلی قلعہ 
LOG (lattice-best-path[5.5.383~1-bd1d]:main():lattice-best-path.cc:99) For utterance c669, best cost 134.413 + 4195.53 = 4329.94 over 458 frames.
c669 <oov> خزانے نوفل <oov> کیلئے رضا <oov> نہیں کِیا 
LOG (lattice-best-path[5.5.383~1-bd1d]:main():lattice-best-path.cc:99) For utterance c670, best cost 146.504 + 3584.25 = 3730.75 over 383 frames.
c670 روز ایک آخری شرح ایک اثر <oov> توڑوں قاتلوں 
LOG (lattice-best-path[5.5.383~1-bd1d]:main():lattice-best-path.cc:99) For utterance c671, best cost 258.393 + 5829.5 = 6087.89 over 624 frames.
c671 رشید سے پہلے ایسا سال کے بڑی آنے کا <oov> فرض بول کے صفورہ ہولی میں دور <oov> جاؤ 
LOG (lattice-best-path[5.5.383~1-bd1d]:main():lattice-best-path.cc:99) For utterance c672, best cost 187.308 + 5236.12 = 5423.42 over 589 frames.
c672 کمیٹی چوک سلامت فرقان وال سر پر اور سے درج یہ کام اکیلا ہے 
LOG (lattice-best-path[5.5.383~1-bd1d]:main():lattice-best-path.cc:99) For utterance c673, best cost 157.07 + 3640.14 = 3797.21 over 407 frames.
c673 لڑائی کے چاپ دن واقع ہوئی جوہی نسل کے بغیر <oov> ہے 
LOG (lattice-best-path[5.5.383~1-bd1d]:main():lattice-best-path.cc:99) For utterance c674, best cost 199.595 + 5373.46 = 5573.06 over 592 frames.
c674 مشورے پل <oov> میں بڑھتا پچ آگاہ کرم وہیں حسنِ کی کوشش کی 
LOG (lattice-best-path[5.5.383~1-bd1d]:main():lattice-best-path.cc:99) For utterance c675, best cost 142.656 + 3764.75 = 3907.4 over 403 frames.
c675 حاجی پروری کے روئیے پر سوچ کرتا فنکار <oov> ہے 
LOG (lattice-best-path[5.5.383~1-bd1d]:main():lattice-best-path.cc:99) For utterance c676, best cost 175.242 + 4435.28 = 4610.52 over 480 frames.
c676 اپنی رہائش کسی کا نتیجہ کھوئے زوار نے انگور <oov> پر تھی 
LOG (lattice-best-path[5.5.383~1-bd1d]:main():lattice-best-path.cc:99) For utterance c677, best cost 226.323 + 5536.07 = 5762.4 over 605 frames.
c677 نثار نے <oov> کی کوئی مگر بعد ضرور صبوحی <oov> برداری کی ہیبت سے دہلی گیا 
LOG (lattice-best-path[5.5.383~1-bd1d]:main():lattice-best-path.cc:99) For utterance c678, best cost 288.613 + 6594.09 = 6882.71 over 737 frames.
c678 سند انیسہ کو علی فیڈرل زور والوں سے چھڑا نے کیلئے ہیرو جنت لاکھ سے مشقیں شر کریں 
LOG (lattice-best-path[5.5.383~1-bd1d]:main():lattice-best-path.cc:99) For utterance c679, best cost 141.797 + 3324.32 = 3466.12 over 365 frames.
c679 تھوڑی دور ڈی پر <oov> لگایا تو سحر تیزی سوچ لیں 
LOG (lattice-best-path[5.5.383~1-bd1d]:main():lattice-best-path.cc:99) For utterance c680, best cost 189.038 + 4400.86 = 4589.9 over 480 frames.
c680 چوری کے جوڑا پہن کے اوپر ترلائی اٹھارہ برس نے میں ہیرو آ جاتا ہے 
LOG (lattice-best-path[5.5.383~1-bd1d]:main():lattice-best-path.cc:99) For utterance c681, best cost 180.667 + 4636.39 = 4817.06 over 504 frames.
c681 کراچی شادی شوہر کی ڈھارس ہوئی تو لوگوں پر بچی ہار پر سوار 
LOG (lattice-best-path[5.5.383~1-bd1d]:main():lattice-best-path.cc:99) For utterance c682, best cost 208.669 + 4979.5 = 5188.17 over 554 frames.
c682 بھی اور <oov> پر ہی <oov> کرنا مچا کر دو اسکے جو ہار معلوم کی 
LOG (lattice-best-path[5.5.383~1-bd1d]:main():lattice-best-path.cc:99) For utterance c683, best cost 175.429 + 4817.61 = 4993.04 over 524 frames.
c683 <oov> سے موقع کی <oov> تک <oov> ہم نے میری کے سے نکھر گی 
LOG (lattice-best-path[5.5.383~1-bd1d]:main():lattice-best-path.cc:99) For utterance c684, best cost 138.622 + 3668.28 = 3806.9 over 392 frames.
c684 نور پور خانے <oov> کے کی اوٹ میں میلوں <oov> پتہ ہیں 
LOG (lattice-best-path[5.5.383~1-bd1d]:main():lattice-best-path.cc:99) For utterance c685, best cost 147.595 + 3510.79 = 3658.38 over 390 frames.
c685 جو فلاح دوستی بچے رخشی سے کہاں سلام دے دو 
LOG (lattice-best-path[5.5.383~1-bd1d]:main():lattice-best-path.cc:99) For utterance c686, best cost 183.295 + 4717.37 = 4900.67 over 516 frames.
c686 <oov> کے <oov> بھی اشعر سے بنیادی میں سے کشور شاہ پونچھ ہو 
LOG (lattice-best-path[5.5.383~1-bd1d]:main():lattice-best-path.cc:99) For utterance c687, best cost 244.103 + 5906.02 = 6150.12 over 644 frames.
c687 <oov> اسکے بات سلوک سکی کھولے کوٹھا بحران سے چیف مار کرتا بج مقتول کرائی 
LOG (lattice-best-path[5.5.383~1-bd1d]:main():lattice-best-path.cc:99) For utterance c688, best cost 283.332 + 6481.63 = 6764.96 over 713 frames.
c688 ہلکی ہلکی چادر بچہ کر سچے <oov> گزار اور دیتی کے بھی میں نہا <oov> کے پر آٹھ عدالتوں 
LOG (lattice-best-path[5.5.383~1-bd1d]:main():lattice-best-path.cc:99) For utterance c689, best cost 205.4 + 5064.4 = 5269.8 over 541 frames.
c689 گجرات بجے سکینہ کے اچانک دو بنائیں اور سو سفر <oov> چل کر چاہیں 
LOG (lattice-best-path[5.5.383~1-bd1d]:main():lattice-best-path.cc:99) For utterance c690, best cost 109.959 + 2939.45 = 3049.41 over 315 frames.
c690 <oov> پڑھائی کشور لکھو <oov> نہیں جاتا 
LOG (lattice-best-path[5.5.383~1-bd1d]:main():lattice-best-path.cc:99) For utterance c691, best cost 217.092 + 5251.05 = 5468.14 over 591 frames.
c691 کسی کی بھی جاری کیلئے اب نجی کروایا اور ہنسی عرصہ کر میں آنا میں توسیع 
LOG (lattice-best-path[5.5.383~1-bd1d]:main():lattice-best-path.cc:99) For utterance c692, best cost 182.744 + 4649.26 = 4832.01 over 523 frames.
c692 بتول نثار نے کہا کہ میں صبح سویرے کا گاڑی کے بھی آتے دلوں 
LOG (lattice-best-path[5.5.383~1-bd1d]:main():lattice-best-path.cc:99) For utterance c693, best cost 161.317 + 3961.84 = 4123.16 over 461 frames.
c693 میں نے ہفتے جسے کہا کہ وقار پر بھی نہ کرامت دو 
LOG (lattice-best-path[5.5.383~1-bd1d]:main():lattice-best-path.cc:99) For utterance c694, best cost 212.504 + 4820.18 = 5032.69 over 555 frames.
c694 کرن کا جوڑا شیشہ پایہ عرصہ کو جسے اور صحیح چاق و چوبند بنا ہے 
LOG (lattice-best-path[5.5.383~1-bd1d]:main():lattice-best-path.cc:99) For utterance c695, best cost 203.135 + 5139.55 = 5342.69 over 581 frames.
c695 کوئی کی جانے بچے جانے کو کرن اگر کی چوروں کو پانی میں ہو جائیں 
LOG (lattice-best-path[5.5.383~1-bd1d]:main():lattice-best-path.cc:99) For utterance c696, best cost 201.658 + 5390.31 = 5591.97 over 611 frames.
c696 <oov> فاصلے کیا میں زیب کو مصنوعی مصور روکے بنانے کے لئے فراہم کِیا جائے گا 
LOG (lattice-best-path[5.5.383~1-bd1d]:main():lattice-best-path.cc:99) For utterance c697, best cost 127.488 + 3715.66 = 3843.15 over 415 frames.
c697 کلور کوٹ سے ستمبر ڈیزائن کرنے کا کام ہو گا 
LOG (lattice-best-path[5.5.383~1-bd1d]:main():lattice-best-path.cc:99) For utterance c698, best cost 152.112 + 4253.66 = 4405.77 over 477 frames.
c698 بار اور ہنزہ <oov> سے شفاف باعث کا جائزہ لے نے لگا 
LOG (lattice-best-path[5.5.383~1-bd1d]:main():lattice-best-path.cc:99) For utterance c699, best cost 203.021 + 6015.11 = 6218.13 over 669 frames.
c699 آج کے فروغ روکا کی <oov> میں برائے کیا دینی بے حرمتی کا مقصد <oov> 
LOG (lattice-best-path[5.5.383~1-bd1d]:main():lattice-best-path.cc:99) For utterance c700, best cost 194.308 + 5717.57 = 5911.87 over 621 frames.
LOG (lattice-scale[5.5.383~1-bd1d]:main():lattice-scale.cc:107) Done 71 lattices.
c700 ہوش تروٹ کی تقریر میں کہا فوری کی <oov> کر حسو سر ہو 
LOG (lattice-best-path[5.5.383~1-bd1d]:main():lattice-best-path.cc:99) For utterance c701, best cost 244.722 + 6380.33 = 6625.05 over 722 frames.
c701 مضمون بنوانے دونوں کو بذل کی تم اپنا کی سے کے علاوہ کر موضوع <oov> کو سمجھایا 
LOG (lattice-best-path[5.5.383~1-bd1d]:main():lattice-best-path.cc:99) For utterance c702, best cost 161.441 + 4100.55 = 4261.99 over 467 frames.
c702 غفار <oov> توبہ کی اوٹ میں کرے کو شاہانہ دیر بخش <oov> 
LOG (lattice-best-path[5.5.383~1-bd1d]:main():lattice-best-path.cc:99) For utterance c703, best cost 158.029 + 4177.68 = 4335.7 over 478 frames.
c703 غیرت رائے سے تاریخی چین کے کپڑوں کاروبار ظاہر ہوتا ہے 
LOG (lattice-add-penalty[5.5.383~1-bd1d]:main():lattice-add-penalty.cc:62) Done adding word insertion penalty to 71 lattices.
LOG (lattice-best-path[5.5.383~1-bd1d]:main():lattice-best-path.cc:99) For utterance c704, best cost 193.741 + 5007.77 = 5201.51 over 564 frames.
c704 چوتھائی <oov> سیشن متنازعہ <oov> کنزہ باقی پھیلاؤ کا کراس اس ہے 
LOG (lattice-best-path[5.5.383~1-bd1d]:main():lattice-best-path.cc:99) For utterance c705, best cost 149.152 + 4812.41 = 4961.56 over 535 frames.
c705 <oov> <oov> ایجاد پر لاگت آٹھ تین سو سے بڑھ گئی 
LOG (lattice-best-path[5.5.383~1-bd1d]:main():lattice-best-path.cc:99) For utterance c706, best cost 144.121 + 4487.47 = 4631.59 over 492 frames.
c706 گجر خان کی غزر کے آنکھیں <oov> تو مت <oov> 
LOG (lattice-best-path[5.5.383~1-bd1d]:main():lattice-best-path.cc:99) For utterance c707, best cost 131.923 + 3227.07 = 3358.99 over 355 frames.
c707 ماضی کو بلا حتم آگے بڑھتی نہیں انہوں نے اَن پڑھ ہے 
LOG (lattice-best-path[5.5.383~1-bd1d]:main():lattice-best-path.cc:99) For utterance c708, best cost 212.539 + 4781.9 = 4994.44 over 527 frames.
c708 جنگ چلنے سے پہلے بروئے نے مجھے کچھ <oov> سی بات بھی کا اور مشق سمجھتا ہے 
LOG (lattice-best-path[5.5.383~1-bd1d]:main():lattice-best-path.cc:124) Overall cost per frame is 9.40664 = 0.343376 [graph] + 9.06326 [acoustic] over 37498 frames.
LOG (lattice-best-path[5.5.383~1-bd1d]:main():lattice-best-path.cc:128) Done 71 lattices, failed for 0
# Accounting: time=0 threads=1
# Ended (code 0) at Tue Jun 18 17:07:27 IST 2019, elapsed time 0 seconds
