# lattice-scale --inv-acoustic-scale=11 "ark:gunzip -c exp/mono/decode/lat.*.gz|" ark:- | lattice-add-penalty --word-ins-penalty=1.0 ark:- ark:- | lattice-best-path --word-symbol-table=exp/mono/graph/words.txt ark:- ark,t:- | utils/int2sym.pl -f 2- exp/mono/graph/words.txt | cat > exp/mono/decode/scoring_kaldi/penalty_1.0/11.txt 
# Started at Tue Jun 18 17:07:27 IST 2019
#
lattice-best-path --word-symbol-table=exp/mono/graph/words.txt ark:- ark,t:- 
lattice-add-penalty --word-ins-penalty=1.0 ark:- ark:- 
lattice-scale --inv-acoustic-scale=11 'ark:gunzip -c exp/mono/decode/lat.*.gz|' ark:- 
LOG (lattice-best-path[5.5.383~1-bd1d]:main():lattice-best-path.cc:99) For utterance c638, best cost 181.172 + 5767.86 = 5949.03 over 693 frames.
c638 <oov> کی شرح میں کوئی صورت <oov> کو کھڑکی کے خلاف سجے چلیں 
LOG (lattice-best-path[5.5.383~1-bd1d]:main():lattice-best-path.cc:99) For utterance c639, best cost 194.19 + 5230.54 = 5424.73 over 630 frames.
c639 کیف کے دفتر کے دکھ درد سے تجویز کر سکینہ عبور کی <oov> سکیں 
LOG (lattice-best-path[5.5.383~1-bd1d]:main():lattice-best-path.cc:99) For utterance c640, best cost 269.6 + 5836.07 = 6105.67 over 710 frames.
c640 شام کے نیا پر بیٹھ گیا روٹی سفیر نے تیسری کونسل کے شکوہ لا کا چوری کوچ لگایا 
LOG (lattice-best-path[5.5.383~1-bd1d]:main():lattice-best-path.cc:99) For utterance c641, best cost 120.419 + 3709.81 = 3830.23 over 436 frames.
c641 کو ہلو <oov> کی آتش بازی اطلاع کرنسی گی 
LOG (lattice-best-path[5.5.383~1-bd1d]:main():lattice-best-path.cc:99) For utterance c642, best cost 144.97 + 4461.54 = 4606.51 over 533 frames.
c642 عرفان <oov> <oov> سیکھی ادا سے مخوص کی <oov> تھی 
LOG (lattice-best-path[5.5.383~1-bd1d]:main():lattice-best-path.cc:99) For utterance c643, best cost 215.33 + 5145.89 = 5361.22 over 622 frames.
c643 تحفہ اُسے <oov> میں خوف افواج اسے نہ آئیں اور <oov> سے زائد دیہی ڈالیں 
LOG (lattice-best-path[5.5.383~1-bd1d]:main():lattice-best-path.cc:99) For utterance c644, best cost 225.462 + 5662.09 = 5887.56 over 685 frames.
c644 کھیل نیت اچھے میں <oov> اور زیب راہ بچی کیسی پارس <oov> دبا پر ہے 
LOG (lattice-best-path[5.5.383~1-bd1d]:main():lattice-best-path.cc:99) For utterance c645, best cost 181.933 + 4876.41 = 5058.34 over 584 frames.
c645 <oov> کیس میں گزر کے صاحب زور <oov> کرنے کی فحاشی نکلیں گیں 
LOG (lattice-best-path[5.5.383~1-bd1d]:main():lattice-best-path.cc:99) For utterance c646, best cost 172.368 + 4270.49 = 4442.86 over 504 frames.
c646 <oov> اور <oov> بننے کے بعد لاو بڑا میں دراوڑ ادا لے آئی 
LOG (lattice-best-path[5.5.383~1-bd1d]:main():lattice-best-path.cc:99) For utterance c647, best cost 131.878 + 2957.15 = 3089.03 over 356 frames.
c647 بچنے گرج اراضی <oov> جوڑ کر دو اور پر آئے 
LOG (lattice-best-path[5.5.383~1-bd1d]:main():lattice-best-path.cc:99) For utterance c648, best cost 148.864 + 3393.59 = 3542.45 over 415 frames.
c648 میلے میں طوطی اچانک <oov> تنہا خط چپکے کروا تھا 
LOG (lattice-best-path[5.5.383~1-bd1d]:main():lattice-best-path.cc:99) For utterance c649, best cost 186.48 + 4667.77 = 4854.25 over 580 frames.
c649 حقوق کو تندرست کر کے بیٹھ نے کے بعد عوام کا نے <oov> لگائی 
LOG (lattice-best-path[5.5.383~1-bd1d]:main():lattice-best-path.cc:99) For utterance c650, best cost 149.721 + 4784.19 = 4933.91 over 580 frames.
c650 <oov> کثیر تسلی انکے نفری اہلیہ کرائی <oov> ہے 
LOG (lattice-best-path[5.5.383~1-bd1d]:main():lattice-best-path.cc:99) For utterance c651, best cost 159.662 + 3929.85 = 4089.51 over 470 frames.
c651 کومل کو بھرنی میچ کی کوٹلی <oov> سے پہلے <oov> کی تھی 
LOG (lattice-best-path[5.5.383~1-bd1d]:main():lattice-best-path.cc:99) For utterance c652, best cost 172.307 + 6390.13 = 6562.44 over 761 frames.
c652 <oov> کیجئیے تھام <oov> اور <oov> ائیرپورٹ کے سطور تک آ پہنچی 
LOG (lattice-best-path[5.5.383~1-bd1d]:main():lattice-best-path.cc:99) For utterance c653, best cost 219.934 + 5402.09 = 5622.03 over 660 frames.
c653 لوئر برانڈس <oov> کا سیدن اہلکار زیرِ کے ہی <oov> دہانی تک روز وہ 
LOG (lattice-best-path[5.5.383~1-bd1d]:main():lattice-best-path.cc:99) For utterance c654, best cost 188.317 + 4529.88 = 4718.19 over 542 frames.
c654 <oov> بیش ہاؤس اسکے شجر ہارن سے کی دوستی میدان میں خود ہیں 
LOG (lattice-best-path[5.5.383~1-bd1d]:main():lattice-best-path.cc:99) For utterance c655, best cost 129.534 + 4141.18 = 4270.71 over 516 frames.
c655 نامور شکیل چھائی کو <oov> بجھانے کاشت ہے 
LOG (lattice-best-path[5.5.383~1-bd1d]:main():lattice-best-path.cc:99) For utterance c656, best cost 192.645 + 5255.84 = 5448.48 over 643 frames.
c656 بیل سے سبھی اروا گنکا <oov> بچائیں اور <oov> میچ ہار <oov> کریں 
LOG (lattice-best-path[5.5.383~1-bd1d]:main():lattice-best-path.cc:99) For utterance c657, best cost 142.403 + 3917.53 = 4059.93 over 491 frames.
c657 ہارون افگن <oov> کے کیفرِکردار کی حد سے مفید نہیں 
LOG (lattice-best-path[5.5.383~1-bd1d]:main():lattice-best-path.cc:99) For utterance c658, best cost 98.7231 + 3701.74 = 3800.47 over 449 frames.
c658 <oov> کرنے والی <oov> کی <oov> گزار ہیں 
LOG (lattice-best-path[5.5.383~1-bd1d]:main():lattice-best-path.cc:99) For utterance c659, best cost 213.953 + 5007.33 = 5221.28 over 617 frames.
c659 نیکی کو کر بچائیں اور کو <oov> کا تصور اور <oov> کے بعد <oov> یا پھر سو ہیں 
LOG (lattice-best-path[5.5.383~1-bd1d]:main():lattice-best-path.cc:99) For utterance c660, best cost 108.431 + 2592.96 = 2701.39 over 313 frames.
c660 <oov> کے وقار اضلاع میں نہیں ہو سکا 
LOG (lattice-best-path[5.5.383~1-bd1d]:main():lattice-best-path.cc:99) For utterance c661, best cost 144.738 + 3323.75 = 3468.49 over 413 frames.
c661 قذافی لینے کے لئے بے <oov> پر عمل کردار ہر ادب آئے 
LOG (lattice-best-path[5.5.383~1-bd1d]:main():lattice-best-path.cc:99) For utterance c662, best cost 126.646 + 3245.12 = 3371.76 over 376 frames.
c662 <oov> <oov> کو اکیلا نہیں چلے سیاحوں کی تشریح دی گئیں 
LOG (lattice-best-path[5.5.383~1-bd1d]:main():lattice-best-path.cc:99) For utterance c663, best cost 225.931 + 5006.43 = 5232.36 over 603 frames.
c663 کی رونے جہاں چمک اب انگور <oov> سال کی تو دینے کی طرح اِس <oov> ہوئی 
LOG (lattice-best-path[5.5.383~1-bd1d]:main():lattice-best-path.cc:99) For utterance c664, best cost 185 + 4940.69 = 5125.69 over 575 frames.
c664 فلاح سیالکوٹ پرہز میں کائنات <oov> کرو <oov> کروٹ کھڑی ہو گئے 
LOG (lattice-best-path[5.5.383~1-bd1d]:main():lattice-best-path.cc:99) For utterance c665, best cost 152.908 + 3484.06 = 3636.96 over 435 frames.
c665 فیض نے سال راوی سے سگریٹ چینی حاجب خیر پور 
LOG (lattice-best-path[5.5.383~1-bd1d]:main():lattice-best-path.cc:99) For utterance c666, best cost 166.159 + 3642.32 = 3808.47 over 438 frames.
c666 <oov> سے ہوئے <oov> پر آقا کتاب سارا خیر صبور لئے 
LOG (lattice-best-path[5.5.383~1-bd1d]:main():lattice-best-path.cc:99) For utterance c667, best cost 105.253 + 3463.23 = 3568.48 over 395 frames.
c667 <oov> سے چٹرھ موسیقی کو مصنوعی 
LOG (lattice-best-path[5.5.383~1-bd1d]:main():lattice-best-path.cc:99) For utterance c668, best cost 209.28 + 5060.84 = 5270.12 over 613 frames.
c668 ثانی فوری کے <oov> <oov> نیوال اجمل کا فیصلہ بیان اہلیت سے جعلی قلعہ 
LOG (lattice-best-path[5.5.383~1-bd1d]:main():lattice-best-path.cc:99) For utterance c669, best cost 118.722 + 3828.86 = 3947.58 over 458 frames.
c669 <oov> خزانے <oov> کیلئے رضا <oov> نہیں کِیا 
LOG (lattice-best-path[5.5.383~1-bd1d]:main():lattice-best-path.cc:99) For utterance c670, best cost 146.504 + 3258.41 = 3404.91 over 383 frames.
c670 روز ایک آخری شرح ایک اثر <oov> توڑوں قاتلوں 
LOG (lattice-best-path[5.5.383~1-bd1d]:main():lattice-best-path.cc:99) For utterance c671, best cost 258.393 + 5299.55 = 5557.94 over 624 frames.
c671 رشید سے پہلے ایسا سال کے بڑی آنے کا <oov> فرض بول کے صفورہ ہولی میں دور <oov> جاؤ 
LOG (lattice-best-path[5.5.383~1-bd1d]:main():lattice-best-path.cc:99) For utterance c672, best cost 187.308 + 4760.11 = 4947.41 over 589 frames.
c672 کمیٹی چوک سلامت فرقان وال سر پر اور سے درج یہ کام اکیلا ہے 
LOG (lattice-best-path[5.5.383~1-bd1d]:main():lattice-best-path.cc:99) For utterance c673, best cost 157.07 + 3309.21 = 3466.28 over 407 frames.
c673 لڑائی کے چاپ دن واقع ہوئی جوہی نسل کے بغیر <oov> ہے 
LOG (lattice-best-path[5.5.383~1-bd1d]:main():lattice-best-path.cc:99) For utterance c674, best cost 199.595 + 4884.96 = 5084.56 over 592 frames.
c674 مشورے پل <oov> میں بڑھتا پچ آگاہ کرم وہیں حسنِ کی کوشش کی 
LOG (lattice-best-path[5.5.383~1-bd1d]:main():lattice-best-path.cc:99) For utterance c675, best cost 141.132 + 3423.94 = 3565.07 over 403 frames.
c675 حاجب پروری کے روئیے پر سوچ کرتا فنکار <oov> ہے 
LOG (lattice-best-path[5.5.383~1-bd1d]:main():lattice-best-path.cc:99) For utterance c676, best cost 175.242 + 4032.07 = 4207.31 over 480 frames.
c676 اپنی رہائش کسی کا نتیجہ کھوئے زوار نے انگور <oov> پر تھی 
LOG (lattice-best-path[5.5.383~1-bd1d]:main():lattice-best-path.cc:99) For utterance c677, best cost 215.655 + 5042.9 = 5258.56 over 605 frames.
c677 نثار نے <oov> کی کوئی مگر بعد ضرور صبوحی <oov> کی ہیبت سے دہلی گیا 
LOG (lattice-best-path[5.5.383~1-bd1d]:main():lattice-best-path.cc:99) For utterance c678, best cost 280.598 + 6001.93 = 6282.53 over 737 frames.
c678 سند انیسہ کو علی فرائض اور والوں سے چھڑا نے کیلئے ہیرو جنت لاکھ سے مشقیں شر کریں 
LOG (lattice-best-path[5.5.383~1-bd1d]:main():lattice-best-path.cc:99) For utterance c679, best cost 130.456 + 3032.53 = 3162.99 over 365 frames.
c679 تھوڑی دور ڈی پر <oov> لگایا سحر تیزی سوچ لیں 
LOG (lattice-best-path[5.5.383~1-bd1d]:main():lattice-best-path.cc:99) For utterance c680, best cost 189.038 + 4000.78 = 4189.82 over 480 frames.
c680 چوری کے جوڑا پہن کے اوپر ترلائی اٹھارہ برس نے میں ہیرو آ جاتا ہے 
LOG (lattice-best-path[5.5.383~1-bd1d]:main():lattice-best-path.cc:99) For utterance c681, best cost 180.667 + 4214.9 = 4395.57 over 504 frames.
c681 کراچی شادی شوہر کی ڈھارس ہوئی تو لوگوں پر بچی ہار پر سوار 
LOG (lattice-best-path[5.5.383~1-bd1d]:main():lattice-best-path.cc:99) For utterance c682, best cost 194.496 + 4539.95 = 4734.44 over 554 frames.
c682 بھی اور <oov> پر ہی <oov> کرنا مچا کر دو اسکے <oov> معلوم کی 
LOG (lattice-best-path[5.5.383~1-bd1d]:main():lattice-best-path.cc:99) For utterance c683, best cost 175.429 + 4379.65 = 4555.08 over 524 frames.
c683 <oov> سے موقع کی <oov> تک <oov> ہم نے میری کے سے نکھر گی 
LOG (lattice-best-path[5.5.383~1-bd1d]:main():lattice-best-path.cc:99) For utterance c684, best cost 138.622 + 3334.8 = 3473.42 over 392 frames.
c684 نور پور خانے <oov> کے کی اوٹ میں میلوں <oov> پتہ ہیں 
LOG (lattice-best-path[5.5.383~1-bd1d]:main():lattice-best-path.cc:99) For utterance c685, best cost 147.595 + 3191.62 = 3339.22 over 390 frames.
c685 جو فلاح دوستی بچے رخشی سے کہاں سلام دے دو 
LOG (lattice-best-path[5.5.383~1-bd1d]:main():lattice-best-path.cc:99) For utterance c686, best cost 174.927 + 4296.23 = 4471.15 over 516 frames.
c686 <oov> کے <oov> بھی اشعر سے بنیادی مسجد کشور شاہ پونچھ ہو 
LOG (lattice-best-path[5.5.383~1-bd1d]:main():lattice-best-path.cc:99) For utterance c687, best cost 244.103 + 5369.11 = 5613.21 over 644 frames.
c687 <oov> اسکے بات سلوک سکی کھولے کوٹھا بحران سے چیف مار کرتا بج مقتول کرائی 
LOG (lattice-best-path[5.5.383~1-bd1d]:main():lattice-best-path.cc:99) For utterance c688, best cost 283.332 + 5892.39 = 6175.72 over 713 frames.
c688 ہلکی ہلکی چادر بچہ کر سچے <oov> گزار اور دیتی کے بھی میں نہا <oov> کے پر آٹھ عدالتوں 
LOG (lattice-best-path[5.5.383~1-bd1d]:main():lattice-best-path.cc:99) For utterance c689, best cost 180.951 + 4627.38 = 4808.33 over 541 frames.
c689 گجرات بجے سکینہ کے اچانک دو بنائیں اور <oov> چل کر چاہیں 
LOG (lattice-best-path[5.5.383~1-bd1d]:main():lattice-best-path.cc:99) For utterance c690, best cost 94.8636 + 2687.05 = 2781.91 over 315 frames.
c690 <oov> پڑھائی کشور <oov> نہیں جاتا 
LOG (lattice-best-path[5.5.383~1-bd1d]:main():lattice-best-path.cc:99) For utterance c691, best cost 217.092 + 4773.68 = 4990.77 over 591 frames.
c691 کسی کی بھی جاری کیلئے اب نجی کروایا اور ہنسی عرصہ کر میں آنا میں توسیع 
LOG (lattice-best-path[5.5.383~1-bd1d]:main():lattice-best-path.cc:99) For utterance c692, best cost 182.744 + 4226.6 = 4409.35 over 523 frames.
c692 بتول نثار نے کہا کہ میں صبح سویرے کا گاڑی کے بھی آتے دلوں 
LOG (lattice-best-path[5.5.383~1-bd1d]:main():lattice-best-path.cc:99) For utterance c693, best cost 161.317 + 3601.67 = 3762.99 over 461 frames.
c693 میں نے ہفتے جسے کہا کہ وقار پر بھی نہ کرامت دو 
LOG (lattice-best-path[5.5.383~1-bd1d]:main():lattice-best-path.cc:99) For utterance c694, best cost 204.8 + 4389.52 = 4594.32 over 555 frames.
c694 کرن کا جوڑا شیشہ پایہ عرصہ کو جسے اور صحیح چاق و چوبند بنائیں 
LOG (lattice-best-path[5.5.383~1-bd1d]:main():lattice-best-path.cc:99) For utterance c695, best cost 173.011 + 4701.28 = 4874.29 over 581 frames.
c695 کوئی کی جانے <oov> جانے کو کرن <oov> کو پانی میں ہو جائیں 
LOG (lattice-best-path[5.5.383~1-bd1d]:main():lattice-best-path.cc:99) For utterance c696, best cost 201.658 + 4900.28 = 5101.94 over 611 frames.
c696 <oov> فاصلے کیا میں زیب کو مصنوعی مصور روکے بنانے کے لئے فراہم کِیا جائے گا 
LOG (lattice-best-path[5.5.383~1-bd1d]:main():lattice-best-path.cc:99) For utterance c697, best cost 127.488 + 3377.87 = 3505.36 over 415 frames.
c697 کلور کوٹ سے ستمبر ڈیزائن کرنے کا کام ہو گا 
LOG (lattice-best-path[5.5.383~1-bd1d]:main():lattice-best-path.cc:99) For utterance c698, best cost 152.112 + 3866.96 = 4019.07 over 477 frames.
c698 بار اور ہنزہ <oov> سے شفاف باعث کا جائزہ لے نے لگا 
LOG (lattice-best-path[5.5.383~1-bd1d]:main():lattice-best-path.cc:99) For utterance c699, best cost 203.021 + 5468.28 = 5671.3 over 669 frames.
c699 آج کے فروغ روکا کی <oov> میں برائے کیا دینی بے حرمتی کا مقصد <oov> 
LOG (lattice-best-path[5.5.383~1-bd1d]:main():lattice-best-path.cc:99) For utterance c700, best cost 179.828 + 5212.02 = 5391.85 over 621 frames.
LOG (lattice-scale[5.5.383~1-bd1d]:main():lattice-scale.cc:107) Done 71 lattices.
c700 ہوش تروٹ کی تقریر میں کہا فوری کی <oov> کرو خوبصورت ہو 
LOG (lattice-best-path[5.5.383~1-bd1d]:main():lattice-best-path.cc:99) For utterance c701, best cost 244.722 + 5800.3 = 6045.02 over 722 frames.
c701 مضمون بنوانے دونوں کو بذل کی تم اپنا کی سے کے علاوہ کر موضوع <oov> کو سمجھایا 
LOG (lattice-best-path[5.5.383~1-bd1d]:main():lattice-best-path.cc:99) For utterance c702, best cost 161.441 + 3727.77 = 3889.21 over 467 frames.
c702 غفار <oov> توبہ کی اوٹ میں کرے کو شاہانہ دیر بخش <oov> 
LOG (lattice-best-path[5.5.383~1-bd1d]:main():lattice-best-path.cc:99) For utterance c703, best cost 158.029 + 3797.89 = 3955.92 over 478 frames.
c703 غیرت رائے سے تاریخی چین کے کپڑوں کاروبار ظاہر ہوتا ہے 
LOG (lattice-add-penalty[5.5.383~1-bd1d]:main():lattice-add-penalty.cc:62) Done adding word insertion penalty to 71 lattices.
LOG (lattice-best-path[5.5.383~1-bd1d]:main():lattice-best-path.cc:99) For utterance c704, best cost 193.741 + 4552.51 = 4746.26 over 564 frames.
c704 چوتھائی <oov> سیشن متنازعہ <oov> کنزہ باقی پھیلاؤ کا کراس اس ہے 
LOG (lattice-best-path[5.5.383~1-bd1d]:main():lattice-best-path.cc:99) For utterance c705, best cost 149.152 + 4374.92 = 4524.07 over 535 frames.
c705 <oov> <oov> ایجاد پر لاگت آٹھ تین سو سے بڑھ گئی 
LOG (lattice-best-path[5.5.383~1-bd1d]:main():lattice-best-path.cc:99) For utterance c706, best cost 144.121 + 4079.52 = 4223.64 over 492 frames.
c706 گجر خان کی غزر کے آنکھیں <oov> تو مت <oov> 
LOG (lattice-best-path[5.5.383~1-bd1d]:main():lattice-best-path.cc:99) For utterance c707, best cost 129.216 + 2936.17 = 3065.39 over 355 frames.
c707 ماضی کو بلا حتم آگے بڑھتی نہیں <oov> پڑے 
LOG (lattice-best-path[5.5.383~1-bd1d]:main():lattice-best-path.cc:99) For utterance c708, best cost 212.539 + 4347.18 = 4559.72 over 527 frames.
c708 جنگ چلنے سے پہلے بروئے نے مجھے کچھ <oov> سی بات بھی کا اور مشق سمجھتا ہے 
LOG (lattice-best-path[5.5.383~1-bd1d]:main():lattice-best-path.cc:124) Overall cost per frame is 8.58222 = 0.332683 [graph] + 8.24954 [acoustic] over 37498 frames.
LOG (lattice-best-path[5.5.383~1-bd1d]:main():lattice-best-path.cc:128) Done 71 lattices, failed for 0
# Accounting: time=1 threads=1
# Ended (code 0) at Tue Jun 18 17:07:28 IST 2019, elapsed time 1 seconds
