# lattice-scale --inv-acoustic-scale=16 "ark:gunzip -c exp/mono/decode/lat.*.gz|" ark:- | lattice-add-penalty --word-ins-penalty=1.0 ark:- ark:- | lattice-best-path --word-symbol-table=exp/mono/graph/words.txt ark:- ark,t:- | utils/int2sym.pl -f 2- exp/mono/graph/words.txt | cat > exp/mono/decode/scoring_kaldi/penalty_1.0/16.txt 
# Started at Tue Jun 18 17:07:28 IST 2019
#
lattice-scale --inv-acoustic-scale=16 'ark:gunzip -c exp/mono/decode/lat.*.gz|' ark:- 
lattice-add-penalty --word-ins-penalty=1.0 ark:- ark:- 
lattice-best-path --word-symbol-table=exp/mono/graph/words.txt ark:- ark,t:- 
LOG (lattice-best-path[5.5.383~1-bd1d]:main():lattice-best-path.cc:99) For utterance c638, best cost 162.976 + 3980.46 = 4143.44 over 693 frames.
c638 <oov> کی شرح میں کوئی <oov> کو کی کے خلاف سجے چلیں 
LOG (lattice-best-path[5.5.383~1-bd1d]:main():lattice-best-path.cc:99) For utterance c639, best cost 156.498 + 3629.78 = 3786.28 over 630 frames.
c639 غیرت کے دفتر کے دکھ درد سے ترجیحی سکینہ بھوک <oov> 
LOG (lattice-best-path[5.5.383~1-bd1d]:main():lattice-best-path.cc:99) For utterance c640, best cost 256.477 + 4023.56 = 4280.04 over 710 frames.
c640 شام کے نیا پر بیٹھ گیارہ سفیر نے تیسری کونسل کے شکوہ لا کا چوری کو لگایا 
LOG (lattice-best-path[5.5.383~1-bd1d]:main():lattice-best-path.cc:99) For utterance c641, best cost 120.419 + 2550.49 = 2670.91 over 436 frames.
c641 کو ہلو <oov> کی آتش بازی اطلاع کرنسی گی 
LOG (lattice-best-path[5.5.383~1-bd1d]:main():lattice-best-path.cc:99) For utterance c642, best cost 123.915 + 3082.18 = 3206.09 over 533 frames.
c642 عرفان <oov> سیکھی <oov> مخوص کی <oov> تھی 
LOG (lattice-best-path[5.5.383~1-bd1d]:main():lattice-best-path.cc:99) For utterance c643, best cost 179.741 + 3567.86 = 3747.61 over 622 frames.
c643 تحفہ حسن <oov> خوف افواج ایسے نہیں اور <oov> سے زائد دیہی ڈالیں 
LOG (lattice-best-path[5.5.383~1-bd1d]:main():lattice-best-path.cc:99) For utterance c644, best cost 205.301 + 3909.74 = 4115.04 over 685 frames.
c644 کھیل نیت اچھے <oov> اور زیور لا بچی کیسی پاس <oov> دبا پر ہے 
LOG (lattice-best-path[5.5.383~1-bd1d]:main():lattice-best-path.cc:99) For utterance c645, best cost 165.731 + 3366.22 = 3531.95 over 584 frames.
c645 <oov> کیس میں <oov> صاحب زور <oov> کرنے کی فحاشی نکلیں گیں 
LOG (lattice-best-path[5.5.383~1-bd1d]:main():lattice-best-path.cc:99) For utterance c646, best cost 152.194 + 2951.24 = 3103.44 over 504 frames.
c646 <oov> بننے کے بعد لاو بڑا میں تارا <oov> لے آئی 
LOG (lattice-best-path[5.5.383~1-bd1d]:main():lattice-best-path.cc:99) For utterance c647, best cost 96.3252 + 2061.76 = 2158.09 over 356 frames.
c647 بچنے <oov> جوڑ کرداروں پر آئے 
LOG (lattice-best-path[5.5.383~1-bd1d]:main():lattice-best-path.cc:99) For utterance c648, best cost 143.326 + 2338.47 = 2481.8 over 415 frames.
c648 میلے میں طوطی اچانک تنہا خط چپکے کروا تھا 
LOG (lattice-best-path[5.5.383~1-bd1d]:main():lattice-best-path.cc:99) For utterance c649, best cost 142.178 + 3248.37 = 3390.55 over 580 frames.
c649 ہم کو روکے کر کے بیٹھے کے بعد عوام کا نکل آئی 
LOG (lattice-best-path[5.5.383~1-bd1d]:main():lattice-best-path.cc:99) For utterance c650, best cost 149.721 + 3289.13 = 3438.85 over 580 frames.
c650 <oov> کثیر تسلی انکے نفری اہلیہ کرائی <oov> ہے 
LOG (lattice-best-path[5.5.383~1-bd1d]:main():lattice-best-path.cc:99) For utterance c651, best cost 150.392 + 2709.37 = 2859.77 over 470 frames.
c651 کو ہلو بھری میچ کی کوٹلی <oov> سے پہلے <oov> کی تھی 
LOG (lattice-best-path[5.5.383~1-bd1d]:main():lattice-best-path.cc:99) For utterance c652, best cost 149.913 + 4413.71 = 4563.62 over 761 frames.
c652 <oov> کیجئیے تھام <oov> اور <oov> کے <oov> پہنچی 
LOG (lattice-best-path[5.5.383~1-bd1d]:main():lattice-best-path.cc:99) For utterance c653, best cost 180.349 + 3742.42 = 3922.77 over 660 frames.
c653 لوئر برانڈس <oov> کا سیدن اہلکار زیرِ کے دہانی <oov> <oov> 
LOG (lattice-best-path[5.5.383~1-bd1d]:main():lattice-best-path.cc:99) For utterance c654, best cost 152.629 + 3142.2 = 3294.83 over 542 frames.
c654 <oov> سسکیاں شجر حارثہ کی دوستی میدان میں خود ہیں 
LOG (lattice-best-path[5.5.383~1-bd1d]:main():lattice-best-path.cc:99) For utterance c655, best cost 102.688 + 2868.56 = 2971.25 over 516 frames.
c655 نامور <oov> کو <oov> بجھانے کا ہے 
LOG (lattice-best-path[5.5.383~1-bd1d]:main():lattice-best-path.cc:99) For utterance c656, best cost 180.609 + 3622.99 = 3803.6 over 643 frames.
c656 <oov> سے سجے اروا گنکا <oov> بچائیں اور <oov> میچ ہار <oov> کریں 
LOG (lattice-best-path[5.5.383~1-bd1d]:main():lattice-best-path.cc:99) For utterance c657, best cost 116.055 + 2712.11 = 2828.17 over 491 frames.
c657 <oov> <oov> کے کیفرِکردار کی حد سے مکمل نہیں 
LOG (lattice-best-path[5.5.383~1-bd1d]:main():lattice-best-path.cc:99) For utterance c658, best cost 94.2509 + 2549.35 = 2643.61 over 449 frames.
c658 <oov> کمرے والدین اسکے <oov> گزار ہیں 
LOG (lattice-best-path[5.5.383~1-bd1d]:main():lattice-best-path.cc:99) For utterance c659, best cost 193.916 + 3459.1 = 3653.02 over 617 frames.
c659 نیکی کو کر بچائیں اور پوری کا تصور اور <oov> کے بعد <oov> پسند ہے 
LOG (lattice-best-path[5.5.383~1-bd1d]:main():lattice-best-path.cc:99) For utterance c660, best cost 102.581 + 1787.32 = 1889.9 over 313 frames.
c660 <oov> کے <oov> اضلاع میں نہیں ہو سکا 
LOG (lattice-best-path[5.5.383~1-bd1d]:main():lattice-best-path.cc:99) For utterance c661, best cost 144.738 + 2285.08 = 2429.82 over 413 frames.
c661 قذافی لینے کے لئے بے <oov> پر عمل کردار ہر ادب آئے 
LOG (lattice-best-path[5.5.383~1-bd1d]:main():lattice-best-path.cc:99) For utterance c662, best cost 121.864 + 2234.81 = 2356.67 over 376 frames.
c662 <oov> کو اکیلا نہیں چلے سیاحوں کی تشریح دی گئیں 
LOG (lattice-best-path[5.5.383~1-bd1d]:main():lattice-best-path.cc:99) For utterance c663, best cost 182.288 + 3477.58 = 3659.86 over 603 frames.
c663 <oov> جہاں چار ارکان انگور <oov> سال کی تبدیلی کی طرح <oov> ہوئی 
LOG (lattice-best-path[5.5.383~1-bd1d]:main():lattice-best-path.cc:99) For utterance c664, best cost 178.341 + 3402.08 = 3580.42 over 575 frames.
c664 فلاح سیالکوٹ پرہز میں کائنات <oov> کرو <oov> کروٹ <oov> ہو گئے 
LOG (lattice-best-path[5.5.383~1-bd1d]:main():lattice-best-path.cc:99) For utterance c665, best cost 152.908 + 2395.29 = 2548.2 over 435 frames.
c665 فیض نے سال راوی سے سگریٹ چینی حاجب خیر پور 
LOG (lattice-best-path[5.5.383~1-bd1d]:main():lattice-best-path.cc:99) For utterance c666, best cost 141.855 + 2523.58 = 2665.44 over 438 frames.
c666 <oov> سے ہوئی <oov> پر آقا کتاب <oov> صبور گئے 
LOG (lattice-best-path[5.5.383~1-bd1d]:main():lattice-best-path.cc:99) For utterance c667, best cost 102.52 + 2383.42 = 2485.94 over 395 frames.
c667 <oov> سے چٹرھ موسیقی کو مصنوعی ہے 
LOG (lattice-best-path[5.5.383~1-bd1d]:main():lattice-best-path.cc:99) For utterance c668, best cost 184.844 + 3498.91 = 3683.76 over 613 frames.
c668 ثانی چوری کے <oov> ہونے والے کا فیصلہ بیان اہلیت سے جعلی قلعہ 
LOG (lattice-best-path[5.5.383~1-bd1d]:main():lattice-best-path.cc:99) For utterance c669, best cost 118.722 + 2632.34 = 2751.06 over 458 frames.
c669 <oov> خزانے <oov> کیلئے رضا <oov> نہیں کِیا 
LOG (lattice-best-path[5.5.383~1-bd1d]:main():lattice-best-path.cc:99) For utterance c670, best cost 116.093 + 2263.9 = 2379.99 over 383 frames.
c670 روز ایک آخری <oov> سر <oov> قاتلوں 
LOG (lattice-best-path[5.5.383~1-bd1d]:main():lattice-best-path.cc:99) For utterance c671, best cost 203.811 + 3685 = 3888.81 over 624 frames.
c671 رشید سے پہلے سال کے بڑی آنے کا <oov> کے صفورہ <oov> دور <oov> جاؤ 
LOG (lattice-best-path[5.5.383~1-bd1d]:main():lattice-best-path.cc:99) For utterance c672, best cost 169.732 + 3285.8 = 3455.53 over 589 frames.
c672 کمیٹی چوک سلامت فرقان وال سربراہ اور صدر کا اطلاع ہے 
LOG (lattice-best-path[5.5.383~1-bd1d]:main():lattice-best-path.cc:99) For utterance c673, best cost 153.365 + 2278.24 = 2431.6 over 407 frames.
c673 لڑائی کے چار دن واقع ہوئی جوہی نسل کے بغیر <oov> ہے 
LOG (lattice-best-path[5.5.383~1-bd1d]:main():lattice-best-path.cc:99) For utterance c674, best cost 170.187 + 3382.13 = 3552.32 over 592 frames.
c674 نئے شعبے کھول میں بڑھتا پچ آگاہ کرم والدین نے کی کوشش کی 
LOG (lattice-best-path[5.5.383~1-bd1d]:main():lattice-best-path.cc:99) For utterance c675, best cost 133.109 + 2360.96 = 2494.07 over 403 frames.
c675 حاجب پروری کرنے پر سوچ کرتا فنکار <oov> ہے 
LOG (lattice-best-path[5.5.383~1-bd1d]:main():lattice-best-path.cc:99) For utterance c676, best cost 175.242 + 2772.05 = 2947.29 over 480 frames.
c676 اپنی رہائش کسی کا نتیجہ کھوئے زوار نے انگور <oov> پر تھی 
LOG (lattice-best-path[5.5.383~1-bd1d]:main():lattice-best-path.cc:99) For utterance c677, best cost 207.822 + 3473.8 = 3681.62 over 605 frames.
c677 ایثار نے <oov> کی کوئی مگر بعد ضرور صبوحی <oov> کی ہیبت سے پہلے گیا 
LOG (lattice-best-path[5.5.383~1-bd1d]:main():lattice-best-path.cc:99) For utterance c678, best cost 257.427 + 4146.77 = 4404.19 over 737 frames.
c678 سند انسان کو علی فرائض اور والوں سے <oov> نے کے ہر عروج افلاح سے مشقیں شر کریں 
LOG (lattice-best-path[5.5.383~1-bd1d]:main():lattice-best-path.cc:99) For utterance c679, best cost 121.409 + 2093.46 = 2214.87 over 365 frames.
c679 تھوڑی دور پر <oov> لگایا سحر تیزی سوچ لیں 
LOG (lattice-best-path[5.5.383~1-bd1d]:main():lattice-best-path.cc:99) For utterance c680, best cost 175.182 + 2762.95 = 2938.13 over 480 frames.
c680 چوری کے جوڑا پہن کے اوپر ترلائی اقارب راستے میں ہیرو آ جاتا ہے 
LOG (lattice-best-path[5.5.383~1-bd1d]:main():lattice-best-path.cc:99) For utterance c681, best cost 161.067 + 2912.25 = 3073.32 over 504 frames.
c681 کراچی <oov> کی ڈھارس ہوئی تو لوگوں پر بچی ہار پر سوار 
LOG (lattice-best-path[5.5.383~1-bd1d]:main():lattice-best-path.cc:99) For utterance c682, best cost 179.808 + 3131.42 = 3311.23 over 554 frames.
c682 بھی اور <oov> پر ہی <oov> کرنا مچا کر <oov> اسکے <oov> کی 
LOG (lattice-best-path[5.5.383~1-bd1d]:main():lattice-best-path.cc:99) For utterance c683, best cost 124.099 + 3055.09 = 3179.19 over 524 frames.
c683 جس عمارت کی <oov> نے میری کے سے نکھر گی 
LOG (lattice-best-path[5.5.383~1-bd1d]:main():lattice-best-path.cc:99) For utterance c684, best cost 118.64 + 2308.99 = 2427.63 over 392 frames.
c684 نور پور ورزی کے کی اوٹ میں میلوں <oov> 
LOG (lattice-best-path[5.5.383~1-bd1d]:main():lattice-best-path.cc:99) For utterance c685, best cost 145.317 + 2196.06 = 2341.37 over 390 frames.
c685 جو فلاح دوستی بچے رخشی سے کہاں سلامت ہو 
LOG (lattice-best-path[5.5.383~1-bd1d]:main():lattice-best-path.cc:99) For utterance c686, best cost 161.467 + 2963.76 = 3125.22 over 516 frames.
c686 <oov> کے <oov> بھی اشعر سے بنیادی مسجد کشور شاہ پور روڈ 
LOG (lattice-best-path[5.5.383~1-bd1d]:main():lattice-best-path.cc:99) For utterance c687, best cost 180.199 + 3740.64 = 3920.84 over 644 frames.
c687 <oov> اسکے بات سلوک سکی کھولے کوٹھا بحران سے <oov> کرائی 
LOG (lattice-best-path[5.5.383~1-bd1d]:main():lattice-best-path.cc:99) For utterance c688, best cost 236.801 + 4093.73 = 4330.53 over 713 frames.
c688 اراکین کی چادر بچہ کر سچے <oov> گزار اور بے بسی کے میں نہا <oov> کے پر تباہ ہو 
LOG (lattice-best-path[5.5.383~1-bd1d]:main():lattice-best-path.cc:99) For utterance c689, best cost 149.171 + 3205.35 = 3354.52 over 541 frames.
c689 گجرات بجے سکینہ کے اچانک دو بنائیں اور <oov> ہے 
LOG (lattice-best-path[5.5.383~1-bd1d]:main():lattice-best-path.cc:99) For utterance c690, best cost 83.8055 + 1857.86 = 1941.66 over 315 frames.
c690 <oov> کشور <oov> نہیں جاتا 
LOG (lattice-best-path[5.5.383~1-bd1d]:main():lattice-best-path.cc:99) For utterance c691, best cost 194.163 + 3299.08 = 3493.25 over 591 frames.
c691 کسی کی بھی جاری کیلئے نجی کروایا اور ہنسی <oov> کرنے آنا میں توسیع 
LOG (lattice-best-path[5.5.383~1-bd1d]:main():lattice-best-path.cc:99) For utterance c692, best cost 172.23 + 2915.28 = 3087.51 over 523 frames.
c692 بتول نثار نے کہا کہ میں صبح سویرے کا کاری کے بھی آپ کے دلوں 
LOG (lattice-best-path[5.5.383~1-bd1d]:main():lattice-best-path.cc:99) For utterance c693, best cost 161.317 + 2476.15 = 2637.47 over 461 frames.
c693 میں نے ہفتے جسے کہا کہ وقار پر بھی نہ کرامت دو 
LOG (lattice-best-path[5.5.383~1-bd1d]:main():lattice-best-path.cc:99) For utterance c694, best cost 190.898 + 3029.55 = 3220.45 over 555 frames.
c694 علم کا جوڑا شیشہ پایہ ورثاء کو جسے <oov> صحیح چاق و چوبند بنائیں 
LOG (lattice-best-path[5.5.383~1-bd1d]:main():lattice-best-path.cc:99) For utterance c695, best cost 156.761 + 3245.28 = 3402.05 over 581 frames.
c695 چوری کی جانے <oov> جانے کو کرن <oov> کمپنی میں ہو جائیں 
LOG (lattice-best-path[5.5.383~1-bd1d]:main():lattice-best-path.cc:99) For utterance c696, best cost 196.056 + 3373.77 = 3569.83 over 611 frames.
c696 <oov> فاصلے کیا میں زیب کو مصنوعی منصوبوں کے بنانے کے لئے فراہم کِیا جائے گا 
LOG (lattice-best-path[5.5.383~1-bd1d]:main():lattice-best-path.cc:99) For utterance c697, best cost 127.488 + 2322.29 = 2449.78 over 415 frames.
c697 کلور کوٹ سے ستمبر ڈیزائن کرنے کا کام ہو گا 
LOG (lattice-best-path[5.5.383~1-bd1d]:main():lattice-best-path.cc:99) For utterance c698, best cost 124.82 + 2681 = 2805.82 over 477 frames.
c698 بارہ ہنزہ <oov> سے شفاف باعث کا جائزہ لے گا 
LOG (lattice-best-path[5.5.383~1-bd1d]:main():lattice-best-path.cc:99) For utterance c699, best cost 190.997 + 3770.28 = 3961.27 over 669 frames.
c699 آج کے فروغ <oov> کی <oov> میں برائے کیا دینی بےحرمتی کا مقصد <oov> 
LOG (lattice-best-path[5.5.383~1-bd1d]:main():lattice-best-path.cc:99) For utterance c700, best cost 145.199 + 3613.66 = 3758.86 over 621 frames.
c700 <oov> کیLOG (lattice-scale[5.5.383~1-bd1d]:main():lattice-scale.cc:107) Done 71 lattices.
 تقریر میں تحفظ کی <oov> کرو خوبصورت ہو 
LOG (lattice-best-path[5.5.383~1-bd1d]:main():lattice-best-path.cc:99) For utterance c701, best cost 240.785 + 3990.45 = 4231.23 over 722 frames.
c701 مضمون بنوانے دونوں کو ضلع کی تم اپنا کی سے کے علاوہ کر موضوع <oov> کو سمجھایا 
LOG (lattice-best-path[5.5.383~1-bd1d]:main():lattice-best-path.cc:99) For utterance c702, best cost 148.982 + 2572.48 = 2721.46 over 467 frames.
c702 غفار <oov> توبہ کی اوٹ میں کرے کو شاہانہ دربار <oov> 
LOG (lattice-best-path[5.5.383~1-bd1d]:main():lattice-best-path.cc:99) For utterance c703, best cost 143.223 + 2622.17 = 2765.4 over 478 frames.
c703 پراسرار سے تاریخی <oov> کے کپڑوں کاروبار ظاہر ہوتا ہے 
LOG (lattice-add-penalty[5.5.383~1-bd1d]:main():lattice-add-penalty.cc:62) Done adding word insertion penalty to 71 lattices.
LOG (lattice-best-path[5.5.383~1-bd1d]:main():lattice-best-path.cc:99) For utterance c704, best cost 159.609 + 3154.11 = 3313.72 over 564 frames.
c704 چوتھائی <oov> سیشن متنازعہ <oov> کنزہ باقی <oov> سے ہے 
LOG (lattice-best-path[5.5.383~1-bd1d]:main():lattice-best-path.cc:99) For utterance c705, best cost 149.152 + 3007.75 = 3156.91 over 535 frames.
c705 <oov> <oov> ایجاد پر لاگت آٹھ تین سو سے بڑھ گئی 
LOG (lattice-best-path[5.5.383~1-bd1d]:main():lattice-best-path.cc:99) For utterance c706, best cost 128.859 + 2816.49 = 2945.35 over 492 frames.
c706 گجر خان کی غزر کی آنکھیں <oov> تو <oov> 
LOG (lattice-best-path[5.5.383~1-bd1d]:main():lattice-best-path.cc:99) For utterance c707, best cost 124.853 + 2022.39 = 2147.24 over 355 frames.
c707 ماضی کو بلا حتم آگے بڑھتی ہوئی <oov> پڑے 
LOG (lattice-best-path[5.5.383~1-bd1d]:main():lattice-best-path.cc:99) For utterance c708, best cost 212.539 + 2988.69 = 3201.23 over 527 frames.
c708 جنگ چلنے سے پہلے بروئے نے مجھے کچھ <oov> سی بات بھی کا اور مشق سمجھتا ہے 
LOG (lattice-best-path[5.5.383~1-bd1d]:main():lattice-best-path.cc:124) Overall cost per frame is 5.99788 = 0.298628 [graph] + 5.69925 [acoustic] over 37498 frames.
LOG (lattice-best-path[5.5.383~1-bd1d]:main():lattice-best-path.cc:128) Done 71 lattices, failed for 0
# Accounting: time=0 threads=1
# Ended (code 0) at Tue Jun 18 17:07:28 IST 2019, elapsed time 0 seconds
