# lattice-scale --inv-acoustic-scale=7 "ark:gunzip -c exp/mono/decode/lat.*.gz|" ark:- | lattice-add-penalty --word-ins-penalty=1.0 ark:- ark:- | lattice-best-path --word-symbol-table=exp/mono/graph/words.txt ark:- ark,t:- | utils/int2sym.pl -f 2- exp/mono/graph/words.txt | cat > exp/mono/decode/scoring_kaldi/penalty_1.0/7.txt 
# Started at Tue Jun 18 17:07:27 IST 2019
#
lattice-best-path --word-symbol-table=exp/mono/graph/words.txt ark:- ark,t:- 
lattice-add-penalty --word-ins-penalty=1.0 ark:- ark:- 
lattice-scale --inv-acoustic-scale=7 'ark:gunzip -c exp/mono/decode/lat.*.gz|' ark:- 
LOG (lattice-best-path[5.5.383~1-bd1d]:main():lattice-best-path.cc:99) For utterance c638, best cost 242.584 + 8983.52 = 9226.1 over 693 frames.
c638 <oov> ہوجائے کی شر آئین میں کوئی صورت <oov> کوٹ ڈی کو کھڑکی کے خلاف سجے چلیں 
LOG (lattice-best-path[5.5.383~1-bd1d]:main():lattice-best-path.cc:99) For utterance c639, best cost 247.2 + 8148.45 = 8395.65 over 630 frames.
c639 کیف کے دفتر کے دکھ عدیل سے تجویز کر سکینہ عبور کی دور تک سا سبب ہو سکی 
LOG (lattice-best-path[5.5.383~1-bd1d]:main():lattice-best-path.cc:99) For utterance c640, best cost 296.821 + 9139.38 = 9436.21 over 710 frames.
c640 شوق کے نیا پر بیٹھ گیا روی سفیر نے بھی سیٹ کونسل کے شکوہ لا کا کی چوری کھو لگایا 
LOG (lattice-best-path[5.5.383~1-bd1d]:main():lattice-best-path.cc:99) For utterance c641, best cost 154.712 + 5783.83 = 5938.54 over 436 frames.
c641 کو ہلو <oov> گھڑی <oov> کی آتش بازی دیکھ لا کرنسی گی 
LOG (lattice-best-path[5.5.383~1-bd1d]:main():lattice-best-path.cc:99) For utterance c642, best cost 163.373 + 6984.22 = 7147.59 over 533 frames.
c642 عرفان کے <oov> میں <oov> سیکھی ادا سے مخوص کی <oov> تھی 
LOG (lattice-best-path[5.5.383~1-bd1d]:main():lattice-best-path.cc:99) For utterance c643, best cost 273.226 + 8008.26 = 8281.49 over 622 frames.
c643 تحفہ اُسے افلاح پڑھ ہیں خوف افواج عرصے نہ آئیں اور دو لے راگ سے زائد دیہی ڈالیں 
LOG (lattice-best-path[5.5.383~1-bd1d]:main():lattice-best-path.cc:99) For utterance c644, best cost 225.462 + 8897.57 = 9123.04 over 685 frames.
c644 کھیل نیت اچھے میں <oov> اور زیب راہ بچی کیسی پارس <oov> دبا پر ہے 
LOG (lattice-best-path[5.5.383~1-bd1d]:main():lattice-best-path.cc:99) For utterance c645, best cost 230.371 + 7597.88 = 7828.25 over 584 frames.
c645 نیٹو ڈپٹ کیس میں گزر کے ثائب زور سخت خور کرنے کی فحاشی نکلیں ہیں 
LOG (lattice-best-path[5.5.383~1-bd1d]:main():lattice-best-path.cc:99) For utterance c646, best cost 195.967 + 6683.95 = 6879.92 over 504 frames.
c646 <oov> حسنِ اور <oov> بننے کے بعد لاو بڑا میں تارا <oov> ڈالے آئی 
LOG (lattice-best-path[5.5.383~1-bd1d]:main():lattice-best-path.cc:99) For utterance c647, best cost 141.639 + 4635.31 = 4776.95 over 356 frames.
c647 بچنے گرج اراضی <oov> نے جوڑ کر دور پر آئے 
LOG (lattice-best-path[5.5.383~1-bd1d]:main():lattice-best-path.cc:99) For utterance c648, best cost 162.139 + 5316.8 = 5478.94 over 415 frames.
c648 میلے میں داؤد یا چار <oov> تنہا خط چپکے کروا تھا 
LOG (lattice-best-path[5.5.383~1-bd1d]:main():lattice-best-path.cc:99) For utterance c649, best cost 202.37 + 7314.34 = 7516.71 over 580 frames.
c649 کو کو کو تندرست کر کے بیٹھ نے کے بعد عوام کا نے ڈے لگائی 
LOG (lattice-best-path[5.5.383~1-bd1d]:main():lattice-best-path.cc:99) For utterance c650, best cost 218.559 + 7428.71 = 7647.27 over 580 frames.
c650 <oov> تابین کی سیر عطا سال نیت انکے نفری اہلیہ کے رائے <oov> ہزار ہے 
LOG (lattice-best-path[5.5.383~1-bd1d]:main():lattice-best-path.cc:99) For utterance c651, best cost 177.757 + 6155.11 = 6332.86 over 470 frames.
c651 کومل کو بھرنی میچ <oov> کی کو کی <oov> نے سے پہلے <oov> کی تھی 
LOG (lattice-best-path[5.5.383~1-bd1d]:main():lattice-best-path.cc:99) For utterance c652, best cost 214.646 + 9981.59 = 10196.2 over 761 frames.
c652 <oov> کیجئیے لے تھام <oov> اور ایک وکیلوں اعلان ائیرپورٹ کے سطور تک آ پہنچی 
LOG (lattice-best-path[5.5.383~1-bd1d]:main():lattice-best-path.cc:99) For utterance c653, best cost 231.446 + 8477.29 = 8708.74 over 660 frames.
c653 لوئر برانڈس وال کا سیدن اہلکار زیرِ کے حج <oov> دہانی تک روز وہ 
LOG (lattice-best-path[5.5.383~1-bd1d]:main():lattice-best-path.cc:99) For utterance c654, best cost 226.852 + 7061.3 = 7288.15 over 542 frames.
c654 <oov> ڈی اور بیش ہاؤس اسکے شجر ہارن سے کی دوستی میں ادا میں صدر ہیں 
LOG (lattice-best-path[5.5.383~1-bd1d]:main():lattice-best-path.cc:99) For utterance c655, best cost 146.697 + 6486.42 = 6633.12 over 516 frames.
c655 نام بخش کیے چھائی کو <oov> بجھانے کاش ہے 
LOG (lattice-best-path[5.5.383~1-bd1d]:main():lattice-best-path.cc:99) For utterance c656, best cost 239.053 + 8203.32 = 8442.37 over 643 frames.
c656 بیل سے سے جی اروا گنکا <oov> <oov> بچائیں اور سوئے مچا ہارن <oov> ہر کریں 
LOG (lattice-best-path[5.5.383~1-bd1d]:main():lattice-best-path.cc:99) For utterance c657, best cost 168.281 + 6124.08 = 6292.36 over 491 frames.
c657 تھا بول افگن زینب کے کیفرِکردار کی حد سے مفید نہیں 
LOG (lattice-best-path[5.5.383~1-bd1d]:main():lattice-best-path.cc:99) For utterance c658, best cost 131.851 + 5776.37 = 5908.22 over 449 frames.
c658 <oov> کا نیوال وی <oov> کی بات سے گزاریں 
LOG (lattice-best-path[5.5.383~1-bd1d]:main():lattice-best-path.cc:99) For utterance c659, best cost 230.881 + 7848.6 = 8079.48 over 617 frames.
c659 نیکی کھو کر بچائیں اور کو ڈی کا تصور اور غور کے بعد <oov> یا پھر سو ہیں 
LOG (lattice-best-path[5.5.383~1-bd1d]:main():lattice-best-path.cc:99) For utterance c660, best cost 127.343 + 4051.23 = 4178.57 over 313 frames.
c660 <oov> ہارن کے وقار اضلاع میں نہیں حسن آراء 
LOG (lattice-best-path[5.5.383~1-bd1d]:main():lattice-best-path.cc:99) For utterance c661, best cost 144.738 + 5223.04 = 5367.77 over 413 frames.
c661 قذافی لینے کے لئے بے <oov> پر عمل کردار ہر ادب آئے 
LOG (lattice-best-path[5.5.383~1-bd1d]:main():lattice-best-path.cc:99) For utterance c662, best cost 142.737 + 5078.93 = 5221.67 over 376 frames.
c662 <oov> <oov> کو کیا نہیں چلے <oov> سیاحوں کی تشریح دی گئیں 
LOG (lattice-best-path[5.5.383~1-bd1d]:main():lattice-best-path.cc:99) For utterance c663, best cost 234.47 + 7857.97 = 8092.44 over 603 frames.
c663 کی رونے جہاں چمک اب انگور <oov> عرصہ لکی تو دینے کی طرح اِس <oov> ہوئی 
LOG (lattice-best-path[5.5.383~1-bd1d]:main():lattice-best-path.cc:99) For utterance c664, best cost 251.258 + 7674.16 = 7925.42 over 575 frames.
c664 فلاح سی یار اعتبار اعظم میں کائنات <oov> لے کرو موت ہلکی کے روپے کڑے ہو گئے 
LOG (lattice-best-path[5.5.383~1-bd1d]:main():lattice-best-path.cc:99) For utterance c665, best cost 177.583 + 5445.02 = 5622.61 over 435 frames.
c665 فیض نے سال راوی سے سگریٹ چینی تو حاجب خیر وہ 
LOG (lattice-best-path[5.5.383~1-bd1d]:main():lattice-best-path.cc:99) For utterance c666, best cost 181.322 + 5707.12 = 5888.44 over 438 frames.
c666 <oov> سے ہوئے <oov> چہروں پر آقا کتب سارا خیر صبور لئے 
LOG (lattice-best-path[5.5.383~1-bd1d]:main():lattice-best-path.cc:99) For utterance c667, best cost 140.751 + 5399.6 = 5540.35 over 395 frames.
c667 <oov> کے داڑو سے چلتے بھوسے کی کو مصنوعی 
LOG (lattice-best-path[5.5.383~1-bd1d]:main():lattice-best-path.cc:99) For utterance c668, best cost 236.814 + 7913.45 = 8150.26 over 613 frames.
c668 ثانی فوری کے پڑے میں <oov> نیوال اجمل نکات اصلاح بیان اہلیت سے جعلی قلعہ 
LOG (lattice-best-path[5.5.383~1-bd1d]:main():lattice-best-path.cc:99) For utterance c669, best cost 169.05 + 5951.56 = 6120.61 over 458 frames.
c669 <oov> خا اعضاء نوفل بولنے نظر کیلئے رضا <oov> نہیں کِیا 
LOG (lattice-best-path[5.5.383~1-bd1d]:main():lattice-best-path.cc:99) For utterance c670, best cost 155.481 + 5110.85 = 5266.33 over 383 frames.
c670 روز ایک آخری شرح یہ ایک اثر <oov> توڑوں قاتلوں 
LOG (lattice-best-path[5.5.383~1-bd1d]:main():lattice-best-path.cc:99) For utterance c671, best cost 258.393 + 8327.86 = 8586.25 over 624 frames.
c671 رشید سے پہلے ایسا سال کے بڑی آنے کا <oov> فرض بول کے صفورہ ہولی میں دور <oov> جاؤ 
LOG (lattice-best-path[5.5.383~1-bd1d]:main():lattice-best-path.cc:99) For utterance c672, best cost 187.308 + 7480.17 = 7667.47 over 589 frames.
c672 کمیٹی چوک سلامت فرقان وال سر پر اور سے درج یہ کام اکیلا ہے 
LOG (lattice-best-path[5.5.383~1-bd1d]:main():lattice-best-path.cc:99) For utterance c673, best cost 167.616 + 5185.61 = 5353.22 over 407 frames.
c673 لڑائی کے چاپ دن واقع ہوئی جوہی نسل کے بغل پر کھڑی ہے 
LOG (lattice-best-path[5.5.383~1-bd1d]:main():lattice-best-path.cc:99) For utterance c674, best cost 233.984 + 7633.34 = 7867.33 over 592 frames.
c674 مشورے پل <oov> میں بڑھتا پچ آگ آٹھ کر ہم واہ رہیں حسنِ کی کوشش کی 
LOG (lattice-best-path[5.5.383~1-bd1d]:main():lattice-best-path.cc:99) For utterance c675, best cost 186.242 + 5321.48 = 5507.73 over 403 frames.
c675 حاجی پروری کے رویئے پر سو چیت آتا فن تباہ ہو اڑانے 
LOG (lattice-best-path[5.5.383~1-bd1d]:main():lattice-best-path.cc:99) For utterance c676, best cost 207.602 + 6297.75 = 6505.36 over 480 frames.
c676 اپنی رہائش کی سی کر نتیجہ کھوئے زوار نے انگور جا بڑے پر تھی 
LOG (lattice-best-path[5.5.383~1-bd1d]:main():lattice-best-path.cc:99) For utterance c677, best cost 233.574 + 7899.5 = 8133.07 over 605 frames.
c677 نثار نے <oov> کی کوئی مگر بعد ضرور صبوحی روح برداری کی ہیبت سے دہلی گیا 
LOG (lattice-best-path[5.5.383~1-bd1d]:main():lattice-best-path.cc:99) For utterance c678, best cost 290.449 + 9417.74 = 9708.19 over 737 frames.
c678 سند انیسہ کو علی فیڈرل زور والوں سے چھوڑ آنے کیلئے ہیرو جنت لاکھ سے مشقیں شر کریں 
LOG (lattice-best-path[5.5.383~1-bd1d]:main():lattice-best-path.cc:99) For utterance c679, best cost 150.023 + 4737.4 = 4887.43 over 365 frames.
c679 تھوڑی اور ڈی پر <oov> لگایا تو سحر تیزی سوچ لیں 
LOG (lattice-best-path[5.5.383~1-bd1d]:main():lattice-best-path.cc:99) For utterance c680, best cost 192.122 + 6282.75 = 6474.87 over 480 frames.
c680 چوری کے جوڑا پہنتے اوپر ترلائی اٹھارہ برس نے میں ہیرو آ جاتا ہے 
LOG (lattice-best-path[5.5.383~1-bd1d]:main():lattice-best-path.cc:99) For utterance c681, best cost 202.467 + 6593.71 = 6796.17 over 504 frames.
c681 کراچی شادی کو گوہر کی ڈھارس ہوئی تو لو اندر بچی بہار پر سوار 
LOG (lattice-best-path[5.5.383~1-bd1d]:main():lattice-best-path.cc:99) For utterance c682, best cost 222.929 + 7093.8 = 7316.72 over 554 frames.
c682 بھی اور <oov> کی <oov> پر ہی <oov> کرنا مچا کر دو اسکے جو ہار معلوم کی 
LOG (lattice-best-path[5.5.383~1-bd1d]:main():lattice-best-path.cc:99) For utterance c683, best cost 208.154 + 6839.63 = 7047.78 over 524 frames.
c683 <oov> سے موقع کی <oov> تک عین ہم نے میرا دی کے ہی سے نکھر گی 
LOG (lattice-best-path[5.5.383~1-bd1d]:main():lattice-best-path.cc:99) For utterance c684, best cost 169.992 + 5205.38 = 5375.37 over 392 frames.
c684 نے اور بھی کوئی خانے <oov> کے کی اوٹ میں میلوں <oov> پتہ <oov> 
LOG (lattice-best-path[5.5.383~1-bd1d]:main():lattice-best-path.cc:99) For utterance c685, best cost 165.721 + 4992.25 = 5157.97 over 390 frames.
c685 جو فلاح دوستی ون چربہ خوشی سے کہاں سلام <oov> دو 
LOG (lattice-best-path[5.5.383~1-bd1d]:main():lattice-best-path.cc:99) For utterance c686, best cost 193.898 + 6724.94 = 6918.83 over 516 frames.
c686 <oov> کے سرخی بھی اشعر سے بنیادی میں ایسے کشور شاہ پونچھ ہو 
LOG (lattice-best-path[5.5.383~1-bd1d]:main():lattice-best-path.cc:99) For utterance c687, best cost 260.627 + 8415.91 = 8676.54 over 644 frames.
c687 <oov> کو اسکے بات سلوک سکی کھول <oov> کوٹھا بحران سے چیخ مار کرتا بج مقتول کرائی 
LOG (lattice-best-path[5.5.383~1-bd1d]:main():lattice-best-path.cc:99) For utterance c688, best cost 295.471 + 9242.39 = 9537.86 over 713 frames.
c688 ہلکی ہلکی چادر بچہ کر سچے <oov> گزار اور دیتی کے بھی میں نہا <oov> کے پر آٹھ ادا حلقوں 
LOG (lattice-best-path[5.5.383~1-bd1d]:main():lattice-best-path.cc:99) For utterance c689, best cost 221.024 + 7213.33 = 7434.35 over 541 frames.
c689 گجرات بجے سکینہ کِیا جا نجومیوں بنائیں اور سو سو فصلیں چل کر چاہیں 
LOG (lattice-best-path[5.5.383~1-bd1d]:main():lattice-best-path.cc:99) For utterance c690, best cost 122.579 + 4181.63 = 4304.21 over 315 frames.
c690 <oov> نہ پڑھائی کشور لکھو <oov> نہیں جاتا 
LOG (lattice-best-path[5.5.383~1-bd1d]:main():lattice-best-path.cc:99) For utterance c691, best cost 234.623 + 7478.8 = 7713.43 over 591 frames.
c691 کسی کی بھی جاری کیلئے اب نجی گڈو یا اور <oov> سے عرصہ کر میں آنا میں توسیع 
LOG (lattice-best-path[5.5.383~1-bd1d]:main():lattice-best-path.cc:99) For utterance c692, best cost 182.744 + 6641.8 = 6824.55 over 523 frames.
c692 بتول نثار نے کہا کہ میں صبح سویرے کا گاڑی کے بھی آتے دلوں 
LOG (lattice-best-path[5.5.383~1-bd1d]:main():lattice-best-path.cc:99) For utterance c693, best cost 188.929 + 5627.9 = 5816.83 over 461 frames.
c693 میں نے ہر کے جسے کہا کہ وقت آئے پر بھی نہ قرعہ مدعو 
LOG (lattice-best-path[5.5.383~1-bd1d]:main():lattice-best-path.cc:99) For utterance c694, best cost 226.705 + 6869.42 = 7096.13 over 555 frames.
c694 کرن کا جوڑا شیشہ پایہ <oov> صاحب کو جسے اور اِسی ہی چاق و چوبند بنا ہے 
LOG (lattice-best-path[5.5.383~1-bd1d]:main():lattice-best-path.cc:99) For utterance c695, best cost 211.781 + 7331.94 = 7543.72 over 581 frames.
c695 کوئی کی جانے بچے جانے کو کرن اگر کی چوروں کو پانی میں کو جاؤں 
LOG (lattice-best-path[5.5.383~1-bd1d]:main():lattice-best-path.cc:99) For utterance c696, best cost 201.658 + 7700.44 = 7902.1 over 611 frames.
c696 <oov> فاصلے کیا میں زیب کو مصنوعی مصور روکے بنانے کے لئے فراہم کِیا جائے گا 
LOG (lattice-best-path[5.5.383~1-bd1d]:main():lattice-best-path.cc:99) For utterance c697, best cost 140.568 + 5292.93 = 5433.5 over 415 frames.
c697 کلور کوٹ سے سلیم کمرے ڈیزائن کرنے کا کام ہو گا 
LOG (lattice-best-path[5.5.383~1-bd1d]:main():lattice-best-path.cc:99) For utterance c698, best cost 164.198 + 6064.45 = 6228.65 over 477 frames.
c698 بار اور ہنزہ دور <oov> سے شفاف باعث کا جائزہ لے نے لگا 
LOG (lattice-best-path[5.5.383~1-bd1d]:main():lattice-best-path.cc:99) For utterance c699, best cost 211.326 + 8581.88 = 8793.21 over 669 frames.
c699 گجر کے فروغ روکا کی <oov> میں برائے کیا دینی بے حرمتی کا مقصد <oov> 
LOG (lattice-best-path[5.5.383~1-bd1d]:main():lattice-best-path.cc:99) For utterance c700, best cost 228.828 + 8127.4 = 8356.23 over 621 frames.
c700 ہوش طرف LOG (lattice-scale[5.5.383~1-bd1d]:main():lattice-scale.cc:107) Done 71 lattices.
ہود کی تقلید میں کہا فوری کی <oov> چھڑا کر حسو سر ہو 
LOG (lattice-best-path[5.5.383~1-bd1d]:main():lattice-best-path.cc:99) For utterance c701, best cost 250.173 + 9107.25 = 9357.42 over 722 frames.
c701 مضمون بنوانے دونوں کو بذل کی تم اپنا چیز سے کے علاوہ کر موضوع <oov> کو سمجھایا 
LOG (lattice-best-path[5.5.383~1-bd1d]:main():lattice-best-path.cc:99) For utterance c702, best cost 181.049 + 5831.6 = 6012.65 over 467 frames.
c702 غیر اصل آ توبہ کی اوٹ میں کرے کو شاہانہ دیر بخش <oov> 
LOG (lattice-best-path[5.5.383~1-bd1d]:main():lattice-best-path.cc:99) For utterance c703, best cost 166.555 + 5958.29 = 6124.84 over 478 frames.
c703 غیرت رائے سے توحید بھی چین کے کپڑوں کاروبار ظاہر ہوتا ہے 
LOG (lattice-add-penalty[5.5.383~1-bd1d]:main():lattice-add-penalty.cc:62) Done adding word insertion penalty to 71 lattices.
LOG (lattice-best-path[5.5.383~1-bd1d]:main():lattice-best-path.cc:99) For utterance c704, best cost 193.741 + 7153.95 = 7347.69 over 564 frames.
c704 چوتھائی <oov> سیشن متنازعہ <oov> کنزہ باقی پھیلاؤ کا کراس اس ہے 
LOG (lattice-best-path[5.5.383~1-bd1d]:main():lattice-best-path.cc:99) For utterance c705, best cost 182.454 + 6828.8 = 7011.25 over 535 frames.
c705 باوردی آغا بن <oov> ایجاد پر لاگت آٹھ تین سو سے بڑھ گئی 
LOG (lattice-best-path[5.5.383~1-bd1d]:main():lattice-best-path.cc:99) For utterance c706, best cost 161.459 + 6389.79 = 6551.25 over 492 frames.
c706 گجر خان کی غزر کے آنکھیں <oov> تو مت نی جو 
LOG (lattice-best-path[5.5.383~1-bd1d]:main():lattice-best-path.cc:99) For utterance c707, best cost 161.388 + 4576 = 4737.39 over 355 frames.
c707 ماضی کو بلا ہے تو آگے بڑھ ہی نہیں گناہ <oov> پڑے 
LOG (lattice-best-path[5.5.383~1-bd1d]:main():lattice-best-path.cc:99) For utterance c708, best cost 212.539 + 6831.28 = 7043.82 over 527 frames.
c708 جنگ چلنے سے پہلے بروئے نے مجھے کچھ <oov> سی بات بھی کا اور مشق سمجھتا ہے 
LOG (lattice-best-path[5.5.383~1-bd1d]:main():lattice-best-path.cc:124) Overall cost per frame is 13.283 = 0.377469 [graph] + 12.9055 [acoustic] over 37498 frames.
LOG (lattice-best-path[5.5.383~1-bd1d]:main():lattice-best-path.cc:128) Done 71 lattices, failed for 0
# Accounting: time=0 threads=1
# Ended (code 0) at Tue Jun 18 17:07:27 IST 2019, elapsed time 0 seconds
