# compile-train-graphs --read-disambig-syms=data/lang/phones/disambig.int exp/mono_ali/tree exp/mono_ali/final.mdl data/lang/L.fst "ark:utils/sym2int.pl --map-oov 2 -f 2- data/lang/words.txt data/train/split8/8/text|" ark:- | gmm-align-compiled --transition-scale=1.0 --acoustic-scale=0.1 --self-loop-scale=0.1 --beam=10 --retry-beam=40 --careful=false "gmm-boost-silence --boost=1.25 1 exp/mono_ali/final.mdl - |" ark:- "ark,s,cs:apply-cmvn  --utt2spk=ark:data/train/split8/8/utt2spk scp:data/train/split8/8/cmvn.scp scp:data/train/split8/8/feats.scp ark:- | add-deltas  ark:- ark:- |" "ark,t:|gzip -c >exp/mono_ali/ali.8.gz" 
# Started at Tue Jun 18 17:07:30 IST 2019
#
gmm-align-compiled --transition-scale=1.0 --acoustic-scale=0.1 --self-loop-scale=0.1 --beam=10 --retry-beam=40 --careful=false 'gmm-boost-silence --boost=1.25 1 exp/mono_ali/final.mdl - |' ark:- 'ark,s,cs:apply-cmvn  --utt2spk=ark:data/train/split8/8/utt2spk scp:data/train/split8/8/cmvn.scp scp:data/train/split8/8/feats.scp ark:- | add-deltas  ark:- ark:- |' 'ark,t:|gzip -c >exp/mono_ali/ali.8.gz' 
gmm-boost-silence --boost=1.25 1 exp/mono_ali/final.mdl - 
compile-train-graphs --read-disambig-syms=data/lang/phones/disambig.int exp/mono_ali/tree exp/mono_ali/final.mdl data/lang/L.fst 'ark:utils/sym2int.pl --map-oov 2 -f 2- data/lang/words.txt data/train/split8/8/text|' ark:- 
WARNING (gmm-boost-silence[5.5.383~1-bd1d]:main():gmm-boost-silence.cc:82) The pdfs for the silence phones may be shared by other phones (note: this probably does not matter.)
LOG (gmm-boost-silence[5.5.383~1-bd1d]:main():gmm-boost-silence.cc:93) Boosted weights for 5 pdfs, by factor of 1.25
LOG (gmm-boost-silence[5.5.383~1-bd1d]:main():gmm-boost-silence.cc:103) Wrote model to -
sym2int.pl: replacing میگزین with 2
sym2int.pl: replacing ابواب with 2
sym2int.pl: replacing ادھیڑنے with 2
sym2int.pl: replacing مہوش with 2
sym2int.pl: replacing رہنماؤں with 2
sym2int.pl: replacing آشیرباد with 2
sym2int.pl: replacing باگ with 2
sym2int.pl: replacing دھاگے with 2
sym2int.pl: replacing ریشوں with 2
sym2int.pl: replacing دھری with 2
sym2int.pl: replacing لنگڑی with 2
sym2int.pl: replacing گلہری with 2
sym2int.pl: replacing اُدھر with 2
sym2int.pl: replacing دلربا with 2
sym2int.pl: replacing آیوڈین with 2
sym2int.pl: replacing نرخ with 2
sym2int.pl: replacing ٹھیلے with 2
sym2int.pl: replacing کلو with 2
sym2int.pl: replacing بنفشی with 2
sym2int.pl: replacing آلوچہ with 2
sym2int.pl: not warning for OOVs any more times
** Replaced 445 instances of OOVs with 2
add-deltas ark:- ark:- 
apply-cmvn --utt2spk=ark:data/train/split8/8/utt2spk scp:data/train/split8/8/cmvn.scp scp:data/train/split8/8/feats.scp ark:- 
LOG (gmm-align-compiled[5.5.383~1-bd1d]:main():gmm-align-compiled.cc:127) c600
LOG (gmm-align-compiled[5.5.383~1-bd1d]:main():gmm-align-compiled.cc:127) c601
LOG (gmm-align-compiled[5.5.383~1-bd1d]:main():gmm-align-compiled.cc:127) c602
LOG (gmm-align-compiled[5.5.383~1-bd1d]:main():gmm-align-compiled.cc:127) c603
LOG (gmm-align-compiled[5.5.383~1-bd1d]:main():gmm-align-compiled.cc:127) c604
LOG (gmm-align-compiled[5.5.383~1-bd1d]:main():gmm-align-compiled.cc:127) c605
LOG (gmm-align-compiled[5.5.383~1-bd1d]:main():gmm-align-compiled.cc:127) c606
LOG (gmm-align-compiled[5.5.383~1-bd1d]:main():gmm-align-compiled.cc:127) c607
LOG (gmm-align-compiled[5.5.383~1-bd1d]:main():gmm-align-compiled.cc:127) c608
LOG (gmm-align-compiled[5.5.383~1-bd1d]:main():gmm-align-compiled.cc:127) c609
LOG (gmm-align-compiled[5.5.383~1-bd1d]:main():gmm-align-compiled.cc:127) c61
LOG (gmm-align-compiled[5.5.383~1-bd1d]:main():gmm-align-compiled.cc:127) c610
LOG (gmm-align-compiled[5.5.383~1-bd1d]:main():gmm-align-compiled.cc:127) c611
LOG (gmm-align-compiled[5.5.383~1-bd1d]:main():gmm-align-compiled.cc:127) c612
LOG (gmm-align-compiled[5.5.383~1-bd1d]:main():gmm-align-compiled.cc:127) c613
LOG (gmm-align-compiled[5.5.383~1-bd1d]:main():gmm-align-compiled.cc:127) c614
LOG (gmm-align-compiled[5.5.383~1-bd1d]:main():gmm-align-compiled.cc:127) c615
LOG (gmm-align-compiled[5.5.383~1-bd1d]:main():gmm-align-compiled.cc:127) c616
LOG (gmm-align-compiled[5.5.383~1-bd1d]:main():gmm-align-compiled.cc:127) c617
LOG (gmm-align-compiled[5.5.383~1-bd1d]:main():gmm-align-compiled.cc:127) c618
LOG (gmm-align-compiled[5.5.383~1-bd1d]:main():gmm-align-compiled.cc:127) c619
LOG (gmm-align-compiled[5.5.383~1-bd1d]:main():gmm-align-compiled.cc:127) c62
LOG (gmm-align-compiled[5.5.383~1-bd1d]:main():gmm-align-compiled.cc:127) c620
LOG (gmm-align-compiled[5.5.383~1-bd1d]:main():gmm-align-compiled.cc:127) c621
LOG (gmm-align-compiled[5.5.383~1-bd1d]:main():gmm-align-compiled.cc:127) c622
LOG (gmm-align-compiled[5.5.383~1-bd1d]:main():gmm-align-compiled.cc:127) c623
LOG (gmm-align-compiled[5.5.383~1-bd1d]:main():gmm-align-compiled.cc:127) c624
LOG (gmm-align-compiled[5.5.383~1-bd1d]:main():gmm-align-compiled.cc:127) c625
LOG (gmm-align-compiled[5.5.383~1-bd1d]:main():gmm-align-compiled.cc:127) c626
LOG (gmm-align-compiled[5.5.383~1-bd1d]:main():gmm-align-compiled.cc:127) c627
LOG (gmm-align-compiled[5.5.383~1-bd1d]:main():gmm-align-compiled.cc:127) c628
LOG (gmm-align-compiled[5.5.383~1-bd1d]:main():gmm-align-compiled.cc:127) c629
LOG (gmm-align-compiled[5.5.383~1-bd1d]:main():gmm-align-compiled.cc:127) c63
LOG (gmm-align-compiled[5.5.383~1-bd1d]:main():gmm-align-compiled.cc:127) c630
LOG (gmm-align-compiled[5.5.383~1-bd1d]:main():gmm-align-compiled.cc:127) c631
LOG (gmm-align-compiled[5.5.383~1-bd1d]:main():gmm-align-compiled.cc:127) c632
LOG (gmm-align-compiled[5.5.383~1-bd1d]:main():gmm-align-compiled.cc:127) c633
LOG (gmm-align-compiled[5.5.383~1-bd1d]:main():gmm-align-compiled.cc:127) c634
LOG (gmm-align-compiled[5.5.383~1-bd1d]:main():gmm-align-compiled.cc:127) c635
LOG (gmm-align-compiled[5.5.383~1-bd1d]:main():gmm-align-compiled.cc:127) c636
LOG (gmm-align-compiled[5.5.383~1-bd1d]:main():gmm-align-compiled.cc:127) c637
LOG (gmm-align-compiled[5.5.383~1-bd1d]:main():gmm-align-compiled.cc:127) c64
LOG (gmm-align-compiled[5.5.383~1-bd1d]:main():gmm-align-compiled.cc:127) c65
LOG (gmm-align-compiled[5.5.383~1-bd1d]:main():gmm-align-compiled.cc:127) c66
LOG (gmm-align-compiled[5.5.383~1-bd1d]:main():gmm-align-compiled.cc:127) c67
LOG (gmm-align-compiled[5.5.383~1-bd1d]:main():gmm-align-compiled.cc:127) c68
LOG (gmm-align-compiled[5.5.383~1-bd1d]:main():gmm-align-compiled.cc:127) c69
LOG (gmm-align-compiled[5.5.383~1-bd1d]:main():gmm-align-compiled.cc:127) c7
LOG (gmm-align-compiled[5.5.383~1-bd1d]:main():gmm-align-compiled.cc:127) c70
LOG (gmm-align-compiled[5.5.383~1-bd1d]:main():gmm-align-compiled.cc:127) c72
LOG (gmm-align-compiled[5.5.383~1-bd1d]:main():gmm-align-compiled.cc:127) c73
LOG (gmm-align-compiled[5.5.383~1-bd1d]:main():gmm-align-compiled.cc:127) c74
LOG (gmm-align-compiled[5.5.383~1-bd1d]:main():gmm-align-compiled.cc:127) c75
LOG (gmm-align-compiled[5.5.383~1-bd1d]:main():gmm-align-compiled.cc:127) c76
LOG (gmm-align-compiled[5.5.383~1-bd1d]:main():gmm-align-compiled.cc:127) c77
LOG (gmm-align-compiled[5.5.383~1-bd1d]:main():gmm-align-compiled.cc:127) c78
LOG (gmm-align-compiled[5.5.383~1-bd1d]:main():gmm-align-compiled.cc:127) c79
LOG (gmm-align-compiled[5.5.383~1-bd1d]:main():gmm-align-compiled.cc:127) c8
LOG (gmm-align-compiled[5.5.383~1-bd1d]:main():gmm-align-compiled.cc:127) c80
LOG (gmm-align-compiled[5.5.383~1-bd1d]:main():gmm-align-compiled.cc:127) c81
LOG (gmm-align-compiled[5.5.383~1-bd1d]:main():gmm-align-compiled.cc:127) c82
LOG (gmm-align-compiled[5.5.383~1-bd1d]:main():gmm-align-compiled.cc:127) c83
LOG (gmm-align-compiled[5.5.383~1-bd1d]:main():gmm-align-compiled.cc:127) c84
LOG (gmm-align-compiled[5.5.383~1-bd1d]:main():gmm-align-compiled.cc:127) c85
LOG (gmm-align-compiled[5.5.383~1-bd1d]:main():gmm-align-compiled.cc:127) c86
LOG (gmm-align-compiled[5.5.383~1-bd1d]:main():gmm-align-compiled.cc:127) c87
LOG (gmm-align-compiled[5.5.383~1-bd1d]:main():gmm-align-compiled.cc:127) c88
LOG (gmm-align-compiled[5.5.383~1-bd1d]:main():gmm-align-compiled.cc:127) c89
WARNING (gmm-align-compiled[5.5.383~1-bd1d]:AlignUtteranceWrapper():decoder-wrappers.cc:501) Retrying utterance c89 with beam 40
LOG (gmm-align-compiled[5.5.383~1-bd1d]:main():gmm-align-compiled.cc:127) c9
LOG (gmm-align-compiled[5.5.383~1-bd1d]:main():gmm-align-compiled.cc:127) c90
LOG (gmm-align-compiled[5.5.383~1-bd1d]:main():gmm-align-compiled.cc:127) c91
LOG (gmm-align-compiled[5.5.383~1-bd1d]:main():gmm-align-compiled.cc:127) c92
LOG (gmm-align-compiled[5.5.383~1-bd1d]:main():gmm-align-compiled.cc:127) c93
LOG (gmm-align-compiled[5.5.383~1-bd1d]:main():gmm-align-compiled.cc:127) c94
LOG (gmm-align-compiled[5.5.383~1-bd1d]:main():gmm-align-compiled.cc:127) c95
LOG (gmm-align-compiled[5.5.383~1-bd1d]:main():gmm-align-compiled.cc:127) c96
LOG (gmm-align-compiled[5.5.383~1-bd1d]:main():gmm-align-compiled.cc:127) c97
LOG (apply-cmvn[5.5.383~1-bd1d]:main():apply-cmvn.cc:162) Applied cepstral mean normalization to 79 utterances, errors on 0
LOG (compile-train-graphs[5.5.383~1-bd1d]:main():compile-train-graphs.cc:147) compile-train-graphs: succeeded for 79 graphs, failed for 0
LOG (gmm-align-compiled[5.5.383~1-bd1d]:main():gmm-align-compiled.cc:127) c98
LOG (gmm-align-compiled[5.5.383~1-bd1d]:main():gmm-align-compiled.cc:127) c99
LOG (gmm-align-compiled[5.5.383~1-bd1d]:main():gmm-align-compiled.cc:135) Overall log-likelihood per frame is -92.3692 over 48083 frames.
LOG (gmm-align-compiled[5.5.383~1-bd1d]:main():gmm-align-compiled.cc:137) Retried 1 out of 79 utterances.
LOG (gmm-align-compiled[5.5.383~1-bd1d]:main():gmm-align-compiled.cc:139) Done 79, errors on 0
# Accounting: time=1 threads=1
# Ended (code 0) at Tue Jun 18 17:07:31 IST 2019, elapsed time 1 seconds
