# lattice-scale --inv-acoustic-scale=8 "ark:gunzip -c exp/tri1/decode/lat.*.gz|" ark:- | lattice-add-penalty --word-ins-penalty=0.0 ark:- ark:- | lattice-best-path --word-symbol-table=exp/tri1/graph/words.txt ark:- ark,t:- | utils/int2sym.pl -f 2- exp/tri1/graph/words.txt | cat > exp/tri1/decode/scoring_kaldi/penalty_0.0/8.txt 
# Started at Tue Jun 18 17:08:57 IST 2019
#
lattice-add-penalty --word-ins-penalty=0.0 ark:- ark:- 
lattice-scale --inv-acoustic-scale=8 'ark:gunzip -c exp/tri1/decode/lat.*.gz|' ark:- 
lattice-best-path --word-symbol-table=exp/tri1/graph/words.txt ark:- ark,t:- 
LOG (lattice-best-path[5.5.383~1-bd1d]:main():lattice-best-path.cc:99) For utterance c638, best cost 128.688 + 7736.32 = 7865.01 over 693 frames.
c638 <oov> کی <oov> میں <oov> <oov> کو <oov> کی کے <oov> 
LOG (lattice-best-path[5.5.383~1-bd1d]:main():lattice-best-path.cc:99) For utterance c639, best cost 106.095 + 7128.68 = 7234.77 over 630 frames.
c639 <oov> کی <oov> <oov> <oov> کی <oov> <oov> 
LOG (lattice-best-path[5.5.383~1-bd1d]:main():lattice-best-path.cc:99) For utterance c640, best cost 201.577 + 7839.54 = 8041.12 over 710 frames.
c640 <oov> کے <oov> پر بیٹھ <oov> سفیر نے <oov> <oov> کونسل کے <oov> والا کا <oov> لگایا 
LOG (lattice-best-path[5.5.383~1-bd1d]:main():lattice-best-path.cc:99) For utterance c641, best cost 100.476 + 4975.83 = 5076.3 over 436 frames.
c641 <oov> <oov> <oov> کی <oov> کر <oov> <oov> 
LOG (lattice-best-path[5.5.383~1-bd1d]:main():lattice-best-path.cc:99) For utterance c642, best cost 97.5393 + 6032.53 = 6130.06 over 533 frames.
c642 <oov> کے <oov> <oov> <oov> کی <oov> 
LOG (lattice-best-path[5.5.383~1-bd1d]:main():lattice-best-path.cc:99) For utterance c643, best cost 101.667 + 7039.23 = 7140.89 over 622 frames.
c643 <oov> <oov> <oov> اور <oov> <oov> لیں 
LOG (lattice-best-path[5.5.383~1-bd1d]:main():lattice-best-path.cc:99) For utterance c644, best cost 139.166 + 7692.59 = 7831.75 over 685 frames.
c644 <oov> <oov> <oov> اور <oov> <oov> کے <oov> پارس <oov> <oov> 
LOG (lattice-best-path[5.5.383~1-bd1d]:main():lattice-best-path.cc:99) For utterance c645, best cost 110.663 + 6601.33 = 6712 over 584 frames.
c645 <oov> میں <oov> <oov> <oov> کرنے کی <oov> ہیں 
LOG (lattice-best-path[5.5.383~1-bd1d]:main():lattice-best-path.cc:99) For utterance c646, best cost 140.327 + 5700.66 = 5840.99 over 504 frames.
c646 <oov> <oov> اور <oov> نے کے بعد <oov> میں <oov> میں آئی 
LOG (lattice-best-path[5.5.383~1-bd1d]:main():lattice-best-path.cc:99) For utterance c647, best cost 55.6104 + 4075.92 = 4131.53 over 356 frames.
c647 <oov> <oov> پر آئے 
LOG (lattice-best-path[5.5.383~1-bd1d]:main():lattice-best-path.cc:99) For utterance c648, best cost 92.4964 + 4629.13 = 4721.62 over 415 frames.
c648 میلے میں <oov> <oov> <oov> کیلئے <oov> تھا 
LOG (lattice-best-path[5.5.383~1-bd1d]:main():lattice-best-path.cc:99) For utterance c649, best cost 126.105 + 6378.47 = 6504.57 over 580 frames.
c649 <oov> <oov> کے بیٹھ نے کے بعد <oov> <oov> <oov> 
LOG (lattice-best-path[5.5.383~1-bd1d]:main():lattice-best-path.cc:99) For utterance c650, best cost 113.186 + 6445.37 = 6558.56 over 580 frames.
c650 <oov> کی <oov> کے <oov> <oov> کے <oov> ہے 
LOG (lattice-best-path[5.5.383~1-bd1d]:main():lattice-best-path.cc:99) For utterance c651, best cost 134.573 + 5236.71 = 5371.28 over 470 frames.
c651 <oov> کو <oov> <oov> کی <oov> <oov> سے پہلے <oov> پی تھیں 
LOG (lattice-best-path[5.5.383~1-bd1d]:main():lattice-best-path.cc:99) For utterance c652, best cost 139.539 + 8607.49 = 8747.02 over 761 frames.
c652 <oov> کی <oov> <oov> <oov> اور <oov> <oov> <oov> کے <oov> 
LOG (lattice-best-path[5.5.383~1-bd1d]:main():lattice-best-path.cc:99) For utterance c653, best cost 124.768 + 7340.85 = 7465.62 over 660 frames.
c653 <oov> <oov> کا <oov> <oov> کر <oov> کے <oov> <oov> 
LOG (lattice-best-path[5.5.383~1-bd1d]:main():lattice-best-path.cc:99) For utterance c654, best cost 69.5761 + 6165.62 = 6235.19 over 542 frames.
c654 <oov> <oov> 
LOG (lattice-best-path[5.5.383~1-bd1d]:main():lattice-best-path.cc:99) For utterance c655, best cost 69.9376 + 5639.27 = 5709.21 over 516 frames.
c655 <oov> <oov> <oov> <oov> ہے 
LOG (lattice-best-path[5.5.383~1-bd1d]:main():lattice-best-path.cc:99) For utterance c656, best cost 124.566 + 7074.04 = 7198.61 over 643 frames.
c656 <oov> سے <oov> <oov> <oov> اور <oov> <oov> <oov> کریں 
LOG (lattice-best-path[5.5.383~1-bd1d]:main():lattice-best-path.cc:99) For utterance c657, best cost 121.225 + 5274.61 = 5395.83 over 491 frames.
c657 <oov> <oov> کے <oov> کردار کی حد سے <oov> نہیں 
LOG (lattice-best-path[5.5.383~1-bd1d]:main():lattice-best-path.cc:99) For utterance c658, best cost 58.7521 + 5018.33 = 5077.08 over 449 frames.
c658 <oov> کی <oov> 
LOG (lattice-best-path[5.5.383~1-bd1d]:main():lattice-best-path.cc:99) For utterance c659, best cost 134.99 + 6735.21 = 6870.2 over 617 frames.
c659 <oov> کر <oov> اور <oov> <oov> <oov> کے بعد <oov> 
LOG (lattice-best-path[5.5.383~1-bd1d]:main():lattice-best-path.cc:99) For utterance c660, best cost 83.0987 + 3485.89 = 3568.99 over 313 frames.
c660 <oov> <oov> کے <oov> <oov> نہیں <oov> 
LOG (lattice-best-path[5.5.383~1-bd1d]:main():lattice-best-path.cc:99) For utterance c661, best cost 86.2436 + 4500.66 = 4586.9 over 413 frames.
c661 <oov> لینے کے لئے <oov> پر <oov> <oov> 
LOG (lattice-best-path[5.5.383~1-bd1d]:main():lattice-best-path.cc:99) For utterance c662, best cost 102.775 + 4387.41 = 4490.18 over 376 frames.
c662 <oov> <oov> کو کی <oov> <oov> کی <oov> <oov> 
LOG (lattice-best-path[5.5.383~1-bd1d]:main():lattice-best-path.cc:99) For utterance c663, best cost 131.639 + 6806.86 = 6938.5 over 603 frames.
c663 <oov> رونے <oov> <oov> <oov> <oov> <oov> <oov> کی <oov> ہوئی 
LOG (lattice-best-path[5.5.383~1-bd1d]:main():lattice-best-path.cc:99) For utterance c664, best cost 144.996 + 6660.08 = 6805.08 over 575 frames.
c664 <oov> کے <oov> اعظم میں <oov> <oov> کے <oov> <oov> ہو گئ 
LOG (lattice-best-path[5.5.383~1-bd1d]:main():lattice-best-path.cc:99) For utterance c665, best cost 118.429 + 4697.27 = 4815.69 over 435 frames.
c665 فیض نے <oov> سال راوی سے <oov> <oov> ہوا 
LOG (lattice-best-path[5.5.383~1-bd1d]:main():lattice-best-path.cc:99) For utterance c666, best cost 103.369 + 4957.69 = 5061.06 over 438 frames.
c666 <oov> سے <oov> پر <oov> سے <oov> لئے 
LOG (lattice-best-path[5.5.383~1-bd1d]:main():lattice-best-path.cc:99) For utterance c667, best cost 120.211 + 4603.36 = 4723.57 over 395 frames.
c667 <oov> کے <oov> سے <oov> بھوسے کی <oov> <oov> ہوئی 
LOG (lattice-best-path[5.5.383~1-bd1d]:main():lattice-best-path.cc:99) For utterance c668, best cost 135.468 + 6872.24 = 7007.7 over 613 frames.
c668 <oov> <oov> کے <oov> <oov> نے والے <oov> کا <oov> <oov> 
LOG (lattice-best-path[5.5.383~1-bd1d]:main():lattice-best-path.cc:99) For utterance c669, best cost 88.4734 + 5128.1 = 5216.58 over 458 frames.
c669 <oov> <oov> کے <oov> نہیں کیا 
LOG (lattice-best-path[5.5.383~1-bd1d]:main():lattice-best-path.cc:99) For utterance c670, best cost 58.9401 + 4425.64 = 4484.58 over 383 frames.
c670 <oov> کا <oov> 
LOG (lattice-best-path[5.5.383~1-bd1d]:main():lattice-best-path.cc:99) For utterance c671, best cost 160.176 + 7174.68 = 7334.86 over 624 frames.
c671 <oov> سے پہلے <oov> کی <oov> نے کہا <oov> کے <oov> <oov> اور <oov> 
LOG (lattice-best-path[5.5.383~1-bd1d]:main():lattice-best-path.cc:99) For utterance c672, best cost 104.173 + 6472.16 = 6576.33 over 589 frames.
c672 <oov> <oov> تو <oov> <oov> کا <oov> ہے 
LOG (lattice-best-path[5.5.383~1-bd1d]:main():lattice-best-path.cc:99) For utterance c673, best cost 114.077 + 4479.55 = 4593.63 over 407 frames.
c673 <oov> <oov> نسل کے <oov> <oov> پڑ آئے 
LOG (lattice-best-path[5.5.383~1-bd1d]:main():lattice-best-path.cc:99) For utterance c674, best cost 112.368 + 6631.84 = 6744.21 over 592 frames.
c674 <oov> نے <oov> میں <oov> <oov> نے کی کوشش کی 
LOG (lattice-best-path[5.5.383~1-bd1d]:main():lattice-best-path.cc:99) For utterance c675, best cost 88.4302 + 4590.09 = 4678.52 over 403 frames.
c675 <oov> پر <oov> کا <oov> آئے 
LOG (lattice-best-path[5.5.383~1-bd1d]:main():lattice-best-path.cc:99) For utterance c676, best cost 143.611 + 5477.52 = 5621.13 over 480 frames.
c676 <oov> ہائش کی <oov> نتیجہ <oov> نے <oov> پر رکھ دی 
LOG (lattice-best-path[5.5.383~1-bd1d]:main():lattice-best-path.cc:99) For utterance c677, best cost 173.108 + 6766.52 = 6939.63 over 605 frames.
c677 نثار <oov> <oov> مگر بعد <oov> صبوحی <oov> کی ہیبت سے <oov> گیا 
LOG (lattice-best-path[5.5.383~1-bd1d]:main():lattice-best-path.cc:99) For utterance c678, best cost 173.87 + 8103.67 = 8277.54 over 737 frames.
c678 سینٹ <oov> کو <oov> سے <oov> آنے کے <oov> <oov> سے <oov> شعر کریں 
LOG (lattice-best-path[5.5.383~1-bd1d]:main():lattice-best-path.cc:99) For utterance c679, best cost 100.719 + 4115.69 = 4216.41 over 365 frames.
c679 <oov> اور <oov> پر <oov> لگایا <oov> لی 
LOG (lattice-best-path[5.5.383~1-bd1d]:main():lattice-best-path.cc:99) For utterance c680, best cost 114.259 + 5428.04 = 5542.3 over 480 frames.
c680 <oov> کا جوڑا پہن <oov> نے میں <oov> آ جاتا ہے 
LOG (lattice-best-path[5.5.383~1-bd1d]:main():lattice-best-path.cc:99) For utterance c681, best cost 114.736 + 5684.05 = 5798.78 over 504 frames.
c681 <oov> کو <oov> کی <oov> پر <oov> پر <oov> 
LOG (lattice-best-path[5.5.383~1-bd1d]:main():lattice-best-path.cc:99) For utterance c682, best cost 108.852 + 6163.34 = 6272.19 over 554 frames.
c682 <oov> کی <oov> <oov> کر <oov> کیے 
LOG (lattice-best-path[5.5.383~1-bd1d]:main():lattice-best-path.cc:99) For utterance c683, best cost 117.165 + 5986.01 = 6103.18 over 524 frames.
c683 <oov> سے <oov> <oov> <oov> کے <oov> <oov> نکھر گئی 
LOG (lattice-best-path[5.5.383~1-bd1d]:main():lattice-best-path.cc:99) For utterance c684, best cost 68.9333 + 4514.61 = 4583.54 over 392 frames.
c684 <oov> کے کی <oov> 
LOG (lattice-best-path[5.5.383~1-bd1d]:main():lattice-best-path.cc:99) For utterance c685, best cost 53.9698 + 4383.52 = 4437.49 over 390 frames.
c685 <oov> <oov> <oov> 
LOG (lattice-best-path[5.5.383~1-bd1d]:main():lattice-best-path.cc:99) For utterance c686, best cost 100.921 + 5847.76 = 5948.68 over 516 frames.
c686 <oov> کے <oov> بھی <oov> سے <oov> <oov> 
LOG (lattice-best-path[5.5.383~1-bd1d]:main():lattice-best-path.cc:99) For utterance c687, best cost 117.917 + 7346.44 = 7464.36 over 644 frames.
c687 <oov> اسکے <oov> کے کھول <oov> <oov> کرائی 
LOG (lattice-best-path[5.5.383~1-bd1d]:main():lattice-best-path.cc:99) For utterance c688, best cost 216.979 + 7975.67 = 8192.65 over 713 frames.
c688 ہلکی <oov> چادر <oov> کر <oov> <oov> <oov> اور <oov> کے <oov> میں نے <oov> <oov> کے پر <oov> 
LOG (lattice-best-path[5.5.383~1-bd1d]:main():lattice-best-path.cc:99) For utterance c689, best cost 106.302 + 6253.42 = 6359.73 over 541 frames.
c689 <oov> جان <oov> اور <oov> فصلیں <oov> ہے 
LOG (lattice-best-path[5.5.383~1-bd1d]:main():lattice-best-path.cc:99) For utterance c690, best cost 63.1241 + 3584.35 = 3647.48 over 315 frames.
c690 <oov> <oov> نہیں جاتا 
LOG (lattice-best-path[5.5.383~1-bd1d]:main():lattice-best-path.cc:99) For utterance c691, best cost 201.121 + 6420.52 = 6621.64 over 591 frames.
c691 کی سی کی <oov> کیلئے اپنا <oov> اور <oov> سے <oov> سا کر <oov> ناپ میں <oov> 
LOG (lattice-best-path[5.5.383~1-bd1d]:main():lattice-best-path.cc:99) For utterance c692, best cost 161.372 + 5639.4 = 5800.77 over 523 frames.
c692 <oov> نثار نے کہا کہ میں ایسے <oov> <oov> کے <oov> <oov> آتے <oov> 
LOG (lattice-best-path[5.5.383~1-bd1d]:main():lattice-best-path.cc:99) For utterance c693, best cost 150.486 + 4837.33 = 4987.81 over 461 frames.
c693 میں نے <oov> <oov> اسے کہا کہ <oov> پر <oov> کر رائے مت دو 
LOG (lattice-best-path[5.5.383~1-bd1d]:main():lattice-best-path.cc:99) For utterance c694, best cost 109.496 + 5986.04 = 6095.54 over 555 frames.
c694 <oov> <oov> شاہ <oov> <oov> چوبند بنائیں 
LOG (lattice-best-path[5.5.383~1-bd1d]:main():lattice-best-path.cc:99) For utterance c695, best cost 157.135 + 6323.89 = 6481.02 over 581 frames.
c695 <oov> <oov> جانے کو کے <oov> اگر <oov> تو پانی میں <oov> 
LOG (lattice-best-path[5.5.383~1-bd1d]:main():lattice-best-path.cc:99) For utterance c696, best cost 173.866 + 6561.5 = 6735.37 over 611 frames.
c696 <oov> <oov> کی آمیز ایک کو مصنوعی <oov> کے بنانے کے لئے فراہم کیا جائے گا 
LOG (lattice-best-path[5.5.383~1-bd1d]:main():lattice-best-path.cc:99) For utterance c697, best cost 81.4279 + 4544.34 = 4625.76 over 415 frames.
c697 <oov> <oov> کرنے کا کام ہو گا 
LOG (lattice-best-path[5.5.383~1-bd1d]:main():lattice-best-path.cc:99) For utterance c698, best cost 95.5574 + 5268.53 = 5364.09 over 477 frames.
c698 <oov> سے <oov> جائزہ <oov> نے لگا 
LOG (lattice-best-path[5.5.383~1-bd1d]:main():lattice-best-path.cc:99) For utterance c699, best cost 137.977 + 7354.54 = 7492.52 over 669 frames.
c699 <oov> میں <oov> کے <oov> تی کا مت <oov> 
LOG (lattice-best-path[5.5.383~1-bd1d]:main():lattice-best-path.cc:99) For utterance c700, best cost 79.9101 + 7133.4 = 7213.31 over 621 frames.
c700 <oov> <oov> کی <oov> ہو 
LOG (lattice-best-path[5.5.383~1-bd1d]:main():lattice-best-path.cc:99) For utterance c701, best cost 163.261 + 7876.77 = 8040.03 over 722 frames.
c701 مضمون <oov>LOG (lattice-scale[5.5.383~1-bd1d]:main():lattice-scale.cc:107) Done 71 lattices.
 <oov> <oov> غزل کی <oov> <oov> <oov> کر <oov> کو سمجھایا 
LOG (lattice-best-path[5.5.383~1-bd1d]:main():lattice-best-path.cc:99) For utterance c702, best cost 109.489 + 5019.26 = 5128.75 over 467 frames.
c702 غیر فیصلہ <oov> میں ہر ایک <oov> <oov> 
LOG (lattice-best-path[5.5.383~1-bd1d]:main():lattice-best-path.cc:99) For utterance c703, best cost 106.161 + 5096.45 = 5202.61 over 478 frames.
c703 <oov> کےLOG (lattice-add-penalty[5.5.383~1-bd1d]:main():lattice-add-penalty.cc:62) Done adding word insertion penalty to 71 lattices.
 <oov> <oov> بار ظاہر ہوتا ہے 
LOG (lattice-best-path[5.5.383~1-bd1d]:main():lattice-best-path.cc:99) For utterance c704, best cost 107.302 + 6148.67 = 6255.97 over 564 frames.
c704 <oov> <oov> <oov> <oov> <oov> <oov> کا <oov> ہے 
LOG (lattice-best-path[5.5.383~1-bd1d]:main():lattice-best-path.cc:99) For utterance c705, best cost 133.96 + 5829 = 5962.96 over 535 frames.
c705 <oov> بن <oov> ایجاد پر لاگت <oov> <oov> سے بڑھ گئی 
LOG (lattice-best-path[5.5.383~1-bd1d]:main():lattice-best-path.cc:99) For utterance c706, best cost 96.259 + 5553.22 = 5649.48 over 492 frames.
c706 <oov> <oov> کے <oov> <oov> تو <oov> 
LOG (lattice-best-path[5.5.383~1-bd1d]:main():lattice-best-path.cc:99) For utterance c707, best cost 68.734 + 3972.46 = 4041.2 over 355 frames.
c707 ماضی <oov> <oov> پڑے 
LOG (lattice-best-path[5.5.383~1-bd1d]:main():lattice-best-path.cc:99) For utterance c708, best cost 126.635 + 5901.85 = 6028.48 over 527 frames.
c708 <oov> <oov> پہلے <oov> نے مجھے <oov> اور <oov> آئے 
LOG (lattice-best-path[5.5.383~1-bd1d]:main():lattice-best-path.cc:124) Overall cost per frame is 11.3771 = 0.220785 [graph] + 11.1563 [acoustic] over 37498 frames.
LOG (lattice-best-path[5.5.383~1-bd1d]:main():lattice-best-path.cc:128) Done 71 lattices, failed for 0
# Accounting: time=0 threads=1
# Ended (code 0) at Tue Jun 18 17:08:57 IST 2019, elapsed time 0 seconds
