# lattice-scale --inv-acoustic-scale=11 "ark:gunzip -c exp/tri1/decode/lat.*.gz|" ark:- | lattice-add-penalty --word-ins-penalty=0.0 ark:- ark:- | lattice-best-path --word-symbol-table=exp/tri1/graph/words.txt ark:- ark,t:- | utils/int2sym.pl -f 2- exp/tri1/graph/words.txt | cat > exp/tri1/decode/scoring_kaldi/penalty_0.0/11.txt 
# Started at Tue Jun 18 17:08:57 IST 2019
#
lattice-best-path --word-symbol-table=exp/tri1/graph/words.txt ark:- ark,t:- 
lattice-add-penalty --word-ins-penalty=0.0 ark:- ark:- 
lattice-scale --inv-acoustic-scale=11 'ark:gunzip -c exp/tri1/decode/lat.*.gz|' ark:- 
LOG (lattice-best-path[5.5.383~1-bd1d]:main():lattice-best-path.cc:99) For utterance c638, best cost 116.749 + 5637.41 = 5754.16 over 693 frames.
c638 <oov> میں <oov> <oov> کو <oov> کی کے <oov> 
LOG (lattice-best-path[5.5.383~1-bd1d]:main():lattice-best-path.cc:99) For utterance c639, best cost 80.0553 + 5206.23 = 5286.28 over 630 frames.
c639 <oov> کی <oov> <oov> 
LOG (lattice-best-path[5.5.383~1-bd1d]:main():lattice-best-path.cc:99) For utterance c640, best cost 201.577 + 5701.49 = 5903.06 over 710 frames.
c640 <oov> کے <oov> پر بیٹھ <oov> سفیر نے <oov> <oov> کونسل کے <oov> والا کا <oov> لگایا 
LOG (lattice-best-path[5.5.383~1-bd1d]:main():lattice-best-path.cc:99) For utterance c641, best cost 74.7317 + 3641.89 = 3716.62 over 436 frames.
c641 <oov> کر <oov> <oov> 
LOG (lattice-best-path[5.5.383~1-bd1d]:main():lattice-best-path.cc:99) For utterance c642, best cost 84.4128 + 4396.92 = 4481.33 over 533 frames.
c642 <oov> <oov> <oov> کی <oov> 
LOG (lattice-best-path[5.5.383~1-bd1d]:main():lattice-best-path.cc:99) For utterance c643, best cost 101.667 + 5119.44 = 5221.11 over 622 frames.
c643 <oov> <oov> <oov> اور <oov> <oov> لیں 
LOG (lattice-best-path[5.5.383~1-bd1d]:main():lattice-best-path.cc:99) For utterance c644, best cost 131.209 + 5600.49 = 5731.7 over 685 frames.
c644 <oov> <oov> اور <oov> <oov> کے <oov> پارس <oov> <oov> 
LOG (lattice-best-path[5.5.383~1-bd1d]:main():lattice-best-path.cc:99) For utterance c645, best cost 105.499 + 4805.91 = 4911.41 over 584 frames.
c645 <oov> میں <oov> <oov> کرنے کی <oov> ہیں 
LOG (lattice-best-path[5.5.383~1-bd1d]:main():lattice-best-path.cc:99) For utterance c646, best cost 133.995 + 4150.68 = 4284.67 over 504 frames.
c646 <oov> اور <oov> نے کے بعد <oov> میں <oov> میں آئی 
LOG (lattice-best-path[5.5.383~1-bd1d]:main():lattice-best-path.cc:99) For utterance c647, best cost 55.6104 + 2964.31 = 3019.92 over 356 frames.
c647 <oov> <oov> پر آئے 
LOG (lattice-best-path[5.5.383~1-bd1d]:main():lattice-best-path.cc:99) For utterance c648, best cost 67.417 + 3388.4 = 3455.82 over 415 frames.
c648 میلے میں <oov> <oov> تھا 
LOG (lattice-best-path[5.5.383~1-bd1d]:main():lattice-best-path.cc:99) For utterance c649, best cost 103.197 + 4658.43 = 4761.62 over 580 frames.
c649 <oov> <oov> کے <oov> کے بعد <oov> <oov> 
LOG (lattice-best-path[5.5.383~1-bd1d]:main():lattice-best-path.cc:99) For utterance c650, best cost 108.034 + 4692.3 = 4800.34 over 580 frames.
c650 <oov> کی <oov> کے <oov> کے <oov> ہے 
LOG (lattice-best-path[5.5.383~1-bd1d]:main():lattice-best-path.cc:99) For utterance c651, best cost 117.376 + 3824.15 = 3941.53 over 470 frames.
c651 <oov> کو <oov> <oov> کی <oov> سے پہلے <oov> تھیں 
LOG (lattice-best-path[5.5.383~1-bd1d]:main():lattice-best-path.cc:99) For utterance c652, best cost 122.966 + 6274.5 = 6397.47 over 761 frames.
c652 <oov> کی <oov> اور <oov> <oov> کے <oov> 
LOG (lattice-best-path[5.5.383~1-bd1d]:main():lattice-best-path.cc:99) For utterance c653, best cost 118.35 + 5344.9 = 5463.25 over 660 frames.
c653 <oov> <oov> کا <oov> کر <oov> کے <oov> <oov> 
LOG (lattice-best-path[5.5.383~1-bd1d]:main():lattice-best-path.cc:99) For utterance c654, best cost 69.5761 + 4484.09 = 4553.66 over 542 frames.
c654 <oov> <oov> 
LOG (lattice-best-path[5.5.383~1-bd1d]:main():lattice-best-path.cc:99) For utterance c655, best cost 63.4856 + 4106.37 = 4169.85 over 516 frames.
c655 <oov> <oov> <oov> ہے 
LOG (lattice-best-path[5.5.383~1-bd1d]:main():lattice-best-path.cc:99) For utterance c656, best cost 115.007 + 5153.25 = 5268.25 over 643 frames.
c656 <oov> <oov> <oov> <oov> اور <oov> <oov> <oov> کریں 
LOG (lattice-best-path[5.5.383~1-bd1d]:main():lattice-best-path.cc:99) For utterance c657, best cost 114.259 + 3842.26 = 3956.52 over 491 frames.
c657 <oov> <oov> <oov> کردار کی حد سے <oov> نہیں 
LOG (lattice-best-path[5.5.383~1-bd1d]:main():lattice-best-path.cc:99) For utterance c658, best cost 58.7521 + 3649.7 = 3708.45 over 449 frames.
c658 <oov> کی <oov> 
LOG (lattice-best-path[5.5.383~1-bd1d]:main():lattice-best-path.cc:99) For utterance c659, best cost 117.627 + 4914.14 = 5031.77 over 617 frames.
c659 <oov> اور <oov> <oov> <oov> کے بعد <oov> 
LOG (lattice-best-path[5.5.383~1-bd1d]:main():lattice-best-path.cc:99) For utterance c660, best cost 78.0012 + 2540 = 2618 over 313 frames.
c660 <oov> کے <oov> <oov> نہیں <oov> 
LOG (lattice-best-path[5.5.383~1-bd1d]:main():lattice-best-path.cc:99) For utterance c661, best cost 63.5127 + 3292.3 = 3355.82 over 413 frames.
c661 <oov> لینے کے لئے <oov> 
LOG (lattice-best-path[5.5.383~1-bd1d]:main():lattice-best-path.cc:99) For utterance c662, best cost 84.724 + 3205.06 = 3289.78 over 376 frames.
c662 <oov> <oov> کو کی <oov> <oov> 
LOG (lattice-best-path[5.5.383~1-bd1d]:main():lattice-best-path.cc:99) For utterance c663, best cost 92.3659 + 4985.92 = 5078.29 over 603 frames.
c663 <oov> <oov> <oov> <oov> <oov> ہوئی 
LOG (lattice-best-path[5.5.383~1-bd1d]:main():lattice-best-path.cc:99) For utterance c664, best cost 116.499 + 4868.26 = 4984.76 over 575 frames.
c664 <oov> <oov> میں <oov> <oov> <oov> ہو گئ 
LOG (lattice-best-path[5.5.383~1-bd1d]:main():lattice-best-path.cc:99) For utterance c665, best cost 77.114 + 3455.29 = 3532.41 over 435 frames.
c665 فیض نے <oov> <oov> ہوا 
LOG (lattice-best-path[5.5.383~1-bd1d]:main():lattice-best-path.cc:99) For utterance c666, best cost 103.369 + 3605.59 = 3708.96 over 438 frames.
c666 <oov> سے <oov> پر <oov> سے <oov> لئے 
LOG (lattice-best-path[5.5.383~1-bd1d]:main():lattice-best-path.cc:99) For utterance c667, best cost 91.6992 + 3371.58 = 3463.28 over 395 frames.
c667 <oov> <oov> <oov> کی <oov> <oov> ہوئی 
LOG (lattice-best-path[5.5.383~1-bd1d]:main():lattice-best-path.cc:99) For utterance c668, best cost 112.952 + 5017.65 = 5130.6 over 613 frames.
c668 <oov> <oov> کے <oov> <oov> والے <oov> <oov> 
LOG (lattice-best-path[5.5.383~1-bd1d]:main():lattice-best-path.cc:99) For utterance c669, best cost 70.5458 + 3745.71 = 3816.26 over 458 frames.
c669 <oov> <oov> نہیں کیا 
LOG (lattice-best-path[5.5.383~1-bd1d]:main():lattice-best-path.cc:99) For utterance c670, best cost 42.977 + 3232.38 = 3275.35 over 383 frames.
c670 <oov> 
LOG (lattice-best-path[5.5.383~1-bd1d]:main():lattice-best-path.cc:99) For utterance c671, best cost 143.236 + 5231.38 = 5374.62 over 624 frames.
c671 <oov> سے پہلے <oov> کی <oov> نے کہا <oov> کے <oov> <oov> 
LOG (lattice-best-path[5.5.383~1-bd1d]:main():lattice-best-path.cc:99) For utterance c672, best cost 87.574 + 4721.98 = 4809.56 over 589 frames.
c672 <oov> <oov> <oov> کا <oov> ہے 
LOG (lattice-best-path[5.5.383~1-bd1d]:main():lattice-best-path.cc:99) For utterance c673, best cost 65.9264 + 3304.71 = 3370.63 over 407 frames.
c673 <oov> <oov> <oov> ہے 
LOG (lattice-best-path[5.5.383~1-bd1d]:main():lattice-best-path.cc:99) For utterance c674, best cost 102.716 + 4831.76 = 4934.48 over 592 frames.
c674 <oov> <oov> میں <oov> <oov> نے کی کوشش کی 
LOG (lattice-best-path[5.5.383~1-bd1d]:main():lattice-best-path.cc:99) For utterance c675, best cost 65.4127 + 3359.06 = 3424.47 over 403 frames.
c675 <oov> <oov> آئے 
LOG (lattice-best-path[5.5.383~1-bd1d]:main():lattice-best-path.cc:99) For utterance c676, best cost 143.611 + 3983.65 = 4127.26 over 480 frames.
c676 <oov> ہائش کی <oov> نتیجہ <oov> نے <oov> پر رکھ دی 
LOG (lattice-best-path[5.5.383~1-bd1d]:main():lattice-best-path.cc:99) For utterance c677, best cost 140.198 + 4951.81 = 5092.01 over 605 frames.
c677 نثار <oov> صبوحی <oov> کی ہیبت سے <oov> گیا 
LOG (lattice-best-path[5.5.383~1-bd1d]:main():lattice-best-path.cc:99) For utterance c678, best cost 145.771 + 5918.61 = 6064.38 over 737 frames.
c678 سینٹ <oov> کو <oov> نے کے <oov> <oov> <oov> شعر کریں 
LOG (lattice-best-path[5.5.383~1-bd1d]:main():lattice-best-path.cc:99) For utterance c679, best cost 73.0074 + 3019.28 = 3092.29 over 365 frames.
c679 <oov> اور <oov> پر <oov> 
LOG (lattice-best-path[5.5.383~1-bd1d]:main():lattice-best-path.cc:99) For utterance c680, best cost 92.5541 + 3966.29 = 4058.85 over 480 frames.
c680 <oov> کا جوڑا پہن <oov> <oov> آ جاتا ہے 
LOG (lattice-best-path[5.5.383~1-bd1d]:main():lattice-best-path.cc:99) For utterance c681, best cost 64.8295 + 4177.29 = 4242.12 over 504 frames.
c681 <oov> کی <oov> 
LOG (lattice-best-path[5.5.383~1-bd1d]:main():lattice-best-path.cc:99) For utterance c682, best cost 92.1073 + 4497.15 = 4589.26 over 554 frames.
c682 <oov> کر <oov> کیے 
LOG (lattice-best-path[5.5.383~1-bd1d]:main():lattice-best-path.cc:99) For utterance c683, best cost 102.296 + 4367.73 = 4470.03 over 524 frames.
c683 <oov> <oov> <oov> کے <oov> <oov> نکھر گئی 
LOG (lattice-best-path[5.5.383~1-bd1d]:main():lattice-best-path.cc:99) For utterance c684, best cost 62.064 + 3289.99 = 3352.06 over 392 frames.
c684 <oov> کی <oov> 
LOG (lattice-best-path[5.5.383~1-bd1d]:main():lattice-best-path.cc:99) For utterance c685, best cost 53.9698 + 3188.01 = 3241.98 over 390 frames.
c685 <oov> <oov> <oov> 
LOG (lattice-best-path[5.5.383~1-bd1d]:main():lattice-best-path.cc:99) For utterance c686, best cost 87.3795 + 4262.88 = 4350.26 over 516 frames.
c686 <oov> کے <oov> سے <oov> <oov> 
LOG (lattice-best-path[5.5.383~1-bd1d]:main():lattice-best-path.cc:99) For utterance c687, best cost 95.0878 + 5362.05 = 5457.14 over 644 frames.
c687 <oov> اسکے <oov> <oov> کرائی 
LOG (lattice-best-path[5.5.383~1-bd1d]:main():lattice-best-path.cc:99) For utterance c688, best cost 147.61 + 5862.14 = 6009.75 over 713 frames.
c688 ہلکی <oov> کر <oov> <oov> کے <oov> <oov> کے <oov> 
LOG (lattice-best-path[5.5.383~1-bd1d]:main():lattice-best-path.cc:99) For utterance c689, best cost 74.4828 + 4577.22 = 4651.7 over 541 frames.
c689 <oov> جان <oov> ہے 
LOG (lattice-best-path[5.5.383~1-bd1d]:main():lattice-best-path.cc:99) For utterance c690, best cost 59.7207 + 2609.52 = 2669.24 over 315 frames.
c690 <oov> نہیں جاتا 
LOG (lattice-best-path[5.5.383~1-bd1d]:main():lattice-best-path.cc:99) For utterance c691, best cost 142.736 + 4718.81 = 4861.55 over 591 frames.
c691 کی <oov> کیلئے <oov> سے <oov> سا کر <oov> میں <oov> 
LOG (lattice-best-path[5.5.383~1-bd1d]:main():lattice-best-path.cc:99) For utterance c692, best cost 135.416 + 4123.13 = 4258.55 over 523 frames.
c692 <oov> نثار نے کہا کہ میں ایسے <oov> کے <oov> <oov> 
LOG (lattice-best-path[5.5.383~1-bd1d]:main():lattice-best-path.cc:99) For utterance c693, best cost 125.192 + 3540.44 = 3665.63 over 461 frames.
c693 میں نے <oov> <oov> سے کہا کہ <oov> پر <oov> مت دو 
LOG (lattice-best-path[5.5.383~1-bd1d]:main():lattice-best-path.cc:99) For utterance c694, best cost 84.5365 + 4373.02 = 4457.56 over 555 frames.
c694 <oov> <oov> <oov> <oov> بنائیں 
LOG (lattice-best-path[5.5.383~1-bd1d]:main():lattice-best-path.cc:99) For utterance c695, best cost 113.119 + 4636.98 = 4750.1 over 581 frames.
c695 <oov> <oov> <oov> تو پانی میں <oov> 
LOG (lattice-best-path[5.5.383~1-bd1d]:main():lattice-best-path.cc:99) For utterance c696, best cost 146.143 + 4797.07 = 4943.21 over 611 frames.
c696 <oov> <oov> میں <oov> <oov> کے بنانے کے لئے فراہم کیا جائے گا 
LOG (lattice-best-path[5.5.383~1-bd1d]:main():lattice-best-path.cc:99) For utterance c697, best cost 81.4279 + 3304.97 = 3386.4 over 415 frames.
c697 <oov> <oov> کرنے کا کام ہو گا 
LOG (lattice-best-path[5.5.383~1-bd1d]:main():lattice-best-path.cc:99) For utterance c698, best cost 79.5456 + 3845.1 = 3924.64 over 477 frames.
c698 <oov> سے <oov> لینے لگا 
LOG (lattice-best-path[5.5.383~1-bd1d]:main():lattice-best-path.cc:99) For utterance c699, best cost 102.083 + 5382.08 = 5484.16 over 669 frames.
c699 <oov> میں <oov> کے <oov> 
LOG (lattice-best-path[5.5.383~1-bd1d]:main():lattice-best-path.cc:99) For utterance c700, best cost 79.9101 + 5187.92 = 5267.83 over 621 frames.
c700 <oov> <oov> کی <oov> ہو 
LOG (lattice-best-path[5.5.383~1-bd1d]:main():lattice-best-path.cc:99) For utterance c701, best cost 135.849 + 5751.24 = 5887.09 over 722 frames.
c701 مضمون <oov> <oov> کی <oov> <oov> کر LOG (lattice-scale[5.5.383~1-bd1d]:main():lattice-scale.cc:107) Done 71 lattices.
<oov> کو سمجھایا 
LOG (lattice-best-path[5.5.383~1-bd1d]:main():lattice-best-path.cc:99) For utterance c702, best cost 101.392 + 3656.29 = 3757.68 over 467 frames.
c702 غیر فیصلہ <oov> میں ہر ایک <oov> 
LOG (lattice-add-penalty[5.5.383~1-bd1d]:main():lattice-add-penalty.cc:62) Done adding word insertion penalty to 71 lattices.
LOG (lattice-best-path[5.5.383~1-bd1d]:main():lattice-best-path.cc:99) For utterance c703, best cost 106.161 + 3706.51 = 3812.67 over 478 frames.
c703 <oov> کے <oov> <oov> بار ظاہر ہوتا ہے 
LOG (lattice-best-path[5.5.383~1-bd1d]:main():lattice-best-path.cc:99) For utterance c704, best cost 85.1287 + 4491.95 = 4577.08 over 564 frames.
c704 <oov> <oov> <oov> <oov> <oov> ہے 
LOG (lattice-best-path[5.5.383~1-bd1d]:main():lattice-best-path.cc:99) For utterance c705, best cost 119.526 + 4251.06 = 4370.59 over 535 frames.
c705 <oov> <oov> ایجاد پر لاگت <oov> سے بڑھ گئی 
LOG (lattice-best-path[5.5.383~1-bd1d]:main():lattice-best-path.cc:99) For utterance c706, best cost 75.349 + 4057.14 = 4132.49 over 492 frames.
c706 <oov> <oov> تو <oov> 
LOG (lattice-best-path[5.5.383~1-bd1d]:main():lattice-best-path.cc:99) For utterance c707, best cost 54.6125 + 2901.63 = 2956.24 over 355 frames.
c707 <oov> پڑے 
LOG (lattice-best-path[5.5.383~1-bd1d]:main():lattice-best-path.cc:99) For utterance c708, best cost 120.194 + 4297.49 = 4417.69 over 527 frames.
c708 <oov> <oov> پہلے <oov> نے <oov> اور <oov> آئے 
LOG (lattice-best-path[5.5.383~1-bd1d]:main():lattice-best-path.cc:124) Overall cost per frame is 8.33019 = 0.186228 [graph] + 8.14396 [acoustic] over 37498 frames.
LOG (lattice-best-path[5.5.383~1-bd1d]:main():lattice-best-path.cc:128) Done 71 lattices, failed for 0
# Accounting: time=0 threads=1
# Ended (code 0) at Tue Jun 18 17:08:57 IST 2019, elapsed time 0 seconds
