# compute-mfcc-feats --write-utt2dur=ark,t:exp/make_mfcc/train/utt2dur.5 --verbose=2 --config=conf/mfcc.conf scp,p:exp/make_mfcc/train/wav_train.5.scp ark:- | copy-feats --write-num-frames=ark,t:exp/make_mfcc/train/utt2num_frames.5 --compress=true ark:- ark,scp:/media/vinayak/d/kaldi/egs/urdu/s5/mfcc/raw_mfcc_train.5.ark,/media/vinayak/d/kaldi/egs/urdu/s5/mfcc/raw_mfcc_train.5.scp 
# Started at Tue Jun 18 17:05:27 IST 2019
#
compute-mfcc-feats --write-utt2dur=ark,t:exp/make_mfcc/train/utt2dur.5 --verbose=2 --config=conf/mfcc.conf scp,p:exp/make_mfcc/train/wav_train.5.scp ark:- 
copy-feats --write-num-frames=ark,t:exp/make_mfcc/train/utt2num_frames.5 --compress=true ark:- ark,scp:/media/vinayak/d/kaldi/egs/urdu/s5/mfcc/raw_mfcc_train.5.ark,/media/vinayak/d/kaldi/egs/urdu/s5/mfcc/raw_mfcc_train.5.scp 
VLOG[2] (compute-mfcc-feats[5.5.383~1-bd1d]:main():compute-mfcc-feats.cc:182) Processed features for key c388
VLOG[2] (compute-mfcc-feats[5.5.383~1-bd1d]:main():compute-mfcc-feats.cc:182) Processed features for key c389
VLOG[2] (compute-mfcc-feats[5.5.383~1-bd1d]:main():compute-mfcc-feats.cc:182) Processed features for key c39
VLOG[2] (compute-mfcc-feats[5.5.383~1-bd1d]:main():compute-mfcc-feats.cc:182) Processed features for key c390
VLOG[2] (compute-mfcc-feats[5.5.383~1-bd1d]:main():compute-mfcc-feats.cc:182) Processed features for key c391
VLOG[2] (compute-mfcc-feats[5.5.383~1-bd1d]:main():compute-mfcc-feats.cc:182) Processed features for key c392
VLOG[2] (compute-mfcc-feats[5.5.383~1-bd1d]:main():compute-mfcc-feats.cc:182) Processed features for key c393
VLOG[2] (compute-mfcc-feats[5.5.383~1-bd1d]:main():compute-mfcc-feats.cc:182) Processed features for key c394
VLOG[2] (compute-mfcc-feats[5.5.383~1-bd1d]:main():compute-mfcc-feats.cc:182) Processed features for key c395
LOG (compute-mfcc-feats[5.5.383~1-bd1d]:main():compute-mfcc-feats.cc:181) Processed 10 utterances
VLOG[2] (compute-mfcc-feats[5.5.383~1-bd1d]:main():compute-mfcc-feats.cc:182) Processed features for key c396
VLOG[2] (compute-mfcc-feats[5.5.383~1-bd1d]:main():compute-mfcc-feats.cc:182) Processed features for key c397
VLOG[2] (compute-mfcc-feats[5.5.383~1-bd1d]:main():compute-mfcc-feats.cc:182) Processed features for key c398
VLOG[2] (compute-mfcc-feats[5.5.383~1-bd1d]:main():compute-mfcc-feats.cc:182) Processed features for key c399
VLOG[2] (compute-mfcc-feats[5.5.383~1-bd1d]:main():compute-mfcc-feats.cc:182) Processed features for key c4
VLOG[2] (compute-mfcc-feats[5.5.383~1-bd1d]:main():compute-mfcc-feats.cc:182) Processed features for key c40
VLOG[2] (compute-mfcc-feats[5.5.383~1-bd1d]:main():compute-mfcc-feats.cc:182) Processed features for key c400
VLOG[2] (compute-mfcc-feats[5.5.383~1-bd1d]:main():compute-mfcc-feats.cc:182) Processed features for key c401
VLOG[2] (compute-mfcc-feats[5.5.383~1-bd1d]:main():compute-mfcc-feats.cc:182) Processed features for key c402
VLOG[2] (compute-mfcc-feats[5.5.383~1-bd1d]:main():compute-mfcc-feats.cc:182) Processed features for key c403
LOG (compute-mfcc-feats[5.5.383~1-bd1d]:main():compute-mfcc-feats.cc:181) Processed 20 utterances
VLOG[2] (compute-mfcc-feats[5.5.383~1-bd1d]:main():compute-mfcc-feats.cc:182) Processed features for key c404
VLOG[2] (compute-mfcc-feats[5.5.383~1-bd1d]:main():compute-mfcc-feats.cc:182) Processed features for key c405
VLOG[2] (compute-mfcc-feats[5.5.383~1-bd1d]:main():compute-mfcc-feats.cc:182) Processed features for key c406
VLOG[2] (compute-mfcc-feats[5.5.383~1-bd1d]:main():compute-mfcc-feats.cc:182) Processed features for key c407
VLOG[2] (compute-mfcc-feats[5.5.383~1-bd1d]:main():compute-mfcc-feats.cc:182) Processed features for key c408
VLOG[2] (compute-mfcc-feats[5.5.383~1-bd1d]:main():compute-mfcc-feats.cc:182) Processed features for key c409
VLOG[2] (compute-mfcc-feats[5.5.383~1-bd1d]:main():compute-mfcc-feats.cc:182) Processed features for key c41
VLOG[2] (compute-mfcc-feats[5.5.383~1-bd1d]:main():compute-mfcc-feats.cc:182) Processed features for key c410
VLOG[2] (compute-mfcc-feats[5.5.383~1-bd1d]:main():compute-mfcc-feats.cc:182) Processed features for key c411
VLOG[2] (compute-mfcc-feats[5.5.383~1-bd1d]:main():compute-mfcc-feats.cc:182) Processed features for key c412
LOG (compute-mfcc-feats[5.5.383~1-bd1d]:main():compute-mfcc-feats.cc:181) Processed 30 utterances
VLOG[2] (compute-mfcc-feats[5.5.383~1-bd1d]:main():compute-mfcc-feats.cc:182) Processed features for key c413
VLOG[2] (compute-mfcc-feats[5.5.383~1-bd1d]:main():compute-mfcc-feats.cc:182) Processed features for key c414
VLOG[2] (compute-mfcc-feats[5.5.383~1-bd1d]:main():compute-mfcc-feats.cc:182) Processed features for key c415
VLOG[2] (compute-mfcc-feats[5.5.383~1-bd1d]:main():compute-mfcc-feats.cc:182) Processed features for key c416
VLOG[2] (compute-mfcc-feats[5.5.383~1-bd1d]:main():compute-mfcc-feats.cc:182) Processed features for key c417
VLOG[2] (compute-mfcc-feats[5.5.383~1-bd1d]:main():compute-mfcc-feats.cc:182) Processed features for key c418
VLOG[2] (compute-mfcc-feats[5.5.383~1-bd1d]:main():compute-mfcc-feats.cc:182) Processed features for key c419
VLOG[2] (compute-mfcc-feats[5.5.383~1-bd1d]:main():compute-mfcc-feats.cc:182) Processed features for key c42
VLOG[2] (compute-mfcc-feats[5.5.383~1-bd1d]:main():compute-mfcc-feats.cc:182) Processed features for key c420
VLOG[2] (compute-mfcc-feats[5.5.383~1-bd1d]:main():compute-mfcc-feats.cc:182) Processed features for key c421
LOG (compute-mfcc-feats[5.5.383~1-bd1d]:main():compute-mfcc-feats.cc:181) Processed 40 utterances
VLOG[2] (compute-mfcc-feats[5.5.383~1-bd1d]:main():compute-mfcc-feats.cc:182) Processed features for key c422
VLOG[2] (compute-mfcc-feats[5.5.383~1-bd1d]:main():compute-mfcc-feats.cc:182) Processed features for key c423
VLOG[2] (compute-mfcc-feats[5.5.383~1-bd1d]:main():compute-mfcc-feats.cc:182) Processed features for key c424
VLOG[2] (compute-mfcc-feats[5.5.383~1-bd1d]:main():compute-mfcc-feats.cc:182) Processed features for key c425
VLOG[2] (compute-mfcc-feats[5.5.383~1-bd1d]:main():compute-mfcc-feats.cc:182) Processed features for key c426
VLOG[2] (compute-mfcc-feats[5.5.383~1-bd1d]:main():compute-mfcc-feats.cc:182) Processed features for key c427
VLOG[2] (compute-mfcc-feats[5.5.383~1-bd1d]:main():compute-mfcc-feats.cc:182) Processed features for key c428
VLOG[2] (compute-mfcc-feats[5.5.383~1-bd1d]:main():compute-mfcc-feats.cc:182) Processed features for key c429
VLOG[2] (compute-mfcc-feats[5.5.383~1-bd1d]:main():compute-mfcc-feats.cc:182) Processed features for key c43
VLOG[2] (compute-mfcc-feats[5.5.383~1-bd1d]:main():compute-mfcc-feats.cc:182) Processed features for key c430
LOG (compute-mfcc-feats[5.5.383~1-bd1d]:main():compute-mfcc-feats.cc:181) Processed 50 utterances
VLOG[2] (compute-mfcc-feats[5.5.383~1-bd1d]:main():compute-mfcc-feats.cc:182) Processed features for key c431
VLOG[2] (compute-mfcc-feats[5.5.383~1-bd1d]:main():compute-mfcc-feats.cc:182) Processed features for key c432
VLOG[2] (compute-mfcc-feats[5.5.383~1-bd1d]:main():compute-mfcc-feats.cc:182) Processed features for key c433
VLOG[2] (compute-mfcc-feats[5.5.383~1-bd1d]:main():compute-mfcc-feats.cc:182) Processed features for key c434
VLOG[2] (compute-mfcc-feats[5.5.383~1-bd1d]:main():compute-mfcc-feats.cc:182) Processed features for key c435
VLOG[2] (compute-mfcc-feats[5.5.383~1-bd1d]:main():compute-mfcc-feats.cc:182) Processed features for key c436
VLOG[2] (compute-mfcc-feats[5.5.383~1-bd1d]:main():compute-mfcc-feats.cc:182) Processed features for key c437
VLOG[2] (compute-mfcc-feats[5.5.383~1-bd1d]:main():compute-mfcc-feats.cc:182) Processed features for key c438
VLOG[2] (compute-mfcc-feats[5.5.383~1-bd1d]:main():compute-mfcc-feats.cc:182) Processed features for key c439
VLOG[2] (compute-mfcc-feats[5.5.383~1-bd1d]:main():compute-mfcc-feats.cc:182) Processed features for key c44
LOG (compute-mfcc-feats[5.5.383~1-bd1d]:main():compute-mfcc-feats.cc:181) Processed 60 utterances
VLOG[2] (compute-mfcc-feats[5.5.383~1-bd1d]:main():compute-mfcc-feats.cc:182) Processed features for key c440
VLOG[2] (compute-mfcc-feats[5.5.383~1-bd1d]:main():compute-mfcc-feats.cc:182) Processed features for key c441
VLOG[2] (compute-mfcc-feats[5.5.383~1-bd1d]:main():compute-mfcc-feats.cc:182) Processed features for key c442
VLOG[2] (compute-mfcc-feats[5.5.383~1-bd1d]:main():compute-mfcc-feats.cc:182) Processed features for key c443
VLOG[2] (compute-mfcc-feats[5.5.383~1-bd1d]:main():compute-mfcc-feats.cc:182) Processed features for key c444
VLOG[2] (compute-mfcc-feats[5.5.383~1-bd1d]:main():compute-mfcc-feats.cc:182) Processed features for key c445
VLOG[2] (compute-mfcc-feats[5.5.383~1-bd1d]:main():compute-mfcc-feats.cc:182) Processed features for key c446
VLOG[2] (compute-mfcc-feats[5.5.383~1-bd1d]:main():compute-mfcc-feats.cc:182) Processed features for key c447
VLOG[2] (compute-mfcc-feats[5.5.383~1-bd1d]:main():compute-mfcc-feats.cc:182) Processed features for key c448
VLOG[2] (compute-mfcc-feats[5.5.383~1-bd1d]:main():compute-mfcc-feats.cc:182) Processed features for key c449
LOG (compute-mfcc-feats[5.5.383~1-bd1d]:main():compute-mfcc-feats.cc:181) Processed 70 utterances
VLOG[2] (compute-mfcc-feats[5.5.383~1-bd1d]:main():compute-mfcc-feats.cc:182) Processed features for key c45
VLOG[2] (compute-mfcc-feats[5.5.383~1-bd1d]:main():compute-mfcc-feats.cc:182) Processed features for key c450
VLOG[2] (compute-mfcc-feats[5.5.383~1-bd1d]:main():compute-mfcc-feats.cc:182) Processed features for key c451
VLOG[2] (compute-mfcc-feats[5.5.383~1-bd1d]:main():compute-mfcc-feats.cc:182) Processed features for key c452
VLOG[2] (compute-mfcc-feats[5.5.383~1-bd1d]:main():compute-mfcc-feats.cc:182) Processed features for key c453
VLOG[2] (compute-mfcc-feats[5.5.383~1-bd1d]:main():compute-mfcc-feats.cc:182) Processed features for key c454
VLOG[2] (compute-mfcc-feats[5.5.383~1-bd1d]:main():compute-mfcc-feats.cc:182) Processed features for key c455
VLOG[2] (compute-mfcc-feats[5.5.383~1-bd1d]:main():compute-mfcc-feats.cc:182) Processed features for key c456
VLOG[2] (compute-mfcc-feats[5.5.383~1-bd1d]:main():compute-mfcc-feats.cc:182) Processed features for key c457
VLOG[2] (compute-mfcc-feats[5.5.383~1-bd1d]:main():compute-mfcc-feats.cc:182) Processed features for key c458
LOG (compute-mfcc-feats[5.5.383~1-bd1d]:main():compute-mfcc-feats.cc:185)  Done 79 out of 79 utterances.
LOG (copy-feats[5.5.383~1-bd1d]:main():copy-feats.cc:143) Copied 79 feature matrices.
# Accounting: time=2 threads=1
# Ended (code 0) at Tue Jun 18 17:05:29 IST 2019, elapsed time 2 seconds
