# compute-mfcc-feats --write-utt2dur=ark,t:exp/make_mfcc/train/utt2dur.6 --verbose=2 --config=conf/mfcc.conf scp,p:exp/make_mfcc/train/wav_train.6.scp ark:- | copy-feats --write-num-frames=ark,t:exp/make_mfcc/train/utt2num_frames.6 --compress=true ark:- ark,scp:/media/vinayak/d/kaldi/egs/urdu/s5/mfcc/raw_mfcc_train.6.ark,/media/vinayak/d/kaldi/egs/urdu/s5/mfcc/raw_mfcc_train.6.scp 
# Started at Tue Jun 18 17:05:28 IST 2019
#
compute-mfcc-feats --write-utt2dur=ark,t:exp/make_mfcc/train/utt2dur.6 --verbose=2 --config=conf/mfcc.conf scp,p:exp/make_mfcc/train/wav_train.6.scp ark:- 
copy-feats --write-num-frames=ark,t:exp/make_mfcc/train/utt2num_frames.6 --compress=true ark:- ark,scp:/media/vinayak/d/kaldi/egs/urdu/s5/mfcc/raw_mfcc_train.6.ark,/media/vinayak/d/kaldi/egs/urdu/s5/mfcc/raw_mfcc_train.6.scp 
VLOG[2] (compute-mfcc-feats[5.5.383~1-bd1d]:main():compute-mfcc-feats.cc:182) Processed features for key c459
VLOG[2] (compute-mfcc-feats[5.5.383~1-bd1d]:main():compute-mfcc-feats.cc:182) Processed features for key c46
VLOG[2] (compute-mfcc-feats[5.5.383~1-bd1d]:main():compute-mfcc-feats.cc:182) Processed features for key c460
VLOG[2] (compute-mfcc-feats[5.5.383~1-bd1d]:main():compute-mfcc-feats.cc:182) Processed features for key c461
VLOG[2] (compute-mfcc-feats[5.5.383~1-bd1d]:main():compute-mfcc-feats.cc:182) Processed features for key c462
VLOG[2] (compute-mfcc-feats[5.5.383~1-bd1d]:main():compute-mfcc-feats.cc:182) Processed features for key c463
VLOG[2] (compute-mfcc-feats[5.5.383~1-bd1d]:main():compute-mfcc-feats.cc:182) Processed features for key c464
VLOG[2] (compute-mfcc-feats[5.5.383~1-bd1d]:main():compute-mfcc-feats.cc:182) Processed features for key c465
VLOG[2] (compute-mfcc-feats[5.5.383~1-bd1d]:main():compute-mfcc-feats.cc:182) Processed features for key c466
LOG (compute-mfcc-feats[5.5.383~1-bd1d]:main():compute-mfcc-feats.cc:181) Processed 10 utterances
VLOG[2] (compute-mfcc-feats[5.5.383~1-bd1d]:main():compute-mfcc-feats.cc:182) Processed features for key c467
VLOG[2] (compute-mfcc-feats[5.5.383~1-bd1d]:main():compute-mfcc-feats.cc:182) Processed features for key c468
VLOG[2] (compute-mfcc-feats[5.5.383~1-bd1d]:main():compute-mfcc-feats.cc:182) Processed features for key c469
VLOG[2] (compute-mfcc-feats[5.5.383~1-bd1d]:main():compute-mfcc-feats.cc:182) Processed features for key c47
VLOG[2] (compute-mfcc-feats[5.5.383~1-bd1d]:main():compute-mfcc-feats.cc:182) Processed features for key c470
VLOG[2] (compute-mfcc-feats[5.5.383~1-bd1d]:main():compute-mfcc-feats.cc:182) Processed features for key c471
VLOG[2] (compute-mfcc-feats[5.5.383~1-bd1d]:main():compute-mfcc-feats.cc:182) Processed features for key c472
VLOG[2] (compute-mfcc-feats[5.5.383~1-bd1d]:main():compute-mfcc-feats.cc:182) Processed features for key c473
VLOG[2] (compute-mfcc-feats[5.5.383~1-bd1d]:main():compute-mfcc-feats.cc:182) Processed features for key c474
VLOG[2] (compute-mfcc-feats[5.5.383~1-bd1d]:main():compute-mfcc-feats.cc:182) Processed features for key c475
LOG (compute-mfcc-feats[5.5.383~1-bd1d]:main():compute-mfcc-feats.cc:181) Processed 20 utterances
VLOG[2] (compute-mfcc-feats[5.5.383~1-bd1d]:main():compute-mfcc-feats.cc:182) Processed features for key c476
VLOG[2] (compute-mfcc-feats[5.5.383~1-bd1d]:main():compute-mfcc-feats.cc:182) Processed features for key c477
VLOG[2] (compute-mfcc-feats[5.5.383~1-bd1d]:main():compute-mfcc-feats.cc:182) Processed features for key c478
VLOG[2] (compute-mfcc-feats[5.5.383~1-bd1d]:main():compute-mfcc-feats.cc:182) Processed features for key c479
VLOG[2] (compute-mfcc-feats[5.5.383~1-bd1d]:main():compute-mfcc-feats.cc:182) Processed features for key c48
VLOG[2] (compute-mfcc-feats[5.5.383~1-bd1d]:main():compute-mfcc-feats.cc:182) Processed features for key c480
VLOG[2] (compute-mfcc-feats[5.5.383~1-bd1d]:main():compute-mfcc-feats.cc:182) Processed features for key c481
VLOG[2] (compute-mfcc-feats[5.5.383~1-bd1d]:main():compute-mfcc-feats.cc:182) Processed features for key c482
VLOG[2] (compute-mfcc-feats[5.5.383~1-bd1d]:main():compute-mfcc-feats.cc:182) Processed features for key c483
VLOG[2] (compute-mfcc-feats[5.5.383~1-bd1d]:main():compute-mfcc-feats.cc:182) Processed features for key c484
LOG (compute-mfcc-feats[5.5.383~1-bd1d]:main():compute-mfcc-feats.cc:181) Processed 30 utterances
VLOG[2] (compute-mfcc-feats[5.5.383~1-bd1d]:main():compute-mfcc-feats.cc:182) Processed features for key c485
VLOG[2] (compute-mfcc-feats[5.5.383~1-bd1d]:main():compute-mfcc-feats.cc:182) Processed features for key c486
VLOG[2] (compute-mfcc-feats[5.5.383~1-bd1d]:main():compute-mfcc-feats.cc:182) Processed features for key c487
VLOG[2] (compute-mfcc-feats[5.5.383~1-bd1d]:main():compute-mfcc-feats.cc:182) Processed features for key c488
VLOG[2] (compute-mfcc-feats[5.5.383~1-bd1d]:main():compute-mfcc-feats.cc:182) Processed features for key c489
VLOG[2] (compute-mfcc-feats[5.5.383~1-bd1d]:main():compute-mfcc-feats.cc:182) Processed features for key c49
VLOG[2] (compute-mfcc-feats[5.5.383~1-bd1d]:main():compute-mfcc-feats.cc:182) Processed features for key c490
VLOG[2] (compute-mfcc-feats[5.5.383~1-bd1d]:main():compute-mfcc-feats.cc:182) Processed features for key c491
VLOG[2] (compute-mfcc-feats[5.5.383~1-bd1d]:main():compute-mfcc-feats.cc:182) Processed features for key c492
VLOG[2] (compute-mfcc-feats[5.5.383~1-bd1d]:main():compute-mfcc-feats.cc:182) Processed features for key c493
LOG (compute-mfcc-feats[5.5.383~1-bd1d]:main():compute-mfcc-feats.cc:181) Processed 40 utterances
VLOG[2] (compute-mfcc-feats[5.5.383~1-bd1d]:main():compute-mfcc-feats.cc:182) Processed features for key c494
VLOG[2] (compute-mfcc-feats[5.5.383~1-bd1d]:main():compute-mfcc-feats.cc:182) Processed features for key c495
VLOG[2] (compute-mfcc-feats[5.5.383~1-bd1d]:main():compute-mfcc-feats.cc:182) Processed features for key c496
VLOG[2] (compute-mfcc-feats[5.5.383~1-bd1d]:main():compute-mfcc-feats.cc:182) Processed features for key c497
VLOG[2] (compute-mfcc-feats[5.5.383~1-bd1d]:main():compute-mfcc-feats.cc:182) Processed features for key c498
VLOG[2] (compute-mfcc-feats[5.5.383~1-bd1d]:main():compute-mfcc-feats.cc:182) Processed features for key c499
VLOG[2] (compute-mfcc-feats[5.5.383~1-bd1d]:main():compute-mfcc-feats.cc:182) Processed features for key c5
VLOG[2] (compute-mfcc-feats[5.5.383~1-bd1d]:main():compute-mfcc-feats.cc:182) Processed features for key c50
VLOG[2] (compute-mfcc-feats[5.5.383~1-bd1d]:main():compute-mfcc-feats.cc:182) Processed features for key c500
VLOG[2] (compute-mfcc-feats[5.5.383~1-bd1d]:main():compute-mfcc-feats.cc:182) Processed features for key c501
LOG (compute-mfcc-feats[5.5.383~1-bd1d]:main():compute-mfcc-feats.cc:181) Processed 50 utterances
VLOG[2] (compute-mfcc-feats[5.5.383~1-bd1d]:main():compute-mfcc-feats.cc:182) Processed features for key c502
VLOG[2] (compute-mfcc-feats[5.5.383~1-bd1d]:main():compute-mfcc-feats.cc:182) Processed features for key c503
VLOG[2] (compute-mfcc-feats[5.5.383~1-bd1d]:main():compute-mfcc-feats.cc:182) Processed features for key c504
VLOG[2] (compute-mfcc-feats[5.5.383~1-bd1d]:main():compute-mfcc-feats.cc:182) Processed features for key c505
VLOG[2] (compute-mfcc-feats[5.5.383~1-bd1d]:main():compute-mfcc-feats.cc:182) Processed features for key c506
VLOG[2] (compute-mfcc-feats[5.5.383~1-bd1d]:main():compute-mfcc-feats.cc:182) Processed features for key c507
VLOG[2] (compute-mfcc-feats[5.5.383~1-bd1d]:main():compute-mfcc-feats.cc:182) Processed features for key c508
VLOG[2] (compute-mfcc-feats[5.5.383~1-bd1d]:main():compute-mfcc-feats.cc:182) Processed features for key c509
VLOG[2] (compute-mfcc-feats[5.5.383~1-bd1d]:main():compute-mfcc-feats.cc:182) Processed features for key c51
VLOG[2] (compute-mfcc-feats[5.5.383~1-bd1d]:main():compute-mfcc-feats.cc:182) Processed features for key c510
LOG (compute-mfcc-feats[5.5.383~1-bd1d]:main():compute-mfcc-feats.cc:181) Processed 60 utterances
VLOG[2] (compute-mfcc-feats[5.5.383~1-bd1d]:main():compute-mfcc-feats.cc:182) Processed features for key c511
VLOG[2] (compute-mfcc-feats[5.5.383~1-bd1d]:main():compute-mfcc-feats.cc:182) Processed features for key c512
VLOG[2] (compute-mfcc-feats[5.5.383~1-bd1d]:main():compute-mfcc-feats.cc:182) Processed features for key c513
VLOG[2] (compute-mfcc-feats[5.5.383~1-bd1d]:main():compute-mfcc-feats.cc:182) Processed features for key c514
VLOG[2] (compute-mfcc-feats[5.5.383~1-bd1d]:main():compute-mfcc-feats.cc:182) Processed features for key c515
VLOG[2] (compute-mfcc-feats[5.5.383~1-bd1d]:main():compute-mfcc-feats.cc:182) Processed features for key c516
VLOG[2] (compute-mfcc-feats[5.5.383~1-bd1d]:main():compute-mfcc-feats.cc:182) Processed features for key c517
VLOG[2] (compute-mfcc-feats[5.5.383~1-bd1d]:main():compute-mfcc-feats.cc:182) Processed features for key c518
VLOG[2] (compute-mfcc-feats[5.5.383~1-bd1d]:main():compute-mfcc-feats.cc:182) Processed features for key c519
VLOG[2] (compute-mfcc-feats[5.5.383~1-bd1d]:main():compute-mfcc-feats.cc:182) Processed features for key c52
LOG (compute-mfcc-feats[5.5.383~1-bd1d]:main():compute-mfcc-feats.cc:181) Processed 70 utterances
VLOG[2] (compute-mfcc-feats[5.5.383~1-bd1d]:main():compute-mfcc-feats.cc:182) Processed features for key c520
VLOG[2] (compute-mfcc-feats[5.5.383~1-bd1d]:main():compute-mfcc-feats.cc:182) Processed features for key c521
VLOG[2] (compute-mfcc-feats[5.5.383~1-bd1d]:main():compute-mfcc-feats.cc:182) Processed features for key c522
VLOG[2] (compute-mfcc-feats[5.5.383~1-bd1d]:main():compute-mfcc-feats.cc:182) Processed features for key c523
VLOG[2] (compute-mfcc-feats[5.5.383~1-bd1d]:main():compute-mfcc-feats.cc:182) Processed features for key c524
VLOG[2] (compute-mfcc-feats[5.5.383~1-bd1d]:main():compute-mfcc-feats.cc:182) Processed features for key c525
VLOG[2] (compute-mfcc-feats[5.5.383~1-bd1d]:main():compute-mfcc-feats.cc:182) Processed features for key c526
VLOG[2] (compute-mfcc-feats[5.5.383~1-bd1d]:main():compute-mfcc-feats.cc:182) Processed features for key c527
VLOG[2] (compute-mfcc-feats[5.5.383~1-bd1d]:main():compute-mfcc-feats.cc:182) Processed features for key c528
VLOG[2] (compute-mfcc-feats[5.5.383~1-bd1d]:main():compute-mfcc-feats.cc:182) Processed features for key c529
LOG (compute-mfcc-feats[5.5.383~1-bd1d]:main():compute-mfcc-feats.cc:185)  Done 79 out of 79 utterances.
LOG (copy-feats[5.5.383~1-bd1d]:main():copy-feats.cc:143) Copied 79 feature matrices.
# Accounting: time=1 threads=1
# Ended (code 0) at Tue Jun 18 17:05:29 IST 2019, elapsed time 1 seconds
