# compute-mfcc-feats --write-utt2dur=ark,t:exp/make_mfcc/train/utt2dur.8 --verbose=2 --config=conf/mfcc.conf scp,p:exp/make_mfcc/train/wav_train.8.scp ark:- | copy-feats --write-num-frames=ark,t:exp/make_mfcc/train/utt2num_frames.8 --compress=true ark:- ark,scp:/media/vinayak/d/kaldi/egs/urdu/s5/mfcc/raw_mfcc_train.8.ark,/media/vinayak/d/kaldi/egs/urdu/s5/mfcc/raw_mfcc_train.8.scp 
# Started at Tue Jun 18 17:05:28 IST 2019
#
compute-mfcc-feats --write-utt2dur=ark,t:exp/make_mfcc/train/utt2dur.8 --verbose=2 --config=conf/mfcc.conf scp,p:exp/make_mfcc/train/wav_train.8.scp ark:- 
copy-feats --write-num-frames=ark,t:exp/make_mfcc/train/utt2num_frames.8 --compress=true ark:- ark,scp:/media/vinayak/d/kaldi/egs/urdu/s5/mfcc/raw_mfcc_train.8.ark,/media/vinayak/d/kaldi/egs/urdu/s5/mfcc/raw_mfcc_train.8.scp 
VLOG[2] (compute-mfcc-feats[5.5.383~1-bd1d]:main():compute-mfcc-feats.cc:182) Processed features for key c600
VLOG[2] (compute-mfcc-feats[5.5.383~1-bd1d]:main():compute-mfcc-feats.cc:182) Processed features for key c601
VLOG[2] (compute-mfcc-feats[5.5.383~1-bd1d]:main():compute-mfcc-feats.cc:182) Processed features for key c602
VLOG[2] (compute-mfcc-feats[5.5.383~1-bd1d]:main():compute-mfcc-feats.cc:182) Processed features for key c603
VLOG[2] (compute-mfcc-feats[5.5.383~1-bd1d]:main():compute-mfcc-feats.cc:182) Processed features for key c604
VLOG[2] (compute-mfcc-feats[5.5.383~1-bd1d]:main():compute-mfcc-feats.cc:182) Processed features for key c605
VLOG[2] (compute-mfcc-feats[5.5.383~1-bd1d]:main():compute-mfcc-feats.cc:182) Processed features for key c606
VLOG[2] (compute-mfcc-feats[5.5.383~1-bd1d]:main():compute-mfcc-feats.cc:182) Processed features for key c607
VLOG[2] (compute-mfcc-feats[5.5.383~1-bd1d]:main():compute-mfcc-feats.cc:182) Processed features for key c608
LOG (compute-mfcc-feats[5.5.383~1-bd1d]:main():compute-mfcc-feats.cc:181) Processed 10 utterances
VLOG[2] (compute-mfcc-feats[5.5.383~1-bd1d]:main():compute-mfcc-feats.cc:182) Processed features for key c609
VLOG[2] (compute-mfcc-feats[5.5.383~1-bd1d]:main():compute-mfcc-feats.cc:182) Processed features for key c61
VLOG[2] (compute-mfcc-feats[5.5.383~1-bd1d]:main():compute-mfcc-feats.cc:182) Processed features for key c610
VLOG[2] (compute-mfcc-feats[5.5.383~1-bd1d]:main():compute-mfcc-feats.cc:182) Processed features for key c611
VLOG[2] (compute-mfcc-feats[5.5.383~1-bd1d]:main():compute-mfcc-feats.cc:182) Processed features for key c612
VLOG[2] (compute-mfcc-feats[5.5.383~1-bd1d]:main():compute-mfcc-feats.cc:182) Processed features for key c613
VLOG[2] (compute-mfcc-feats[5.5.383~1-bd1d]:main():compute-mfcc-feats.cc:182) Processed features for key c614
VLOG[2] (compute-mfcc-feats[5.5.383~1-bd1d]:main():compute-mfcc-feats.cc:182) Processed features for key c615
VLOG[2] (compute-mfcc-feats[5.5.383~1-bd1d]:main():compute-mfcc-feats.cc:182) Processed features for key c616
VLOG[2] (compute-mfcc-feats[5.5.383~1-bd1d]:main():compute-mfcc-feats.cc:182) Processed features for key c617
LOG (compute-mfcc-feats[5.5.383~1-bd1d]:main():compute-mfcc-feats.cc:181) Processed 20 utterances
VLOG[2] (compute-mfcc-feats[5.5.383~1-bd1d]:main():compute-mfcc-feats.cc:182) Processed features for key c618
VLOG[2] (compute-mfcc-feats[5.5.383~1-bd1d]:main():compute-mfcc-feats.cc:182) Processed features for key c619
VLOG[2] (compute-mfcc-feats[5.5.383~1-bd1d]:main():compute-mfcc-feats.cc:182) Processed features for key c62
VLOG[2] (compute-mfcc-feats[5.5.383~1-bd1d]:main():compute-mfcc-feats.cc:182) Processed features for key c620
VLOG[2] (compute-mfcc-feats[5.5.383~1-bd1d]:main():compute-mfcc-feats.cc:182) Processed features for key c621
VLOG[2] (compute-mfcc-feats[5.5.383~1-bd1d]:main():compute-mfcc-feats.cc:182) Processed features for key c622
VLOG[2] (compute-mfcc-feats[5.5.383~1-bd1d]:main():compute-mfcc-feats.cc:182) Processed features for key c623
VLOG[2] (compute-mfcc-feats[5.5.383~1-bd1d]:main():compute-mfcc-feats.cc:182) Processed features for key c624
VLOG[2] (compute-mfcc-feats[5.5.383~1-bd1d]:main():compute-mfcc-feats.cc:182) Processed features for key c625
VLOG[2] (compute-mfcc-feats[5.5.383~1-bd1d]:main():compute-mfcc-feats.cc:182) Processed features for key c626
LOG (compute-mfcc-feats[5.5.383~1-bd1d]:main():compute-mfcc-feats.cc:181) Processed 30 utterances
VLOG[2] (compute-mfcc-feats[5.5.383~1-bd1d]:main():compute-mfcc-feats.cc:182) Processed features for key c627
VLOG[2] (compute-mfcc-feats[5.5.383~1-bd1d]:main():compute-mfcc-feats.cc:182) Processed features for key c628
VLOG[2] (compute-mfcc-feats[5.5.383~1-bd1d]:main():compute-mfcc-feats.cc:182) Processed features for key c629
VLOG[2] (compute-mfcc-feats[5.5.383~1-bd1d]:main():compute-mfcc-feats.cc:182) Processed features for key c63
VLOG[2] (compute-mfcc-feats[5.5.383~1-bd1d]:main():compute-mfcc-feats.cc:182) Processed features for key c630
VLOG[2] (compute-mfcc-feats[5.5.383~1-bd1d]:main():compute-mfcc-feats.cc:182) Processed features for key c631
VLOG[2] (compute-mfcc-feats[5.5.383~1-bd1d]:main():compute-mfcc-feats.cc:182) Processed features for key c632
VLOG[2] (compute-mfcc-feats[5.5.383~1-bd1d]:main():compute-mfcc-feats.cc:182) Processed features for key c633
VLOG[2] (compute-mfcc-feats[5.5.383~1-bd1d]:main():compute-mfcc-feats.cc:182) Processed features for key c634
VLOG[2] (compute-mfcc-feats[5.5.383~1-bd1d]:main():compute-mfcc-feats.cc:182) Processed features for key c635
LOG (compute-mfcc-feats[5.5.383~1-bd1d]:main():compute-mfcc-feats.cc:181) Processed 40 utterances
VLOG[2] (compute-mfcc-feats[5.5.383~1-bd1d]:main():compute-mfcc-feats.cc:182) Processed features for key c636
VLOG[2] (compute-mfcc-feats[5.5.383~1-bd1d]:main():compute-mfcc-feats.cc:182) Processed features for key c637
VLOG[2] (compute-mfcc-feats[5.5.383~1-bd1d]:main():compute-mfcc-feats.cc:182) Processed features for key c64
VLOG[2] (compute-mfcc-feats[5.5.383~1-bd1d]:main():compute-mfcc-feats.cc:182) Processed features for key c65
VLOG[2] (compute-mfcc-feats[5.5.383~1-bd1d]:main():compute-mfcc-feats.cc:182) Processed features for key c66
VLOG[2] (compute-mfcc-feats[5.5.383~1-bd1d]:main():compute-mfcc-feats.cc:182) Processed features for key c67
VLOG[2] (compute-mfcc-feats[5.5.383~1-bd1d]:main():compute-mfcc-feats.cc:182) Processed features for key c68
VLOG[2] (compute-mfcc-feats[5.5.383~1-bd1d]:main():compute-mfcc-feats.cc:182) Processed features for key c69
VLOG[2] (compute-mfcc-feats[5.5.383~1-bd1d]:main():compute-mfcc-feats.cc:182) Processed features for key c7
VLOG[2] (compute-mfcc-feats[5.5.383~1-bd1d]:main():compute-mfcc-feats.cc:182) Processed features for key c70
LOG (compute-mfcc-feats[5.5.383~1-bd1d]:main():compute-mfcc-feats.cc:181) Processed 50 utterances
VLOG[2] (compute-mfcc-feats[5.5.383~1-bd1d]:main():compute-mfcc-feats.cc:182) Processed features for key c72
VLOG[2] (compute-mfcc-feats[5.5.383~1-bd1d]:main():compute-mfcc-feats.cc:182) Processed features for key c73
VLOG[2] (compute-mfcc-feats[5.5.383~1-bd1d]:main():compute-mfcc-feats.cc:182) Processed features for key c74
VLOG[2] (compute-mfcc-feats[5.5.383~1-bd1d]:main():compute-mfcc-feats.cc:182) Processed features for key c75
VLOG[2] (compute-mfcc-feats[5.5.383~1-bd1d]:main():compute-mfcc-feats.cc:182) Processed features for key c76
VLOG[2] (compute-mfcc-feats[5.5.383~1-bd1d]:main():compute-mfcc-feats.cc:182) Processed features for key c77
VLOG[2] (compute-mfcc-feats[5.5.383~1-bd1d]:main():compute-mfcc-feats.cc:182) Processed features for key c78
VLOG[2] (compute-mfcc-feats[5.5.383~1-bd1d]:main():compute-mfcc-feats.cc:182) Processed features for key c79
VLOG[2] (compute-mfcc-feats[5.5.383~1-bd1d]:main():compute-mfcc-feats.cc:182) Processed features for key c8
VLOG[2] (compute-mfcc-feats[5.5.383~1-bd1d]:main():compute-mfcc-feats.cc:182) Processed features for key c80
LOG (compute-mfcc-feats[5.5.383~1-bd1d]:main():compute-mfcc-feats.cc:181) Processed 60 utterances
VLOG[2] (compute-mfcc-feats[5.5.383~1-bd1d]:main():compute-mfcc-feats.cc:182) Processed features for key c81
VLOG[2] (compute-mfcc-feats[5.5.383~1-bd1d]:main():compute-mfcc-feats.cc:182) Processed features for key c82
VLOG[2] (compute-mfcc-feats[5.5.383~1-bd1d]:main():compute-mfcc-feats.cc:182) Processed features for key c83
VLOG[2] (compute-mfcc-feats[5.5.383~1-bd1d]:main():compute-mfcc-feats.cc:182) Processed features for key c84
VLOG[2] (compute-mfcc-feats[5.5.383~1-bd1d]:main():compute-mfcc-feats.cc:182) Processed features for key c85
VLOG[2] (compute-mfcc-feats[5.5.383~1-bd1d]:main():compute-mfcc-feats.cc:182) Processed features for key c86
VLOG[2] (compute-mfcc-feats[5.5.383~1-bd1d]:main():compute-mfcc-feats.cc:182) Processed features for key c87
VLOG[2] (compute-mfcc-feats[5.5.383~1-bd1d]:main():compute-mfcc-feats.cc:182) Processed features for key c88
VLOG[2] (compute-mfcc-feats[5.5.383~1-bd1d]:main():compute-mfcc-feats.cc:182) Processed features for key c89
VLOG[2] (compute-mfcc-feats[5.5.383~1-bd1d]:main():compute-mfcc-feats.cc:182) Processed features for key c9
LOG (compute-mfcc-feats[5.5.383~1-bd1d]:main():compute-mfcc-feats.cc:181) Processed 70 utterances
VLOG[2] (compute-mfcc-feats[5.5.383~1-bd1d]:main():compute-mfcc-feats.cc:182) Processed features for key c90
VLOG[2] (compute-mfcc-feats[5.5.383~1-bd1d]:main():compute-mfcc-feats.cc:182) Processed features for key c91
VLOG[2] (compute-mfcc-feats[5.5.383~1-bd1d]:main():compute-mfcc-feats.cc:182) Processed features for key c92
VLOG[2] (compute-mfcc-feats[5.5.383~1-bd1d]:main():compute-mfcc-feats.cc:182) Processed features for key c93
VLOG[2] (compute-mfcc-feats[5.5.383~1-bd1d]:main():compute-mfcc-feats.cc:182) Processed features for key c94
VLOG[2] (compute-mfcc-feats[5.5.383~1-bd1d]:main():compute-mfcc-feats.cc:182) Processed features for key c95
VLOG[2] (compute-mfcc-feats[5.5.383~1-bd1d]:main():compute-mfcc-feats.cc:182) Processed features for key c96
VLOG[2] (compute-mfcc-feats[5.5.383~1-bd1d]:main():compute-mfcc-feats.cc:182) Processed features for key c97
VLOG[2] (compute-mfcc-feats[5.5.383~1-bd1d]:main():compute-mfcc-feats.cc:182) Processed features for key c98
VLOG[2] (compute-mfcc-feats[5.5.383~1-bd1d]:main():compute-mfcc-feats.cc:182) Processed features for key c99
LOG (compute-mfcc-feats[5.5.383~1-bd1d]:main():compute-mfcc-feats.cc:185)  Done 79 out of 79 utterances.
LOG (copy-feats[5.5.383~1-bd1d]:main():copy-feats.cc:143) Copied 79 feature matrices.
# Accounting: time=1 threads=1
# Ended (code 0) at Tue Jun 18 17:05:29 IST 2019, elapsed time 1 seconds
