# compute-mfcc-feats --write-utt2dur=ark,t:exp/make_mfcc/train/utt2dur.7 --verbose=2 --config=conf/mfcc.conf scp,p:exp/make_mfcc/train/wav_train.7.scp ark:- | copy-feats --write-num-frames=ark,t:exp/make_mfcc/train/utt2num_frames.7 --compress=true ark:- ark,scp:/media/vinayak/d/kaldi/egs/urdu/s5/mfcc/raw_mfcc_train.7.ark,/media/vinayak/d/kaldi/egs/urdu/s5/mfcc/raw_mfcc_train.7.scp 
# Started at Tue Jun 18 17:05:28 IST 2019
#
copy-feats --write-num-frames=ark,t:exp/make_mfcc/train/utt2num_frames.7 --compress=true ark:- ark,scp:/media/vinayak/d/kaldi/egs/urdu/s5/mfcc/raw_mfcc_train.7.ark,/media/vinayak/d/kaldi/egs/urdu/s5/mfcc/raw_mfcc_train.7.scp 
compute-mfcc-feats --write-utt2dur=ark,t:exp/make_mfcc/train/utt2dur.7 --verbose=2 --config=conf/mfcc.conf scp,p:exp/make_mfcc/train/wav_train.7.scp ark:- 
VLOG[2] (compute-mfcc-feats[5.5.383~1-bd1d]:main():compute-mfcc-feats.cc:182) Processed features for key c53
VLOG[2] (compute-mfcc-feats[5.5.383~1-bd1d]:main():compute-mfcc-feats.cc:182) Processed features for key c530
VLOG[2] (compute-mfcc-feats[5.5.383~1-bd1d]:main():compute-mfcc-feats.cc:182) Processed features for key c531
VLOG[2] (compute-mfcc-feats[5.5.383~1-bd1d]:main():compute-mfcc-feats.cc:182) Processed features for key c532
VLOG[2] (compute-mfcc-feats[5.5.383~1-bd1d]:main():compute-mfcc-feats.cc:182) Processed features for key c533
VLOG[2] (compute-mfcc-feats[5.5.383~1-bd1d]:main():compute-mfcc-feats.cc:182) Processed features for key c534
VLOG[2] (compute-mfcc-feats[5.5.383~1-bd1d]:main():compute-mfcc-feats.cc:182) Processed features for key c535
VLOG[2] (compute-mfcc-feats[5.5.383~1-bd1d]:main():compute-mfcc-feats.cc:182) Processed features for key c536
VLOG[2] (compute-mfcc-feats[5.5.383~1-bd1d]:main():compute-mfcc-feats.cc:182) Processed features for key c537
LOG (compute-mfcc-feats[5.5.383~1-bd1d]:main():compute-mfcc-feats.cc:181) Processed 10 utterances
VLOG[2] (compute-mfcc-feats[5.5.383~1-bd1d]:main():compute-mfcc-feats.cc:182) Processed features for key c538
VLOG[2] (compute-mfcc-feats[5.5.383~1-bd1d]:main():compute-mfcc-feats.cc:182) Processed features for key c539
VLOG[2] (compute-mfcc-feats[5.5.383~1-bd1d]:main():compute-mfcc-feats.cc:182) Processed features for key c54
VLOG[2] (compute-mfcc-feats[5.5.383~1-bd1d]:main():compute-mfcc-feats.cc:182) Processed features for key c540
VLOG[2] (compute-mfcc-feats[5.5.383~1-bd1d]:main():compute-mfcc-feats.cc:182) Processed features for key c541
VLOG[2] (compute-mfcc-feats[5.5.383~1-bd1d]:main():compute-mfcc-feats.cc:182) Processed features for key c542
VLOG[2] (compute-mfcc-feats[5.5.383~1-bd1d]:main():compute-mfcc-feats.cc:182) Processed features for key c543
VLOG[2] (compute-mfcc-feats[5.5.383~1-bd1d]:main():compute-mfcc-feats.cc:182) Processed features for key c544
VLOG[2] (compute-mfcc-feats[5.5.383~1-bd1d]:main():compute-mfcc-feats.cc:182) Processed features for key c545
VLOG[2] (compute-mfcc-feats[5.5.383~1-bd1d]:main():compute-mfcc-feats.cc:182) Processed features for key c546
LOG (compute-mfcc-feats[5.5.383~1-bd1d]:main():compute-mfcc-feats.cc:181) Processed 20 utterances
VLOG[2] (compute-mfcc-feats[5.5.383~1-bd1d]:main():compute-mfcc-feats.cc:182) Processed features for key c547
VLOG[2] (compute-mfcc-feats[5.5.383~1-bd1d]:main():compute-mfcc-feats.cc:182) Processed features for key c548
VLOG[2] (compute-mfcc-feats[5.5.383~1-bd1d]:main():compute-mfcc-feats.cc:182) Processed features for key c549
VLOG[2] (compute-mfcc-feats[5.5.383~1-bd1d]:main():compute-mfcc-feats.cc:182) Processed features for key c55
VLOG[2] (compute-mfcc-feats[5.5.383~1-bd1d]:main():compute-mfcc-feats.cc:182) Processed features for key c550
VLOG[2] (compute-mfcc-feats[5.5.383~1-bd1d]:main():compute-mfcc-feats.cc:182) Processed features for key c551
VLOG[2] (compute-mfcc-feats[5.5.383~1-bd1d]:main():compute-mfcc-feats.cc:182) Processed features for key c552
VLOG[2] (compute-mfcc-feats[5.5.383~1-bd1d]:main():compute-mfcc-feats.cc:182) Processed features for key c553
VLOG[2] (compute-mfcc-feats[5.5.383~1-bd1d]:main():compute-mfcc-feats.cc:182) Processed features for key c554
VLOG[2] (compute-mfcc-feats[5.5.383~1-bd1d]:main():compute-mfcc-feats.cc:182) Processed features for key c555
LOG (compute-mfcc-feats[5.5.383~1-bd1d]:main():compute-mfcc-feats.cc:181) Processed 30 utterances
VLOG[2] (compute-mfcc-feats[5.5.383~1-bd1d]:main():compute-mfcc-feats.cc:182) Processed features for key c556
VLOG[2] (compute-mfcc-feats[5.5.383~1-bd1d]:main():compute-mfcc-feats.cc:182) Processed features for key c557
VLOG[2] (compute-mfcc-feats[5.5.383~1-bd1d]:main():compute-mfcc-feats.cc:182) Processed features for key c558
VLOG[2] (compute-mfcc-feats[5.5.383~1-bd1d]:main():compute-mfcc-feats.cc:182) Processed features for key c559
VLOG[2] (compute-mfcc-feats[5.5.383~1-bd1d]:main():compute-mfcc-feats.cc:182) Processed features for key c56
VLOG[2] (compute-mfcc-feats[5.5.383~1-bd1d]:main():compute-mfcc-feats.cc:182) Processed features for key c560
VLOG[2] (compute-mfcc-feats[5.5.383~1-bd1d]:main():compute-mfcc-feats.cc:182) Processed features for key c561
VLOG[2] (compute-mfcc-feats[5.5.383~1-bd1d]:main():compute-mfcc-feats.cc:182) Processed features for key c562
VLOG[2] (compute-mfcc-feats[5.5.383~1-bd1d]:main():compute-mfcc-feats.cc:182) Processed features for key c563
VLOG[2] (compute-mfcc-feats[5.5.383~1-bd1d]:main():compute-mfcc-feats.cc:182) Processed features for key c564
LOG (compute-mfcc-feats[5.5.383~1-bd1d]:main():compute-mfcc-feats.cc:181) Processed 40 utterances
VLOG[2] (compute-mfcc-feats[5.5.383~1-bd1d]:main():compute-mfcc-feats.cc:182) Processed features for key c565
VLOG[2] (compute-mfcc-feats[5.5.383~1-bd1d]:main():compute-mfcc-feats.cc:182) Processed features for key c566
VLOG[2] (compute-mfcc-feats[5.5.383~1-bd1d]:main():compute-mfcc-feats.cc:182) Processed features for key c567
VLOG[2] (compute-mfcc-feats[5.5.383~1-bd1d]:main():compute-mfcc-feats.cc:182) Processed features for key c568
VLOG[2] (compute-mfcc-feats[5.5.383~1-bd1d]:main():compute-mfcc-feats.cc:182) Processed features for key c569
VLOG[2] (compute-mfcc-feats[5.5.383~1-bd1d]:main():compute-mfcc-feats.cc:182) Processed features for key c57
VLOG[2] (compute-mfcc-feats[5.5.383~1-bd1d]:main():compute-mfcc-feats.cc:182) Processed features for key c570
VLOG[2] (compute-mfcc-feats[5.5.383~1-bd1d]:main():compute-mfcc-feats.cc:182) Processed features for key c571
VLOG[2] (compute-mfcc-feats[5.5.383~1-bd1d]:main():compute-mfcc-feats.cc:182) Processed features for key c572
VLOG[2] (compute-mfcc-feats[5.5.383~1-bd1d]:main():compute-mfcc-feats.cc:182) Processed features for key c573
LOG (compute-mfcc-feats[5.5.383~1-bd1d]:main():compute-mfcc-feats.cc:181) Processed 50 utterances
VLOG[2] (compute-mfcc-feats[5.5.383~1-bd1d]:main():compute-mfcc-feats.cc:182) Processed features for key c574
VLOG[2] (compute-mfcc-feats[5.5.383~1-bd1d]:main():compute-mfcc-feats.cc:182) Processed features for key c575
VLOG[2] (compute-mfcc-feats[5.5.383~1-bd1d]:main():compute-mfcc-feats.cc:182) Processed features for key c576
VLOG[2] (compute-mfcc-feats[5.5.383~1-bd1d]:main():compute-mfcc-feats.cc:182) Processed features for key c577
VLOG[2] (compute-mfcc-feats[5.5.383~1-bd1d]:main():compute-mfcc-feats.cc:182) Processed features for key c578
VLOG[2] (compute-mfcc-feats[5.5.383~1-bd1d]:main():compute-mfcc-feats.cc:182) Processed features for key c579
VLOG[2] (compute-mfcc-feats[5.5.383~1-bd1d]:main():compute-mfcc-feats.cc:182) Processed features for key c58
VLOG[2] (compute-mfcc-feats[5.5.383~1-bd1d]:main():compute-mfcc-feats.cc:182) Processed features for key c580
VLOG[2] (compute-mfcc-feats[5.5.383~1-bd1d]:main():compute-mfcc-feats.cc:182) Processed features for key c581
VLOG[2] (compute-mfcc-feats[5.5.383~1-bd1d]:main():compute-mfcc-feats.cc:182) Processed features for key c582
LOG (compute-mfcc-feats[5.5.383~1-bd1d]:main():compute-mfcc-feats.cc:181) Processed 60 utterances
VLOG[2] (compute-mfcc-feats[5.5.383~1-bd1d]:main():compute-mfcc-feats.cc:182) Processed features for key c583
VLOG[2] (compute-mfcc-feats[5.5.383~1-bd1d]:main():compute-mfcc-feats.cc:182) Processed features for key c584
VLOG[2] (compute-mfcc-feats[5.5.383~1-bd1d]:main():compute-mfcc-feats.cc:182) Processed features for key c585
VLOG[2] (compute-mfcc-feats[5.5.383~1-bd1d]:main():compute-mfcc-feats.cc:182) Processed features for key c586
VLOG[2] (compute-mfcc-feats[5.5.383~1-bd1d]:main():compute-mfcc-feats.cc:182) Processed features for key c587
VLOG[2] (compute-mfcc-feats[5.5.383~1-bd1d]:main():compute-mfcc-feats.cc:182) Processed features for key c588
VLOG[2] (compute-mfcc-feats[5.5.383~1-bd1d]:main():compute-mfcc-feats.cc:182) Processed features for key c589
VLOG[2] (compute-mfcc-feats[5.5.383~1-bd1d]:main():compute-mfcc-feats.cc:182) Processed features for key c59
VLOG[2] (compute-mfcc-feats[5.5.383~1-bd1d]:main():compute-mfcc-feats.cc:182) Processed features for key c590
VLOG[2] (compute-mfcc-feats[5.5.383~1-bd1d]:main():compute-mfcc-feats.cc:182) Processed features for key c591
LOG (compute-mfcc-feats[5.5.383~1-bd1d]:main():compute-mfcc-feats.cc:181) Processed 70 utterances
VLOG[2] (compute-mfcc-feats[5.5.383~1-bd1d]:main():compute-mfcc-feats.cc:182) Processed features for key c592
VLOG[2] (compute-mfcc-feats[5.5.383~1-bd1d]:main():compute-mfcc-feats.cc:182) Processed features for key c593
VLOG[2] (compute-mfcc-feats[5.5.383~1-bd1d]:main():compute-mfcc-feats.cc:182) Processed features for key c594
VLOG[2] (compute-mfcc-feats[5.5.383~1-bd1d]:main():compute-mfcc-feats.cc:182) Processed features for key c595
VLOG[2] (compute-mfcc-feats[5.5.383~1-bd1d]:main():compute-mfcc-feats.cc:182) Processed features for key c596
VLOG[2] (compute-mfcc-feats[5.5.383~1-bd1d]:main():compute-mfcc-feats.cc:182) Processed features for key c597
VLOG[2] (compute-mfcc-feats[5.5.383~1-bd1d]:main():compute-mfcc-feats.cc:182) Processed features for key c598
VLOG[2] (compute-mfcc-feats[5.5.383~1-bd1d]:main():compute-mfcc-feats.cc:182) Processed features for key c599
VLOG[2] (compute-mfcc-feats[5.5.383~1-bd1d]:main():compute-mfcc-feats.cc:182) Processed features for key c6
VLOG[2] (compute-mfcc-feats[5.5.383~1-bd1d]:main():compute-mfcc-feats.cc:182) Processed features for key c60
LOG (compute-mfcc-feats[5.5.383~1-bd1d]:main():compute-mfcc-feats.cc:185)  Done 79 out of 79 utterances.
LOG (copy-feats[5.5.383~1-bd1d]:main():copy-feats.cc:143) Copied 79 feature matrices.
# Accounting: time=1 threads=1
# Ended (code 0) at Tue Jun 18 17:05:29 IST 2019, elapsed time 1 seconds
