# compile-train-graphs --read-disambig-syms=data/lang/phones/disambig.int exp/tri1/tree exp/tri1/1.mdl data/lang/L.fst "ark:utils/sym2int.pl --map-oov 2 -f 2- data/lang/words.txt < data/train/split8/1/text |" "ark:|gzip -c >exp/tri1/fsts.1.gz" 
# Started at Tue Jun 18 17:07:36 IST 2019
#
compile-train-graphs --read-disambig-syms=data/lang/phones/disambig.int exp/tri1/tree exp/tri1/1.mdl data/lang/L.fst 'ark:utils/sym2int.pl --map-oov 2 -f 2- data/lang/words.txt < data/train/split8/1/text |' 'ark:|gzip -c >exp/tri1/fsts.1.gz' 
sym2int.pl: replacing نیلم with 2
sym2int.pl: replacing ہیڈ with 2
sym2int.pl: replacing سیسموگراف with 2
sym2int.pl: replacing ماتھے with 2
sym2int.pl: replacing اینٹھن with 2
sym2int.pl: replacing آتشیں with 2
sym2int.pl: replacing سجاد with 2
sym2int.pl: replacing کھنگالنے with 2
sym2int.pl: replacing بلاسوچے with 2
sym2int.pl: replacing سوئمنگ with 2
sym2int.pl: replacing راغب with 2
sym2int.pl: replacing اخروٹ with 2
sym2int.pl: replacing چھلکے with 2
sym2int.pl: replacing انار with 2
sym2int.pl: replacing گٹھلیاں with 2
sym2int.pl: replacing بھگوئیں with 2
sym2int.pl: replacing اسہال with 2
sym2int.pl: replacing افزودگی with 2
sym2int.pl: replacing جکھرانی with 2
sym2int.pl: replacing برعظیم with 2
sym2int.pl: not warning for OOVs any more times
** Replaced 406 instances of OOVs with 2
LOG (compile-train-graphs[5.5.383~1-bd1d]:main():compile-train-graphs.cc:147) compile-train-graphs: succeeded for 80 graphs, failed for 0
# Accounting: time=1 threads=1
# Ended (code 0) at Tue Jun 18 17:07:37 IST 2019, elapsed time 1 seconds
