# gmm-est --mix-up=7440 --power=0.25 --write-occs=exp/tri1/19.occs exp/tri1/18.mdl "gmm-sum-accs - exp/tri1/18.*.acc |" exp/tri1/19.mdl 
# Started at Tue Jun 18 17:07:56 IST 2019
#
gmm-est --mix-up=7440 --power=0.25 --write-occs=exp/tri1/19.occs exp/tri1/18.mdl 'gmm-sum-accs - exp/tri1/18.*.acc |' exp/tri1/19.mdl 
gmm-sum-accs - exp/tri1/18.1.acc exp/tri1/18.2.acc exp/tri1/18.3.acc exp/tri1/18.4.acc exp/tri1/18.5.acc exp/tri1/18.6.acc exp/tri1/18.7.acc exp/tri1/18.8.acc 
LOG (gmm-sum-accs[5.5.383~1-bd1d]:main():gmm-sum-accs.cc:63) Summed 8 stats, total count 383326, avg like/frame -88.0575
LOG (gmm-sum-accs[5.5.383~1-bd1d]:main():gmm-sum-accs.cc:66) Total count of stats is 383326
LOG (gmm-sum-accs[5.5.383~1-bd1d]:main():gmm-sum-accs.cc:67) Written stats to -
LOG (gmm-est[5.5.383~1-bd1d]:MleUpdate():transition-model.cc:528) TransitionModel::Update, objf change is 0 per frame over 383326 frames. 
LOG (gmm-est[5.5.383~1-bd1d]:MleUpdate():transition-model.cc:531) 111 probabilities floored, 1826 out of 3433 transition-states skipped due to insuffient data (it is normal to have some skipped.)
LOG (gmm-est[5.5.383~1-bd1d]:main():gmm-est.cc:102) Transition model update: Overall 0 log-like improvement per frame over 383326 frames.
WARNING (gmm-est[5.5.383~1-bd1d]:MleDiagGmmUpdate():mle-diag-gmm.cc:365) Gaussian has too little data but not removing it because it is the last Gaussian: i = 0, occ = 4, weight = 1
WARNING (gmm-est[5.5.383~1-bd1d]:MleDiagGmmUpdate():mle-diag-gmm.cc:365) Gaussian has too little data but not removing it because it is the last Gaussian: i = 0, occ = 0, weight = 1
WARNING (gmm-est[5.5.383~1-bd1d]:MleDiagGmmUpdate():mle-diag-gmm.cc:365) Gaussian has too little data but not removing it because it is the last Gaussian: i = 0, occ = 8, weight = 1
WARNING (gmm-est[5.5.383~1-bd1d]:MleDiagGmmUpdate():mle-diag-gmm.cc:365) Gaussian has too little data but not removing it because it is the last Gaussian: i = 0, occ = 10, weight = 1
WARNING (gmm-est[5.5.383~1-bd1d]:MleDiagGmmUpdate():mle-diag-gmm.cc:359) Too little data - removing Gaussian (weight 0.052770, occupation count 9.181939, vector size 39)
WARNING (gmm-est[5.5.383~1-bd1d]:MleDiagGmmUpdate():mle-diag-gmm.cc:359) Too little data - removing Gaussian (weight 0.057229, occupation count 7.554195, vector size 39)
WARNING (gmm-est[5.5.383~1-bd1d]:MleDiagGmmUpdate():mle-diag-gmm.cc:365) Gaussian has too little data but not removing it because it is the last Gaussian: i = 0, occ = 9, weight = 1
WARNING (gmm-est[5.5.383~1-bd1d]:MleDiagGmmUpdate():mle-diag-gmm.cc:359) Too little data - removing Gaussian (weight 0.068963, occupation count 9.999636, vector size 39)
WARNING (gmm-est[5.5.383~1-bd1d]:MleDiagGmmUpdate():mle-diag-gmm.cc:359) Too little data - removing Gaussian (weight 0.061472, occupation count 9.958476, vector size 39)
WARNING (gmm-est[5.5.383~1-bd1d]:MleDiagGmmUpdate():mle-diag-gmm.cc:359) Too little data - removing Gaussian (weight 0.041087, occupation count 9.039088, vector size 39)
LOG (gmm-est[5.5.383~1-bd1d]:MleAmDiagGmmUpdate():mle-am-diag-gmm.cc:225) 0 variance elements floored in 0 Gaussians, out of 7129
LOG (gmm-est[5.5.383~1-bd1d]:MleAmDiagGmmUpdate():mle-am-diag-gmm.cc:229) Removed 5 Gaussians due to counts < --min-gaussian-occupancy=10 and --remove-low-count-gaussians=true
LOG (gmm-est[5.5.383~1-bd1d]:main():gmm-est.cc:113) GMM update: Overall 0.105779 objective function improvement per frame over 383326 frames
LOG (gmm-est[5.5.383~1-bd1d]:main():gmm-est.cc:116) GMM update: Overall avg like per frame = -88.0575 over 383326 frames.
LOG (gmm-est[5.5.383~1-bd1d]:SplitByCount():am-diag-gmm.cc:116) Split 816 states with target = 7440, power = 0.25, perturb_factor = 0.01 and min_count = 20, split #Gauss from 7129 to 7454
LOG (gmm-est[5.5.383~1-bd1d]:main():gmm-est.cc:146) Written model to exp/tri1/19.mdl
# Accounting: time=0 threads=1
# Ended (code 0) at Tue Jun 18 17:07:56 IST 2019, elapsed time 0 seconds
