# gmm-est --mix-up=4240 --power=0.25 --write-occs=exp/tri1/9.occs exp/tri1/8.mdl "gmm-sum-accs - exp/tri1/8.*.acc |" exp/tri1/9.mdl 
# Started at Tue Jun 18 17:07:43 IST 2019
#
gmm-est --mix-up=4240 --power=0.25 --write-occs=exp/tri1/9.occs exp/tri1/8.mdl 'gmm-sum-accs - exp/tri1/8.*.acc |' exp/tri1/9.mdl 
gmm-sum-accs - exp/tri1/8.1.acc exp/tri1/8.2.acc exp/tri1/8.3.acc exp/tri1/8.4.acc exp/tri1/8.5.acc exp/tri1/8.6.acc exp/tri1/8.7.acc exp/tri1/8.8.acc 
LOG (gmm-sum-accs[5.5.383~1-bd1d]:main():gmm-sum-accs.cc:63) Summed 8 stats, total count 382498, avg like/frame -90.5148
LOG (gmm-sum-accs[5.5.383~1-bd1d]:main():gmm-sum-accs.cc:66) Total count of stats is 382498
LOG (gmm-sum-accs[5.5.383~1-bd1d]:main():gmm-sum-accs.cc:67) Written stats to -
LOG (gmm-est[5.5.383~1-bd1d]:MleUpdate():transition-model.cc:528) TransitionModel::Update, objf change is 0 per frame over 382498 frames. 
LOG (gmm-est[5.5.383~1-bd1d]:MleUpdate():transition-model.cc:531) 58 probabilities floored, 1825 out of 3433 transition-states skipped due to insuffient data (it is normal to have some skipped.)
LOG (gmm-est[5.5.383~1-bd1d]:main():gmm-est.cc:102) Transition model update: Overall 0 log-like improvement per frame over 382498 frames.
WARNING (gmm-est[5.5.383~1-bd1d]:MleDiagGmmUpdate():mle-diag-gmm.cc:365) Gaussian has too little data but not removing it because it is the last Gaussian: i = 0, occ = 0, weight = 1
WARNING (gmm-est[5.5.383~1-bd1d]:MleDiagGmmUpdate():mle-diag-gmm.cc:365) Gaussian has too little data but not removing it because it is the last Gaussian: i = 0, occ = 0, weight = 1
WARNING (gmm-est[5.5.383~1-bd1d]:MleDiagGmmUpdate():mle-diag-gmm.cc:365) Gaussian has too little data but not removing it because it is the last Gaussian: i = 0, occ = 8, weight = 1
WARNING (gmm-est[5.5.383~1-bd1d]:MleDiagGmmUpdate():mle-diag-gmm.cc:359) Too little data - removing Gaussian (weight 0.110794, occupation count 9.528265, vector size 39)
WARNING (gmm-est[5.5.383~1-bd1d]:MleDiagGmmUpdate():mle-diag-gmm.cc:359) Too little data - removing Gaussian (weight 0.112043, occupation count 9.971790, vector size 39)
WARNING (gmm-est[5.5.383~1-bd1d]:MleDiagGmmUpdate():mle-diag-gmm.cc:365) Gaussian has too little data but not removing it because it is the last Gaussian: i = 0, occ = 10, weight = 1
WARNING (gmm-est[5.5.383~1-bd1d]:MleDiagGmmUpdate():mle-diag-gmm.cc:359) Too little data - removing Gaussian (weight 0.083641, occupation count 7.193155, vector size 39)
WARNING (gmm-est[5.5.383~1-bd1d]:MleDiagGmmUpdate():mle-diag-gmm.cc:365) Gaussian has too little data but not removing it because it is the last Gaussian: i = 0, occ = 9, weight = 1
WARNING (gmm-est[5.5.383~1-bd1d]:MleDiagGmmUpdate():mle-diag-gmm.cc:359) Too little data - removing Gaussian (weight 0.062198, occupation count 6.406444, vector size 39)
WARNING (gmm-est[5.5.383~1-bd1d]:MleDiagGmmUpdate():mle-diag-gmm.cc:359) Too little data - removing Gaussian (weight 0.103175, occupation count 9.492120, vector size 39)
LOG (gmm-est[5.5.383~1-bd1d]:MleAmDiagGmmUpdate():mle-am-diag-gmm.cc:225) 0 variance elements floored in 0 Gaussians, out of 3915
LOG (gmm-est[5.5.383~1-bd1d]:MleAmDiagGmmUpdate():mle-am-diag-gmm.cc:229) Removed 5 Gaussians due to counts < --min-gaussian-occupancy=10 and --remove-low-count-gaussians=true
LOG (gmm-est[5.5.383~1-bd1d]:main():gmm-est.cc:113) GMM update: Overall 0.18423 objective function improvement per frame over 382498 frames
LOG (gmm-est[5.5.383~1-bd1d]:main():gmm-est.cc:116) GMM update: Overall avg like per frame = -90.5148 over 382498 frames.
LOG (gmm-est[5.5.383~1-bd1d]:SplitByCount():am-diag-gmm.cc:116) Split 816 states with target = 4240, power = 0.25, perturb_factor = 0.01 and min_count = 20, split #Gauss from 3915 to 4240
LOG (gmm-est[5.5.383~1-bd1d]:main():gmm-est.cc:146) Written model to exp/tri1/9.mdl
# Accounting: time=1 threads=1
# Ended (code 0) at Tue Jun 18 17:07:44 IST 2019, elapsed time 1 seconds
