# gmm-est --mix-up=10000 --power=0.25 --write-occs=exp/tri1/29.occs exp/tri1/28.mdl "gmm-sum-accs - exp/tri1/28.*.acc |" exp/tri1/29.mdl 
# Started at Tue Jun 18 17:08:16 IST 2019
#
gmm-est --mix-up=10000 --power=0.25 --write-occs=exp/tri1/29.occs exp/tri1/28.mdl 'gmm-sum-accs - exp/tri1/28.*.acc |' exp/tri1/29.mdl 
gmm-sum-accs - exp/tri1/28.1.acc exp/tri1/28.2.acc exp/tri1/28.3.acc exp/tri1/28.4.acc exp/tri1/28.5.acc exp/tri1/28.6.acc exp/tri1/28.7.acc exp/tri1/28.8.acc 
LOG (gmm-sum-accs[5.5.383~1-bd1d]:main():gmm-sum-accs.cc:63) Summed 8 stats, total count 383326, avg like/frame -86.0219
LOG (gmm-sum-accs[5.5.383~1-bd1d]:main():gmm-sum-accs.cc:66) Total count of stats is 383326
LOG (gmm-sum-accs[5.5.383~1-bd1d]:main():gmm-sum-accs.cc:67) Written stats to -
LOG (gmm-est[5.5.383~1-bd1d]:MleUpdate():transition-model.cc:528) TransitionModel::Update, objf change is 0 per frame over 383326 frames. 
LOG (gmm-est[5.5.383~1-bd1d]:MleUpdate():transition-model.cc:531) 112 probabilities floored, 1824 out of 3433 transition-states skipped due to insuffient data (it is normal to have some skipped.)
LOG (gmm-est[5.5.383~1-bd1d]:main():gmm-est.cc:102) Transition model update: Overall 0 log-like improvement per frame over 383326 frames.
WARNING (gmm-est[5.5.383~1-bd1d]:MleDiagGmmUpdate():mle-diag-gmm.cc:365) Gaussian has too little data but not removing it because it is the last Gaussian: i = 0, occ = 4, weight = 1
WARNING (gmm-est[5.5.383~1-bd1d]:MleDiagGmmUpdate():mle-diag-gmm.cc:365) Gaussian has too little data but not removing it because it is the last Gaussian: i = 0, occ = 0, weight = 1
WARNING (gmm-est[5.5.383~1-bd1d]:MleDiagGmmUpdate():mle-diag-gmm.cc:359) Too little data - removing Gaussian (weight 0.010047, occupation count 9.896420, vector size 39)
WARNING (gmm-est[5.5.383~1-bd1d]:MleDiagGmmUpdate():mle-diag-gmm.cc:365) Gaussian has too little data but not removing it because it is the last Gaussian: i = 0, occ = 7, weight = 1
WARNING (gmm-est[5.5.383~1-bd1d]:MleDiagGmmUpdate():mle-diag-gmm.cc:365) Gaussian has too little data but not removing it because it is the last Gaussian: i = 0, occ = 10, weight = 1
WARNING (gmm-est[5.5.383~1-bd1d]:MleDiagGmmUpdate():mle-diag-gmm.cc:359) Too little data - removing Gaussian (weight 0.006864, occupation count 9.939689, vector size 39)
WARNING (gmm-est[5.5.383~1-bd1d]:MleDiagGmmUpdate():mle-diag-gmm.cc:359) Too little data - removing Gaussian (weight 0.006450, occupation count 9.339315, vector size 39)
WARNING (gmm-est[5.5.383~1-bd1d]:MleDiagGmmUpdate():mle-diag-gmm.cc:365) Gaussian has too little data but not removing it because it is the last Gaussian: i = 0, occ = 9, weight = 1
WARNING (gmm-est[5.5.383~1-bd1d]:MleDiagGmmUpdate():mle-diag-gmm.cc:359) Too little data - removing Gaussian (weight 0.006179, occupation count 9.590473, vector size 39)
WARNING (gmm-est[5.5.383~1-bd1d]:MleDiagGmmUpdate():mle-diag-gmm.cc:359) Too little data - removing Gaussian (weight 0.012805, occupation count 9.987865, vector size 39)
WARNING (gmm-est[5.5.383~1-bd1d]:MleDiagGmmUpdate():mle-diag-gmm.cc:359) Too little data - removing Gaussian (weight 0.088496, occupation count 9.999997, vector size 39)
WARNING (gmm-est[5.5.383~1-bd1d]:MleDiagGmmUpdate():mle-diag-gmm.cc:359) Too little data - removing Gaussian (weight 0.006919, occupation count 9.084445, vector size 39)
LOG (gmm-est[5.5.383~1-bd1d]:MleAmDiagGmmUpdate():mle-am-diag-gmm.cc:225) 0 variance elements floored in 0 Gaussians, out of 10034
LOG (gmm-est[5.5.383~1-bd1d]:MleAmDiagGmmUpdate():mle-am-diag-gmm.cc:229) Removed 7 Gaussians due to counts < --min-gaussian-occupancy=10 and --remove-low-count-gaussians=true
LOG (gmm-est[5.5.383~1-bd1d]:main():gmm-est.cc:113) GMM update: Overall 0.110688 objective function improvement per frame over 383326 frames
LOG (gmm-est[5.5.383~1-bd1d]:main():gmm-est.cc:116) GMM update: Overall avg like per frame = -86.0219 over 383326 frames.
LOG (gmm-est[5.5.383~1-bd1d]:SplitByCount():am-diag-gmm.cc:116) Split 816 states with target = 10000, power = 0.25, perturb_factor = 0.01 and min_count = 20, split #Gauss from 10034 to 10041
LOG (gmm-est[5.5.383~1-bd1d]:main():gmm-est.cc:146) Written model to exp/tri1/29.mdl
# Accounting: time=0 threads=1
# Ended (code 0) at Tue Jun 18 17:08:16 IST 2019, elapsed time 0 seconds
